2023-04-09 23:00:33,113 [INFO] Activator:176 - 


2023-04-09 23:00:33,118 [INFO] Activator:177 - !SESSION log4j initialized
2023-04-09 23:00:37,740 [INFO] LogOutputStream:77 - [STDOUT_REDIRECT] 
2023-04-09 23:00:58,943 [ERROR] LogOutputStream:75 - [STDERR_REDIRECT] SLF4J: Failed to load class "org.slf4j.impl.StaticLoggerBinder".
2023-04-09 23:00:58,944 [ERROR] LogOutputStream:75 - [STDERR_REDIRECT] SLF4J: Defaulting to no-operation (NOP) logger implementation
2023-04-09 23:00:58,944 [ERROR] LogOutputStream:75 - [STDERR_REDIRECT] SLF4J: See http://www.slf4j.org/codes.html#StaticLoggerBinder for further details.
2023-04-09 23:01:38,357 [INFO] ApplicationProperties:184 - Using Application install path: /home/patryk/st/stm32cubeide_1.12.0/plugins/com.st.stm32cube.common.mx_6.8.0.202302231600
2023-04-09 23:01:38,383 [INFO] DbMcusXml:78 - Set database path to: /home/patryk/st/stm32cubeide_1.12.0/plugins/com.st.stm32cube.common.mx_6.8.0.202302231600//db//mcu/
2023-04-09 23:01:38,383 [INFO] ApiDb:274 - Set plugin database path to: /home/patryk/st/stm32cubeide_1.12.0/plugins/com.st.stm32cube.common.mx_6.8.0.202302231600//db//plugins/boardmanager/
2023-04-09 23:01:38,386 [WARN] ApiDb:259 - Overriding images path with different value:  => /home/patryk/st/stm32cubeide_1.12.0/plugins/com.st.stm32cube.common.mx_6.8.0.202302231600//db//plugins/mcufinder/images/
2023-04-09 23:01:38,403 [INFO] ApiDb:250 - Set database path to: /home/patryk/.stmcufinder/plugins/mcufinder//mcu/
2023-04-09 23:01:38,404 [INFO] DbMcusAds:125 - Set database path to: /home/patryk/.stmcufinder/plugins/mcufinder//mcu/
2023-04-09 23:01:38,421 [INFO] CrossReferenceDbSqlite:203 - Set database path to: /home/patryk/.stmcufinder/plugins/mcufinder//mcu/cs/
2023-04-09 23:01:38,525 [INFO] RulesReader:64 - Compatibility file has been processed (293 Rules)
2023-04-09 23:01:38,586 [INFO] DbMcusXml:78 - Set database path to: /home/patryk/st/stm32cubeide_1.12.0/plugins/com.st.stm32cube.common.mx_6.8.0.202302231600//db//mcu/
2023-04-09 23:01:38,586 [INFO] ApiDb:274 - Set plugin database path to: /home/patryk/st/stm32cubeide_1.12.0/plugins/com.st.stm32cube.common.mx_6.8.0.202302231600//db//plugins/boardmanager/
2023-04-09 23:01:38,587 [INFO] ApiDb:261 - Set plugin images path to: /home/patryk/st/stm32cubeide_1.12.0/plugins/com.st.stm32cube.common.mx_6.8.0.202302231600//db//plugins/mcufinder/images/
2023-04-09 23:01:38,587 [WARN] DbFile:41 - Overriding database path with different value: /home/patryk/.stmcufinder/plugins/mcufinder/ => /home/patryk/.stmcufinder/plugins/mcufinder
2023-04-09 23:01:38,587 [INFO] ApiDb:250 - Set database path to: /home/patryk/.stmcufinder/plugins/mcufinder//mcu/
2023-04-09 23:01:38,587 [WARN] DbFile:41 - Overriding database path with different value: /home/patryk/.stmcufinder/plugins/mcufinder/ => /home/patryk/.stmcufinder/plugins/mcufinder
2023-04-09 23:01:38,587 [INFO] DbMcusAds:125 - Set database path to: /home/patryk/.stmcufinder/plugins/mcufinder//mcu/
2023-04-09 23:01:38,587 [WARN] DbFile:41 - Overriding database path with different value: /home/patryk/.stmcufinder/plugins/mcufinder/ => /home/patryk/.stmcufinder/plugins/mcufinder
2023-04-09 23:01:38,587 [WARN] DbFile:41 - Overriding database path with different value: /home/patryk/.stmcufinder/plugins/mcufinder/ => /home/patryk/.stmcufinder/plugins/mcufinder
2023-04-09 23:01:38,587 [INFO] CrossReferenceDbSqlite:203 - Set database path to: /home/patryk/.stmcufinder/plugins/mcufinder//mcu/cs/
2023-04-09 23:01:38,652 [INFO] MainPanel:253 - HeapMemory: 476053504
2023-04-09 23:01:38,754 [INFO] DbMcusXml:78 - Set database path to: /home/patryk/st/stm32cubeide_1.12.0/plugins/com.st.stm32cube.common.mx_6.8.0.202302231600//db//mcu/
2023-04-09 23:01:38,754 [INFO] ApiDb:274 - Set plugin database path to: /home/patryk/st/stm32cubeide_1.12.0/plugins/com.st.stm32cube.common.mx_6.8.0.202302231600//db//plugins/boardmanager/
2023-04-09 23:01:38,754 [INFO] ApiDb:261 - Set plugin images path to: /home/patryk/st/stm32cubeide_1.12.0/plugins/com.st.stm32cube.common.mx_6.8.0.202302231600//db//plugins/mcufinder/images/
2023-04-09 23:01:38,755 [WARN] DbFile:41 - Overriding database path with different value: /home/patryk/.stmcufinder/plugins/mcufinder/ => /home/patryk/.stmcufinder/plugins/mcufinder
2023-04-09 23:01:38,755 [INFO] ApiDb:250 - Set database path to: /home/patryk/.stmcufinder/plugins/mcufinder//mcu/
2023-04-09 23:01:38,755 [WARN] DbFile:41 - Overriding database path with different value: /home/patryk/.stmcufinder/plugins/mcufinder/ => /home/patryk/.stmcufinder/plugins/mcufinder
2023-04-09 23:01:38,755 [INFO] DbMcusAds:125 - Set database path to: /home/patryk/.stmcufinder/plugins/mcufinder//mcu/
2023-04-09 23:01:38,755 [WARN] DbFile:41 - Overriding database path with different value: /home/patryk/.stmcufinder/plugins/mcufinder/ => /home/patryk/.stmcufinder/plugins/mcufinder
2023-04-09 23:01:38,755 [WARN] DbFile:41 - Overriding database path with different value: /home/patryk/.stmcufinder/plugins/mcufinder/ => /home/patryk/.stmcufinder/plugins/mcufinder
2023-04-09 23:01:38,755 [INFO] CrossReferenceDbSqlite:203 - Set database path to: /home/patryk/.stmcufinder/plugins/mcufinder//mcu/cs/
2023-04-09 23:01:38,772 [INFO] ApplicationProperties:184 - Using Application install path: /home/patryk/st/stm32cubeide_1.12.0/plugins/com.st.stm32cube.common.mx_6.8.0.202302231600
2023-04-09 23:01:38,774 [INFO] PluginManage:196 - Search for loadable plugins [exclusion list=, ]
2023-04-09 23:01:38,775 [INFO] PluginManage:310 - Check plugin analytics
2023-04-09 23:01:38,904 [INFO] AnalyticsPlugin:253 - Accepted Software Licenses: 
2023-04-09 23:01:38,905 [INFO] AnalyticsPlugin:255 - Accepted CMSIS Pack Licenses: 
2023-04-09 23:01:38,905 [INFO] AnalyticsPlugin:257 - Accepted Firmware Licenses: 
2023-04-09 23:01:38,910 [INFO] PluginManage:359 - Loaded plugin analytics (category:tool,tabindex:-1)
2023-04-09 23:01:38,910 [INFO] PluginManage:310 - Check plugin cadmodel
2023-04-09 23:01:38,950 [INFO] CADModel:105 - Init CAD model plugin
2023-04-09 23:01:38,950 [INFO] PluginManage:359 - Loaded plugin cadmodel (category:power,tabindex:5)
2023-04-09 23:01:38,950 [INFO] PluginManage:310 - Check plugin clock
2023-04-09 23:01:38,959 [INFO] PluginManage:359 - Loaded plugin clock (category:base,tabindex:2)
2023-04-09 23:01:38,959 [INFO] PluginManage:310 - Check plugin ddr
2023-04-09 23:01:38,962 [INFO] PluginManage:359 - Loaded plugin ddr (category:tool,tabindex:6)
2023-04-09 23:01:38,962 [INFO] PluginManage:310 - Check plugin filemanager
2023-04-09 23:01:39,086 [INFO] PluginManage:359 - Loaded plugin filemanager (category:base,tabindex:10)
2023-04-09 23:01:39,087 [INFO] PluginManage:310 - Check plugin ipmanager
2023-04-09 23:01:39,092 [INFO] PluginManage:359 - Loaded plugin ipmanager (category:base,tabindex:5)
2023-04-09 23:01:39,092 [INFO] PluginManage:310 - Check plugin lpbam
2023-04-09 23:01:39,100 [INFO] PluginManage:359 - Loaded plugin lpbam (category:base,tabindex:0)
2023-04-09 23:01:39,100 [INFO] PluginManage:310 - Check plugin pinoutandconfiguration
2023-04-09 23:01:39,108 [INFO] PluginManage:359 - Loaded plugin pinoutandconfiguration (category:base,tabindex:1)
2023-04-09 23:01:39,109 [INFO] PluginManage:310 - Check plugin pinoutconfig
2023-04-09 23:01:39,190 [WARN] SupportedApi:132 - Cannot load RTOS API schema: s4s-elt-must-match.1: The content of 'definitions' must match (annotation?, (simpleType | complexType)?, (unique | key | keyref)*)). A problem was found starting at: attribute.
2023-04-09 23:01:39,324 [INFO] PluginManage:359 - Loaded plugin pinoutconfig (category:base,tabindex:0)
2023-04-09 23:01:39,324 [INFO] PluginManage:310 - Check plugin power
2023-04-09 23:01:39,337 [INFO] PluginManage:359 - Loaded plugin power (category:power,tabindex:4)
2023-04-09 23:01:39,337 [INFO] PluginManage:310 - Check plugin projectmanager
2023-04-09 23:01:39,350 [INFO] PluginManage:359 - Loaded plugin projectmanager (category:projectmanager,tabindex:3)
2023-04-09 23:01:39,350 [INFO] PluginManage:310 - Check plugin thirdparty
2023-04-09 23:01:39,455 [WARN] IntegrityCheckThread:84 - waiting for thirdparty lock release [integrity check]
2023-04-09 23:01:39,455 [INFO] PluginManage:359 - Loaded plugin thirdparty (category:base,tabindex:-1)
2023-04-09 23:01:39,455 [INFO] IntegrityCheckThread:86 - entering critical section [integrity check]
2023-04-09 23:01:39,455 [INFO] PluginManage:310 - Check plugin tools
2023-04-09 23:01:39,457 [INFO] ThirdPartyUpdaterWithRetryManager:70 - Updater plugin not ready yet. [1/15]
2023-04-09 23:01:39,457 [INFO] PluginManage:359 - Loaded plugin tools (category:base,tabindex:7)
2023-04-09 23:01:39,458 [INFO] PluginManage:310 - Check plugin tutovideos
2023-04-09 23:01:39,637 [INFO] PluginManage:359 - Loaded plugin tutovideos (category:base,tabindex:-1)
2023-04-09 23:01:39,637 [INFO] PluginManage:310 - Check plugin updater
2023-04-09 23:01:39,651 [INFO] PluginManage:359 - Loaded plugin updater (category:base,tabindex:12)
2023-04-09 23:01:39,652 [INFO] PluginManage:283 - PluginManage : Loaded plugins [15]
2023-04-09 23:01:39,864 [INFO] PinOutPanel:1499 - setPackage(No Configuration,No Configuration)
2023-04-09 23:01:39,916 [INFO] CADModel:165 - CPN selected for project level
2023-04-09 23:01:39,916 [INFO] CADModel:114 - Register for checkConnection events
2023-04-09 23:01:39,926 [INFO] IPUIPlugin:80 - create IPUIPlugin
2023-04-09 23:01:39,926 [INFO] PluginManager:220 - loadIPPluginJar : add tsc
2023-04-09 23:01:39,931 [INFO] IPUIPlugin:80 - create IPUIPlugin
2023-04-09 23:01:39,931 [INFO] PluginManager:220 - loadIPPluginJar : add hash
2023-04-09 23:01:39,937 [INFO] IPUIPlugin:80 - create IPUIPlugin
2023-04-09 23:01:39,937 [INFO] PluginManager:220 - loadIPPluginJar : add fmc
2023-04-09 23:01:39,939 [INFO] IPUIPlugin:80 - create IPUIPlugin
2023-04-09 23:01:39,939 [INFO] PluginManager:220 - loadIPPluginJar : add aes
2023-04-09 23:01:39,945 [INFO] IPUIPlugin:80 - create IPUIPlugin
2023-04-09 23:01:39,945 [INFO] PluginManager:220 - loadIPPluginJar : add gic
2023-04-09 23:01:39,948 [INFO] IPUIPlugin:80 - create IPUIPlugin
2023-04-09 23:01:39,948 [INFO] PluginManager:220 - loadIPPluginJar : add opamp
2023-04-09 23:01:39,950 [INFO] IPUIPlugin:80 - create IPUIPlugin
2023-04-09 23:01:39,950 [INFO] PluginManager:220 - loadIPPluginJar : add ts
2023-04-09 23:01:39,952 [INFO] IPUIPlugin:80 - create IPUIPlugin
2023-04-09 23:01:39,952 [INFO] PluginManager:220 - loadIPPluginJar : add fatfs
2023-04-09 23:01:39,954 [INFO] IPUIPlugin:80 - create IPUIPlugin
2023-04-09 23:01:39,954 [INFO] PluginManager:220 - loadIPPluginJar : add can
2023-04-09 23:01:39,956 [INFO] IPUIPlugin:80 - create IPUIPlugin
2023-04-09 23:01:39,956 [INFO] PluginManager:220 - loadIPPluginJar : add tracer_emb
2023-04-09 23:01:39,961 [INFO] IPUIPlugin:80 - create IPUIPlugin
2023-04-09 23:01:39,961 [INFO] PluginManager:220 - loadIPPluginJar : add gpio
2023-04-09 23:01:39,963 [INFO] IPUIPlugin:80 - create IPUIPlugin
2023-04-09 23:01:39,963 [INFO] PluginManager:220 - loadIPPluginJar : add ucpd
2023-04-09 23:01:39,971 [INFO] IPUIPlugin:80 - create IPUIPlugin
2023-04-09 23:01:39,971 [INFO] PluginManager:220 - loadIPPluginJar : add mdma
2023-04-09 23:01:39,973 [INFO] IPUIPlugin:80 - create IPUIPlugin
2023-04-09 23:01:39,974 [INFO] PluginManager:220 - loadIPPluginJar : add pdm2pcm
2023-04-09 23:01:39,975 [INFO] IPUIPlugin:80 - create IPUIPlugin
2023-04-09 23:01:39,975 [INFO] PluginManager:220 - loadIPPluginJar : add genericplugin
2023-04-09 23:01:39,978 [INFO] IPUIPlugin:80 - create IPUIPlugin
2023-04-09 23:01:39,979 [INFO] PluginManager:220 - loadIPPluginJar : add openamp
2023-04-09 23:01:39,980 [INFO] IPUIPlugin:80 - create IPUIPlugin
2023-04-09 23:01:39,980 [INFO] PluginManager:220 - loadIPPluginJar : add ltdc
2023-04-09 23:01:39,982 [INFO] IPUIPlugin:80 - create IPUIPlugin
2023-04-09 23:01:39,982 [INFO] PluginManager:220 - loadIPPluginJar : add i3c
2023-04-09 23:01:39,985 [INFO] IPUIPlugin:80 - create IPUIPlugin
2023-04-09 23:01:39,985 [INFO] PluginManager:220 - loadIPPluginJar : add sai
2023-04-09 23:01:39,987 [INFO] IPUIPlugin:80 - create IPUIPlugin
2023-04-09 23:01:39,987 [INFO] PluginManager:220 - loadIPPluginJar : add dfsdm
2023-04-09 23:01:39,989 [INFO] IPUIPlugin:80 - create IPUIPlugin
2023-04-09 23:01:39,990 [INFO] PluginManager:220 - loadIPPluginJar : add cryp
2023-04-09 23:01:39,991 [INFO] IPUIPlugin:80 - create IPUIPlugin
2023-04-09 23:01:39,991 [INFO] PluginManager:220 - loadIPPluginJar : add tim
2023-04-09 23:01:40,000 [INFO] IPUIPlugin:80 - create IPUIPlugin
2023-04-09 23:01:40,000 [INFO] PluginManager:220 - loadIPPluginJar : add linkedlist
2023-04-09 23:01:40,004 [INFO] IPUIPlugin:80 - create IPUIPlugin
2023-04-09 23:01:40,004 [INFO] PluginManager:220 - loadIPPluginJar : add nvic
2023-04-09 23:01:40,006 [INFO] IPUIPlugin:80 - create IPUIPlugin
2023-04-09 23:01:40,006 [INFO] PluginManager:220 - loadIPPluginJar : add spi
2023-04-09 23:01:40,009 [INFO] IPUIPlugin:80 - create IPUIPlugin
2023-04-09 23:01:40,009 [INFO] PluginManager:220 - loadIPPluginJar : add lorawan
2023-04-09 23:01:40,014 [INFO] IPUIPlugin:80 - create IPUIPlugin
2023-04-09 23:01:40,015 [INFO] PluginManager:220 - loadIPPluginJar : add dma
2023-04-09 23:01:40,017 [INFO] IPUIPlugin:80 - create IPUIPlugin
2023-04-09 23:01:40,017 [INFO] PluginManager:220 - loadIPPluginJar : add gfxmmu
2023-04-09 23:01:40,018 [INFO] IPUIPlugin:80 - create IPUIPlugin
2023-04-09 23:01:40,019 [INFO] PluginManager:220 - loadIPPluginJar : add quadspi
2023-04-09 23:01:40,021 [INFO] IPUIPlugin:80 - create IPUIPlugin
2023-04-09 23:01:40,021 [INFO] PluginManager:220 - loadIPPluginJar : add i2c
2023-04-09 23:01:40,023 [INFO] IPUIPlugin:80 - create IPUIPlugin
2023-04-09 23:01:40,023 [INFO] PluginManager:220 - loadIPPluginJar : add usart
2023-04-09 23:01:40,026 [INFO] IPUIPlugin:80 - create IPUIPlugin
2023-04-09 23:01:40,026 [INFO] PluginManager:220 - loadIPPluginJar : add ipddr
2023-04-09 23:01:40,029 [INFO] IPUIPlugin:80 - create IPUIPlugin
2023-04-09 23:01:40,029 [INFO] PluginManager:220 - loadIPPluginJar : add i2s
2023-04-09 23:01:40,031 [INFO] IPUIPlugin:80 - create IPUIPlugin
2023-04-09 23:01:40,031 [INFO] PluginManager:220 - loadIPPluginJar : add usbx
2023-04-09 23:01:40,036 [INFO] IPUIPlugin:80 - create IPUIPlugin
2023-04-09 23:01:40,036 [INFO] PluginManager:220 - loadIPPluginJar : add stm32_wpan
2023-04-09 23:01:40,041 [INFO] IPUIPlugin:80 - create IPUIPlugin
2023-04-09 23:01:40,041 [INFO] PluginManager:220 - loadIPPluginJar : add adc
2023-04-09 23:01:40,044 [INFO] IPUIPlugin:80 - create IPUIPlugin
2023-04-09 23:01:40,044 [INFO] PluginManager:220 - loadIPPluginJar : add gtzc
2023-04-09 23:01:40,046 [INFO] IPUIPlugin:80 - create IPUIPlugin
2023-04-09 23:01:40,046 [INFO] PluginManager:220 - loadIPPluginJar : add dma3
2023-04-09 23:01:40,047 [INFO] IPUIPlugin:80 - create IPUIPlugin
2023-04-09 23:01:40,047 [INFO] PluginManager:220 - loadIPPluginJar : add comp
2023-04-09 23:01:40,054 [INFO] IPUIPlugin:80 - create IPUIPlugin
2023-04-09 23:01:40,056 [INFO] PluginManager:220 - loadIPPluginJar : add plateformsettings
2023-04-09 23:01:40,062 [INFO] IPUIPlugin:80 - create IPUIPlugin
2023-04-09 23:01:40,062 [INFO] PluginManager:220 - loadIPPluginJar : add freertos
2023-04-09 23:01:40,065 [INFO] IPUIPlugin:80 - create IPUIPlugin
2023-04-09 23:01:40,065 [INFO] PluginManager:220 - loadIPPluginJar : add touchsensing
2023-04-09 23:01:40,069 [INFO] IPUIPlugin:80 - create IPUIPlugin
2023-04-09 23:01:40,069 [INFO] PluginManager:220 - loadIPPluginJar : add resmgrutility
2023-04-09 23:01:40,213 [INFO] CADModel:165 - CPN selected for project level
2023-04-09 23:01:40,214 [INFO] CADModel:114 - Register for checkConnection events
2023-04-09 23:01:40,215 [FATAL] Updater:308 - Updater called before beeing initialized
2023-04-09 23:01:40,217 [ERROR] CADModel:125 - Updater not yet initialized, retry later 
2023-04-09 23:01:40,390 [INFO] CADModel:165 - CPN selected for project level
2023-04-09 23:01:40,391 [INFO] CADModel:114 - Register for checkConnection events
2023-04-09 23:01:40,391 [FATAL] Updater:308 - Updater called before beeing initialized
2023-04-09 23:01:40,391 [ERROR] CADModel:125 - Updater not yet initialized, retry later 
2023-04-09 23:01:40,394 [FATAL] Updater:308 - Updater called before beeing initialized
2023-04-09 23:01:40,461 [FATAL] Updater:308 - Updater called before beeing initialized
2023-04-09 23:01:40,466 [INFO] DbMcusAds:53 - JSON generation date=Tue Mar 07 09:50:55 CET 2023 (1678179055335)
2023-04-09 23:01:40,467 [FATAL] Updater:308 - Updater called before beeing initialized
2023-04-09 23:01:40,506 [WARN] DetailPanel:346 - Failed to get advertising image, set to default
2023-04-09 23:01:40,613 [FATAL] Updater:308 - Updater called before beeing initialized
2023-04-09 23:01:40,615 [FATAL] Updater:308 - Updater called before beeing initialized
2023-04-09 23:01:40,615 [FATAL] Updater:308 - Updater called before beeing initialized
2023-04-09 23:01:40,615 [WARN] DetailPanel:346 - Failed to get advertising image, set to default
2023-04-09 23:01:40,616 [FATAL] Updater:308 - Updater called before beeing initialized
2023-04-09 23:01:40,648 [ERROR] Updater:1120 - MainUpdater not yet initialized. External WinMGr cannot be set.
2023-04-09 23:01:40,650 [INFO] Updater:1056 - Updater Version found : 6.8.0
2023-04-09 23:01:40,667 [INFO] ApplicationProperties:184 - Using Application install path: /home/patryk/st/stm32cubeide_1.12.0/plugins/com.st.stm32cube.common.mx_6.8.0.202302231600
2023-04-09 23:01:40,756 [INFO] MainUpdater:2854 - connection check result : 10
2023-04-09 23:01:40,756 [INFO] MainUpdater:283 - Updater Check For Update Now.
2023-04-09 23:01:40,757 [INFO] MicroXplorer:498 - Change Database Version : DB.6.0.80
2023-04-09 23:01:40,901 [INFO] CheckServerUpdateThread:120 - End of CheckServer Thread
2023-04-09 23:01:40,966 [INFO] MainUpdater:2854 - connection check result : 10
2023-04-09 23:01:41,434 [INFO] ApiDb:581 - Connected to CubeFinder SQLite database (/home/patryk/.stmcufinder/plugins/mcufinder/mcu/cube-finder-db.db)
2023-04-09 23:01:41,515 [INFO] ApiDb:668 - CubeFinder database Data Model version=2.1
2023-04-09 23:01:41,515 [INFO] ApiDb:669 - CubeFinder database Configuration version=3.0.35
2023-04-09 23:01:41,516 [INFO] ApiDb:670 - CubeFinder database generation date=2023-03-10 (1678456172)
2023-04-09 23:01:41,516 [INFO] ApiDb:671 - CubeFinder database FW Pack versions=[FP-ATR-ASTRA1_V1.1.1, STM32Cube_FW_C0_V1.0.1, STM32Cube_FW_F0_V1.11.4, STM32Cube_FW_F3_V1.11.4, STM32Cube_FW_F4_V1.27.1, STM32Cube_FW_F7_V1.17.0, STM32Cube_FW_G0_V1.6.1, STM32Cube_FW_G4_V1.5.1, STM32Cube_FW_H5_V0.5.1, STM32Cube_FW_H5_V1.0.0, STM32Cube_FW_H7_V1.11.0, STM32Cube_FW_L0_V1.12.2, STM32Cube_FW_L5_V1.5.0, STM32Cube_FW_U5_V1.2.0, STM32Cube_FW_WBA_V1.0.0, STM32Cube_FW_WBA_V1.0.0RC1, STM32Cube_FW_WBA_V1.0.0RC3, STM32Cube_FW_WB_V1.15.0RC1, STM32Cube_FW_WB_V1.16.0, STM32Cube_FW_WB_V1.16.0RC2, STM32Cube_FW_WL_V1.3.0, X-CUBE-ALGOBUILD_V1.3.0, X-CUBE-ALS_V1.0.1, X-CUBE-AZRTOS-F4_V1.1.0, X-CUBE-AZRTOS-F7_V1.1.0, X-CUBE-AZRTOS-G0_V1.1.0, X-CUBE-AZRTOS-G4_V1.0.0, X-CUBE-AZRTOS-H7_V3.0.0, X-CUBE-AZRTOS-L4_V1.0.0, X-CUBE-AZRTOS-L5_V1.1.0, X-CUBE-AZRTOS-WB_V1.1.0, X-CUBE-AZRTOS-WL_V1.0.0, X-CUBE-BLE1_V6.2.4, X-CUBE-BLE2_V3.3.0, X-CUBE-BLEMGR_V1.3.0, X-CUBE-EEPRMA1_V4.1.0, X-CUBE-GNSS1_V6.0.0, X-CUBE-MEMS1_V9.1.0, X-CUBE-MEMS1_V9.4.0, X-CUBE-MEMS1_V9.5.0, X-CUBE-NFC4_V3.0.0, X-CUBE-NFC7_V1.0.0, X-CUBE-SFXS2LP1_V4.0.0, X-CUBE-SUBG2_V5.0.0]
2023-04-09 23:01:41,714 [INFO] DbBoardsSqlite:226 - include board P-NUCLEO-WB55-NUCLEO as a kit item of type 'Nucleo-64'
2023-04-09 23:01:41,714 [INFO] DbBoardsSqlite:226 - include board P-NUCLEO-WB55-USBDONGLE as a kit item of type 'Nucleo USB Dongle'
2023-04-09 23:01:41,716 [INFO] DbBoardsSqlite:226 - include board STEVAL-IDP005V1 as a kit item of type 'Evaluation Board'
2023-04-09 23:01:41,716 [INFO] DbBoardsSqlite:226 - include board STEVAL-IDP005V2 as a kit item of type 'Evaluation Board'
2023-04-09 23:01:41,917 [INFO] ApiDb:240 - Found 297 in-development CPN: [B-G473E-ZEST1S, B-WB1M-WPAN1, B-WL5M-SUBG1, NUCLEO-C031C6, NUCLEO-H503RB, NUCLEO-H563ZI, NUCLEO-U545RE-Q, NUCLEO-U5A5ZJ-Q, NUCLEO-WBA52CG, STEVAL-PROTEUS1, STEVAL-STWINBX1, STM320518-EVAL, STM32C0116-DK, STM32C011D6Y3TR, STM32C011D6Y6TR, STM32C011F4P3, STM32C011F4P6, STM32C011F4U3, STM32C011F4U6TR, STM32C011F6P3, STM32C011F6P6, STM32C011F6U3, STM32C011F6U6TR, STM32C011J4M3, STM32C011J4M6, STM32C011J6M3, STM32C011J6M6, STM32C0316-DK, STM32C031C4T3, STM32C031C4T6, STM32C031C4U3, STM32C031C4U6, STM32C031C6T3, STM32C031C6T6, STM32C031C6U3, STM32C031C6U6, STM32C031F4P3, STM32C031F4P6, STM32C031F6P3, STM32C031F6P6, STM32C031G4U3, STM32C031G4U6, STM32C031G6U3, STM32C031G6U6, STM32C031K4T3, STM32C031K4T6, STM32C031K4U3, STM32C031K4U6, STM32C031K6T3, STM32C031K6T6, STM32C031K6U3, STM32C031K6U6, STM32G071K8TXN, STM32G071K8UXN, STM32G081GBU6N, STM32G081KBT6N, STM32G081KBUXN, STM32G0B1CCT6N, STM32G0B1KCT6, STM32G0B1NEY6TR, STM32G0B1RCT6N, STM32G0C1CCT6, STM32G0C1CCT6N, STM32G0C1CCU6N, STM32G0C1CET6N, STM32G0C1CEU6N, STM32G0C1KCT6, STM32G0C1NEY6TR, STM32G0C1RCI6N, STM32G0C1RCT6N, STM32G0C1REI6N, STM32G0C1RET6N, STM32G0C1VCI6, STM32G0C1VEI6, STM32G471CCT6, STM32G471CCU6, STM32G471CET3, STM32G471CET6, STM32G471CEU3, STM32G471CEU6, STM32G471MCT6, STM32G471MET3, STM32G471MET6, STM32G471MEY6TR, STM32G471QCT6, STM32G471QET3, STM32G471RCT6, STM32G471RET3, STM32G471RET6, STM32G471VCH6, STM32G471VCI6, STM32G471VCT6, STM32G471VEH3, STM32G471VEH6, STM32G471VEI3, STM32G471VEI6, STM32G471VET3, STM32G471VET6, STM32G474CCT6, STM32H503CBT6, STM32H503CBU6, STM32H503EBY6TR, STM32H503KBU6, STM32H503RBT6, STM32H562AGI6, STM32H562AII6, STM32H562IGK6, STM32H562IGT6, STM32H562IIK6, STM32H562IIT6, STM32H562RGT6, STM32H562RGV6, STM32H562RIT6, STM32H562RIV6, STM32H562VGT6, STM32H562VIT6, STM32H562ZGT6, STM32H562ZIT6, STM32H563AGI6, STM32H563AII3Q, STM32H563AII6, STM32H563IGK6, STM32H563IGT6, STM32H563IIK3Q, STM32H563IIK6, STM32H563IIT3Q, STM32H563IIT6, STM32H563MIY3QTR, STM32H563RGT6, STM32H563RGV6, STM32H563RIT6, STM32H563RIV6, STM32H563VGT6, STM32H563VIT3Q, STM32H563VIT6, STM32H563ZGT6, STM32H563ZIT3Q, STM32H563ZIT6, STM32H573AII3Q, STM32H573AII6, STM32H573I-DK, STM32H573IIK3Q, STM32H573IIK6, STM32H573IIT3Q, STM32H573IIT6, STM32H573MIY3QTR, STM32H573RIT6, STM32H573RIV6, STM32H573VIT3Q, STM32H573VIT6, STM32H573ZIT3Q, STM32H573ZIT6, STM32L4R5QGI6STR, STM32MP131AAE3, STM32MP131AAF3, STM32MP131AAG3, STM32MP131CAE3, STM32MP131CAF3, STM32MP131CAG3, STM32MP131DAE7, STM32MP131DAF7, STM32MP131DAG7, STM32MP131FAE7, STM32MP131FAF7, STM32MP131FAG7, STM32MP133AAE3, STM32MP133AAF3, STM32MP133AAG3, STM32MP133CAE3, STM32MP133CAF3, STM32MP133CAG3, STM32MP133DAE7, STM32MP133DAF7, STM32MP133DAG7, STM32MP133FAE7, STM32MP133FAF7, STM32MP133FAG7, STM32MP135AAE3, STM32MP135AAF3, STM32MP135AAG3, STM32MP135CAE3, STM32MP135CAF3, STM32MP135CAG3, STM32MP135DAE7, STM32MP135DAF7, STM32MP135DAG7, STM32MP135F-DK, STM32MP135FAE7, STM32MP135FAF7, STM32MP135FAF7T, STM32MP135FAF7U, STM32MP135FAG7, STM32U535CBT6, STM32U535CBT6Q, STM32U535CBU6, STM32U535CBU6Q, STM32U535CCT6, STM32U535CCT6Q, STM32U535CCU6, STM32U535CCU6Q, STM32U535CET6, STM32U535CET6Q, STM32U535CEU6, STM32U535CEU6Q, STM32U535JEY6QTR, STM32U535NCY6QTR, STM32U535NEY6QTR, STM32U535RBI6, STM32U535RBI6Q, STM32U535RBT6, STM32U535RBT6Q, STM32U535RCI6, STM32U535RCI6Q, STM32U535RCT6, STM32U535RCT6Q, STM32U535REI6, STM32U535REI6Q, STM32U535RET6, STM32U535RET6Q, STM32U535VCI6, STM32U535VCI6Q, STM32U535VCT6, STM32U535VCT6Q, STM32U535VEI6, STM32U535VEI6Q, STM32U535VET6, STM32U535VET6Q, STM32U545CET6, STM32U545CET6Q, STM32U545CEU6, STM32U545CEU6Q, STM32U545JEY6QTR, STM32U545NEY6QTR, STM32U545REI6, STM32U545REI6Q, STM32U545RET6, STM32U545RET6Q, STM32U545VEI6, STM32U545VEI6Q, STM32U545VET6, STM32U545VET6Q, STM32U595AIH6, STM32U595AIH6Q, STM32U595AJH6, STM32U595AJH6Q, STM32U595QII6, STM32U595QII6Q, STM32U595QJI6, STM32U595QJI6Q, STM32U595RIT6, STM32U595RIT6Q, STM32U595RJT6, STM32U595RJT6Q, STM32U595VIT6, STM32U595VIT6Q, STM32U595VJT6, STM32U595VJT6Q, STM32U595ZIT6, STM32U595ZIT6Q, STM32U595ZIY6QTR, STM32U595ZJT6, STM32U595ZJT6Q, STM32U595ZJY6QTR, STM32U599BJY6QTR, STM32U599NIH6Q, STM32U599NJH6Q, STM32U599VIT6Q, STM32U599VJT6, STM32U599VJT6Q, STM32U599ZIT6Q, STM32U599ZIY6QTR, STM32U599ZJT6Q, STM32U599ZJY6QTR, STM32U5A5AJH6, STM32U5A5AJH6Q, STM32U5A5QJI6, STM32U5A5QJI6Q, STM32U5A5RJT6, STM32U5A5RJT6Q, STM32U5A5VJT6, STM32U5A5VJT6Q, STM32U5A5ZJT6, STM32U5A5ZJT6Q, STM32U5A5ZJY6QTR, STM32U5A9BJY6QTR, STM32U5A9J-DK, STM32U5A9NJH6Q, STM32U5A9VJT6Q, STM32U5A9ZJT6Q, STM32U5A9ZJY6QTR, STM32WB1MMCH6, STM32WBA52CEU6, STM32WBA52CEU6T, STM32WBA52CGU6, STM32WBA52CGU6T, STM32WL5MOCH6, STM32WL5MOCH6TR]
2023-04-09 23:01:42,119 [INFO] BoardInfo:880 - No configuration file found for board P-NUCLEO-WB55
2023-04-09 23:01:42,119 [INFO] DbBoards:157 - Kit is not supported: P-NUCLEO-WB55
2023-04-09 23:01:42,129 [INFO] BoardInfo:880 - No configuration file found for board STEVAL-BFA001V1B
2023-04-09 23:01:42,129 [INFO] DbBoards:157 - Kit is not supported: STEVAL-BFA001V1B
2023-04-09 23:01:42,131 [INFO] BoardInfo:880 - No configuration file found for board STEVAL-BFA001V2B
2023-04-09 23:01:42,131 [INFO] DbBoards:157 - Kit is not supported: STEVAL-BFA001V2B
2023-04-09 23:01:42,231 [INFO] DbBoards:161 - Found 187 boards, 184 are supported
2023-04-09 23:01:42,236 [INFO] ApiDb:668 - CubeFinder database Data Model version=2.1
2023-04-09 23:01:42,236 [INFO] ApiDb:669 - CubeFinder database Configuration version=3.0.35
2023-04-09 23:01:42,236 [INFO] ApiDb:670 - CubeFinder database generation date=2023-03-10 (1678456172)
2023-04-09 23:01:42,236 [INFO] ApiDb:671 - CubeFinder database FW Pack versions=[FP-ATR-ASTRA1_V1.1.1, STM32Cube_FW_C0_V1.0.1, STM32Cube_FW_F0_V1.11.4, STM32Cube_FW_F3_V1.11.4, STM32Cube_FW_F4_V1.27.1, STM32Cube_FW_F7_V1.17.0, STM32Cube_FW_G0_V1.6.1, STM32Cube_FW_G4_V1.5.1, STM32Cube_FW_H5_V0.5.1, STM32Cube_FW_H5_V1.0.0, STM32Cube_FW_H7_V1.11.0, STM32Cube_FW_L0_V1.12.2, STM32Cube_FW_L5_V1.5.0, STM32Cube_FW_U5_V1.2.0, STM32Cube_FW_WBA_V1.0.0, STM32Cube_FW_WBA_V1.0.0RC1, STM32Cube_FW_WBA_V1.0.0RC3, STM32Cube_FW_WB_V1.15.0RC1, STM32Cube_FW_WB_V1.16.0, STM32Cube_FW_WB_V1.16.0RC2, STM32Cube_FW_WL_V1.3.0, X-CUBE-ALGOBUILD_V1.3.0, X-CUBE-ALS_V1.0.1, X-CUBE-AZRTOS-F4_V1.1.0, X-CUBE-AZRTOS-F7_V1.1.0, X-CUBE-AZRTOS-G0_V1.1.0, X-CUBE-AZRTOS-G4_V1.0.0, X-CUBE-AZRTOS-H7_V3.0.0, X-CUBE-AZRTOS-L4_V1.0.0, X-CUBE-AZRTOS-L5_V1.1.0, X-CUBE-AZRTOS-WB_V1.1.0, X-CUBE-AZRTOS-WL_V1.0.0, X-CUBE-BLE1_V6.2.4, X-CUBE-BLE2_V3.3.0, X-CUBE-BLEMGR_V1.3.0, X-CUBE-EEPRMA1_V4.1.0, X-CUBE-GNSS1_V6.0.0, X-CUBE-MEMS1_V9.1.0, X-CUBE-MEMS1_V9.4.0, X-CUBE-MEMS1_V9.5.0, X-CUBE-NFC4_V3.0.0, X-CUBE-NFC7_V1.0.0, X-CUBE-SFXS2LP1_V4.0.0, X-CUBE-SUBG2_V5.0.0]
2023-04-09 23:01:42,576 [WARN] PackLoader:240 - Cannot read IP mode file for STMicroelectronics.X-CUBE-GNSS1.6.0.0
2023-04-09 23:01:42,626 [WARN] PackLoader:240 - Cannot read IP mode file for STMicroelectronics.X-CUBE-AZRTOS-F4.1.1.0
2023-04-09 23:01:42,632 [WARN] PackLoader:240 - Cannot read IP mode file for wolfSSL.I-CUBE-wolfSSL.5.6.0
2023-04-09 23:01:42,649 [WARN] PackLoader:240 - Cannot read IP mode file for STMicroelectronics.X-CUBE-AZRTOS-F7.1.1.0
2023-04-09 23:01:42,659 [WARN] PackLoader:240 - Cannot read IP mode file for STMicroelectronics.X-CUBE-BLE1.6.2.4
2023-04-09 23:01:42,673 [WARN] PackLoader:240 - Cannot read IP mode file for emotas.I-CUBE-CANOPEN.1.1.3
2023-04-09 23:01:42,683 [WARN] PackLoader:240 - Cannot read IP mode file for STMicroelectronics.X-CUBE-BLEMGR.2.0.0
2023-04-09 23:01:42,695 [WARN] PackLoader:240 - Cannot read IP mode file for STMicroelectronics.X-CUBE-DISPLAY.3.0.0
2023-04-09 23:01:42,719 [WARN] PackLoader:240 - Cannot read IP mode file for STMicroelectronics.X-CUBE-NFC7.1.0.0
2023-04-09 23:01:42,725 [WARN] PackLoader:240 - Cannot read IP mode file for STMicroelectronics.X-CUBE-EEPRMA1.4.1.0
2023-04-09 23:01:42,736 [WARN] PackLoader:240 - Cannot read IP mode file for WES.I-CUBE-Cesium.1.3.0
2023-04-09 23:01:42,743 [WARN] PackLoader:240 - Cannot read IP mode file for STMicroelectronics.X-CUBE-SFXS2LP1.4.0.0
2023-04-09 23:01:42,752 [WARN] PackLoader:240 - Cannot read IP mode file for STMicroelectronics.X-CUBE-BLE2.3.3.0
2023-04-09 23:01:42,785 [WARN] PackLoader:240 - Cannot read IP mode file for STMicroelectronics.X-CUBE-AZRTOS-H7.3.0.0
2023-04-09 23:01:42,805 [WARN] PackLoader:240 - Cannot read IP mode file for STMicroelectronics.X-CUBE-ISPU.1.1.0
2023-04-09 23:01:42,814 [WARN] PackLoader:240 - Cannot read IP mode file for RoweBots.I-CUBE-UNISONRTOS.5.5.0-4
2023-04-09 23:01:42,828 [WARN] PackLoader:240 - Cannot read IP mode file for STMicroelectronics.X-CUBE-AI.8.0.0
2023-04-09 23:01:42,839 [WARN] PackLoader:240 - Cannot read IP mode file for STMicroelectronics.X-CUBE-FREERTOS.1.0.0
2023-04-09 23:01:42,842 [WARN] PackLoader:240 - Cannot read IP mode file for STMicroelectronics.X-CUBE-TOUCHGFX.4.21.3
2023-04-09 23:01:42,846 [WARN] PackLoader:240 - Cannot read IP mode file for STMicroelectronics.X-CUBE-ALGOBUILD.1.3.0
2023-04-09 23:01:42,857 [WARN] PackLoader:240 - Cannot read IP mode file for STMicroelectronics.X-CUBE-AZRTOS-L5.1.1.0
2023-04-09 23:01:42,883 [WARN] PackLoader:240 - Cannot read IP mode file for STMicroelectronics.X-CUBE-AZRTOS-G0.1.1.0
2023-04-09 23:01:42,907 [WARN] PackLoader:240 - Cannot read IP mode file for STMicroelectronics.X-CUBE-SUBG2.5.0.0
2023-04-09 23:01:42,929 [WARN] PackLoader:240 - Cannot read IP mode file for STMicroelectronics.X-CUBE-NFC4.3.0.0
2023-04-09 23:01:42,946 [WARN] PackLoader:240 - Cannot read IP mode file for STMicroelectronics.X-CUBE-TOF1.3.3.0
2023-04-09 23:01:42,958 [WARN] PackLoader:240 - Cannot read IP mode file for STMicroelectronics.FP-ATR-ASTRA1.1.1.1
2023-04-09 23:01:42,979 [WARN] PackLoader:240 - Cannot read IP mode file for STMicroelectronics.X-CUBE-AZRTOS-G4.1.0.0
2023-04-09 23:01:42,990 [WARN] PackLoader:240 - Cannot read IP mode file for STMicroelectronics.FP-ATR-SIGFOX1.3.2.0
2023-04-09 23:01:43,005 [WARN] PackLoader:240 - Cannot read IP mode file for STMicroelectronics.X-CUBE-AZRTOS-L4.1.0.0
2023-04-09 23:01:43,034 [WARN] PackLoader:240 - Cannot read IP mode file for STMicroelectronics.X-CUBE-AZRTOS-WL.1.0.0
2023-04-09 23:01:43,038 [WARN] PackLoader:240 - Cannot read IP mode file for portGmbH.I-Cube-SoM-uGOAL.1.1.0
2023-04-09 23:01:43,041 [WARN] PackLoader:240 - Cannot read IP mode file for STMicroelectronics.X-CUBE-ALS.1.0.1
2023-04-09 23:01:43,085 [WARN] PackLoader:240 - Cannot read IP mode file for STMicroelectronics.X-CUBE-MEMS1.9.5.0
2023-04-09 23:01:43,316 [WARN] PackLoader:240 - Cannot read IP mode file for STMicroelectronics.X-CUBE-AZRTOS-WB.1.1.0
2023-04-09 23:01:43,391 [WARN] PackLoader:240 - Cannot read IP mode file for SEGGER.I-CUBE-embOS.1.3.1
2023-04-09 23:01:43,442 [INFO] ThirdParty:978 - Integrity check success = true
2023-04-09 23:01:43,442 [INFO] IntegrityCheckThread:100 - exiting critical section [integrity check]
2023-04-09 23:01:43,443 [INFO] IntegrityCheckThread:103 - End integrity checks thread
2023-04-09 23:01:44,726 [INFO] ApiDb:240 - Found 297 in-development CPN: [B-G473E-ZEST1S, B-WB1M-WPAN1, B-WL5M-SUBG1, NUCLEO-C031C6, NUCLEO-H503RB, NUCLEO-H563ZI, NUCLEO-U545RE-Q, NUCLEO-U5A5ZJ-Q, NUCLEO-WBA52CG, STEVAL-PROTEUS1, STEVAL-STWINBX1, STM320518-EVAL, STM32C0116-DK, STM32C011D6Y3TR, STM32C011D6Y6TR, STM32C011F4P3, STM32C011F4P6, STM32C011F4U3, STM32C011F4U6TR, STM32C011F6P3, STM32C011F6P6, STM32C011F6U3, STM32C011F6U6TR, STM32C011J4M3, STM32C011J4M6, STM32C011J6M3, STM32C011J6M6, STM32C0316-DK, STM32C031C4T3, STM32C031C4T6, STM32C031C4U3, STM32C031C4U6, STM32C031C6T3, STM32C031C6T6, STM32C031C6U3, STM32C031C6U6, STM32C031F4P3, STM32C031F4P6, STM32C031F6P3, STM32C031F6P6, STM32C031G4U3, STM32C031G4U6, STM32C031G6U3, STM32C031G6U6, STM32C031K4T3, STM32C031K4T6, STM32C031K4U3, STM32C031K4U6, STM32C031K6T3, STM32C031K6T6, STM32C031K6U3, STM32C031K6U6, STM32G071K8TXN, STM32G071K8UXN, STM32G081GBU6N, STM32G081KBT6N, STM32G081KBUXN, STM32G0B1CCT6N, STM32G0B1KCT6, STM32G0B1NEY6TR, STM32G0B1RCT6N, STM32G0C1CCT6, STM32G0C1CCT6N, STM32G0C1CCU6N, STM32G0C1CET6N, STM32G0C1CEU6N, STM32G0C1KCT6, STM32G0C1NEY6TR, STM32G0C1RCI6N, STM32G0C1RCT6N, STM32G0C1REI6N, STM32G0C1RET6N, STM32G0C1VCI6, STM32G0C1VEI6, STM32G471CCT6, STM32G471CCU6, STM32G471CET3, STM32G471CET6, STM32G471CEU3, STM32G471CEU6, STM32G471MCT6, STM32G471MET3, STM32G471MET6, STM32G471MEY6TR, STM32G471QCT6, STM32G471QET3, STM32G471RCT6, STM32G471RET3, STM32G471RET6, STM32G471VCH6, STM32G471VCI6, STM32G471VCT6, STM32G471VEH3, STM32G471VEH6, STM32G471VEI3, STM32G471VEI6, STM32G471VET3, STM32G471VET6, STM32G474CCT6, STM32H503CBT6, STM32H503CBU6, STM32H503EBY6TR, STM32H503KBU6, STM32H503RBT6, STM32H562AGI6, STM32H562AII6, STM32H562IGK6, STM32H562IGT6, STM32H562IIK6, STM32H562IIT6, STM32H562RGT6, STM32H562RGV6, STM32H562RIT6, STM32H562RIV6, STM32H562VGT6, STM32H562VIT6, STM32H562ZGT6, STM32H562ZIT6, STM32H563AGI6, STM32H563AII3Q, STM32H563AII6, STM32H563IGK6, STM32H563IGT6, STM32H563IIK3Q, STM32H563IIK6, STM32H563IIT3Q, STM32H563IIT6, STM32H563MIY3QTR, STM32H563RGT6, STM32H563RGV6, STM32H563RIT6, STM32H563RIV6, STM32H563VGT6, STM32H563VIT3Q, STM32H563VIT6, STM32H563ZGT6, STM32H563ZIT3Q, STM32H563ZIT6, STM32H573AII3Q, STM32H573AII6, STM32H573I-DK, STM32H573IIK3Q, STM32H573IIK6, STM32H573IIT3Q, STM32H573IIT6, STM32H573MIY3QTR, STM32H573RIT6, STM32H573RIV6, STM32H573VIT3Q, STM32H573VIT6, STM32H573ZIT3Q, STM32H573ZIT6, STM32L4R5QGI6STR, STM32MP131AAE3, STM32MP131AAF3, STM32MP131AAG3, STM32MP131CAE3, STM32MP131CAF3, STM32MP131CAG3, STM32MP131DAE7, STM32MP131DAF7, STM32MP131DAG7, STM32MP131FAE7, STM32MP131FAF7, STM32MP131FAG7, STM32MP133AAE3, STM32MP133AAF3, STM32MP133AAG3, STM32MP133CAE3, STM32MP133CAF3, STM32MP133CAG3, STM32MP133DAE7, STM32MP133DAF7, STM32MP133DAG7, STM32MP133FAE7, STM32MP133FAF7, STM32MP133FAG7, STM32MP135AAE3, STM32MP135AAF3, STM32MP135AAG3, STM32MP135CAE3, STM32MP135CAF3, STM32MP135CAG3, STM32MP135DAE7, STM32MP135DAF7, STM32MP135DAG7, STM32MP135F-DK, STM32MP135FAE7, STM32MP135FAF7, STM32MP135FAF7T, STM32MP135FAF7U, STM32MP135FAG7, STM32U535CBT6, STM32U535CBT6Q, STM32U535CBU6, STM32U535CBU6Q, STM32U535CCT6, STM32U535CCT6Q, STM32U535CCU6, STM32U535CCU6Q, STM32U535CET6, STM32U535CET6Q, STM32U535CEU6, STM32U535CEU6Q, STM32U535JEY6QTR, STM32U535NCY6QTR, STM32U535NEY6QTR, STM32U535RBI6, STM32U535RBI6Q, STM32U535RBT6, STM32U535RBT6Q, STM32U535RCI6, STM32U535RCI6Q, STM32U535RCT6, STM32U535RCT6Q, STM32U535REI6, STM32U535REI6Q, STM32U535RET6, STM32U535RET6Q, STM32U535VCI6, STM32U535VCI6Q, STM32U535VCT6, STM32U535VCT6Q, STM32U535VEI6, STM32U535VEI6Q, STM32U535VET6, STM32U535VET6Q, STM32U545CET6, STM32U545CET6Q, STM32U545CEU6, STM32U545CEU6Q, STM32U545JEY6QTR, STM32U545NEY6QTR, STM32U545REI6, STM32U545REI6Q, STM32U545RET6, STM32U545RET6Q, STM32U545VEI6, STM32U545VEI6Q, STM32U545VET6, STM32U545VET6Q, STM32U595AIH6, STM32U595AIH6Q, STM32U595AJH6, STM32U595AJH6Q, STM32U595QII6, STM32U595QII6Q, STM32U595QJI6, STM32U595QJI6Q, STM32U595RIT6, STM32U595RIT6Q, STM32U595RJT6, STM32U595RJT6Q, STM32U595VIT6, STM32U595VIT6Q, STM32U595VJT6, STM32U595VJT6Q, STM32U595ZIT6, STM32U595ZIT6Q, STM32U595ZIY6QTR, STM32U595ZJT6, STM32U595ZJT6Q, STM32U595ZJY6QTR, STM32U599BJY6QTR, STM32U599NIH6Q, STM32U599NJH6Q, STM32U599VIT6Q, STM32U599VJT6, STM32U599VJT6Q, STM32U599ZIT6Q, STM32U599ZIY6QTR, STM32U599ZJT6Q, STM32U599ZJY6QTR, STM32U5A5AJH6, STM32U5A5AJH6Q, STM32U5A5QJI6, STM32U5A5QJI6Q, STM32U5A5RJT6, STM32U5A5RJT6Q, STM32U5A5VJT6, STM32U5A5VJT6Q, STM32U5A5ZJT6, STM32U5A5ZJT6Q, STM32U5A5ZJY6QTR, STM32U5A9BJY6QTR, STM32U5A9J-DK, STM32U5A9NJH6Q, STM32U5A9VJT6Q, STM32U5A9ZJT6Q, STM32U5A9ZJY6QTR, STM32WB1MMCH6, STM32WBA52CEU6, STM32WBA52CEU6T, STM32WBA52CGU6, STM32WBA52CGU6T, STM32WL5MOCH6, STM32WL5MOCH6TR]
2023-04-09 23:01:44,729 [INFO] DbMcus:216 - Found 3775 MCUs, 3775 are supported
2023-04-09 23:01:44,732 [INFO] ApiDb:423 - Load user favorites file /home/patryk/.stm32cubeide/favorites.mcus.txt: 0 item(s)
2023-04-09 23:01:44,733 [INFO] ApiDb:427 - User favorites MCUs=[]
2023-04-09 23:01:44,733 [INFO] DbMcus:222 - Set 0 / 0 favorites MCUs
2023-04-09 23:01:45,056 [INFO] ApiDb:423 - Load user favorites file /home/patryk/.stm32cubeide/favorites.boards.txt: 1 item(s)
2023-04-09 23:01:45,056 [INFO] ApiDb:427 - User favorites Boards=[NUCLEO-F303RE]
2023-04-09 23:01:45,056 [INFO] DbBoards:190 - Set 1 / 1 favorites Boards
2023-04-09 23:01:45,056 [INFO] McuFinderGlobals:66 - Set McuFinderConnectedMode to true
2023-04-09 23:01:45,063 [INFO] MultiScanPanel:200 - Auto-refresh data requested => check proxy status ongoing
2023-04-09 23:01:45,067 [INFO] FinderPluginLoader:95 - Searching for filters in installed packs
2023-04-09 23:01:46,373 [INFO] LoadUrlFilesThread:185 - End of LoadServerUrlFiles without Thread
2023-04-09 23:01:46,383 [INFO] DetailPanel:341 - Set advertising image to /home/patryk/STM32Cube/Repository//en.prom-stm32h5-mcu-finder.jpg
2023-04-09 23:01:50,047 [INFO] MultiScanPanel:200 - Auto-refresh data requested => check proxy status ongoing
2023-04-09 23:01:50,206 [INFO] LoadUrlFilesThread:185 - End of LoadServerUrlFiles without Thread
2023-04-09 23:01:50,207 [INFO] DetailPanel:341 - Set advertising image to /home/patryk/STM32Cube/Repository//en.prom-stm32h5-mcu-finder.jpg
2023-04-09 23:02:07,470 [INFO] MainUpdater:2854 - connection check result : 10
2023-04-09 23:02:07,471 [INFO] MainUpdater:2854 - connection check result : 10
2023-04-09 23:02:07,493 [INFO] MicroXplorer:468 - Change Database Path : 
2023-04-09 23:02:07,493 [INFO] MicroXplorer:498 - Change Database Version : DB.6.0.80
2023-04-09 23:02:07,494 [WARN] ThirdParty:871 - waiting for thirdparty lock release [close project]
2023-04-09 23:02:07,494 [INFO] ThirdParty:873 - entering critical section [close project]
2023-04-09 23:02:07,495 [INFO] ThirdParty:883 - exiting critical section [close project]
2023-04-09 23:02:07,498 [INFO] PinOutPanel:1499 - setPackage(No Configuration,No Configuration)
2023-04-09 23:02:07,503 [INFO] UtilMem:75 - Begin LoadConfig() Used Memory: 497713480 Bytes (615514112)
2023-04-09 23:02:07,507 [INFO] OpenFileManager:308 - Change cursor
2023-04-09 23:02:07,531 [INFO] ProjectFactory:402 - No CPN specified for board NUCLEO-F303RE => set CPN to STM32F303RET6
2023-04-09 23:02:07,533 [INFO] Mcu:1937 - Initializing MCU STM32F303R(D-E)Tx STM32F303RETx STM32F303RET6
2023-04-09 23:02:09,069 [INFO] Context:659 - Trying to add GPIOservice into a context  which must be forbidden
2023-04-09 23:02:09,676 [INFO] Rule:228 - rule 117617 - U5Cobra4M][GTZC] default value MPCBB3 and MPCBB5 - Not Secured memory - MPCBB1 is applicable
2023-04-09 23:02:09,676 [INFO] Rule:228 - rule 117617 - U5Cobra4M][GTZC] default value MPCBB3 and MPCBB5 - Not Secured memory - MPCBB1 is applicable
2023-04-09 23:02:09,676 [INFO] Rule:228 - rule 117617 - U5Cobra4M][GTZC] default value MPCBB3 and MPCBB5 - Not Secured memory - MPCBB2 is applicable
2023-04-09 23:02:09,676 [INFO] Rule:228 - rule 117617 - U5Cobra4M][GTZC] default value MPCBB3 and MPCBB5 - Not Secured memory - MPCBB2 is applicable
2023-04-09 23:02:09,676 [INFO] Rule:228 - rule 117617 - U5Cobra4M][GTZC] default value MPCBB3 and MPCBB5 - Not Secured memory - MPCBB3 is applicable
2023-04-09 23:02:09,676 [INFO] Rule:228 - rule 117617 - U5Cobra4M][GTZC] default value MPCBB3 and MPCBB5 - Not Secured memory - MPCBB3 is applicable
2023-04-09 23:02:09,676 [INFO] Rule:228 - rule 117617 - U5Cobra4M][GTZC] default value MPCBB3 and MPCBB5 - Not Secured memory - MPCBB4 is applicable
2023-04-09 23:02:09,676 [INFO] Rule:228 - rule 117617 - U5Cobra4M][GTZC] default value MPCBB3 and MPCBB5 - Not Secured memory - MPCBB4 is applicable
2023-04-09 23:02:09,676 [INFO] Rule:228 - rule 117617 - U5Cobra4M][GTZC] default value MPCBB3 and MPCBB5 - Secured memory - MPCBB1 is applicable
2023-04-09 23:02:09,676 [INFO] Rule:228 - rule 117617 - U5Cobra4M][GTZC] default value MPCBB3 and MPCBB5 - Secured memory - MPCBB2 is applicable
2023-04-09 23:02:09,676 [INFO] Rule:228 - rule 117617 - U5Cobra4M][GTZC] default value MPCBB3 and MPCBB5 - Secured memory - MPCBB3 is applicable
2023-04-09 23:02:09,677 [INFO] Rule:228 - rule 117617 - U5Cobra4M][GTZC] default value MPCBB3 and MPCBB5 - Secured memory - MPCBB4 is applicable
2023-04-09 23:02:09,677 [INFO] Rule:228 - rule 117617 - U5Cobra4M][GTZC] default value MPCBB3 and MPCBB5 - Privileged memory - MPCBB1 is applicable
2023-04-09 23:02:09,677 [INFO] Rule:228 - rule 117617 - U5Cobra4M][GTZC] default value MPCBB3 and MPCBB5 - Privileged memory - MPCBB2 is applicable
2023-04-09 23:02:09,677 [INFO] Rule:228 - rule 117617 - U5Cobra4M][GTZC] default value MPCBB3 and MPCBB5 - Privileged memory - MPCBB3 is applicable
2023-04-09 23:02:09,677 [INFO] Rule:228 - rule 117617 - U5Cobra4M][GTZC] default value MPCBB3 and MPCBB5 - Privileged memory - MPCBB4 is applicable
2023-04-09 23:02:09,677 [INFO] Rule:228 - rule 117617 - U5Cobra4M][GTZC] default value MPCBB3 and MPCBB5 - Not Privileged memory - MPCBB1 is applicable
2023-04-09 23:02:09,677 [INFO] Rule:228 - rule 117617 - U5Cobra4M][GTZC] default value MPCBB3 and MPCBB5 - Not Privileged memory - MPCBB2 is applicable
2023-04-09 23:02:09,677 [INFO] Rule:228 - rule 117617 - U5Cobra4M][GTZC] default value MPCBB3 and MPCBB5 - Not Privileged memory - MPCBB3 is applicable
2023-04-09 23:02:09,677 [INFO] Rule:228 - rule 117617 - U5Cobra4M][GTZC] default value MPCBB3 and MPCBB5 - Not Privileged memory - MPCBB4 is applicable
2023-04-09 23:02:09,677 [INFO] Rule:228 - rule 117617 - U5Cobra4M][GTZC] default value MPCBB3 and MPCBB5 - Privileged memory - MPCBB1 is applicable
2023-04-09 23:02:09,677 [INFO] Rule:228 - rule 117617 - U5Cobra4M][GTZC] default value MPCBB3 and MPCBB5 - Privileged memory - MPCBB2 is applicable
2023-04-09 23:02:09,677 [INFO] Rule:228 - rule 117617 - U5Cobra4M][GTZC] default value MPCBB3 and MPCBB5 - Privileged memory - MPCBB3 is applicable
2023-04-09 23:02:09,677 [INFO] Rule:228 - rule 117617 - U5Cobra4M][GTZC] default value MPCBB3 and MPCBB5 - Privileged memory - MPCBB4 is applicable
2023-04-09 23:02:09,677 [INFO] Rule:228 - rule 117617 - U5Cobra4M][GTZC] default value MPCBB3 and MPCBB5 - Privileged memory - MPCBB1 is applicable
2023-04-09 23:02:09,677 [INFO] Rule:228 - rule 117617 - U5Cobra4M][GTZC] default value MPCBB3 and MPCBB5 - Privileged memory - MPCBB2 is applicable
2023-04-09 23:02:09,677 [INFO] Rule:228 - rule 117617 - U5Cobra4M][GTZC] default value MPCBB3 and MPCBB5 - Privileged memory - MPCBB3 is applicable
2023-04-09 23:02:09,677 [INFO] Rule:228 - rule 117617 - U5Cobra4M][GTZC] default value MPCBB3 and MPCBB5 - Privileged memory - MPCBB4 is applicable
2023-04-09 23:02:09,677 [INFO] Rule:228 - rule 117617 - U5Cobra4M][GTZC] default value MPCBB3 and MPCBB5 - Not Privileged memory - MPCBB1 is applicable
2023-04-09 23:02:09,677 [INFO] Rule:228 - rule 117617 - U5Cobra4M][GTZC] default value MPCBB3 and MPCBB5 - Not Privileged memory - MPCBB2 is applicable
2023-04-09 23:02:09,678 [INFO] Rule:228 - rule 117617 - U5Cobra4M][GTZC] default value MPCBB3 and MPCBB5 - Not Privileged memory - MPCBB3 is applicable
2023-04-09 23:02:09,678 [INFO] Rule:228 - rule 117617 - U5Cobra4M][GTZC] default value MPCBB3 and MPCBB5 - Not Privileged memory - MPCBB4 is applicable
2023-04-09 23:02:09,678 [INFO] Rule:228 - rule 117617 - U5Cobra4M][GTZC] default value MPCBB3 and MPCBB5 - Privileged memory - MPCBB1 is applicable
2023-04-09 23:02:09,678 [INFO] Rule:228 - rule 117617 - U5Cobra4M][GTZC] default value MPCBB3 and MPCBB5 - Privileged memory - MPCBB2 is applicable
2023-04-09 23:02:09,678 [INFO] Rule:228 - rule 117617 - U5Cobra4M][GTZC] default value MPCBB3 and MPCBB5 - Privileged memory - MPCBB3 is applicable
2023-04-09 23:02:09,678 [INFO] Rule:228 - rule 117617 - U5Cobra4M][GTZC] default value MPCBB3 and MPCBB5 - Privileged memory - MPCBB4 is applicable
2023-04-09 23:02:09,678 [INFO] Rule:228 - rule Rename SubGHz_Phy SUBGHZ_APPLICATION SUBGHZ_PINGPONG to SUBGHZ_ADV_APPLICATION is applicable
2023-04-09 23:02:09,678 [INFO] Rule:228 - rule Rename Enabled to IBEACON is applicable
2023-04-09 23:02:09,678 [INFO] Rule:228 - rule GTZC_S instance for project manager is applicable
2023-04-09 23:02:09,678 [INFO] Rule:228 - rule GTZC_S instance for context M33S is applicable
2023-04-09 23:02:09,678 [INFO] Rule:228 - rule GTZC_S instance value for IP GTZC is applicable
2023-04-09 23:02:09,678 [INFO] Rule:228 - rule GTZC_S instance for mcu.IP is applicable
2023-04-09 23:02:09,678 [INFO] Rule:228 - rule GTZC_S instance for VP is applicable
2023-04-09 23:02:09,678 [INFO] Rule:228 - rule GTZC_S instance for signal is applicable
2023-04-09 23:02:09,678 [INFO] Rule:228 - rule GTZC_S instance for mcu.Pin is applicable
2023-04-09 23:02:09,678 [INFO] Rule:228 - rule GTZC_S instance for VP is applicable
2023-04-09 23:02:09,678 [INFO] Rule:228 - rule GTZC_S instance for signal is applicable
2023-04-09 23:02:09,678 [INFO] Rule:228 - rule GTZC_S instance for mcu is applicable
2023-04-09 23:02:09,679 [INFO] Rule:228 - rule GTZC_S instance for mcu.Pin is applicable
2023-04-09 23:02:09,679 [INFO] Rule:228 - rule GTZC_S instance value for IP GTZC is applicable
2023-04-09 23:02:09,679 [INFO] Rule:228 - rule GTZC_S instance for project manager is applicable
2023-04-09 23:02:09,679 [INFO] Rule:228 - rule GTZC_S instance for context M33S is applicable
2023-04-09 23:02:09,679 [INFO] Rule:228 - rule GTZC_S instance for VP is applicable
2023-04-09 23:02:09,679 [INFO] Rule:228 - rule GTZC_S instance for signal is applicable
2023-04-09 23:02:09,679 [INFO] Rule:228 - rule SPDIFRX instance for mcu is applicable
2023-04-09 23:02:09,679 [INFO] Rule:228 - rule Rename Tracer Mode is applicable
2023-04-09 23:02:09,679 [INFO] Rule:228 - rule SPDIFRX instance value for IP SPDIFRX is applicable
2023-04-09 23:02:09,679 [INFO] Rule:228 - rule SPDIFRX instance for signal is applicable
2023-04-09 23:02:09,679 [INFO] Rule:228 - rule SPDIFRX instance for project manager is applicable
2023-04-09 23:02:09,679 [INFO] Rule:228 - rule SPDIFRX instance for project manager is applicable
2023-04-09 23:02:09,679 [INFO] Rule:228 - rule ADC Scan  fix with FW F7 is applicable
2023-04-09 23:02:09,679 [INFO] Rule:228 - rule ADC Scan  fix with FW F7 is applicable
2023-04-09 23:02:09,679 [INFO] Rule:228 - rule DFSDM instance value for IP DFSDM is applicable
2023-04-09 23:02:09,679 [INFO] Rule:228 - rule DFSDM instance for mcu is applicable
2023-04-09 23:02:09,679 [INFO] Rule:228 - rule DFSDM instance for VP is applicable
2023-04-09 23:02:09,679 [INFO] Rule:228 - rule DFSDM instance for signal is applicable
2023-04-09 23:02:09,679 [INFO] Rule:228 - rule DFSDM instance for shared is applicable
2023-04-09 23:02:09,679 [INFO] Rule:228 - rule BreakInputSource parameter for IP Timer is applicable
2023-04-09 23:02:09,680 [INFO] Rule:228 - rule Sourcebreak parameter for IP Timer is applicable
2023-04-09 23:02:09,680 [INFO] Rule:228 - rule Sourcebreak parameter for IP Timer is applicable
2023-04-09 23:02:09,680 [INFO] Rule:228 - rule DFSDM for PCC is applicable
2023-04-09 23:02:09,680 [INFO] Rule:228 - rule Serial_Wire Mode is applicable
2023-04-09 23:02:09,680 [INFO] Rule:228 - rule JTAG_4_pins Mode is applicable
2023-04-09 23:02:09,680 [INFO] Rule:228 - rule JTAG_5_pins Mode is applicable
2023-04-09 23:02:09,680 [INFO] Rule:228 - rule Trace_Asynchronous_SW Mode is applicable
2023-04-09 23:02:09,680 [INFO] Rule:228 - rule Trace_Synchro_1bit_JTAG Mode is applicable
2023-04-09 23:02:09,680 [INFO] Rule:228 - rule Trace_Synchro_2bits_JTAG Mode is applicable
2023-04-09 23:02:09,680 [INFO] Rule:228 - rule Trace_Synchro_4bits_JTAG Mode is applicable
2023-04-09 23:02:09,680 [INFO] Rule:228 - rule Trace_Synchro_1bit_SW Mode is applicable
2023-04-09 23:02:09,680 [INFO] Rule:228 - rule Trace_Synchro_2bits_SW Mode is applicable
2023-04-09 23:02:09,680 [INFO] Rule:228 - rule Trace_Synchro_4bits_SW Mode is applicable
2023-04-09 23:02:09,680 [INFO] Rule:228 - rule SYS_WakeUp0 Mode is applicable
2023-04-09 23:02:09,680 [INFO] Rule:228 - rule SYS_WakeUp0 Mode for STM32F446 is applicable
2023-04-09 23:02:09,680 [INFO] Rule:228 - rule SYS_WakeUp1 Mode is applicable
2023-04-09 23:02:09,680 [INFO] Rule:228 - rule SYS_WakeUp1 Mode for STM32F446 is applicable
2023-04-09 23:02:09,681 [INFO] Rule:228 - rule SYS_WakeUp2 Mode is applicable
2023-04-09 23:02:09,681 [INFO] Rule:228 - rule SYS_WakeUp3 Mode is applicable
2023-04-09 23:02:09,681 [INFO] Rule:228 - rule SYS_WakeUp4 Mode is applicable
2023-04-09 23:02:09,681 [INFO] Rule:228 - rule SYS_WakeUp5 Mode is applicable
2023-04-09 23:02:09,681 [INFO] Rule:228 - rule SYS_WakeUp6 Mode is applicable
2023-04-09 23:02:09,681 [INFO] Rule:228 - rule SYS_WakeUp7 Mode is applicable
2023-04-09 23:02:09,681 [INFO] Rule:228 - rule WakeUp0 Mode is applicable
2023-04-09 23:02:09,681 [INFO] Rule:228 - rule WakeUp0 SIGNAL is applicable
2023-04-09 23:02:09,681 [INFO] Rule:228 - rule WakeUp1 Mode is applicable
2023-04-09 23:02:09,681 [INFO] Rule:228 - rule WakeUp1 SIGNAL is applicable
2023-04-09 23:02:09,681 [INFO] Rule:228 - rule WakeUp2 Mode is applicable
2023-04-09 23:02:09,681 [INFO] Rule:228 - rule WakeUp2 SIGNAL is applicable
2023-04-09 23:02:09,681 [INFO] Rule:228 - rule WakeUp4 Mode is applicable
2023-04-09 23:02:09,681 [INFO] Rule:228 - rule WakeUp4 SIGNAL is applicable
2023-04-09 23:02:09,681 [INFO] Rule:228 - rule WakeUp5 Mode is applicable
2023-04-09 23:02:09,681 [INFO] Rule:228 - rule WakeUp5 SIGNAL is applicable
2023-04-09 23:02:09,681 [INFO] Rule:228 - rule Mode_PVD_Ext is applicable
2023-04-09 23:02:09,682 [INFO] Rule:228 - rule Mode_PVD_Int is applicable
2023-04-09 23:02:09,682 [INFO] Rule:228 - rule Add RTC Activate Clock Source is applicable
2023-04-09 23:02:09,682 [INFO] Rule:228 - rule Add RTC Activate Calendar 1 is applicable
2023-04-09 23:02:09,682 [INFO] Rule:228 - rule Add RTC Activate Calendar 2 is applicable
2023-04-09 23:02:09,682 [INFO] Rule:228 - rule Add RTC Activate Calendar 3 is applicable
2023-04-09 23:02:09,682 [INFO] Rule:228 - rule UART/USART TX Mode is applicable
2023-04-09 23:02:09,682 [INFO] Rule:228 - rule UART/USART RX Mode is applicable
2023-04-09 23:02:09,682 [INFO] Rule:228 - rule UART/USART RX TX Mode is applicable
2023-04-09 23:02:09,682 [INFO] Rule:228 - rule UART/USART PARITY NONE is applicable
2023-04-09 23:02:09,682 [INFO] Rule:228 - rule UART/USART PARITY EVEN is applicable
2023-04-09 23:02:09,682 [INFO] Rule:228 - rule UART/USART PARITY ODD is applicable
2023-04-09 23:02:09,682 [INFO] Rule:228 - rule USART StopBits 1 is applicable
2023-04-09 23:02:09,682 [INFO] Rule:228 - rule USART StopBits 2 is applicable
2023-04-09 23:02:09,682 [INFO] Rule:228 - rule USART StopBits 1.5 is applicable
2023-04-09 23:02:09,682 [INFO] Rule:228 - rule USART StopBits 0.5 is applicable
2023-04-09 23:02:09,682 [INFO] Rule:228 - rule UART/USART WORD LENGTH 7 is applicable
2023-04-09 23:02:09,683 [INFO] Rule:228 - rule UART/USART WORD LENGTH 8 is applicable
2023-04-09 23:02:09,683 [INFO] Rule:228 - rule UART/USART WORD LENGTH 9 is applicable
2023-04-09 23:02:09,683 [INFO] Rule:228 - rule Rename FMC NAND NCE signal is applicable
2023-04-09 23:02:09,683 [INFO] Rule:228 - rule Rename FMC NAND INT signal is applicable
2023-04-09 23:02:09,683 [INFO] Rule:228 - rule Change Default Value for LSE Drive Capability for WB family is applicable
2023-04-09 23:02:09,683 [INFO] Rule:228 - rule Change Default Value for ADC Clock Prescaler G0 family is applicable
2023-04-09 23:02:09,683 [INFO] Rule:228 - rule Change Default Value for ADC ExternalTrigConv L4 family is applicable
2023-04-09 23:02:09,683 [INFO] Rule:228 - rule Change Default Value for ADC ExternalTrigInjecConv L4 family is applicable
2023-04-09 23:02:09,683 [INFO] Rule:228 - rule Change Default Value for ADC ExternalTrigConv F3 family is applicable
2023-04-09 23:02:09,683 [INFO] Rule:228 - rule Change Default Value for ADC ExternalTrigInjecConv F3 family is applicable
2023-04-09 23:02:09,683 [INFO] Rule:228 - rule Change Default Value for ADC ExternalTrigConv Goldfish serie is applicable
2023-04-09 23:02:09,683 [INFO] Rule:228 - rule Change Default Value for ADC ExternalTrigInjecConv Goldfish serie is applicable
2023-04-09 23:02:09,683 [INFO] Rule:228 - rule Change Default Value for ADC ExternalTrigConv L0 family is applicable
2023-04-09 23:02:09,683 [INFO] Rule:228 - rule Change Default Value for ADC ExternalTrigConv F0 family is applicable
2023-04-09 23:02:09,683 [INFO] Rule:228 - rule Change Default Value for ADC ExternalTrigConvn L1 family is applicable
2023-04-09 23:02:09,683 [INFO] Rule:228 - rule Change Default Value for ADC ExternalTrigInjecConv L1 family is applicable
2023-04-09 23:02:09,683 [INFO] Rule:228 - rule Change Default Value for ADC ExternalTrigConv F1 family is applicable
2023-04-09 23:02:09,683 [INFO] Rule:228 - rule Change Default Value for ADC ExternalTrigInjecConv F1 family is applicable
2023-04-09 23:02:09,683 [INFO] Rule:228 - rule Change Default Value for ADC ExternalTrigConv F7 family is applicable
2023-04-09 23:02:09,684 [INFO] Rule:228 - rule Change Default Value for ADC ExternalTrigInjecConv F7 family is applicable
2023-04-09 23:02:09,684 [INFO] Rule:228 - rule Change Default Value for ADC ExternalTrigConv F4 and F2 family is applicable
2023-04-09 23:02:09,684 [INFO] Rule:228 - rule Change Default Value for ADC ExternalTrigInjecConv F4 and F2 family is applicable
2023-04-09 23:02:09,684 [INFO] Rule:228 - rule ADC SamplingTime fix with FW L0  is applicable
2023-04-09 23:02:09,684 [INFO] Rule:228 - rule ADC SamplingTime fix with FW L0  is applicable
2023-04-09 23:02:09,684 [INFO] Rule:228 - rule ADC SamplingTime fix with FW L0 is applicable
2023-04-09 23:02:09,684 [INFO] Rule:228 - rule ADC SamplingTime fix with FW L0 is applicable
2023-04-09 23:02:09,684 [INFO] Rule:228 - rule ADC SamplingTime fix with FW L0  is applicable
2023-04-09 23:02:09,684 [INFO] Rule:228 - rule ADC SamplingTime fix with FW L0 is applicable
2023-04-09 23:02:09,684 [INFO] Rule:228 - rule Rename USB_OE Signal is applicable
2023-04-09 23:02:09,684 [INFO] Rule:228 - rule Rename Activate_OE Mode is applicable
2023-04-09 23:02:09,684 [INFO] Rule:228 - rule Rename DIE462/DIE415 pin PC14/OSC32_IN -> PC14-OSC32_IN (PC14) is applicable
2023-04-09 23:02:09,684 [INFO] Rule:228 - rule Rename DIE462/DIE415 pin PC15/OSC32_OUT -> PC15-OSC32_OUT (PC15) is applicable
2023-04-09 23:02:09,684 [INFO] Rule:228 - rule Rename DIE462/DIE415 pin PH0/OSC_IN -> PH0-OSC_IN (PH0) is applicable
2023-04-09 23:02:09,684 [INFO] Rule:228 - rule Rename DIE462/DIE415 pin PH1/OSC_OUT -> PH1-OSC_OUT (PH1) is applicable
2023-04-09 23:02:09,684 [INFO] Rule:228 - rule Rename DIE462 pin PA13 -> PA13 (JTMS/SWDIO) is applicable
2023-04-09 23:02:09,684 [INFO] Rule:228 - rule Rename DIE415 pin PA13 -> PA13 (JTMS/SWDIO) is applicable
2023-04-09 23:02:09,684 [INFO] Rule:228 - rule Rename DIE462 pin PA14 -> PA14 (JTCK/SWCLK) is applicable
2023-04-09 23:02:09,684 [INFO] Rule:228 - rule Rename DIE415 pin PA14 -> PA14 (JTCK/SWCLK) is applicable
2023-04-09 23:02:09,684 [INFO] Rule:228 - rule Rename DIE462/DIE415 pin PA15 -> PA15 (JTDI) is applicable
2023-04-09 23:02:09,685 [INFO] Rule:228 - rule Rename DIE462 pin PB3 -> PB3 (JTD0/TRACESWO) is applicable
2023-04-09 23:02:09,685 [INFO] Rule:228 - rule Rename DIE415 pin PB3 -> PB3 (JTD0-TRACESWO) is applicable
2023-04-09 23:02:09,685 [INFO] Rule:228 - rule Rename DIE462/DIE415 pin PB4 -> PB4 (NJTRST) is applicable
2023-04-09 23:02:09,685 [INFO] Rule:228 - rule Rename DIE462 pin PH3/BOOT0 -> PH3-BOOT0 (BOOT0) is applicable
2023-04-09 23:02:09,685 [INFO] Rule:228 - rule Rename CRYP DataEncryptionTypesList to Algorithm is applicable
2023-04-09 23:02:09,685 [INFO] Rule:228 - rule Rename AES DataEncryptionTypesList to Algorithm is applicable
2023-04-09 23:02:09,685 [INFO] Rule:228 - rule Rename TDESECB to CRYP_TDES_ECB is applicable
2023-04-09 23:02:09,685 [INFO] Rule:228 - rule Rename TDESCBC to CRYP_TDES_CBC is applicable
2023-04-09 23:02:09,685 [INFO] Rule:228 - rule Rename DESECB to CRYP_DES_ECB is applicable
2023-04-09 23:02:09,685 [INFO] Rule:228 - rule Rename DESCBC to CRYP_DES_CBC is applicable
2023-04-09 23:02:09,685 [INFO] Rule:228 - rule Rename AESECB to CRYP_AES_ECB is applicable
2023-04-09 23:02:09,685 [INFO] Rule:228 - rule Rename AESCBC to CRYP_AES_CBC is applicable
2023-04-09 23:02:09,685 [INFO] Rule:228 - rule Rename AESCTR to CRYP_AES_CTR is applicable
2023-04-09 23:02:09,685 [INFO] Rule:228 - rule Rename AESGCM to CRYP_AES_GCM is applicable
2023-04-09 23:02:09,685 [INFO] Rule:228 - rule Rename AESCCM to CRYP_AES_CCM is applicable
2023-04-09 23:02:09,685 [INFO] Rule:228 - rule Rename CAN TimeSeg1 to BS1 is applicable
2023-04-09 23:02:09,685 [INFO] Rule:228 - rule Rename CAN TimeSeg2 to BS2 is applicable
2023-04-09 23:02:09,685 [INFO] Rule:228 - rule Rename CAN SyncJumpWidth to SJW is applicable
2023-04-09 23:02:09,685 [INFO] Rule:228 - rule TimeTriggeredMode to TTCM is applicable
2023-04-09 23:02:09,685 [INFO] Rule:228 - rule Rename CAN AutoBusOff to ABOM is applicable
2023-04-09 23:02:09,686 [INFO] Rule:228 - rule Rename CAN AutoWakeUp to AWUM is applicable
2023-04-09 23:02:09,686 [INFO] Rule:228 - rule Rename CAN AutoRetransmission to NART is applicable
2023-04-09 23:02:09,686 [INFO] Rule:228 - rule Rename CAN ReceiveFifoLocked to RFLM is applicable
2023-04-09 23:02:09,686 [INFO] Rule:228 - rule Rename CAN TransmitFifoPriority to TXFP is applicable
2023-04-09 23:02:09,686 [INFO] Rule:228 - rule Rename HRTIMER HRTIM_OUTPUTFAULTLEVEL_HIGH in HRTIMER HRTIM_OUTPUTFAULTLEVEL_HIGHZ is applicable
2023-04-09 23:02:09,686 [INFO] Rule:228 - rule Rename TIMER TIM_CLEARINPUTSOURCE_OCREFCLR in  TIMER TIM_CLEARINPUTSOURCE_NONE for F7 family is applicable
2023-04-09 23:02:09,686 [INFO] Rule:228 - rule FDCAN_R1 - Rename FDCAN mode Master into Classic is applicable
2023-04-09 23:02:09,686 [INFO] Rule:228 - rule FDCAN_R2 - Rename FDCAN mode Slave into Classic is applicable
2023-04-09 23:02:09,686 [INFO] Rule:228 - rule FDCAN1_R3 - if PA10.Mode=FullDuplex, add Pin PA12 is applicable
2023-04-09 23:02:09,686 [INFO] Rule:228 - rule FDCAN1_R3 - if PA9.Mode=FullDuplex, add Pin PA11 is applicable
2023-04-09 23:02:09,686 [INFO] Rule:228 - rule FDCAN1_R3 - Alternatepin_1 - if PE1.Mode=FullDuplex, add Pin PB9 is applicable
2023-04-09 23:02:09,686 [INFO] Rule:228 - rule FDCAN1_R3 - Alternatepin_1 - if PE0.Mode=FullDuplex, add Pin PB8 is applicable
2023-04-09 23:02:09,686 [INFO] Rule:228 - rule FDCAN1_R3 - Alternatepin_2 - if PD5.Mode=FullDuplex, add Pin PD1 is applicable
2023-04-09 23:02:09,686 [INFO] Rule:228 - rule FDCAN1_R3 - Alternatepin_2 - if PD4.Mode=FullDuplex, add Pin PD0 is applicable
2023-04-09 23:02:09,686 [INFO] Rule:228 - rule FDCAN1_R4 - Rename Mode FullDuplex into Enable FDCAN_TXFD for pin PA10 is applicable
2023-04-09 23:02:09,686 [INFO] Rule:228 - rule FDCAN1_R4 - Rename Mode FullDuplex into Enable FDCAN_TXFD for pin PA9 is applicable
2023-04-09 23:02:09,686 [INFO] Rule:228 - rule FDCAN1_R4 - Alternatepin_1 - Rename Mode FullDuplex into Enable FDCAN_TXFD for pin PE1 is applicable
2023-04-09 23:02:09,686 [INFO] Rule:228 - rule FDCAN1_R4 - Alternatepin_1 - Rename Mode FullDuplex into Enable FDCAN_TXFD for pin PE0 is applicable
2023-04-09 23:02:09,686 [INFO] Rule:228 - rule FDCAN1_R4 - Alternatepin_2 - Rename Mode FullDuplex into Enable FDCAN_TXFD for pin PD5 is applicable
2023-04-09 23:02:09,687 [INFO] Rule:228 - rule FDCAN1_R4 - Alternatepin_2 - Rename Mode FullDuplex into Enable FDCAN_TXFD for pin PD4 is applicable
2023-04-09 23:02:09,687 [INFO] Rule:228 - rule FDCAN2_R3 - if PD10.Mode=FullDuplex, add Pin PB13 is applicable
2023-04-09 23:02:09,687 [INFO] Rule:228 - rule FDCAN2_R3 - if PD9.Mode=FullDuplex, add Pin PB12 is applicable
2023-04-09 23:02:09,687 [INFO] Rule:228 - rule FDCAN2_R3 - Alternatepin_1 - if PB7.Mode=FullDuplex, add Pin PB6 is applicable
2023-04-09 23:02:09,687 [INFO] Rule:228 - rule FDCAN2_R3 - Alternatepin_1 - if PD9.Mode=FullDuplex, add Pin PB12 is applicable
2023-04-09 23:02:09,687 [INFO] Rule:228 - rule FDCAN2_R4 - Rename Mode FullDuplex into Enable FDCAN_TXFD for pin PD10 is applicable
2023-04-09 23:02:09,687 [INFO] Rule:228 - rule FDCAN2_R4 - Rename Mode FullDuplex into Enable FDCAN_TXFD for pin PD9 is applicable
2023-04-09 23:02:09,687 [INFO] Rule:228 - rule FDCAN2_R4 - Alternatepin_1 - Rename Mode FullDuplex into Enable FDCAN_TXFD for pin PB7 is applicable
2023-04-09 23:02:09,687 [INFO] Rule:228 - rule FDCAN2_R4 - Alternatepin_1 - Rename Mode FullDuplex into Enable FDCAN_TXFD for pin PD6 is applicable
2023-04-09 23:02:09,687 [INFO] Rule:228 - rule USART TxPinLevelInvertParam Mode is applicable
2023-04-09 23:02:09,687 [INFO] Rule:228 - rule USART RxPinLevelInvertParam Mode is applicable
2023-04-09 23:02:09,687 [INFO] Rule:228 - rule USART DataInvertParam Mode is applicable
2023-04-09 23:02:09,687 [INFO] Rule:228 - rule USART SwapParam Mode is applicable
2023-04-09 23:02:09,687 [INFO] Rule:228 - rule USART OverrunDisableParam Mode is applicable
2023-04-09 23:02:09,687 [INFO] Rule:228 - rule USART DMADisableonRxErrorParam Mode is applicable
2023-04-09 23:02:09,687 [INFO] Rule:228 - rule USART MSBFirstParam Mode is applicable
2023-04-09 23:02:09,687 [INFO] Rule:228 - rule Update MwName for USB_DEVICE is applicable
2023-04-09 23:02:09,687 [INFO] Rule:228 - rule Change PWR_Regulator_Voltage_Scale Default Value for RCC  H7 family is applicable
2023-04-09 23:02:09,687 [INFO] Rule:228 - rule UART/USART IPParameter rename Prescaler parameter to ClockPrescaler is applicable
2023-04-09 23:02:09,687 [INFO] Rule:228 - rule UART/USART Prescaler rename Prescaler parameter to ClockPrescaler is applicable
2023-04-09 23:02:09,687 [INFO] Rule:228 - rule TIM1CLockSelection is applicable
2023-04-09 23:02:09,688 [INFO] Rule:228 - rule TIM15CLockSelection is applicable
2023-04-09 23:02:09,688 [INFO] Rule:228 - rule align RCC SDMMC3CLockSelection default value on MP1 is applicable
2023-04-09 23:02:09,688 [INFO] Rule:228 - rule align RCC SDMMC12CLockSelection default value on MP1 is applicable
2023-04-09 23:02:09,688 [INFO] Rule:228 - rule align RCC QSPICLockSelection default value on MP1 is applicable
2023-04-09 23:02:09,688 [INFO] Rule:228 - rule align RCC QSPICLockSelection default value on MP1 is applicable
2023-04-09 23:02:09,688 [INFO] Rule:228 - rule align RCC SPI6CLockSelection default value on MP1 is applicable
2023-04-09 23:02:09,688 [INFO] Rule:228 - rule align RCC LPTIM23CLockSelection default value on MP1 is applicable
2023-04-09 23:02:09,688 [INFO] Rule:228 - rule align RCC LPTIM1CLockSelection default value on MP1 is applicable
2023-04-09 23:02:09,688 [INFO] Rule:228 - rule align RCC USART1CLockSelection default value on MP1 is applicable
2023-04-09 23:02:09,688 [INFO] Rule:228 - rule align RCC USART24CLockSelection default value on MP1 is applicable
2023-04-09 23:02:09,688 [INFO] Rule:228 - rule align RCC USART6CLockSelection default value on MP1 is applicable
2023-04-09 23:02:09,688 [INFO] Rule:228 - rule align RCC UART78CLockSelection default value on MP1 is applicable
2023-04-09 23:02:09,688 [INFO] Rule:228 - rule align RCC USART35CLockSelection default value on MP1 is applicable
2023-04-09 23:02:09,688 [INFO] Rule:228 - rule align RCC SPI45CLockSelection default value on MP1 is applicable
2023-04-09 23:02:09,688 [INFO] Rule:228 - rule align RCC I2C46CLockSelection BCLK value on MP1 is applicable
2023-04-09 23:02:09,688 [INFO] Rule:228 - rule align RCC SPI45CLockSelection default value on MP1 is applicable
2023-04-09 23:02:09,688 [INFO] Rule:228 - rule align RCC I2C12CLockSelection default value on MP1 is applicable
2023-04-09 23:02:09,688 [INFO] Rule:228 - rule align RCC I2C35CLockSelection default value on MP1 is applicable
2023-04-09 23:02:09,688 [INFO] Rule:228 - rule align RCC LPTIM45CLockSelection default value on MP1 is applicable
2023-04-09 23:02:09,688 [INFO] Rule:228 - rule Rename DCMI PIXCK signal is applicable
2023-04-09 23:02:09,689 [INFO] Rule:228 - rule Change Default Value for I2C46CLockSelection MP1 family is applicable
2023-04-09 23:02:09,689 [INFO] Rule:228 - rule Change Default Value for UART for G4, G0 and WB families is applicable
2023-04-09 23:02:09,689 [INFO] Rule:228 - rule Change Default Value for USART for G4, G0 and WB families is applicable
2023-04-09 23:02:09,689 [INFO] Rule:228 - rule Change Default Value for USART for G4 family is applicable
2023-04-09 23:02:09,689 [INFO] Rule:228 - rule Change USART1CLockSelection refparam name for MP1 is applicable
2023-04-09 23:02:09,689 [INFO] Rule:228 - rule Change USART2CLockSelection refparam name for MP1 is applicable
2023-04-09 23:02:09,689 [INFO] Rule:228 - rule Change USART3CLockSelection refparam name for MP1 is applicable
2023-04-09 23:02:09,689 [INFO] Rule:228 - rule Change UART4CLockSelection refparam name for MP1 is applicable
2023-04-09 23:02:09,689 [INFO] Rule:228 - rule Change UART5CLockSelection refparam name for MP1 is applicable
2023-04-09 23:02:09,689 [INFO] Rule:228 - rule Change LPUART1CLockSelection refparam name for MP1 is applicable
2023-04-09 23:02:09,689 [INFO] Rule:228 - rule Change LPTIM1CLockSelection refparam name for MP1 is applicable
2023-04-09 23:02:09,689 [INFO] Rule:228 - rule Change LPTIM2CLockSelection refparam name for MP1 is applicable
2023-04-09 23:02:09,689 [INFO] Rule:228 - rule Change RCC_MCO1Source refparam name for MP1 is applicable
2023-04-09 23:02:09,689 [INFO] Rule:228 - rule Change LSCOSource1 refparam name for MP1 is applicable
2023-04-09 23:02:09,689 [INFO] Rule:228 - rule Change SMPSCLockSelection refparam name for MP1 is applicable
2023-04-09 23:02:09,690 [INFO] Rule:228 - rule Change LPTIM3CLockSelection refparam name for MP1 is applicable
2023-04-09 23:02:09,690 [INFO] Rule:228 - rule Change MPCBB* Default Template Mode to Parameters is applicable
2023-04-09 23:02:09,690 [INFO] Rule:228 - rule Change MPCWM* or MPCBB* Secure Mode to Parameters is applicable
2023-04-09 23:02:09,690 [INFO] Rule:228 - rule Change MPCWM* or MPCBB* No Secure Mode to Parameters is applicable
2023-04-09 23:02:09,690 [INFO] Rule:228 - rule Change TZSC IP Secure Mode to Parameters is applicable
2023-04-09 23:02:09,690 [INFO] Rule:228 - rule Change TZSC IP No Secure Mode to Parameters is applicable
2023-04-09 23:02:09,690 [INFO] Rule:228 - rule Change TZSC IP Privilege Mode to Parameters is applicable
2023-04-09 23:02:09,690 [INFO] Rule:228 - rule Change TZSC IP No Privilege Mode to Parameters is applicable
2023-04-09 23:02:09,690 [INFO] Rule:228 - rule Change TZIC IT Secure Mode to Parameters is applicable
2023-04-09 23:02:09,690 [INFO] Rule:228 - rule Change TZIC IT No Secure Mode to Parameters is applicable
2023-04-09 23:02:09,690 [INFO] Rule:228 - rule Add MPCBB1_NonSecureArea_Start_Address value with referenced to MPCBB1_NonSecureArea_Start value is applicable
2023-04-09 23:02:09,690 [INFO] Rule:228 - rule Add MPCBB2_NonSecureArea_Start_Address value with referenced to MPCBB2_NonSecureArea_Start value is applicable
2023-04-09 23:02:09,690 [INFO] Rule:228 - rule Add MPCWM1_NonSecureArea*_Start_Address value with referenced to MPCWM1_NonSecureArea*_Start value is applicable
2023-04-09 23:02:09,690 [INFO] Rule:228 - rule Add MPCWM2_NonSecureArea*_Start_Address value with referenced to MPCWM2_NonSecureArea*_Start value is applicable
2023-04-09 23:02:09,690 [INFO] Rule:228 - rule Add MPCWM3_NonSecureArea_Start_Address value with referenced to MPCWM3_NonSecureArea_Start value is applicable
2023-04-09 23:02:09,690 [INFO] Rule:228 - rule Change Default Value for PLL1UserDefinedConfig is applicable
2023-04-09 23:02:09,690 [INFO] Rule:228 - rule Change GPIO_PuPd Default Value for USART in async mode is applicable
2023-04-09 23:02:09,690 [INFO] Rule:228 - rule Change SMPSDivider Default Value is applicable
2023-04-09 23:02:09,690 [INFO] Rule:228 - rule OPAMP is applicable
2023-04-09 23:02:09,690 [INFO] Rule:228 - rule LPUART IPParameter rename Prescaler parameter to ClockPrescaler for STM32H7 is applicable
2023-04-09 23:02:09,690 [INFO] Rule:228 - rule LPUART IPParameter rename Prescaler parameter to ClockPrescaler for STM32H7 is applicable
2023-04-09 23:02:09,691 [INFO] Rule:228 - rule LPUART IPParameter rename Prescaler parameter to ClockPrescaler for STM32WB is applicable
2023-04-09 23:02:09,691 [INFO] Rule:228 - rule LPUART IPParameter rename Prescaler parameter to ClockPrescaler for STM32WB is applicable
2023-04-09 23:02:09,691 [INFO] Rule:228 - rule LPUART IPParameter rename Prescaler parameter to ClockPrescaler for STM32G4 is applicable
2023-04-09 23:02:09,691 [INFO] Rule:228 - rule LPUART IPParameter rename Prescaler parameter to ClockPrescaler for STM32G4 is applicable
2023-04-09 23:02:09,691 [INFO] Rule:228 - rule LPUART IPParameter rename Prescaler parameter to ClockPrescaler for STM32L5 is applicable
2023-04-09 23:02:09,691 [INFO] Rule:228 - rule LPUART IPParameter rename Prescaler parameter to ClockPrescaler for STM32L5 is applicable
2023-04-09 23:02:09,691 [INFO] Rule:228 - rule LPUART IPParameter rename Prescaler parameter to ClockPrescaler for STM32G4 is applicable
2023-04-09 23:02:09,691 [INFO] Rule:228 - rule LPUART IPParameter rename Prescaler parameter to ClockPrescaler for STM32G4 is applicable
2023-04-09 23:02:09,691 [INFO] Rule:228 - rule USB device lib V2.5.3 for L0 rename USBD_SUPPORT_USER_STRING parameter to USBD_SUPPORT_USER_STRING_DESC4 is applicable
2023-04-09 23:02:09,691 [INFO] Rule:228 - rule I2SCLockSelection clock entry align is applicable
2023-04-09 23:02:09,691 [INFO] Rule:228 - rule Assign TIMx context if used as SYS timebase is applicable
2023-04-09 23:02:09,691 [INFO] Rule:228 - rule Change GPIO_Pu Default Value for I2C is applicable
2023-04-09 23:02:09,691 [INFO] Rule:228 - rule Change GPIO_Pu Default Value for SMBus is applicable
2023-04-09 23:02:09,691 [INFO] Rule:228 - rule change FDCAN default value is applicable
2023-04-09 23:02:09,691 [INFO] Rule:228 - rule Change mode sai is applicable
2023-04-09 23:02:09,691 [INFO] Rule:228 - rule **Change sai mode is applicable
2023-04-09 23:02:09,707 [INFO] DbConfProperties:307 - Apply Compatibility (68/289 Rules)
2023-04-09 23:02:11,951 [INFO] ImportTextPane:194 - (OptionalMessage_ERROR) Unable to find key (Mcu.ThirdPartyNb) in loaded IOC file
2023-04-09 23:02:12,120 [INFO] RtosManager:555 - Registered RTOS mode: class=CMSIS, group=RTOS, mode=CMSIS_V1, owner=FREERTOS
2023-04-09 23:02:12,120 [INFO] RtosManager:555 - Registered RTOS mode: class=CMSIS, group=RTOS2, mode=CMSIS_V2, owner=FREERTOS
2023-04-09 23:02:12,120 [INFO] RtosManager:555 - Registered RTOS mode: class=RTOS, group=Core, mode=CMSIS_V1, owner=FREERTOS
2023-04-09 23:02:12,120 [INFO] RtosManager:555 - Registered RTOS mode: class=RTOS, group=Core, mode=CMSIS_V2, owner=FREERTOS
2023-04-09 23:02:12,120 [WARN] ModelIntegratedComponent:184 - Missing modes for component STMicroelectronics:FreeRTOS:0.0.1:STMicroelectronics:RTOS:FreeRTOS:Core:::10.2.0:
2023-04-09 23:02:12,149 [WARN] ModelIntegratedComponent:63 - No mode defined for component null
2023-04-09 23:02:12,149 [WARN] ModelIntegratedComponent:63 - No mode defined for component null
2023-04-09 23:02:12,149 [WARN] ModelIntegratedComponent:63 - No mode defined for component null
2023-04-09 23:02:12,149 [WARN] ModelIntegratedComponent:63 - No mode defined for component null
2023-04-09 23:02:12,149 [WARN] ModelIntegratedComponent:63 - No mode defined for component null
2023-04-09 23:02:12,149 [WARN] ModelIntegratedComponent:63 - No mode defined for component null
2023-04-09 23:02:12,149 [WARN] ModelIntegratedComponent:63 - No mode defined for component null
2023-04-09 23:02:12,149 [WARN] ModelIntegratedComponent:63 - No mode defined for component null
2023-04-09 23:02:12,149 [WARN] ModelIntegratedComponent:63 - No mode defined for component null
2023-04-09 23:02:12,149 [WARN] ModelIntegratedComponent:63 - No mode defined for component null
2023-04-09 23:02:12,149 [WARN] ModelIntegratedComponent:63 - No mode defined for component null
2023-04-09 23:02:12,149 [WARN] ModelIntegratedComponent:63 - No mode defined for component null
2023-04-09 23:02:12,149 [WARN] ModelIntegratedComponent:63 - No mode defined for component null
2023-04-09 23:02:12,149 [WARN] ModelIntegratedComponent:63 - No mode defined for component null
2023-04-09 23:02:12,149 [WARN] ModelIntegratedComponent:63 - No mode defined for component null
2023-04-09 23:02:12,149 [WARN] ModelIntegratedComponent:63 - No mode defined for component null
2023-04-09 23:02:12,149 [WARN] ModelIntegratedComponent:63 - No mode defined for component null
2023-04-09 23:02:12,149 [WARN] ModelIntegratedComponent:63 - No mode defined for component null
2023-04-09 23:02:12,149 [WARN] ModelIntegratedComponent:63 - No mode defined for component null
2023-04-09 23:02:12,150 [WARN] ModelIntegratedComponent:63 - No mode defined for component null
2023-04-09 23:02:12,150 [WARN] ModelIntegratedComponent:63 - No mode defined for component null
2023-04-09 23:02:12,150 [WARN] ModelIntegratedComponent:63 - No mode defined for component null
2023-04-09 23:02:12,150 [WARN] ModelIntegratedComponent:63 - No mode defined for component null
2023-04-09 23:02:12,150 [WARN] ModelIntegratedComponent:63 - No mode defined for component null
2023-04-09 23:02:12,150 [WARN] ModelIntegratedComponent:63 - No mode defined for component null
2023-04-09 23:02:12,150 [WARN] ModelIntegratedComponent:63 - No mode defined for component null
2023-04-09 23:02:12,150 [WARN] ModelIntegratedComponent:63 - No mode defined for component null
2023-04-09 23:02:12,150 [WARN] ModelIntegratedComponent:63 - No mode defined for component null
2023-04-09 23:02:12,150 [WARN] ModelIntegratedComponent:63 - No mode defined for component null
2023-04-09 23:02:12,150 [WARN] ModelIntegratedComponent:63 - No mode defined for component null
2023-04-09 23:02:12,150 [WARN] ModelIntegratedComponent:63 - No mode defined for component null
2023-04-09 23:02:12,150 [WARN] ModelIntegratedComponent:63 - No mode defined for component null
2023-04-09 23:02:12,150 [WARN] ModelIntegratedComponent:63 - No mode defined for component null
2023-04-09 23:02:12,294 [INFO] ThirdPartyModel:298 - Start build external matchings
2023-04-09 23:02:12,660 [INFO] ThirdPartyModel:316 - End build external matchings
2023-04-09 23:02:12,957 [INFO] UtilMem:75 - End LoadConfig() Used Memory: 635731128 Bytes (832569344)
2023-04-09 23:02:13,094 [WARN] ThirdParty:833 - waiting for thirdparty lock release [change project]
2023-04-09 23:02:13,095 [INFO] ThirdParty:835 - entering critical section [change project]
2023-04-09 23:02:13,095 [INFO] ThirdParty:1030 - CMSIS Pack Vendor :STMicroelectronics X-CUBE-ISPU 1.1.0
2023-04-09 23:02:13,095 [INFO] ThirdParty:1030 - CMSIS Pack Vendor :RoweBots I-CUBE-UNISONRTOS 5.5.0-4
2023-04-09 23:02:13,095 [INFO] ThirdParty:1030 - CMSIS Pack Vendor :STMicroelectronics X-CUBE-GNSS1 6.0.0
2023-04-09 23:02:13,095 [INFO] ThirdParty:1030 - CMSIS Pack Vendor :STMicroelectronics USB_HOST 2.0.0
2023-04-09 23:02:13,095 [INFO] ThirdParty:1030 - CMSIS Pack Vendor :STMicroelectronics X-CUBE-AZRTOS-F4 1.1.0
2023-04-09 23:02:13,095 [INFO] ThirdParty:1030 - CMSIS Pack Vendor :STMicroelectronics LIBJPEG 8.0.0
2023-04-09 23:02:13,095 [INFO] ThirdParty:1030 - CMSIS Pack Vendor :wolfSSL I-CUBE-wolfSSL 5.6.0
2023-04-09 23:02:13,095 [INFO] ThirdParty:1030 - CMSIS Pack Vendor :STMicroelectronics USB_DEVICE 3.0.0
2023-04-09 23:02:13,095 [INFO] ThirdParty:1030 - CMSIS Pack Vendor :STMicroelectronics X-CUBE-AI 8.0.0
2023-04-09 23:02:13,095 [INFO] ThirdParty:1030 - CMSIS Pack Vendor :STMicroelectronics X-CUBE-FREERTOS 1.0.0
2023-04-09 23:02:13,095 [INFO] ThirdParty:1030 - CMSIS Pack Vendor :STMicroelectronics X-CUBE-TOUCHGFX 4.21.3
2023-04-09 23:02:13,095 [INFO] ThirdParty:1030 - CMSIS Pack Vendor :STMicroelectronics X-CUBE-AZRTOS-F7 1.1.0
2023-04-09 23:02:13,095 [INFO] ThirdParty:1030 - CMSIS Pack Vendor :STMicroelectronics USB_DEVICE 2.0.0
2023-04-09 23:02:13,095 [INFO] ThirdParty:1030 - CMSIS Pack Vendor :STMicroelectronics X-CUBE-ALGOBUILD 1.3.0
2023-04-09 23:02:13,095 [INFO] ThirdParty:1030 - CMSIS Pack Vendor :STMicroelectronics X-CUBE-BLE1 6.2.4
2023-04-09 23:02:13,095 [INFO] ThirdParty:1030 - CMSIS Pack Vendor :STMicroelectronics X-CUBE-AZRTOS-L5 1.1.0
2023-04-09 23:02:13,095 [INFO] ThirdParty:1030 - CMSIS Pack Vendor :STMicroelectronics FreeRTOS 0.0.1
2023-04-09 23:02:13,095 [INFO] ThirdParty:1030 - CMSIS Pack Vendor :emotas I-CUBE-CANOPEN 1.1.3
2023-04-09 23:02:13,096 [INFO] ThirdParty:1030 - CMSIS Pack Vendor :STMicroelectronics X-CUBE-AZRTOS-G0 1.1.0
2023-04-09 23:02:13,096 [INFO] ThirdParty:1030 - CMSIS Pack Vendor :STMicroelectronics X-CUBE-BLEMGR 2.0.0
2023-04-09 23:02:13,096 [INFO] ThirdParty:1030 - CMSIS Pack Vendor :STMicroelectronics X-CUBE-SUBG2 5.0.0
2023-04-09 23:02:13,096 [INFO] ThirdParty:1030 - CMSIS Pack Vendor :STMicroelectronics X-CUBE-NFC4 3.0.0
2023-04-09 23:02:13,096 [INFO] ThirdParty:1030 - CMSIS Pack Vendor :STMicroelectronics STM32_WPAN 1.0.0
2023-04-09 23:02:13,096 [INFO] ThirdParty:1030 - CMSIS Pack Vendor :STMicroelectronics lwIP 2.0.3
2023-04-09 23:02:13,096 [INFO] ThirdParty:1030 - CMSIS Pack Vendor :STMicroelectronics USB_HOST 1.0.0
2023-04-09 23:02:13,096 [INFO] ThirdParty:1030 - CMSIS Pack Vendor :STMicroelectronics PDM2PCM 3.1.0
2023-04-09 23:02:13,096 [INFO] ThirdParty:1030 - CMSIS Pack Vendor :STMicroelectronics X-CUBE-TOF1 3.3.0
2023-04-09 23:02:13,096 [INFO] ThirdParty:1030 - CMSIS Pack Vendor :STMicroelectronics FP-ATR-ASTRA1 1.1.1
2023-04-09 23:02:13,096 [INFO] ThirdParty:1030 - CMSIS Pack Vendor :STMicroelectronics PDM2PCM 3.3.0
2023-04-09 23:02:13,096 [INFO] ThirdParty:1030 - CMSIS Pack Vendor :STMicroelectronics X-CUBE-DISPLAY 3.0.0
2023-04-09 23:02:13,096 [INFO] ThirdParty:1030 - CMSIS Pack Vendor :STMicroelectronics X-CUBE-AZRTOS-G4 1.0.0
2023-04-09 23:02:13,096 [INFO] ThirdParty:1030 - CMSIS Pack Vendor :STMicroelectronics FP-ATR-SIGFOX1 3.2.0
2023-04-09 23:02:13,096 [INFO] ThirdParty:1030 - CMSIS Pack Vendor :STMicroelectronics X-CUBE-AZRTOS-L4 1.0.0
2023-04-09 23:02:13,096 [INFO] ThirdParty:1030 - CMSIS Pack Vendor :STMicroelectronics HAL Drivers 0.0.0
2023-04-09 23:02:13,096 [INFO] ThirdParty:1030 - CMSIS Pack Vendor :STMicroelectronics MBEDTLS 2.16.2
2023-04-09 23:02:13,096 [INFO] ThirdParty:1030 - CMSIS Pack Vendor :STMicroelectronics MBEDTLS 2.14.1
2023-04-09 23:02:13,096 [INFO] ThirdParty:1030 - CMSIS Pack Vendor :STMicroelectronics X-CUBE-NFC7 1.0.0
2023-04-09 23:02:13,096 [INFO] ThirdParty:1030 - CMSIS Pack Vendor :STMicroelectronics X-CUBE-AZRTOS-WL 1.0.0
2023-04-09 23:02:13,097 [INFO] ThirdParty:1030 - CMSIS Pack Vendor :STMicroelectronics X-CUBE-EEPRMA1 4.1.0
2023-04-09 23:02:13,097 [INFO] ThirdParty:1030 - CMSIS Pack Vendor :portGmbH I-Cube-SoM-uGOAL 1.1.0
2023-04-09 23:02:13,097 [INFO] ThirdParty:1030 - CMSIS Pack Vendor :STMicroelectronics X-CUBE-ALS 1.0.1
2023-04-09 23:02:13,097 [INFO] ThirdParty:1030 - CMSIS Pack Vendor :STMicroelectronics X-CUBE-MEMS1 9.5.0
2023-04-09 23:02:13,097 [INFO] ThirdParty:1030 - CMSIS Pack Vendor :STMicroelectronics ThreadX 1.0.0
2023-04-09 23:02:13,097 [INFO] ThirdParty:1030 - CMSIS Pack Vendor :STMicroelectronics X-CUBE-AZRTOS-WB 1.1.0
2023-04-09 23:02:13,097 [INFO] ThirdParty:1030 - CMSIS Pack Vendor :SEGGER I-CUBE-embOS 1.3.1
2023-04-09 23:02:13,097 [INFO] ThirdParty:1030 - CMSIS Pack Vendor :STMicroelectronics USB_DEVICE 1.0.0
2023-04-09 23:02:13,098 [INFO] ThirdParty:1030 - CMSIS Pack Vendor :STMicroelectronics ThreadX 0.0.2
2023-04-09 23:02:13,098 [INFO] ThirdParty:1030 - CMSIS Pack Vendor :WES I-CUBE-Cesium 1.3.0
2023-04-09 23:02:13,098 [INFO] ThirdParty:1030 - CMSIS Pack Vendor :STMicroelectronics lwIP 2.1.2
2023-04-09 23:02:13,098 [INFO] ThirdParty:1030 - CMSIS Pack Vendor :STMicroelectronics X-CUBE-SFXS2LP1 4.0.0
2023-04-09 23:02:13,098 [INFO] ThirdParty:1030 - CMSIS Pack Vendor :STMicroelectronics X-CUBE-BLE2 3.3.0
2023-04-09 23:02:13,098 [INFO] ThirdParty:1030 - CMSIS Pack Vendor :STMicroelectronics PDM2PCM 3.2.0
2023-04-09 23:02:13,098 [INFO] ThirdParty:1030 - CMSIS Pack Vendor :STMicroelectronics X-CUBE-AZRTOS-H7 3.0.0
2023-04-09 23:02:13,098 [INFO] ThirdParty:841 - exiting critical section [change project]
2023-04-09 23:02:13,562 [INFO] PinOutPanel:1499 - setPackage(No Configuration,No Configuration)
2023-04-09 23:02:13,565 [INFO] PinOutPanel:1499 - setPackage(STM32F303RETx,LQFP64)
2023-04-09 23:02:14,094 [INFO] UtilMem:75 - Before build in PCC Used Memory: 638034896 Bytes (870318080)
2023-04-09 23:02:15,071 [INFO] UtilMem:75 - After build in PCC Used Memory: 648754688 Bytes (870318080)
2023-04-09 23:02:15,131 [INFO] IPUIPlugin:80 - create IPUIPlugin
2023-04-09 23:02:15,131 [INFO] IPUIPlugin:80 - create IPUIPlugin
2023-04-09 23:02:15,131 [INFO] IPUIPlugin:80 - create IPUIPlugin
2023-04-09 23:02:15,131 [INFO] IPUIPlugin:80 - create IPUIPlugin
2023-04-09 23:02:15,131 [INFO] IPUIPlugin:80 - create IPUIPlugin
2023-04-09 23:02:15,131 [INFO] IPUIPlugin:80 - create IPUIPlugin
2023-04-09 23:02:15,131 [INFO] IPUIPlugin:80 - create IPUIPlugin
2023-04-09 23:02:15,131 [INFO] IPUIPlugin:80 - create IPUIPlugin
2023-04-09 23:02:15,132 [INFO] IPUIPlugin:80 - create IPUIPlugin
2023-04-09 23:02:15,132 [INFO] IPUIPlugin:80 - create IPUIPlugin
2023-04-09 23:02:15,132 [INFO] IPUIPlugin:80 - create IPUIPlugin
2023-04-09 23:02:15,132 [INFO] IPUIPlugin:80 - create IPUIPlugin
2023-04-09 23:02:15,132 [INFO] IPUIPlugin:80 - create IPUIPlugin
2023-04-09 23:02:15,132 [INFO] IPUIPlugin:80 - create IPUIPlugin
2023-04-09 23:02:15,132 [INFO] IPUIPlugin:80 - create IPUIPlugin
2023-04-09 23:02:15,132 [INFO] IPUIPlugin:80 - create IPUIPlugin
2023-04-09 23:02:15,133 [INFO] IPUIPlugin:80 - create IPUIPlugin
2023-04-09 23:02:15,133 [INFO] IPUIPlugin:80 - create IPUIPlugin
2023-04-09 23:02:15,133 [INFO] IPUIPlugin:80 - create IPUIPlugin
2023-04-09 23:02:15,133 [INFO] IPUIPlugin:80 - create IPUIPlugin
2023-04-09 23:02:15,133 [INFO] IPUIPlugin:80 - create IPUIPlugin
2023-04-09 23:02:15,133 [INFO] IPUIPlugin:80 - create IPUIPlugin
2023-04-09 23:02:15,133 [INFO] IPUIPlugin:80 - create IPUIPlugin
2023-04-09 23:02:15,134 [INFO] IPUIPlugin:80 - create IPUIPlugin
2023-04-09 23:02:15,134 [INFO] IPUIPlugin:80 - create IPUIPlugin
2023-04-09 23:02:15,134 [INFO] IPUIPlugin:80 - create IPUIPlugin
2023-04-09 23:02:15,134 [INFO] IPUIPlugin:80 - create IPUIPlugin
2023-04-09 23:02:15,134 [INFO] IPUIPlugin:80 - create IPUIPlugin
2023-04-09 23:02:15,134 [INFO] IPUIPlugin:80 - create IPUIPlugin
2023-04-09 23:02:15,134 [INFO] IPUIPlugin:80 - create IPUIPlugin
2023-04-09 23:02:15,134 [INFO] IPUIPlugin:80 - create IPUIPlugin
2023-04-09 23:02:15,135 [INFO] IPUIPlugin:80 - create IPUIPlugin
2023-04-09 23:02:15,135 [INFO] IPUIPlugin:80 - create IPUIPlugin
2023-04-09 23:02:15,135 [INFO] IPUIPlugin:80 - create IPUIPlugin
2023-04-09 23:02:15,135 [INFO] IPUIPlugin:80 - create IPUIPlugin
2023-04-09 23:02:15,135 [INFO] IPUIPlugin:80 - create IPUIPlugin
2023-04-09 23:02:15,135 [INFO] IPUIPlugin:80 - create IPUIPlugin
2023-04-09 23:02:15,136 [INFO] IPUIPlugin:80 - create IPUIPlugin
2023-04-09 23:02:15,136 [INFO] IPUIPlugin:80 - create IPUIPlugin
2023-04-09 23:02:15,136 [INFO] IPUIPlugin:80 - create IPUIPlugin
2023-04-09 23:02:15,136 [INFO] IPUIPlugin:80 - create IPUIPlugin
2023-04-09 23:02:15,136 [INFO] IPUIPlugin:80 - create IPUIPlugin
2023-04-09 23:02:15,136 [INFO] IPUIPlugin:80 - create IPUIPlugin
2023-04-09 23:02:15,139 [INFO] IPUIPlugin:80 - create IPUIPlugin
2023-04-09 23:02:15,139 [INFO] IPUIPlugin:80 - create IPUIPlugin
2023-04-09 23:02:15,140 [INFO] IPUIPlugin:80 - create IPUIPlugin
2023-04-09 23:02:15,140 [INFO] IPUIPlugin:80 - create IPUIPlugin
2023-04-09 23:02:15,140 [INFO] IPUIPlugin:80 - create IPUIPlugin
2023-04-09 23:02:15,140 [INFO] IPUIPlugin:80 - create IPUIPlugin
2023-04-09 23:02:15,140 [INFO] IPUIPlugin:80 - create IPUIPlugin
2023-04-09 23:02:15,141 [INFO] IPUIPlugin:80 - create IPUIPlugin
2023-04-09 23:02:15,141 [INFO] IPUIPlugin:80 - create IPUIPlugin
2023-04-09 23:02:15,141 [INFO] IPUIPlugin:80 - create IPUIPlugin
2023-04-09 23:02:15,141 [INFO] IPUIPlugin:80 - create IPUIPlugin
2023-04-09 23:02:15,142 [INFO] IPUIPlugin:80 - create IPUIPlugin
2023-04-09 23:02:15,142 [INFO] IPUIPlugin:80 - create IPUIPlugin
2023-04-09 23:02:15,375 [INFO] CADModel:165 - CPN selected for project levelSTM32F303RET6
2023-04-09 23:02:15,375 [INFO] CADModel:114 - Register for checkConnection events
2023-04-09 23:02:15,426 [INFO] OpenFileManager:328 - Restore cursor
2023-04-09 23:02:15,914 [INFO] UtilMem:75 - End SaveConfig() Used Memory: 683610056 Bytes (870318080)
2023-04-09 23:02:16,603 [INFO] ServerAccessManage:473 - Download File stm32cube_fw_f3_v1110.zip
2023-04-09 23:02:22,603 [ERROR] FileExtend:455 - File entry not found
2023-04-09 23:02:22,604 [INFO] FileExtend:240 - Unzip File : stm32cube_fw_f3_v1110.zip
2023-04-09 23:02:22,604 [INFO] FileExtend:255 - Standard Zip Deflate
2023-04-09 23:02:26,540 [INFO] ServerAccessManage:473 - Download File stm32cube_fw_f3_v1114.zip
2023-04-09 23:02:27,408 [INFO] FileExtend:240 - Unzip File : stm32cube_fw_f3_v1114.zip
2023-04-09 23:02:27,408 [INFO] FileExtend:255 - Standard Zip Deflate
2023-04-09 23:02:29,761 [INFO] LoadServerPackagesThread:196 - End of LoadServerPackages Thread
2023-04-09 23:02:29,900 [INFO] ThirdPartyModel:298 - Start build external matchings
2023-04-09 23:02:29,902 [INFO] UtilMem:75 - End SaveConfig() Used Memory: 576738904 Bytes (1073741824)
2023-04-09 23:02:30,237 [INFO] ThirdPartyModel:316 - End build external matchings
2023-04-09 23:02:30,246 [INFO] CheckServerUpdateThread:120 - End of CheckServer Thread
2023-04-09 23:02:30,351 [INFO] BlockDiagram:2759 - set Specific Code input for plugin: RCC
2023-04-09 23:02:30,351 [INFO] BlockDiagram:2759 - set Specific Code input for plugin: NVIC
2023-04-09 23:02:30,351 [INFO] BlockDiagram:2759 - set Specific Code input for plugin: GPIO
2023-04-09 23:02:30,352 [INFO] CodeGenerator:793 - code generatio: config db path: /home/patryk/st/stm32cubeide_1.12.0/plugins/com.st.stm32cube.common.mx_6.8.0.202302231600//db/
2023-04-09 23:02:30,571 [INFO] CodeEngine:255 - oldGeneratedFile, /home/patryk/Desktop/course_arm_cortex/operation_modes/MXTmpFiles/license.tmp_save
2023-04-09 23:02:30,916 [INFO] CodeEngine:279 - Generated code: /home/patryk/Desktop/course_arm_cortex/operation_modes/MXTmpFiles/license.tmp
2023-04-09 23:02:31,009 [INFO] CodeEngine:255 - oldGeneratedFile, /home/patryk/Desktop/course_arm_cortex/operation_modes/MXTmpFiles/gpio.tmp_save
2023-04-09 23:02:31,121 [INFO] CodeEngine:279 - Generated code: /home/patryk/Desktop/course_arm_cortex/operation_modes/MXTmpFiles/gpio.tmp
2023-04-09 23:02:31,128 [INFO] CodeEngine:255 - oldGeneratedFile, /home/patryk/Desktop/course_arm_cortex/operation_modes/Core/Src/stm32f3xx_it.c_save
2023-04-09 23:02:31,250 [INFO] CodeEngine:279 - Generated code: /home/patryk/Desktop/course_arm_cortex/operation_modes/Core/Src/stm32f3xx_it.c
2023-04-09 23:02:31,252 [INFO] CodeEngine:255 - oldGeneratedFile, /home/patryk/Desktop/course_arm_cortex/operation_modes/Core/Inc/stm32f3xx_it.h_save
2023-04-09 23:02:31,329 [INFO] CodeEngine:279 - Generated code: /home/patryk/Desktop/course_arm_cortex/operation_modes/Core/Inc/stm32f3xx_it.h
2023-04-09 23:02:31,375 [INFO] CodeEngine:255 - oldGeneratedFile, /home/patryk/Desktop/course_arm_cortex/operation_modes/Core/Src/stm32f3xx_hal_msp.c_save
2023-04-09 23:02:31,492 [INFO] CodeEngine:279 - Generated code: /home/patryk/Desktop/course_arm_cortex/operation_modes/Core/Src/stm32f3xx_hal_msp.c
2023-04-09 23:02:31,495 [INFO] CodeEngine:255 - oldGeneratedFile, /home/patryk/Desktop/course_arm_cortex/operation_modes/MXTmpFiles/system.tmp_save
2023-04-09 23:02:31,560 [INFO] CodeEngine:279 - Generated code: /home/patryk/Desktop/course_arm_cortex/operation_modes/MXTmpFiles/system.tmp
2023-04-09 23:02:31,568 [INFO] CodeEngine:311 - oldGeneratedFile, /home/patryk/Desktop/course_arm_cortex/operation_modes/Core/Inc/stm32f3xx_hal_conf.h_save
2023-04-09 23:02:31,645 [INFO] CodeEngine:335 - Generated code: /home/patryk/Desktop/course_arm_cortex/operation_modes/Core/Inc/stm32f3xx_hal_conf.h
2023-04-09 23:02:31,682 [INFO] CodeEngine:255 - oldGeneratedFile, /home/patryk/Desktop/course_arm_cortex/operation_modes/Core/Inc/main.h_save
2023-04-09 23:02:31,757 [INFO] CodeEngine:279 - Generated code: /home/patryk/Desktop/course_arm_cortex/operation_modes/Core/Inc/main.h
2023-04-09 23:02:31,759 [INFO] CodeEngine:255 - oldGeneratedFile, /home/patryk/Desktop/course_arm_cortex/operation_modes/Core/Src/main.c_save
2023-04-09 23:02:31,865 [INFO] CodeEngine:279 - Generated code: /home/patryk/Desktop/course_arm_cortex/operation_modes/Core/Src/main.c
2023-04-09 23:02:32,529 [INFO] ProjectBuilder:2996 - Time for Copy HAL[1] : 25mS.
2023-04-09 23:02:32,542 [INFO] ProjectBuilder:4304 - Project Generator version: 3.19.2
2023-04-09 23:02:32,859 [INFO] ConfigFileManager:1483 - The Die is : DIE446
2023-04-09 23:02:32,873 [INFO] ApiDbMcu:507 - Load IP Config File for FATFS
2023-04-09 23:02:32,912 [INFO] ApiDbMcu:507 - Load IP Config File for FREERTOS
2023-04-09 23:02:33,010 [INFO] ApiDbMcu:507 - Load IP Config File for TOUCHSENSING
2023-04-09 23:02:33,019 [INFO] ApiDbMcu:507 - Load IP Config File for USB_DEVICE
2023-04-09 23:02:34,265 [INFO] LogOutputStream:77 - [STDOUT_REDIRECT] 
2023-04-09 23:02:42,543 [INFO] ProjectBuilder:4505 - Time for Generating toolchain IDE Files: 10000mS.
2023-04-09 23:02:42,543 [INFO] ProjectBuilder:2867 - Time for Copy CMSIS : 0mS.
2023-04-09 23:02:42,544 [INFO] ProjectBuilder:2867 - Time for Copy CMSIS : 0mS.
2023-04-09 23:02:43,318 [INFO] McuFinderGlobals:66 - Set McuFinderConnectedMode to true
2023-04-09 23:02:43,320 [INFO] ApiDb:448 - Save user favorites file /home/patryk/.stm32cubeide/favorites.mcus.txt: 0 item(s)
2023-04-09 23:02:43,320 [INFO] ApiDb:452 - User favorites MCUs=[]
2023-04-09 23:02:43,321 [INFO] ApiDb:448 - Save user favorites file /home/patryk/.stm32cubeide/favorites.boards.txt: 1 item(s)
2023-04-09 23:02:43,321 [INFO] ApiDb:452 - User favorites Boards=[NUCLEO-F303RE]
2023-04-09 23:03:20,310 [INFO] MainUpdater:2854 - connection check result : 10
2023-04-09 23:03:20,418 [INFO] McuFinderGlobals:66 - Set McuFinderConnectedMode to true
2023-04-09 23:03:20,419 [INFO] MultiScanPanel:200 - Auto-refresh data requested => check proxy status ongoing
2023-04-09 23:03:20,419 [INFO] FinderPluginLoader:95 - Searching for filters in installed packs
2023-04-09 23:03:21,265 [INFO] LoadUrlFilesThread:185 - End of LoadServerUrlFiles without Thread
2023-04-09 23:03:21,265 [INFO] DetailPanel:341 - Set advertising image to /home/patryk/STM32Cube/Repository//en.prom-stm32h5-mcu-finder.jpg
2023-04-09 23:03:24,037 [INFO] MultiScanPanel:200 - Auto-refresh data requested => check proxy status ongoing
2023-04-09 23:03:24,107 [INFO] LoadUrlFilesThread:185 - End of LoadServerUrlFiles without Thread
2023-04-09 23:03:24,107 [INFO] DetailPanel:341 - Set advertising image to /home/patryk/STM32Cube/Repository//en.prom-stm32h5-mcu-finder.jpg
2023-04-09 23:04:10,370 [INFO] McuFinderGlobals:66 - Set McuFinderConnectedMode to true
2023-04-09 23:04:10,371 [INFO] ApiDb:448 - Save user favorites file /home/patryk/.stm32cubeide/favorites.mcus.txt: 0 item(s)
2023-04-09 23:04:10,371 [INFO] ApiDb:452 - User favorites MCUs=[]
2023-04-09 23:04:10,372 [INFO] ApiDb:448 - Save user favorites file /home/patryk/.stm32cubeide/favorites.boards.txt: 1 item(s)
2023-04-09 23:04:10,372 [INFO] ApiDb:452 - User favorites Boards=[NUCLEO-F303RE]
2023-04-09 23:42:44,612 [INFO] LogOutputStream:77 - [STDOUT_REDIRECT] StartTraceHandler.execute(), success : Collect=true
2023-04-09 23:42:46,702 [INFO] LogOutputStream:77 - [STDOUT_REDIRECT] StartTraceHandler.execute(), success : Collect=false
2023-04-09 23:42:49,461 [INFO] LogOutputStream:77 - [STDOUT_REDIRECT] StartTraceHandler.execute(), success : Collect=true
