2023-07-31 15:41:00,640 [INFO] Activator:176 - 


2023-07-31 15:41:00,645 [INFO] Activator:177 - !SESSION log4j initialized
2023-07-31 15:41:06,518 [INFO] LogOutputStream:77 - [STDOUT_REDIRECT] 
2023-07-31 15:41:28,420 [ERROR] LogOutputStream:75 - [STDERR_REDIRECT] SLF4J: Failed to load class "org.slf4j.impl.StaticLoggerBinder".
2023-07-31 15:41:28,421 [ERROR] LogOutputStream:75 - [STDERR_REDIRECT] SLF4J: Defaulting to no-operation (NOP) logger implementation
2023-07-31 15:41:28,422 [ERROR] LogOutputStream:75 - [STDERR_REDIRECT] SLF4J: See http://www.slf4j.org/codes.html#StaticLoggerBinder for further details.
2023-07-31 17:18:30,164 [INFO] Activator:176 - 


2023-07-31 17:18:30,166 [INFO] Activator:177 - !SESSION log4j initialized
2023-07-31 17:18:35,701 [INFO] LogOutputStream:77 - [STDOUT_REDIRECT] 
2023-07-31 17:18:57,197 [ERROR] LogOutputStream:75 - [STDERR_REDIRECT] SLF4J: Failed to load class "org.slf4j.impl.StaticLoggerBinder".
2023-07-31 17:18:57,198 [ERROR] LogOutputStream:75 - [STDERR_REDIRECT] SLF4J: Defaulting to no-operation (NOP) logger implementation
2023-07-31 17:18:57,198 [ERROR] LogOutputStream:75 - [STDERR_REDIRECT] SLF4J: See http://www.slf4j.org/codes.html#StaticLoggerBinder for further details.
2023-07-31 17:42:24,939 [INFO] ApplicationProperties:184 - Using Application install path: /home/patryk/st/stm32cubeide_1.12.0/plugins/com.st.stm32cube.common.mx_6.8.0.202302231600
2023-07-31 17:42:24,960 [INFO] DbMcusXml:78 - Set database path to: /home/patryk/st/stm32cubeide_1.12.0/plugins/com.st.stm32cube.common.mx_6.8.0.202302231600//db//mcu/
2023-07-31 17:42:24,960 [INFO] ApiDb:274 - Set plugin database path to: /home/patryk/st/stm32cubeide_1.12.0/plugins/com.st.stm32cube.common.mx_6.8.0.202302231600//db//plugins/boardmanager/
2023-07-31 17:42:24,962 [WARN] ApiDb:259 - Overriding images path with different value:  => /home/patryk/st/stm32cubeide_1.12.0/plugins/com.st.stm32cube.common.mx_6.8.0.202302231600//db//plugins/mcufinder/images/
2023-07-31 17:42:24,978 [INFO] ApiDb:250 - Set database path to: /home/patryk/.stmcufinder/plugins/mcufinder//mcu/
2023-07-31 17:42:24,979 [INFO] DbMcusAds:125 - Set database path to: /home/patryk/.stmcufinder/plugins/mcufinder//mcu/
2023-07-31 17:42:24,996 [INFO] CrossReferenceDbSqlite:203 - Set database path to: /home/patryk/.stmcufinder/plugins/mcufinder//mcu/cs/
2023-07-31 17:42:25,101 [INFO] RulesReader:64 - Compatibility file has been processed (293 Rules)
2023-07-31 17:42:25,166 [INFO] DbMcusXml:78 - Set database path to: /home/patryk/st/stm32cubeide_1.12.0/plugins/com.st.stm32cube.common.mx_6.8.0.202302231600//db//mcu/
2023-07-31 17:42:25,166 [INFO] ApiDb:274 - Set plugin database path to: /home/patryk/st/stm32cubeide_1.12.0/plugins/com.st.stm32cube.common.mx_6.8.0.202302231600//db//plugins/boardmanager/
2023-07-31 17:42:25,167 [INFO] ApiDb:261 - Set plugin images path to: /home/patryk/st/stm32cubeide_1.12.0/plugins/com.st.stm32cube.common.mx_6.8.0.202302231600//db//plugins/mcufinder/images/
2023-07-31 17:42:25,167 [WARN] DbFile:41 - Overriding database path with different value: /home/patryk/.stmcufinder/plugins/mcufinder/ => /home/patryk/.stmcufinder/plugins/mcufinder
2023-07-31 17:42:25,167 [INFO] ApiDb:250 - Set database path to: /home/patryk/.stmcufinder/plugins/mcufinder//mcu/
2023-07-31 17:42:25,167 [WARN] DbFile:41 - Overriding database path with different value: /home/patryk/.stmcufinder/plugins/mcufinder/ => /home/patryk/.stmcufinder/plugins/mcufinder
2023-07-31 17:42:25,167 [INFO] DbMcusAds:125 - Set database path to: /home/patryk/.stmcufinder/plugins/mcufinder//mcu/
2023-07-31 17:42:25,167 [WARN] DbFile:41 - Overriding database path with different value: /home/patryk/.stmcufinder/plugins/mcufinder/ => /home/patryk/.stmcufinder/plugins/mcufinder
2023-07-31 17:42:25,167 [WARN] DbFile:41 - Overriding database path with different value: /home/patryk/.stmcufinder/plugins/mcufinder/ => /home/patryk/.stmcufinder/plugins/mcufinder
2023-07-31 17:42:25,167 [INFO] CrossReferenceDbSqlite:203 - Set database path to: /home/patryk/.stmcufinder/plugins/mcufinder//mcu/cs/
2023-07-31 17:42:25,262 [INFO] MainPanel:253 - HeapMemory: 489684992
2023-07-31 17:42:25,397 [INFO] DbMcusXml:78 - Set database path to: /home/patryk/st/stm32cubeide_1.12.0/plugins/com.st.stm32cube.common.mx_6.8.0.202302231600//db//mcu/
2023-07-31 17:42:25,397 [INFO] ApiDb:274 - Set plugin database path to: /home/patryk/st/stm32cubeide_1.12.0/plugins/com.st.stm32cube.common.mx_6.8.0.202302231600//db//plugins/boardmanager/
2023-07-31 17:42:25,397 [INFO] ApiDb:261 - Set plugin images path to: /home/patryk/st/stm32cubeide_1.12.0/plugins/com.st.stm32cube.common.mx_6.8.0.202302231600//db//plugins/mcufinder/images/
2023-07-31 17:42:25,397 [WARN] DbFile:41 - Overriding database path with different value: /home/patryk/.stmcufinder/plugins/mcufinder/ => /home/patryk/.stmcufinder/plugins/mcufinder
2023-07-31 17:42:25,397 [INFO] ApiDb:250 - Set database path to: /home/patryk/.stmcufinder/plugins/mcufinder//mcu/
2023-07-31 17:42:25,397 [WARN] DbFile:41 - Overriding database path with different value: /home/patryk/.stmcufinder/plugins/mcufinder/ => /home/patryk/.stmcufinder/plugins/mcufinder
2023-07-31 17:42:25,398 [INFO] DbMcusAds:125 - Set database path to: /home/patryk/.stmcufinder/plugins/mcufinder//mcu/
2023-07-31 17:42:25,398 [WARN] DbFile:41 - Overriding database path with different value: /home/patryk/.stmcufinder/plugins/mcufinder/ => /home/patryk/.stmcufinder/plugins/mcufinder
2023-07-31 17:42:25,398 [WARN] DbFile:41 - Overriding database path with different value: /home/patryk/.stmcufinder/plugins/mcufinder/ => /home/patryk/.stmcufinder/plugins/mcufinder
2023-07-31 17:42:25,398 [INFO] CrossReferenceDbSqlite:203 - Set database path to: /home/patryk/.stmcufinder/plugins/mcufinder//mcu/cs/
2023-07-31 17:42:25,425 [INFO] ApplicationProperties:184 - Using Application install path: /home/patryk/st/stm32cubeide_1.12.0/plugins/com.st.stm32cube.common.mx_6.8.0.202302231600
2023-07-31 17:42:25,427 [INFO] PluginManage:196 - Search for loadable plugins [exclusion list=, ]
2023-07-31 17:42:25,428 [INFO] PluginManage:310 - Check plugin analytics
2023-07-31 17:42:25,573 [INFO] AnalyticsPlugin:253 - Accepted Software Licenses: 
2023-07-31 17:42:25,573 [INFO] AnalyticsPlugin:255 - Accepted CMSIS Pack Licenses: 
2023-07-31 17:42:25,573 [INFO] AnalyticsPlugin:257 - Accepted Firmware Licenses: 
2023-07-31 17:42:25,579 [INFO] PluginManage:359 - Loaded plugin analytics (category:tool,tabindex:-1)
2023-07-31 17:42:25,579 [INFO] PluginManage:310 - Check plugin cadmodel
2023-07-31 17:42:25,663 [INFO] CADModel:105 - Init CAD model plugin
2023-07-31 17:42:25,663 [INFO] PluginManage:359 - Loaded plugin cadmodel (category:power,tabindex:5)
2023-07-31 17:42:25,663 [INFO] PluginManage:310 - Check plugin clock
2023-07-31 17:42:25,673 [INFO] PluginManage:359 - Loaded plugin clock (category:base,tabindex:2)
2023-07-31 17:42:25,673 [INFO] PluginManage:310 - Check plugin ddr
2023-07-31 17:42:25,676 [INFO] PluginManage:359 - Loaded plugin ddr (category:tool,tabindex:6)
2023-07-31 17:42:25,676 [INFO] PluginManage:310 - Check plugin filemanager
2023-07-31 17:42:25,837 [INFO] PluginManage:359 - Loaded plugin filemanager (category:base,tabindex:10)
2023-07-31 17:42:25,837 [INFO] PluginManage:310 - Check plugin ipmanager
2023-07-31 17:42:25,843 [INFO] PluginManage:359 - Loaded plugin ipmanager (category:base,tabindex:5)
2023-07-31 17:42:25,843 [INFO] PluginManage:310 - Check plugin lpbam
2023-07-31 17:42:25,852 [INFO] PluginManage:359 - Loaded plugin lpbam (category:base,tabindex:0)
2023-07-31 17:42:25,852 [INFO] PluginManage:310 - Check plugin pinoutandconfiguration
2023-07-31 17:42:25,860 [INFO] PluginManage:359 - Loaded plugin pinoutandconfiguration (category:base,tabindex:1)
2023-07-31 17:42:25,861 [INFO] PluginManage:310 - Check plugin pinoutconfig
2023-07-31 17:42:25,962 [WARN] SupportedApi:132 - Cannot load RTOS API schema: s4s-elt-must-match.1: The content of 'definitions' must match (annotation?, (simpleType | complexType)?, (unique | key | keyref)*)). A problem was found starting at: attribute.
2023-07-31 17:42:26,101 [INFO] PluginManage:359 - Loaded plugin pinoutconfig (category:base,tabindex:0)
2023-07-31 17:42:26,101 [INFO] PluginManage:310 - Check plugin power
2023-07-31 17:42:26,115 [INFO] PluginManage:359 - Loaded plugin power (category:power,tabindex:4)
2023-07-31 17:42:26,115 [INFO] PluginManage:310 - Check plugin projectmanager
2023-07-31 17:42:26,130 [INFO] PluginManage:359 - Loaded plugin projectmanager (category:projectmanager,tabindex:3)
2023-07-31 17:42:26,130 [INFO] PluginManage:310 - Check plugin thirdparty
2023-07-31 17:42:26,243 [INFO] PluginManage:359 - Loaded plugin thirdparty (category:base,tabindex:-1)
2023-07-31 17:42:26,243 [INFO] PluginManage:310 - Check plugin tools
2023-07-31 17:42:26,245 [INFO] PluginManage:359 - Loaded plugin tools (category:base,tabindex:7)
2023-07-31 17:42:26,246 [INFO] PluginManage:310 - Check plugin tutovideos
2023-07-31 17:42:26,244 [WARN] IntegrityCheckThread:84 - waiting for thirdparty lock release [integrity check]
2023-07-31 17:42:26,246 [INFO] IntegrityCheckThread:86 - entering critical section [integrity check]
2023-07-31 17:42:26,248 [INFO] ThirdPartyUpdaterWithRetryManager:70 - Updater plugin not ready yet. [1/15]
2023-07-31 17:42:26,438 [INFO] PluginManage:359 - Loaded plugin tutovideos (category:base,tabindex:-1)
2023-07-31 17:42:26,438 [INFO] PluginManage:310 - Check plugin updater
2023-07-31 17:42:26,452 [INFO] PluginManage:359 - Loaded plugin updater (category:base,tabindex:12)
2023-07-31 17:42:26,452 [INFO] PluginManage:283 - PluginManage : Loaded plugins [15]
2023-07-31 17:42:26,669 [INFO] PinOutPanel:1499 - setPackage(No Configuration,No Configuration)
2023-07-31 17:42:26,741 [INFO] CADModel:165 - CPN selected for project level
2023-07-31 17:42:26,742 [INFO] CADModel:114 - Register for checkConnection events
2023-07-31 17:42:26,753 [INFO] IPUIPlugin:80 - create IPUIPlugin
2023-07-31 17:42:26,753 [INFO] PluginManager:220 - loadIPPluginJar : add tsc
2023-07-31 17:42:26,758 [INFO] IPUIPlugin:80 - create IPUIPlugin
2023-07-31 17:42:26,758 [INFO] PluginManager:220 - loadIPPluginJar : add hash
2023-07-31 17:42:26,764 [INFO] IPUIPlugin:80 - create IPUIPlugin
2023-07-31 17:42:26,764 [INFO] PluginManager:220 - loadIPPluginJar : add fmc
2023-07-31 17:42:26,767 [INFO] IPUIPlugin:80 - create IPUIPlugin
2023-07-31 17:42:26,767 [INFO] PluginManager:220 - loadIPPluginJar : add aes
2023-07-31 17:42:26,774 [INFO] IPUIPlugin:80 - create IPUIPlugin
2023-07-31 17:42:26,774 [INFO] PluginManager:220 - loadIPPluginJar : add gic
2023-07-31 17:42:26,777 [INFO] IPUIPlugin:80 - create IPUIPlugin
2023-07-31 17:42:26,777 [INFO] PluginManager:220 - loadIPPluginJar : add opamp
2023-07-31 17:42:26,779 [INFO] IPUIPlugin:80 - create IPUIPlugin
2023-07-31 17:42:26,779 [INFO] PluginManager:220 - loadIPPluginJar : add ts
2023-07-31 17:42:26,780 [INFO] IPUIPlugin:80 - create IPUIPlugin
2023-07-31 17:42:26,780 [INFO] PluginManager:220 - loadIPPluginJar : add fatfs
2023-07-31 17:42:26,783 [INFO] IPUIPlugin:80 - create IPUIPlugin
2023-07-31 17:42:26,783 [INFO] PluginManager:220 - loadIPPluginJar : add can
2023-07-31 17:42:26,785 [INFO] IPUIPlugin:80 - create IPUIPlugin
2023-07-31 17:42:26,785 [INFO] PluginManager:220 - loadIPPluginJar : add tracer_emb
2023-07-31 17:42:26,789 [INFO] IPUIPlugin:80 - create IPUIPlugin
2023-07-31 17:42:26,790 [INFO] PluginManager:220 - loadIPPluginJar : add gpio
2023-07-31 17:42:26,792 [INFO] IPUIPlugin:80 - create IPUIPlugin
2023-07-31 17:42:26,792 [INFO] PluginManager:220 - loadIPPluginJar : add ucpd
2023-07-31 17:42:26,800 [INFO] IPUIPlugin:80 - create IPUIPlugin
2023-07-31 17:42:26,800 [INFO] PluginManager:220 - loadIPPluginJar : add mdma
2023-07-31 17:42:26,803 [INFO] IPUIPlugin:80 - create IPUIPlugin
2023-07-31 17:42:26,803 [INFO] PluginManager:220 - loadIPPluginJar : add pdm2pcm
2023-07-31 17:42:26,804 [INFO] IPUIPlugin:80 - create IPUIPlugin
2023-07-31 17:42:26,805 [INFO] PluginManager:220 - loadIPPluginJar : add genericplugin
2023-07-31 17:42:26,807 [INFO] IPUIPlugin:80 - create IPUIPlugin
2023-07-31 17:42:26,807 [INFO] PluginManager:220 - loadIPPluginJar : add openamp
2023-07-31 17:42:26,809 [INFO] IPUIPlugin:80 - create IPUIPlugin
2023-07-31 17:42:26,809 [INFO] PluginManager:220 - loadIPPluginJar : add ltdc
2023-07-31 17:42:26,812 [INFO] IPUIPlugin:80 - create IPUIPlugin
2023-07-31 17:42:26,812 [INFO] PluginManager:220 - loadIPPluginJar : add i3c
2023-07-31 17:42:26,815 [INFO] IPUIPlugin:80 - create IPUIPlugin
2023-07-31 17:42:26,815 [INFO] PluginManager:220 - loadIPPluginJar : add sai
2023-07-31 17:42:26,817 [INFO] IPUIPlugin:80 - create IPUIPlugin
2023-07-31 17:42:26,817 [INFO] PluginManager:220 - loadIPPluginJar : add dfsdm
2023-07-31 17:42:26,820 [INFO] IPUIPlugin:80 - create IPUIPlugin
2023-07-31 17:42:26,820 [INFO] PluginManager:220 - loadIPPluginJar : add cryp
2023-07-31 17:42:26,822 [INFO] IPUIPlugin:80 - create IPUIPlugin
2023-07-31 17:42:26,822 [INFO] PluginManager:220 - loadIPPluginJar : add tim
2023-07-31 17:42:26,829 [INFO] IPUIPlugin:80 - create IPUIPlugin
2023-07-31 17:42:26,829 [INFO] PluginManager:220 - loadIPPluginJar : add linkedlist
2023-07-31 17:42:26,835 [INFO] IPUIPlugin:80 - create IPUIPlugin
2023-07-31 17:42:26,835 [INFO] PluginManager:220 - loadIPPluginJar : add nvic
2023-07-31 17:42:26,837 [INFO] IPUIPlugin:80 - create IPUIPlugin
2023-07-31 17:42:26,837 [INFO] PluginManager:220 - loadIPPluginJar : add spi
2023-07-31 17:42:26,840 [INFO] IPUIPlugin:80 - create IPUIPlugin
2023-07-31 17:42:26,840 [INFO] PluginManager:220 - loadIPPluginJar : add lorawan
2023-07-31 17:42:26,847 [INFO] IPUIPlugin:80 - create IPUIPlugin
2023-07-31 17:42:26,848 [INFO] PluginManager:220 - loadIPPluginJar : add dma
2023-07-31 17:42:26,850 [INFO] IPUIPlugin:80 - create IPUIPlugin
2023-07-31 17:42:26,850 [INFO] PluginManager:220 - loadIPPluginJar : add gfxmmu
2023-07-31 17:42:26,851 [INFO] IPUIPlugin:80 - create IPUIPlugin
2023-07-31 17:42:26,852 [INFO] PluginManager:220 - loadIPPluginJar : add quadspi
2023-07-31 17:42:26,854 [INFO] IPUIPlugin:80 - create IPUIPlugin
2023-07-31 17:42:26,854 [INFO] PluginManager:220 - loadIPPluginJar : add i2c
2023-07-31 17:42:26,857 [INFO] IPUIPlugin:80 - create IPUIPlugin
2023-07-31 17:42:26,857 [INFO] PluginManager:220 - loadIPPluginJar : add usart
2023-07-31 17:42:26,861 [INFO] IPUIPlugin:80 - create IPUIPlugin
2023-07-31 17:42:26,861 [INFO] PluginManager:220 - loadIPPluginJar : add ipddr
2023-07-31 17:42:26,864 [INFO] IPUIPlugin:80 - create IPUIPlugin
2023-07-31 17:42:26,865 [INFO] PluginManager:220 - loadIPPluginJar : add i2s
2023-07-31 17:42:26,868 [INFO] IPUIPlugin:80 - create IPUIPlugin
2023-07-31 17:42:26,868 [INFO] PluginManager:220 - loadIPPluginJar : add usbx
2023-07-31 17:42:26,873 [INFO] IPUIPlugin:80 - create IPUIPlugin
2023-07-31 17:42:26,873 [INFO] PluginManager:220 - loadIPPluginJar : add stm32_wpan
2023-07-31 17:42:26,881 [INFO] IPUIPlugin:80 - create IPUIPlugin
2023-07-31 17:42:26,881 [INFO] PluginManager:220 - loadIPPluginJar : add adc
2023-07-31 17:42:26,884 [INFO] IPUIPlugin:80 - create IPUIPlugin
2023-07-31 17:42:26,884 [INFO] PluginManager:220 - loadIPPluginJar : add gtzc
2023-07-31 17:42:26,887 [INFO] IPUIPlugin:80 - create IPUIPlugin
2023-07-31 17:42:26,887 [INFO] PluginManager:220 - loadIPPluginJar : add dma3
2023-07-31 17:42:26,888 [INFO] IPUIPlugin:80 - create IPUIPlugin
2023-07-31 17:42:26,888 [INFO] PluginManager:220 - loadIPPluginJar : add comp
2023-07-31 17:42:26,897 [INFO] IPUIPlugin:80 - create IPUIPlugin
2023-07-31 17:42:26,900 [INFO] PluginManager:220 - loadIPPluginJar : add plateformsettings
2023-07-31 17:42:26,907 [INFO] IPUIPlugin:80 - create IPUIPlugin
2023-07-31 17:42:26,907 [INFO] PluginManager:220 - loadIPPluginJar : add freertos
2023-07-31 17:42:26,911 [INFO] IPUIPlugin:80 - create IPUIPlugin
2023-07-31 17:42:26,911 [INFO] PluginManager:220 - loadIPPluginJar : add touchsensing
2023-07-31 17:42:26,916 [INFO] IPUIPlugin:80 - create IPUIPlugin
2023-07-31 17:42:26,916 [INFO] PluginManager:220 - loadIPPluginJar : add resmgrutility
2023-07-31 17:42:27,036 [INFO] CADModel:165 - CPN selected for project level
2023-07-31 17:42:27,036 [INFO] CADModel:114 - Register for checkConnection events
2023-07-31 17:42:27,037 [FATAL] Updater:308 - Updater called before beeing initialized
2023-07-31 17:42:27,037 [ERROR] CADModel:125 - Updater not yet initialized, retry later 
2023-07-31 17:42:27,179 [INFO] CADModel:165 - CPN selected for project level
2023-07-31 17:42:27,179 [INFO] CADModel:114 - Register for checkConnection events
2023-07-31 17:42:27,179 [FATAL] Updater:308 - Updater called before beeing initialized
2023-07-31 17:42:27,179 [ERROR] CADModel:125 - Updater not yet initialized, retry later 
2023-07-31 17:42:27,183 [FATAL] Updater:308 - Updater called before beeing initialized
2023-07-31 17:42:27,269 [FATAL] Updater:308 - Updater called before beeing initialized
2023-07-31 17:42:27,278 [INFO] DbMcusAds:53 - JSON generation date=Tue Mar 07 09:50:55 CET 2023 (1678179055114)
2023-07-31 17:42:27,278 [FATAL] Updater:308 - Updater called before beeing initialized
2023-07-31 17:42:27,343 [WARN] DetailPanel:346 - Failed to get advertising image, set to default
2023-07-31 17:42:27,488 [FATAL] Updater:308 - Updater called before beeing initialized
2023-07-31 17:42:27,490 [FATAL] Updater:308 - Updater called before beeing initialized
2023-07-31 17:42:27,490 [FATAL] Updater:308 - Updater called before beeing initialized
2023-07-31 17:42:27,490 [WARN] DetailPanel:346 - Failed to get advertising image, set to default
2023-07-31 17:42:27,491 [FATAL] Updater:308 - Updater called before beeing initialized
2023-07-31 17:42:27,522 [ERROR] Updater:1120 - MainUpdater not yet initialized. External WinMGr cannot be set.
2023-07-31 17:42:27,525 [INFO] Updater:1056 - Updater Version found : 6.8.0
2023-07-31 17:42:27,545 [INFO] ApplicationProperties:184 - Using Application install path: /home/patryk/st/stm32cubeide_1.12.0/plugins/com.st.stm32cube.common.mx_6.8.0.202302231600
2023-07-31 17:42:27,650 [INFO] MainUpdater:2854 - connection check result : 10
2023-07-31 17:42:27,651 [INFO] MainUpdater:3548 - Updater definition file requires update
2023-07-31 17:42:27,651 [INFO] MainUpdater:283 - Updater Check For Update Now.
2023-07-31 17:42:27,651 [INFO] MicroXplorer:498 - Change Database Version : DB.6.0.80
2023-07-31 17:42:27,669 [INFO] ServerAccessManage:473 - Download File updaters.zip
2023-07-31 17:42:27,701 [INFO] FileExtend:240 - Unzip File : updaters.zip
2023-07-31 17:42:27,701 [INFO] FileExtend:255 - Standard Zip Deflate
2023-07-31 17:42:27,880 [INFO] ServerAccessManage:473 - Download File PacksControlFlags.xml
2023-07-31 17:42:27,902 [INFO] ServerAccessManage:473 - Download File cubemx.pidx
2023-07-31 17:42:27,971 [INFO] LoadServerUpdatesThread:373 - End of LoadServerUpdate Thread
2023-07-31 17:42:28,111 [INFO] CheckServerUpdateThread:120 - End of CheckServer Thread
2023-07-31 17:42:28,267 [INFO] MainUpdater:2854 - connection check result : 10
2023-07-31 17:42:28,272 [INFO] McuFinderGlobals:66 - Set McuFinderConnectedMode to true
2023-07-31 17:42:28,554 [INFO] ServerAccessManage:473 - Download File mcusAds.json._tmp_
2023-07-31 17:42:28,664 [INFO] LoadUrlFilesThread:156 - End of LoadUrlFiles Thread
2023-07-31 17:42:28,798 [INFO] ServerAccessManage:473 - Download File cube-finder-db.zip
2023-07-31 17:42:29,249 [WARN] MainUpdater:1187 - Updater busy. Cannot search thirdparties
2023-07-31 17:42:29,249 [INFO] ThirdPartyUpdaterWithRetryManager:96 - Updater plugin is busy. [1/15]
2023-07-31 17:42:29,294 [INFO] FileExtend:240 - Unzip File : cube-finder-db.zip
2023-07-31 17:42:29,294 [INFO] FileExtend:255 - Standard Zip Deflate
2023-07-31 17:42:30,012 [INFO] LoadUrlFilesThread:156 - End of LoadUrlFiles Thread
2023-07-31 17:42:30,193 [INFO] ServerAccessManage:473 - Download File crdb.zip
2023-07-31 17:42:30,370 [INFO] FileExtend:240 - Unzip File : crdb.zip
2023-07-31 17:42:30,370 [INFO] FileExtend:255 - Standard Zip Deflate
2023-07-31 17:42:30,500 [INFO] LoadUrlFilesThread:156 - End of LoadUrlFiles Thread
2023-07-31 17:42:30,624 [INFO] ServerAccessManage:473 - Download File tutoVideoDB.zip
2023-07-31 17:42:30,630 [INFO] FileExtend:240 - Unzip File : tutoVideoDB.zip
2023-07-31 17:42:30,630 [INFO] FileExtend:255 - Standard Zip Deflate
2023-07-31 17:42:30,735 [INFO] LoadUrlFilesThread:156 - End of LoadUrlFiles Thread
2023-07-31 17:42:30,742 [WARN] DbFile:41 - Overriding database path with different value: /home/patryk/.stmcufinder/plugins/mcufinder/ => /home/patryk/.stmcufinder/plugins/mcufinder
2023-07-31 17:42:30,828 [INFO] ServerAccessManage:473 - Download File api_config.json
2023-07-31 17:42:30,932 [INFO] LoadUrlFilesThread:156 - End of LoadUrlFiles Thread
2023-07-31 17:42:30,934 [INFO] DbMcusAds:53 - JSON generation date=Tue Mar 07 09:50:55 CET 2023 (1678179055114)
2023-07-31 17:42:30,955 [INFO] LoadUrlFilesThread:185 - End of LoadServerUrlFiles without Thread
2023-07-31 17:42:30,955 [INFO] TargetSelectorAdapter:259 - Refresh data is successful
2023-07-31 17:42:31,022 [INFO] ApiDb:581 - Connected to CubeFinder SQLite database (/home/patryk/.stmcufinder/plugins/mcufinder/mcu/cube-finder-db.db)
2023-07-31 17:42:31,080 [INFO] ApiDb:668 - CubeFinder database Data Model version=2.1
2023-07-31 17:42:31,080 [INFO] ApiDb:669 - CubeFinder database Configuration version=3.0.37
2023-07-31 17:42:31,081 [INFO] ApiDb:670 - CubeFinder database generation date=2023-06-26 (1687786131)
2023-07-31 17:42:31,081 [INFO] ApiDb:671 - CubeFinder database FW Pack versions=[FP-ATR-ASTRA1_V2.0.0, FP-SNS-FLIGHT1_V5.0.1, FP-SNS-MOTENV1_V4.3.1, STM32Cube_FW_C0_V1.1.0, STM32Cube_FW_F4_V1.27.1, STM32Cube_FW_F7_V1.17.0, STM32Cube_FW_G0_V1.6.1, STM32Cube_FW_G4_V1.5.1, STM32Cube_FW_H5_V0.5.1, STM32Cube_FW_H5_V1.1.0, STM32Cube_FW_H7_V1.11.0, STM32Cube_FW_L0_V1.12.2, STM32Cube_FW_L5_V1.5.0, STM32Cube_FW_U5_V1.3.0, STM32Cube_FW_U5_V1.3.0RC4, STM32Cube_FW_WBA_V1.0.0RC1, STM32Cube_FW_WBA_V1.1.0, STM32Cube_FW_WBA_V1.1.0RC1, STM32Cube_FW_WB_V1.15.0RC1, STM32Cube_FW_WB_V1.16.0, STM32Cube_FW_WB_V1.16.0RC2, STM32Cube_FW_WB_V1.17.0, STM32Cube_FW_WL_V1.3.0, X-CUBE-ALGOBUILD_V1.3.0, X-CUBE-ALS_V1.0.1, X-CUBE-AZRTOS-F4_V1.1.0, X-CUBE-AZRTOS-F7_V1.1.0, X-CUBE-AZRTOS-G0_V1.1.0, X-CUBE-AZRTOS-G4_V2.0.0, X-CUBE-AZRTOS-H7_V3.1.0, X-CUBE-AZRTOS-L4_V1.0.0, X-CUBE-AZRTOS-L4_V2.0.0, X-CUBE-AZRTOS-L5_V1.1.0, X-CUBE-AZRTOS-WB_V1.1.0, X-CUBE-AZRTOS-WL_V2.0.0, X-CUBE-BLE1_V6.2.4, X-CUBE-BLE2_V3.3.0, X-CUBE-BLEMGR_V2.0.0, X-CUBE-EEPRMA1_V4.1.0, X-CUBE-FREERTOS_V1.0.1, X-CUBE-GNSS1_V6.0.0, X-CUBE-MEMS1_V9.1.0, X-CUBE-MEMS1_V9.4.0, X-CUBE-MEMS1_V9.6.0, X-CUBE-NFC4_V3.0.0, X-CUBE-NFC7_V1.0.0, X-CUBE-SFXS2LP1_V4.0.0, X-CUBE-SUBG2_V5.0.0]
2023-07-31 17:42:32,344 [WARN] PackLoader:240 - Cannot read IP mode file for STMicroelectronics.X-CUBE-SMBUS.2.1.0
2023-07-31 17:42:32,370 [WARN] PackLoader:240 - Cannot read IP mode file for STMicroelectronics.X-CUBE-AZRTOS-F7.1.1.0
2023-07-31 17:42:32,377 [WARN] PackLoader:240 - Cannot read IP mode file for STMicroelectronics.FP-SNS-MOTENV1.4.3.2
2023-07-31 17:42:32,381 [ERROR] RealEvaluatedCondition:428 - Found unsupported composite condition: GROUP='STM32_MetaDataManager' CLASS='Data Exchange'
2023-07-31 17:42:32,382 [ERROR] RealEvaluatedCondition:428 - Found unsupported composite condition: CLASS='Data Exchange' GROUP='STM32_MetaDataManager'
2023-07-31 17:42:32,383 [WARN] PackLoader:240 - Cannot read IP mode file for STMicroelectronics.FP-SNS-MOTENV1.4.3.1
2023-07-31 17:42:32,388 [WARN] PackLoader:240 - Cannot read IP mode file for STMicroelectronics.FP-SNS-FLIGHT1.5.0.1
2023-07-31 17:42:32,393 [WARN] PackLoader:240 - Cannot read IP mode file for STMicroelectronics.X-CUBE-BLE1.6.2.4
2023-07-31 17:42:32,396 [WARN] PackLoader:240 - Cannot read IP mode file for STMicroelectronics.FP-SNS-FLIGHT1.5.0.2
2023-07-31 17:42:32,401 [WARN] PackLoader:240 - Cannot read IP mode file for STMicroelectronics.X-CUBE-DISPLAY.3.0.0
2023-07-31 17:42:32,409 [WARN] PackLoader:240 - Cannot read IP mode file for STMicroelectronics.X-CUBE-TOUCHGFX.4.22.0
2023-07-31 17:42:32,415 [INFO] LogOutputStream:77 - [STDOUT_REDIRECT] 1 : Invalid condition id : UX_CORESTACK_Condition cause : null
2023-07-31 17:42:32,416 [INFO] LogOutputStream:77 - [STDOUT_REDIRECT] 1 : Invalid condition id : UX_CORESTACK_Condition cause : null
2023-07-31 17:42:32,416 [INFO] LogOutputStream:77 - [STDOUT_REDIRECT] 1 : Invalid condition id : UX_CORESTACK_Condition cause : null
2023-07-31 17:42:32,416 [INFO] LogOutputStream:77 - [STDOUT_REDIRECT] 1 : Invalid condition id : UX_CORESTACK_Condition cause : null
2023-07-31 17:42:32,416 [INFO] LogOutputStream:77 - [STDOUT_REDIRECT] 1 : Invalid condition id : UX_CORESTACK_Condition cause : null
2023-07-31 17:42:32,420 [WARN] PackLoader:240 - Cannot read IP mode file for STMicroelectronics.X-CUBE-AZRTOS-WL.2.0.0
2023-07-31 17:42:32,426 [WARN] PackLoader:240 - Cannot read IP mode file for WES.I-CUBE-Cesium.1.3.0
2023-07-31 17:42:32,429 [WARN] PackLoader:240 - Cannot read IP mode file for STMicroelectronics.X-CUBE-BLE2.3.3.0
2023-07-31 17:42:32,431 [WARN] PackLoader:240 - Cannot read IP mode file for STMicroelectronics.X-CUBE-TOUCHGFX.4.21.3
2023-07-31 17:42:32,433 [WARN] PackLoader:240 - Cannot read IP mode file for STMicroelectronics.X-CUBE-TOUCHGFX.4.21.4
2023-07-31 17:42:32,437 [WARN] PackLoader:240 - Cannot read IP mode file for STMicroelectronics.X-CUBE-ALGOBUILD.1.3.0
2023-07-31 17:42:32,452 [WARN] PackLoader:240 - Cannot read IP mode file for STMicroelectronics.X-CUBE-AZRTOS-G0.1.1.0
2023-07-31 17:42:32,459 [WARN] PackLoader:240 - Cannot read IP mode file for STMicroelectronics.X-CUBE-NFC4.3.0.0
2023-07-31 17:42:32,462 [WARN] PackLoader:240 - Cannot read IP mode file for STMicroelectronics.FP-ATR-SIGFOX1.3.2.0
2023-07-31 17:42:32,506 [WARN] PackLoader:240 - Cannot read IP mode file for STMicroelectronics.X-CUBE-MEMS1.9.5.0
2023-07-31 17:42:32,759 [WARN] PackLoader:240 - Cannot read IP mode file for SEGGER.I-CUBE-embOS.1.3.1
2023-07-31 17:42:32,806 [WARN] PackLoader:240 - Cannot read IP mode file for STMicroelectronics.X-CUBE-GNSS1.6.0.0
2023-07-31 17:42:32,826 [WARN] PackLoader:240 - Cannot read IP mode file for STMicroelectronics.X-CUBE-AZRTOS-F4.1.1.0
2023-07-31 17:42:32,835 [WARN] PackLoader:240 - Cannot read IP mode file for wolfSSL.I-CUBE-wolfSSL.5.6.0
2023-07-31 17:42:32,868 [WARN] PackLoader:240 - Cannot read IP mode file for STMicroelectronics.X-CUBE-MEMS1.9.6.0
2023-07-31 17:42:32,941 [INFO] ApiDb:240 - Found 297 in-development CPN: [B-G473E-ZEST1S, B-WB1M-WPAN1, B-WL5M-SUBG1, NUCLEO-C031C6, NUCLEO-H503RB, NUCLEO-H563ZI, NUCLEO-U545RE-Q, NUCLEO-U5A5ZJ-Q, NUCLEO-WBA52CG, STEVAL-PROTEUS1, STEVAL-STWINBX1, STM320518-EVAL, STM32C0116-DK, STM32C011D6Y3TR, STM32C011D6Y6TR, STM32C011F4P3, STM32C011F4P6, STM32C011F4U3, STM32C011F4U6TR, STM32C011F6P3, STM32C011F6P6, STM32C011F6U3, STM32C011F6U6TR, STM32C011J4M3, STM32C011J4M6, STM32C011J6M3, STM32C011J6M6, STM32C0316-DK, STM32C031C4T3, STM32C031C4T6, STM32C031C4U3, STM32C031C4U6, STM32C031C6T3, STM32C031C6T6, STM32C031C6U3, STM32C031C6U6, STM32C031F4P3, STM32C031F4P6, STM32C031F6P3, STM32C031F6P6, STM32C031G4U3, STM32C031G4U6, STM32C031G6U3, STM32C031G6U6, STM32C031K4T3, STM32C031K4T6, STM32C031K4U3, STM32C031K4U6, STM32C031K6T3, STM32C031K6T6, STM32C031K6U3, STM32C031K6U6, STM32G071K8TXN, STM32G071K8UXN, STM32G081GBU6N, STM32G081KBT6N, STM32G081KBUXN, STM32G0B1CCT6N, STM32G0B1KCT6, STM32G0B1NEY6TR, STM32G0B1RCT6N, STM32G0C1CCT6, STM32G0C1CCT6N, STM32G0C1CCU6N, STM32G0C1CET6N, STM32G0C1CEU6N, STM32G0C1KCT6, STM32G0C1NEY6TR, STM32G0C1RCI6N, STM32G0C1RCT6N, STM32G0C1REI6N, STM32G0C1RET6N, STM32G0C1VCI6, STM32G0C1VEI6, STM32G471CCT6, STM32G471CCU6, STM32G471CET3, STM32G471CET6, STM32G471CEU3, STM32G471CEU6, STM32G471MCT6, STM32G471MET3, STM32G471MET6, STM32G471MEY6TR, STM32G471QCT6, STM32G471QET3, STM32G471RCT6, STM32G471RET3, STM32G471RET6, STM32G471VCH6, STM32G471VCI6, STM32G471VCT6, STM32G471VEH3, STM32G471VEH6, STM32G471VEI3, STM32G471VEI6, STM32G471VET3, STM32G471VET6, STM32G474CCT6, STM32H503CBT6, STM32H503CBU6, STM32H503EBY6TR, STM32H503KBU6, STM32H503RBT6, STM32H562AGI6, STM32H562AII6, STM32H562IGK6, STM32H562IGT6, STM32H562IIK6, STM32H562IIT6, STM32H562RGT6, STM32H562RGV6, STM32H562RIT6, STM32H562RIV6, STM32H562VGT6, STM32H562VIT6, STM32H562ZGT6, STM32H562ZIT6, STM32H563AGI6, STM32H563AII3Q, STM32H563AII6, STM32H563IGK6, STM32H563IGT6, STM32H563IIK3Q, STM32H563IIK6, STM32H563IIT3Q, STM32H563IIT6, STM32H563MIY3QTR, STM32H563RGT6, STM32H563RGV6, STM32H563RIT6, STM32H563RIV6, STM32H563VGT6, STM32H563VIT3Q, STM32H563VIT6, STM32H563ZGT6, STM32H563ZIT3Q, STM32H563ZIT6, STM32H573AII3Q, STM32H573AII6, STM32H573I-DK, STM32H573IIK3Q, STM32H573IIK6, STM32H573IIT3Q, STM32H573IIT6, STM32H573MIY3QTR, STM32H573RIT6, STM32H573RIV6, STM32H573VIT3Q, STM32H573VIT6, STM32H573ZIT3Q, STM32H573ZIT6, STM32L4R5QGI6STR, STM32MP131AAE3, STM32MP131AAF3, STM32MP131AAG3, STM32MP131CAE3, STM32MP131CAF3, STM32MP131CAG3, STM32MP131DAE7, STM32MP131DAF7, STM32MP131DAG7, STM32MP131FAE7, STM32MP131FAF7, STM32MP131FAG7, STM32MP133AAE3, STM32MP133AAF3, STM32MP133AAG3, STM32MP133CAE3, STM32MP133CAF3, STM32MP133CAG3, STM32MP133DAE7, STM32MP133DAF7, STM32MP133DAG7, STM32MP133FAE7, STM32MP133FAF7, STM32MP133FAG7, STM32MP135AAE3, STM32MP135AAF3, STM32MP135AAG3, STM32MP135CAE3, STM32MP135CAF3, STM32MP135CAG3, STM32MP135DAE7, STM32MP135DAF7, STM32MP135DAG7, STM32MP135F-DK, STM32MP135FAE7, STM32MP135FAF7, STM32MP135FAF7T, STM32MP135FAF7U, STM32MP135FAG7, STM32U535CBT6, STM32U535CBT6Q, STM32U535CBU6, STM32U535CBU6Q, STM32U535CCT6, STM32U535CCT6Q, STM32U535CCU6, STM32U535CCU6Q, STM32U535CET6, STM32U535CET6Q, STM32U535CEU6, STM32U535CEU6Q, STM32U535JEY6QTR, STM32U535NCY6QTR, STM32U535NEY6QTR, STM32U535RBI6, STM32U535RBI6Q, STM32U535RBT6, STM32U535RBT6Q, STM32U535RCI6, STM32U535RCI6Q, STM32U535RCT6, STM32U535RCT6Q, STM32U535REI6, STM32U535REI6Q, STM32U535RET6, STM32U535RET6Q, STM32U535VCI6, STM32U535VCI6Q, STM32U535VCT6, STM32U535VCT6Q, STM32U535VEI6, STM32U535VEI6Q, STM32U535VET6, STM32U535VET6Q, STM32U545CET6, STM32U545CET6Q, STM32U545CEU6, STM32U545CEU6Q, STM32U545JEY6QTR, STM32U545NEY6QTR, STM32U545REI6, STM32U545REI6Q, STM32U545RET6, STM32U545RET6Q, STM32U545VEI6, STM32U545VEI6Q, STM32U545VET6, STM32U545VET6Q, STM32U595AIH6, STM32U595AIH6Q, STM32U595AJH6, STM32U595AJH6Q, STM32U595QII6, STM32U595QII6Q, STM32U595QJI6, STM32U595QJI6Q, STM32U595RIT6, STM32U595RIT6Q, STM32U595RJT6, STM32U595RJT6Q, STM32U595VIT6, STM32U595VIT6Q, STM32U595VJT6, STM32U595VJT6Q, STM32U595ZIT6, STM32U595ZIT6Q, STM32U595ZIY6QTR, STM32U595ZJT6, STM32U595ZJT6Q, STM32U595ZJY6QTR, STM32U599BJY6QTR, STM32U599NIH6Q, STM32U599NJH6Q, STM32U599VIT6Q, STM32U599VJT6, STM32U599VJT6Q, STM32U599ZIT6Q, STM32U599ZIY6QTR, STM32U599ZJT6Q, STM32U599ZJY6QTR, STM32U5A5AJH6, STM32U5A5AJH6Q, STM32U5A5QJI6, STM32U5A5QJI6Q, STM32U5A5RJT6, STM32U5A5RJT6Q, STM32U5A5VJT6, STM32U5A5VJT6Q, STM32U5A5ZJT6, STM32U5A5ZJT6Q, STM32U5A5ZJY6QTR, STM32U5A9BJY6QTR, STM32U5A9J-DK, STM32U5A9NJH6Q, STM32U5A9VJT6Q, STM32U5A9ZJT6Q, STM32U5A9ZJY6QTR, STM32WB1MMCH6, STM32WBA52CEU6, STM32WBA52CEU6T, STM32WBA52CGU6, STM32WBA52CGU6T, STM32WL5MOCH6, STM32WL5MOCH6TR]
2023-07-31 17:42:32,944 [INFO] DbMcus:216 - Found 3825 MCUs, 3825 are supported
2023-07-31 17:42:32,946 [INFO] ApiDb:423 - Load user favorites file /home/patryk/.stm32cubeide/favorites.mcus.txt: 0 item(s)
2023-07-31 17:42:32,947 [INFO] ApiDb:427 - User favorites MCUs=[]
2023-07-31 17:42:32,947 [INFO] DbMcus:222 - Set 0 / 0 favorites MCUs
2023-07-31 17:42:33,018 [WARN] PackLoader:240 - Cannot read IP mode file for emotas.I-CUBE-CANOPEN.1.1.3
2023-07-31 17:42:33,023 [WARN] PackLoader:240 - Cannot read IP mode file for STMicroelectronics.X-CUBE-BLEMGR.2.0.0
2023-07-31 17:42:33,043 [WARN] ConditionMgr:438 - getConditionDescription Invalid condition id : UX DEVICE CLASS RTOS Condition cause : null
2023-07-31 17:42:33,044 [WARN] ConditionMgr:438 - getConditionDescription Invalid condition id : UX DEVICE CLASS RTOS Condition cause : null
2023-07-31 17:42:33,051 [WARN] PackLoader:240 - Cannot read IP mode file for STMicroelectronics.X-CUBE-AZRTOS-H7.3.1.0
2023-07-31 17:42:33,055 [WARN] ConditionMgr:1039 - genDependencies : Invalid condition id : UX DEVICE CLASS RTOS Condition cause : null
2023-07-31 17:42:33,055 [WARN] ConditionMgr:1039 - genDependencies : Invalid condition id : UX DEVICE CLASS RTOS Condition cause : null
2023-07-31 17:42:33,055 [WARN] ConditionMgr:1039 - genDependencies : Invalid condition id : UX DEVICE CLASS RTOS Condition cause : null
2023-07-31 17:42:33,056 [WARN] ConditionMgr:1039 - genDependencies : Invalid condition id : UX DEVICE CLASS RTOS Condition cause : null
2023-07-31 17:42:33,056 [WARN] ConditionMgr:1039 - genDependencies : Invalid condition id : UX DEVICE CLASS RTOS Condition cause : null
2023-07-31 17:42:33,060 [WARN] PackLoader:240 - Cannot read IP mode file for STMicroelectronics.X-CUBE-NFC7.1.0.1
2023-07-31 17:42:33,064 [WARN] PackLoader:240 - Cannot read IP mode file for STMicroelectronics.X-CUBE-NFC7.1.0.0
2023-07-31 17:42:33,069 [WARN] PackLoader:240 - Cannot read IP mode file for STMicroelectronics.X-CUBE-EEPRMA1.4.1.0
2023-07-31 17:42:33,084 [WARN] ConditionMgr:438 - getConditionDescription Invalid condition id : LAN8742 Phy interface Condition cause : null
2023-07-31 17:42:33,084 [WARN] PackLoader:240 - Cannot read IP mode file for STMicroelectronics.X-CUBE-AZRTOS-L4.2.0.0
2023-07-31 17:42:33,085 [WARN] ConditionMgr:1039 - genDependencies : Invalid condition id : LAN8742 Phy interface Condition cause : null
2023-07-31 17:42:33,086 [WARN] ConditionMgr:1039 - genDependencies : Invalid condition id : LAN8742 Phy interface Condition cause : null
2023-07-31 17:42:33,086 [WARN] ConditionMgr:1039 - genDependencies : Invalid condition id : LAN8742 Phy interface Condition cause : null
2023-07-31 17:42:33,091 [WARN] PackLoader:240 - Cannot read IP mode file for STMicroelectronics.X-CUBE-SFXS2LP1.4.0.0
2023-07-31 17:42:33,110 [WARN] PackLoader:240 - Cannot read IP mode file for STMicroelectronics.X-CUBE-AZRTOS-H7.3.0.0
2023-07-31 17:42:33,115 [WARN] PackLoader:240 - Cannot read IP mode file for STMicroelectronics.X-CUBE-ISPU.1.1.0
2023-07-31 17:42:33,120 [WARN] PackLoader:240 - Cannot read IP mode file for RoweBots.I-CUBE-UNISONRTOS.5.5.0-4
2023-07-31 17:42:33,123 [WARN] PackLoader:240 - Cannot read IP mode file for STMicroelectronics.X-CUBE-AI.8.0.0
2023-07-31 17:42:33,129 [WARN] PackLoader:240 - Cannot read IP mode file for STMicroelectronics.X-CUBE-FREERTOS.1.0.0
2023-07-31 17:42:33,132 [WARN] PackLoader:240 - Cannot read IP mode file for STMicroelectronics.X-CUBE-FREERTOS.1.0.1
2023-07-31 17:42:33,145 [WARN] PackLoader:240 - Cannot read IP mode file for STMicroelectronics.X-CUBE-AZRTOS-L5.1.1.0
2023-07-31 17:42:33,150 [WARN] PackLoader:240 - Cannot read IP mode file for STMicroelectronics.X-CUBE-AI.8.0.1
2023-07-31 17:42:33,158 [WARN] PackLoader:240 - Cannot read IP mode file for STMicroelectronics.X-CUBE-SUBG2.5.0.0
2023-07-31 17:42:33,172 [WARN] PackLoader:240 - Cannot read IP mode file for STMicroelectronics.X-CUBE-TOF1.3.3.1
2023-07-31 17:42:33,190 [WARN] PackLoader:240 - Cannot read IP mode file for STMicroelectronics.X-CUBE-AZRTOS-G4.2.0.0
2023-07-31 17:42:33,200 [WARN] PackLoader:240 - Cannot read IP mode file for STMicroelectronics.X-CUBE-TOF1.3.3.0
2023-07-31 17:42:33,209 [WARN] PackLoader:240 - Cannot read IP mode file for STMicroelectronics.FP-ATR-ASTRA1.1.1.1
2023-07-31 17:42:33,221 [WARN] PackLoader:240 - Cannot read IP mode file for STMicroelectronics.X-CUBE-AZRTOS-G4.1.0.0
2023-07-31 17:42:33,236 [WARN] PackLoader:240 - Cannot read IP mode file for STMicroelectronics.X-CUBE-AZRTOS-L4.1.0.0
2023-07-31 17:42:33,315 [WARN] PackLoader:240 - Cannot read IP mode file for STMicroelectronics.X-CUBE-AZRTOS-WL.1.0.0
2023-07-31 17:42:33,326 [WARN] PackLoader:240 - Cannot read IP mode file for portGmbH.I-Cube-SoM-uGOAL.1.1.0
2023-07-31 17:42:33,332 [WARN] PackLoader:240 - Cannot read IP mode file for STMicroelectronics.X-CUBE-ALS.1.0.1
2023-07-31 17:42:33,356 [WARN] PackLoader:240 - Cannot read IP mode file for STMicroelectronics.X-CUBE-AZRTOS-WB.1.1.0
2023-07-31 17:42:33,377 [WARN] PackLoader:240 - Cannot read IP mode file for STMicroelectronics.FP-ATR-ASTRA1.2.0.0
2023-07-31 17:42:33,377 [INFO] ThirdParty:978 - Integrity check success = true
2023-07-31 17:42:33,377 [INFO] IntegrityCheckThread:100 - exiting critical section [integrity check]
2023-07-31 17:42:33,377 [INFO] IntegrityCheckThread:103 - End integrity checks thread
2023-07-31 17:42:33,475 [INFO] ApiDb:668 - CubeFinder database Data Model version=2.1
2023-07-31 17:42:33,475 [INFO] ApiDb:669 - CubeFinder database Configuration version=3.0.37
2023-07-31 17:42:33,475 [INFO] ApiDb:670 - CubeFinder database generation date=2023-06-26 (1687786131)
2023-07-31 17:42:33,475 [INFO] ApiDb:671 - CubeFinder database FW Pack versions=[FP-ATR-ASTRA1_V2.0.0, FP-SNS-FLIGHT1_V5.0.1, FP-SNS-MOTENV1_V4.3.1, STM32Cube_FW_C0_V1.1.0, STM32Cube_FW_F4_V1.27.1, STM32Cube_FW_F7_V1.17.0, STM32Cube_FW_G0_V1.6.1, STM32Cube_FW_G4_V1.5.1, STM32Cube_FW_H5_V0.5.1, STM32Cube_FW_H5_V1.1.0, STM32Cube_FW_H7_V1.11.0, STM32Cube_FW_L0_V1.12.2, STM32Cube_FW_L5_V1.5.0, STM32Cube_FW_U5_V1.3.0, STM32Cube_FW_U5_V1.3.0RC4, STM32Cube_FW_WBA_V1.0.0RC1, STM32Cube_FW_WBA_V1.1.0, STM32Cube_FW_WBA_V1.1.0RC1, STM32Cube_FW_WB_V1.15.0RC1, STM32Cube_FW_WB_V1.16.0, STM32Cube_FW_WB_V1.16.0RC2, STM32Cube_FW_WB_V1.17.0, STM32Cube_FW_WL_V1.3.0, X-CUBE-ALGOBUILD_V1.3.0, X-CUBE-ALS_V1.0.1, X-CUBE-AZRTOS-F4_V1.1.0, X-CUBE-AZRTOS-F7_V1.1.0, X-CUBE-AZRTOS-G0_V1.1.0, X-CUBE-AZRTOS-G4_V2.0.0, X-CUBE-AZRTOS-H7_V3.1.0, X-CUBE-AZRTOS-L4_V1.0.0, X-CUBE-AZRTOS-L4_V2.0.0, X-CUBE-AZRTOS-L5_V1.1.0, X-CUBE-AZRTOS-WB_V1.1.0, X-CUBE-AZRTOS-WL_V2.0.0, X-CUBE-BLE1_V6.2.4, X-CUBE-BLE2_V3.3.0, X-CUBE-BLEMGR_V2.0.0, X-CUBE-EEPRMA1_V4.1.0, X-CUBE-FREERTOS_V1.0.1, X-CUBE-GNSS1_V6.0.0, X-CUBE-MEMS1_V9.1.0, X-CUBE-MEMS1_V9.4.0, X-CUBE-MEMS1_V9.6.0, X-CUBE-NFC4_V3.0.0, X-CUBE-NFC7_V1.0.0, X-CUBE-SFXS2LP1_V4.0.0, X-CUBE-SUBG2_V5.0.0]
2023-07-31 17:42:33,536 [INFO] DbBoardsSqlite:226 - include board P-NUCLEO-WB55-NUCLEO as a kit item of type 'Nucleo-64'
2023-07-31 17:42:33,536 [INFO] DbBoardsSqlite:226 - include board P-NUCLEO-WB55-USBDONGLE as a kit item of type 'Nucleo USB Dongle'
2023-07-31 17:42:33,536 [INFO] DbBoardsSqlite:226 - include board STEVAL-IDP005V1 as a kit item of type 'Evaluation Board'
2023-07-31 17:42:33,537 [INFO] DbBoardsSqlite:226 - include board STEVAL-IDP005V2 as a kit item of type 'Evaluation Board'
2023-07-31 17:42:33,582 [INFO] ApiDb:240 - Found 297 in-development CPN: [B-G473E-ZEST1S, B-WB1M-WPAN1, B-WL5M-SUBG1, NUCLEO-C031C6, NUCLEO-H503RB, NUCLEO-H563ZI, NUCLEO-U545RE-Q, NUCLEO-U5A5ZJ-Q, NUCLEO-WBA52CG, STEVAL-PROTEUS1, STEVAL-STWINBX1, STM320518-EVAL, STM32C0116-DK, STM32C011D6Y3TR, STM32C011D6Y6TR, STM32C011F4P3, STM32C011F4P6, STM32C011F4U3, STM32C011F4U6TR, STM32C011F6P3, STM32C011F6P6, STM32C011F6U3, STM32C011F6U6TR, STM32C011J4M3, STM32C011J4M6, STM32C011J6M3, STM32C011J6M6, STM32C0316-DK, STM32C031C4T3, STM32C031C4T6, STM32C031C4U3, STM32C031C4U6, STM32C031C6T3, STM32C031C6T6, STM32C031C6U3, STM32C031C6U6, STM32C031F4P3, STM32C031F4P6, STM32C031F6P3, STM32C031F6P6, STM32C031G4U3, STM32C031G4U6, STM32C031G6U3, STM32C031G6U6, STM32C031K4T3, STM32C031K4T6, STM32C031K4U3, STM32C031K4U6, STM32C031K6T3, STM32C031K6T6, STM32C031K6U3, STM32C031K6U6, STM32G071K8TXN, STM32G071K8UXN, STM32G081GBU6N, STM32G081KBT6N, STM32G081KBUXN, STM32G0B1CCT6N, STM32G0B1KCT6, STM32G0B1NEY6TR, STM32G0B1RCT6N, STM32G0C1CCT6, STM32G0C1CCT6N, STM32G0C1CCU6N, STM32G0C1CET6N, STM32G0C1CEU6N, STM32G0C1KCT6, STM32G0C1NEY6TR, STM32G0C1RCI6N, STM32G0C1RCT6N, STM32G0C1REI6N, STM32G0C1RET6N, STM32G0C1VCI6, STM32G0C1VEI6, STM32G471CCT6, STM32G471CCU6, STM32G471CET3, STM32G471CET6, STM32G471CEU3, STM32G471CEU6, STM32G471MCT6, STM32G471MET3, STM32G471MET6, STM32G471MEY6TR, STM32G471QCT6, STM32G471QET3, STM32G471RCT6, STM32G471RET3, STM32G471RET6, STM32G471VCH6, STM32G471VCI6, STM32G471VCT6, STM32G471VEH3, STM32G471VEH6, STM32G471VEI3, STM32G471VEI6, STM32G471VET3, STM32G471VET6, STM32G474CCT6, STM32H503CBT6, STM32H503CBU6, STM32H503EBY6TR, STM32H503KBU6, STM32H503RBT6, STM32H562AGI6, STM32H562AII6, STM32H562IGK6, STM32H562IGT6, STM32H562IIK6, STM32H562IIT6, STM32H562RGT6, STM32H562RGV6, STM32H562RIT6, STM32H562RIV6, STM32H562VGT6, STM32H562VIT6, STM32H562ZGT6, STM32H562ZIT6, STM32H563AGI6, STM32H563AII3Q, STM32H563AII6, STM32H563IGK6, STM32H563IGT6, STM32H563IIK3Q, STM32H563IIK6, STM32H563IIT3Q, STM32H563IIT6, STM32H563MIY3QTR, STM32H563RGT6, STM32H563RGV6, STM32H563RIT6, STM32H563RIV6, STM32H563VGT6, STM32H563VIT3Q, STM32H563VIT6, STM32H563ZGT6, STM32H563ZIT3Q, STM32H563ZIT6, STM32H573AII3Q, STM32H573AII6, STM32H573I-DK, STM32H573IIK3Q, STM32H573IIK6, STM32H573IIT3Q, STM32H573IIT6, STM32H573MIY3QTR, STM32H573RIT6, STM32H573RIV6, STM32H573VIT3Q, STM32H573VIT6, STM32H573ZIT3Q, STM32H573ZIT6, STM32L4R5QGI6STR, STM32MP131AAE3, STM32MP131AAF3, STM32MP131AAG3, STM32MP131CAE3, STM32MP131CAF3, STM32MP131CAG3, STM32MP131DAE7, STM32MP131DAF7, STM32MP131DAG7, STM32MP131FAE7, STM32MP131FAF7, STM32MP131FAG7, STM32MP133AAE3, STM32MP133AAF3, STM32MP133AAG3, STM32MP133CAE3, STM32MP133CAF3, STM32MP133CAG3, STM32MP133DAE7, STM32MP133DAF7, STM32MP133DAG7, STM32MP133FAE7, STM32MP133FAF7, STM32MP133FAG7, STM32MP135AAE3, STM32MP135AAF3, STM32MP135AAG3, STM32MP135CAE3, STM32MP135CAF3, STM32MP135CAG3, STM32MP135DAE7, STM32MP135DAF7, STM32MP135DAG7, STM32MP135F-DK, STM32MP135FAE7, STM32MP135FAF7, STM32MP135FAF7T, STM32MP135FAF7U, STM32MP135FAG7, STM32U535CBT6, STM32U535CBT6Q, STM32U535CBU6, STM32U535CBU6Q, STM32U535CCT6, STM32U535CCT6Q, STM32U535CCU6, STM32U535CCU6Q, STM32U535CET6, STM32U535CET6Q, STM32U535CEU6, STM32U535CEU6Q, STM32U535JEY6QTR, STM32U535NCY6QTR, STM32U535NEY6QTR, STM32U535RBI6, STM32U535RBI6Q, STM32U535RBT6, STM32U535RBT6Q, STM32U535RCI6, STM32U535RCI6Q, STM32U535RCT6, STM32U535RCT6Q, STM32U535REI6, STM32U535REI6Q, STM32U535RET6, STM32U535RET6Q, STM32U535VCI6, STM32U535VCI6Q, STM32U535VCT6, STM32U535VCT6Q, STM32U535VEI6, STM32U535VEI6Q, STM32U535VET6, STM32U535VET6Q, STM32U545CET6, STM32U545CET6Q, STM32U545CEU6, STM32U545CEU6Q, STM32U545JEY6QTR, STM32U545NEY6QTR, STM32U545REI6, STM32U545REI6Q, STM32U545RET6, STM32U545RET6Q, STM32U545VEI6, STM32U545VEI6Q, STM32U545VET6, STM32U545VET6Q, STM32U595AIH6, STM32U595AIH6Q, STM32U595AJH6, STM32U595AJH6Q, STM32U595QII6, STM32U595QII6Q, STM32U595QJI6, STM32U595QJI6Q, STM32U595RIT6, STM32U595RIT6Q, STM32U595RJT6, STM32U595RJT6Q, STM32U595VIT6, STM32U595VIT6Q, STM32U595VJT6, STM32U595VJT6Q, STM32U595ZIT6, STM32U595ZIT6Q, STM32U595ZIY6QTR, STM32U595ZJT6, STM32U595ZJT6Q, STM32U595ZJY6QTR, STM32U599BJY6QTR, STM32U599NIH6Q, STM32U599NJH6Q, STM32U599VIT6Q, STM32U599VJT6, STM32U599VJT6Q, STM32U599ZIT6Q, STM32U599ZIY6QTR, STM32U599ZJT6Q, STM32U599ZJY6QTR, STM32U5A5AJH6, STM32U5A5AJH6Q, STM32U5A5QJI6, STM32U5A5QJI6Q, STM32U5A5RJT6, STM32U5A5RJT6Q, STM32U5A5VJT6, STM32U5A5VJT6Q, STM32U5A5ZJT6, STM32U5A5ZJT6Q, STM32U5A5ZJY6QTR, STM32U5A9BJY6QTR, STM32U5A9J-DK, STM32U5A9NJH6Q, STM32U5A9VJT6Q, STM32U5A9ZJT6Q, STM32U5A9ZJY6QTR, STM32WB1MMCH6, STM32WBA52CEU6, STM32WBA52CEU6T, STM32WBA52CGU6, STM32WBA52CGU6T, STM32WL5MOCH6, STM32WL5MOCH6TR]
2023-07-31 17:42:33,681 [INFO] BoardInfo:880 - No configuration file found for board P-NUCLEO-WB55
2023-07-31 17:42:33,681 [INFO] DbBoards:157 - Kit is not supported: P-NUCLEO-WB55
2023-07-31 17:42:33,685 [INFO] BoardInfo:880 - No configuration file found for board STEVAL-BFA001V1B
2023-07-31 17:42:33,685 [INFO] DbBoards:157 - Kit is not supported: STEVAL-BFA001V1B
2023-07-31 17:42:33,686 [INFO] BoardInfo:880 - No configuration file found for board STEVAL-BFA001V2B
2023-07-31 17:42:33,686 [INFO] DbBoards:157 - Kit is not supported: STEVAL-BFA001V2B
2023-07-31 17:42:33,693 [INFO] BoardInfo:880 - No configuration file found for board STEVAL-SMARTAG2
2023-07-31 17:42:33,693 [INFO] DbBoards:157 - Board is not supported: STEVAL-SMARTAG2
2023-07-31 17:42:33,775 [INFO] DbBoards:161 - Found 188 boards, 184 are supported
2023-07-31 17:42:33,777 [INFO] ApiDb:423 - Load user favorites file /home/patryk/.stm32cubeide/favorites.boards.txt: 1 item(s)
2023-07-31 17:42:33,777 [INFO] ApiDb:427 - User favorites Boards=[NUCLEO-F303RE]
2023-07-31 17:42:33,778 [INFO] DbBoards:190 - Set 1 / 1 favorites Boards
2023-07-31 17:42:33,780 [INFO] ApiDb:668 - CubeFinder database Data Model version=2.1
2023-07-31 17:42:33,780 [INFO] ApiDb:669 - CubeFinder database Configuration version=3.0.37
2023-07-31 17:42:33,780 [INFO] ApiDb:670 - CubeFinder database generation date=2023-06-26 (1687786131)
2023-07-31 17:42:33,780 [INFO] ApiDb:671 - CubeFinder database FW Pack versions=[FP-ATR-ASTRA1_V2.0.0, FP-SNS-FLIGHT1_V5.0.1, FP-SNS-MOTENV1_V4.3.1, STM32Cube_FW_C0_V1.1.0, STM32Cube_FW_F4_V1.27.1, STM32Cube_FW_F7_V1.17.0, STM32Cube_FW_G0_V1.6.1, STM32Cube_FW_G4_V1.5.1, STM32Cube_FW_H5_V0.5.1, STM32Cube_FW_H5_V1.1.0, STM32Cube_FW_H7_V1.11.0, STM32Cube_FW_L0_V1.12.2, STM32Cube_FW_L5_V1.5.0, STM32Cube_FW_U5_V1.3.0, STM32Cube_FW_U5_V1.3.0RC4, STM32Cube_FW_WBA_V1.0.0RC1, STM32Cube_FW_WBA_V1.1.0, STM32Cube_FW_WBA_V1.1.0RC1, STM32Cube_FW_WB_V1.15.0RC1, STM32Cube_FW_WB_V1.16.0, STM32Cube_FW_WB_V1.16.0RC2, STM32Cube_FW_WB_V1.17.0, STM32Cube_FW_WL_V1.3.0, X-CUBE-ALGOBUILD_V1.3.0, X-CUBE-ALS_V1.0.1, X-CUBE-AZRTOS-F4_V1.1.0, X-CUBE-AZRTOS-F7_V1.1.0, X-CUBE-AZRTOS-G0_V1.1.0, X-CUBE-AZRTOS-G4_V2.0.0, X-CUBE-AZRTOS-H7_V3.1.0, X-CUBE-AZRTOS-L4_V1.0.0, X-CUBE-AZRTOS-L4_V2.0.0, X-CUBE-AZRTOS-L5_V1.1.0, X-CUBE-AZRTOS-WB_V1.1.0, X-CUBE-AZRTOS-WL_V2.0.0, X-CUBE-BLE1_V6.2.4, X-CUBE-BLE2_V3.3.0, X-CUBE-BLEMGR_V2.0.0, X-CUBE-EEPRMA1_V4.1.0, X-CUBE-FREERTOS_V1.0.1, X-CUBE-GNSS1_V6.0.0, X-CUBE-MEMS1_V9.1.0, X-CUBE-MEMS1_V9.4.0, X-CUBE-MEMS1_V9.6.0, X-CUBE-NFC4_V3.0.0, X-CUBE-NFC7_V1.0.0, X-CUBE-SFXS2LP1_V4.0.0, X-CUBE-SUBG2_V5.0.0]
2023-07-31 17:42:34,540 [INFO] DbExamplesSqlite:376 - Ignored 27 examples not supported by CubeIDE
2023-07-31 17:42:34,540 [INFO] DbExamplesSqlite:377 - Found 7164 examples active
2023-07-31 17:42:34,540 [INFO] DbExamplesSqlite:378 - Found 677 examples obsolete
2023-07-31 17:42:34,540 [INFO] DbExamplesSqlite:379 - Found 0 examples under development
2023-07-31 17:42:34,540 [INFO] DbExamplesSqlite:380 - Found 74 examples not building
2023-07-31 17:42:34,542 [INFO] DbExamples:125 - Found 7211 examples
2023-07-31 17:42:34,560 [ERROR] DbExamples:208 - Found 22 examples with invalid data (board or MCU)
2023-07-31 17:42:34,561 [INFO] DbExamples:222 - Found 91 boards with related examples
2023-07-31 17:42:34,562 [INFO] DbExamples:235 - Found 77 MCUs with related examples
2023-07-31 17:42:34,579 [INFO] ApiDb:423 - Load user favorites file /home/patryk/.stm32cubeide/favorites.examples.txt: 0 item(s)
2023-07-31 17:42:34,579 [INFO] ApiDb:427 - User favorites Examples=[]
2023-07-31 17:42:34,580 [INFO] DbExamples:250 - Set 0 / 0 favorites Examples
2023-07-31 17:42:34,704 [INFO] McuFinderGlobals:66 - Set McuFinderConnectedMode to true
2023-07-31 17:42:34,712 [INFO] MultiScanPanel:200 - Auto-refresh data requested => check proxy status ongoing
2023-07-31 17:42:34,715 [INFO] FinderPluginLoader:95 - Searching for filters in installed packs
2023-07-31 17:42:36,116 [INFO] LoadUrlFilesThread:185 - End of LoadServerUrlFiles without Thread
2023-07-31 17:42:36,129 [INFO] DetailPanel:341 - Set advertising image to /home/patryk/STM32Cube/Repository//en.prom-stm32h5-mcu-finder.jpg
2023-07-31 17:42:40,770 [INFO] MultiScanPanel:200 - Auto-refresh data requested => check proxy status ongoing
2023-07-31 17:42:40,911 [INFO] LoadUrlFilesThread:185 - End of LoadServerUrlFiles without Thread
2023-07-31 17:42:40,911 [INFO] DetailPanel:341 - Set advertising image to /home/patryk/STM32Cube/Repository//en.prom-stm32h5-mcu-finder.jpg
2023-07-31 17:43:00,706 [INFO] McuFinderGlobals:66 - Set McuFinderConnectedMode to true
2023-07-31 17:43:00,708 [INFO] ApiDb:448 - Save user favorites file /home/patryk/.stm32cubeide/favorites.mcus.txt: 0 item(s)
2023-07-31 17:43:00,708 [INFO] ApiDb:452 - User favorites MCUs=[]
2023-07-31 17:43:00,709 [INFO] ApiDb:448 - Save user favorites file /home/patryk/.stm32cubeide/favorites.boards.txt: 1 item(s)
2023-07-31 17:43:00,709 [INFO] ApiDb:452 - User favorites Boards=[NUCLEO-F303RE]
