2023-04-12 16:13:31,999 [INFO] Activator:176 - 


2023-04-12 16:13:32,004 [INFO] Activator:177 - !SESSION log4j initialized
2023-04-12 16:13:38,504 [INFO] LogOutputStream:77 - [STDOUT_REDIRECT] 
2023-04-12 16:13:59,619 [ERROR] LogOutputStream:75 - [STDERR_REDIRECT] SLF4J: Failed to load class "org.slf4j.impl.StaticLoggerBinder".
2023-04-12 16:13:59,619 [ERROR] LogOutputStream:75 - [STDERR_REDIRECT] SLF4J: Defaulting to no-operation (NOP) logger implementation
2023-04-12 16:13:59,620 [ERROR] LogOutputStream:75 - [STDERR_REDIRECT] SLF4J: See http://www.slf4j.org/codes.html#StaticLoggerBinder for further details.
2023-04-12 16:14:10,859 [INFO] ApplicationProperties:184 - Using Application install path: /home/patryk/st/stm32cubeide_1.12.0/plugins/com.st.stm32cube.common.mx_6.8.0.202302231600
2023-04-12 16:14:10,878 [INFO] DbMcusXml:78 - Set database path to: /home/patryk/st/stm32cubeide_1.12.0/plugins/com.st.stm32cube.common.mx_6.8.0.202302231600//db//mcu/
2023-04-12 16:14:10,879 [INFO] ApiDb:274 - Set plugin database path to: /home/patryk/st/stm32cubeide_1.12.0/plugins/com.st.stm32cube.common.mx_6.8.0.202302231600//db//plugins/boardmanager/
2023-04-12 16:14:10,894 [WARN] ApiDb:259 - Overriding images path with different value:  => /home/patryk/st/stm32cubeide_1.12.0/plugins/com.st.stm32cube.common.mx_6.8.0.202302231600//db//plugins/mcufinder/images/
2023-04-12 16:14:10,934 [INFO] ApiDb:250 - Set database path to: /home/patryk/.stmcufinder/plugins/mcufinder//mcu/
2023-04-12 16:14:10,936 [INFO] DbMcusAds:125 - Set database path to: /home/patryk/.stmcufinder/plugins/mcufinder//mcu/
2023-04-12 16:14:10,951 [INFO] CrossReferenceDbSqlite:203 - Set database path to: /home/patryk/.stmcufinder/plugins/mcufinder//mcu/cs/
2023-04-12 16:14:11,074 [INFO] RulesReader:64 - Compatibility file has been processed (293 Rules)
2023-04-12 16:14:11,128 [INFO] DbMcusXml:78 - Set database path to: /home/patryk/st/stm32cubeide_1.12.0/plugins/com.st.stm32cube.common.mx_6.8.0.202302231600//db//mcu/
2023-04-12 16:14:11,129 [INFO] ApiDb:274 - Set plugin database path to: /home/patryk/st/stm32cubeide_1.12.0/plugins/com.st.stm32cube.common.mx_6.8.0.202302231600//db//plugins/boardmanager/
2023-04-12 16:14:11,129 [INFO] ApiDb:261 - Set plugin images path to: /home/patryk/st/stm32cubeide_1.12.0/plugins/com.st.stm32cube.common.mx_6.8.0.202302231600//db//plugins/mcufinder/images/
2023-04-12 16:14:11,130 [WARN] DbFile:41 - Overriding database path with different value: /home/patryk/.stmcufinder/plugins/mcufinder/ => /home/patryk/.stmcufinder/plugins/mcufinder
2023-04-12 16:14:11,130 [INFO] ApiDb:250 - Set database path to: /home/patryk/.stmcufinder/plugins/mcufinder//mcu/
2023-04-12 16:14:11,130 [WARN] DbFile:41 - Overriding database path with different value: /home/patryk/.stmcufinder/plugins/mcufinder/ => /home/patryk/.stmcufinder/plugins/mcufinder
2023-04-12 16:14:11,130 [INFO] DbMcusAds:125 - Set database path to: /home/patryk/.stmcufinder/plugins/mcufinder//mcu/
2023-04-12 16:14:11,130 [WARN] DbFile:41 - Overriding database path with different value: /home/patryk/.stmcufinder/plugins/mcufinder/ => /home/patryk/.stmcufinder/plugins/mcufinder
2023-04-12 16:14:11,130 [WARN] DbFile:41 - Overriding database path with different value: /home/patryk/.stmcufinder/plugins/mcufinder/ => /home/patryk/.stmcufinder/plugins/mcufinder
2023-04-12 16:14:11,130 [INFO] CrossReferenceDbSqlite:203 - Set database path to: /home/patryk/.stmcufinder/plugins/mcufinder//mcu/cs/
2023-04-12 16:14:11,223 [INFO] MainPanel:253 - HeapMemory: 310378496
2023-04-12 16:14:11,337 [INFO] DbMcusXml:78 - Set database path to: /home/patryk/st/stm32cubeide_1.12.0/plugins/com.st.stm32cube.common.mx_6.8.0.202302231600//db//mcu/
2023-04-12 16:14:11,337 [INFO] ApiDb:274 - Set plugin database path to: /home/patryk/st/stm32cubeide_1.12.0/plugins/com.st.stm32cube.common.mx_6.8.0.202302231600//db//plugins/boardmanager/
2023-04-12 16:14:11,337 [INFO] ApiDb:261 - Set plugin images path to: /home/patryk/st/stm32cubeide_1.12.0/plugins/com.st.stm32cube.common.mx_6.8.0.202302231600//db//plugins/mcufinder/images/
2023-04-12 16:14:11,337 [WARN] DbFile:41 - Overriding database path with different value: /home/patryk/.stmcufinder/plugins/mcufinder/ => /home/patryk/.stmcufinder/plugins/mcufinder
2023-04-12 16:14:11,337 [INFO] ApiDb:250 - Set database path to: /home/patryk/.stmcufinder/plugins/mcufinder//mcu/
2023-04-12 16:14:11,337 [WARN] DbFile:41 - Overriding database path with different value: /home/patryk/.stmcufinder/plugins/mcufinder/ => /home/patryk/.stmcufinder/plugins/mcufinder
2023-04-12 16:14:11,338 [INFO] DbMcusAds:125 - Set database path to: /home/patryk/.stmcufinder/plugins/mcufinder//mcu/
2023-04-12 16:14:11,338 [WARN] DbFile:41 - Overriding database path with different value: /home/patryk/.stmcufinder/plugins/mcufinder/ => /home/patryk/.stmcufinder/plugins/mcufinder
2023-04-12 16:14:11,338 [WARN] DbFile:41 - Overriding database path with different value: /home/patryk/.stmcufinder/plugins/mcufinder/ => /home/patryk/.stmcufinder/plugins/mcufinder
2023-04-12 16:14:11,338 [INFO] CrossReferenceDbSqlite:203 - Set database path to: /home/patryk/.stmcufinder/plugins/mcufinder//mcu/cs/
2023-04-12 16:14:11,360 [INFO] ApplicationProperties:184 - Using Application install path: /home/patryk/st/stm32cubeide_1.12.0/plugins/com.st.stm32cube.common.mx_6.8.0.202302231600
2023-04-12 16:14:11,362 [INFO] PluginManage:196 - Search for loadable plugins [exclusion list=, ]
2023-04-12 16:14:11,364 [INFO] PluginManage:310 - Check plugin analytics
2023-04-12 16:14:11,643 [INFO] AnalyticsPlugin:253 - Accepted Software Licenses: 
2023-04-12 16:14:11,643 [INFO] AnalyticsPlugin:255 - Accepted CMSIS Pack Licenses: 
2023-04-12 16:14:11,643 [INFO] AnalyticsPlugin:257 - Accepted Firmware Licenses: 
2023-04-12 16:14:11,659 [INFO] PluginManage:359 - Loaded plugin analytics (category:tool,tabindex:-1)
2023-04-12 16:14:11,659 [INFO] PluginManage:310 - Check plugin cadmodel
2023-04-12 16:14:11,797 [INFO] CADModel:105 - Init CAD model plugin
2023-04-12 16:14:11,797 [INFO] PluginManage:359 - Loaded plugin cadmodel (category:power,tabindex:5)
2023-04-12 16:14:11,797 [INFO] PluginManage:310 - Check plugin clock
2023-04-12 16:14:11,807 [INFO] PluginManage:359 - Loaded plugin clock (category:base,tabindex:2)
2023-04-12 16:14:11,807 [INFO] PluginManage:310 - Check plugin ddr
2023-04-12 16:14:11,812 [INFO] PluginManage:359 - Loaded plugin ddr (category:tool,tabindex:6)
2023-04-12 16:14:11,812 [INFO] PluginManage:310 - Check plugin filemanager
2023-04-12 16:14:12,079 [INFO] PluginManage:359 - Loaded plugin filemanager (category:base,tabindex:10)
2023-04-12 16:14:12,080 [INFO] PluginManage:310 - Check plugin ipmanager
2023-04-12 16:14:12,092 [INFO] PluginManage:359 - Loaded plugin ipmanager (category:base,tabindex:5)
2023-04-12 16:14:12,092 [INFO] PluginManage:310 - Check plugin lpbam
2023-04-12 16:14:12,106 [INFO] PluginManage:359 - Loaded plugin lpbam (category:base,tabindex:0)
2023-04-12 16:14:12,106 [INFO] PluginManage:310 - Check plugin pinoutandconfiguration
2023-04-12 16:14:12,115 [INFO] PluginManage:359 - Loaded plugin pinoutandconfiguration (category:base,tabindex:1)
2023-04-12 16:14:12,115 [INFO] PluginManage:310 - Check plugin pinoutconfig
2023-04-12 16:14:12,212 [WARN] SupportedApi:132 - Cannot load RTOS API schema: s4s-elt-must-match.1: The content of 'definitions' must match (annotation?, (simpleType | complexType)?, (unique | key | keyref)*)). A problem was found starting at: attribute.
2023-04-12 16:14:12,381 [INFO] PluginManage:359 - Loaded plugin pinoutconfig (category:base,tabindex:0)
2023-04-12 16:14:12,381 [INFO] PluginManage:310 - Check plugin power
2023-04-12 16:14:12,394 [INFO] PluginManage:359 - Loaded plugin power (category:power,tabindex:4)
2023-04-12 16:14:12,394 [INFO] PluginManage:310 - Check plugin projectmanager
2023-04-12 16:14:12,409 [INFO] PluginManage:359 - Loaded plugin projectmanager (category:projectmanager,tabindex:3)
2023-04-12 16:14:12,409 [INFO] PluginManage:310 - Check plugin thirdparty
2023-04-12 16:14:12,535 [INFO] PluginManage:359 - Loaded plugin thirdparty (category:base,tabindex:-1)
2023-04-12 16:14:12,535 [INFO] PluginManage:310 - Check plugin tools
2023-04-12 16:14:12,534 [WARN] IntegrityCheckThread:84 - waiting for thirdparty lock release [integrity check]
2023-04-12 16:14:12,536 [INFO] IntegrityCheckThread:86 - entering critical section [integrity check]
2023-04-12 16:14:12,537 [INFO] PluginManage:359 - Loaded plugin tools (category:base,tabindex:7)
2023-04-12 16:14:12,537 [INFO] PluginManage:310 - Check plugin tutovideos
2023-04-12 16:14:12,538 [INFO] ThirdPartyUpdaterWithRetryManager:70 - Updater plugin not ready yet. [1/15]
2023-04-12 16:14:12,734 [INFO] PluginManage:359 - Loaded plugin tutovideos (category:base,tabindex:-1)
2023-04-12 16:14:12,734 [INFO] PluginManage:310 - Check plugin updater
2023-04-12 16:14:12,752 [INFO] PluginManage:359 - Loaded plugin updater (category:base,tabindex:12)
2023-04-12 16:14:12,752 [INFO] PluginManage:283 - PluginManage : Loaded plugins [15]
2023-04-12 16:14:13,255 [INFO] PinOutPanel:1499 - setPackage(No Configuration,No Configuration)
2023-04-12 16:14:13,318 [INFO] CADModel:165 - CPN selected for project level
2023-04-12 16:14:13,318 [INFO] CADModel:114 - Register for checkConnection events
2023-04-12 16:14:13,345 [INFO] IPUIPlugin:80 - create IPUIPlugin
2023-04-12 16:14:13,345 [INFO] PluginManager:220 - loadIPPluginJar : add tsc
2023-04-12 16:14:13,350 [INFO] IPUIPlugin:80 - create IPUIPlugin
2023-04-12 16:14:13,350 [INFO] PluginManager:220 - loadIPPluginJar : add hash
2023-04-12 16:14:13,368 [INFO] IPUIPlugin:80 - create IPUIPlugin
2023-04-12 16:14:13,368 [INFO] PluginManager:220 - loadIPPluginJar : add fmc
2023-04-12 16:14:13,370 [INFO] IPUIPlugin:80 - create IPUIPlugin
2023-04-12 16:14:13,371 [INFO] PluginManager:220 - loadIPPluginJar : add aes
2023-04-12 16:14:13,386 [INFO] IPUIPlugin:80 - create IPUIPlugin
2023-04-12 16:14:13,386 [INFO] PluginManager:220 - loadIPPluginJar : add gic
2023-04-12 16:14:13,389 [INFO] IPUIPlugin:80 - create IPUIPlugin
2023-04-12 16:14:13,389 [INFO] PluginManager:220 - loadIPPluginJar : add opamp
2023-04-12 16:14:13,393 [INFO] IPUIPlugin:80 - create IPUIPlugin
2023-04-12 16:14:13,394 [INFO] PluginManager:220 - loadIPPluginJar : add ts
2023-04-12 16:14:13,401 [INFO] IPUIPlugin:80 - create IPUIPlugin
2023-04-12 16:14:13,401 [INFO] PluginManager:220 - loadIPPluginJar : add fatfs
2023-04-12 16:14:13,403 [INFO] IPUIPlugin:80 - create IPUIPlugin
2023-04-12 16:14:13,403 [INFO] PluginManager:220 - loadIPPluginJar : add can
2023-04-12 16:14:13,405 [INFO] IPUIPlugin:80 - create IPUIPlugin
2023-04-12 16:14:13,405 [INFO] PluginManager:220 - loadIPPluginJar : add tracer_emb
2023-04-12 16:14:13,411 [INFO] IPUIPlugin:80 - create IPUIPlugin
2023-04-12 16:14:13,411 [INFO] PluginManager:220 - loadIPPluginJar : add gpio
2023-04-12 16:14:13,414 [INFO] IPUIPlugin:80 - create IPUIPlugin
2023-04-12 16:14:13,414 [INFO] PluginManager:220 - loadIPPluginJar : add ucpd
2023-04-12 16:14:13,421 [INFO] IPUIPlugin:80 - create IPUIPlugin
2023-04-12 16:14:13,421 [INFO] PluginManager:220 - loadIPPluginJar : add mdma
2023-04-12 16:14:13,424 [INFO] IPUIPlugin:80 - create IPUIPlugin
2023-04-12 16:14:13,424 [INFO] PluginManager:220 - loadIPPluginJar : add pdm2pcm
2023-04-12 16:14:13,425 [INFO] IPUIPlugin:80 - create IPUIPlugin
2023-04-12 16:14:13,425 [INFO] PluginManager:220 - loadIPPluginJar : add genericplugin
2023-04-12 16:14:13,429 [INFO] IPUIPlugin:80 - create IPUIPlugin
2023-04-12 16:14:13,429 [INFO] PluginManager:220 - loadIPPluginJar : add openamp
2023-04-12 16:14:13,430 [INFO] IPUIPlugin:80 - create IPUIPlugin
2023-04-12 16:14:13,431 [INFO] PluginManager:220 - loadIPPluginJar : add ltdc
2023-04-12 16:14:13,433 [INFO] IPUIPlugin:80 - create IPUIPlugin
2023-04-12 16:14:13,434 [INFO] PluginManager:220 - loadIPPluginJar : add i3c
2023-04-12 16:14:13,436 [INFO] IPUIPlugin:80 - create IPUIPlugin
2023-04-12 16:14:13,436 [INFO] PluginManager:220 - loadIPPluginJar : add sai
2023-04-12 16:14:13,438 [INFO] IPUIPlugin:80 - create IPUIPlugin
2023-04-12 16:14:13,439 [INFO] PluginManager:220 - loadIPPluginJar : add dfsdm
2023-04-12 16:14:13,441 [INFO] IPUIPlugin:80 - create IPUIPlugin
2023-04-12 16:14:13,442 [INFO] PluginManager:220 - loadIPPluginJar : add cryp
2023-04-12 16:14:13,443 [INFO] IPUIPlugin:80 - create IPUIPlugin
2023-04-12 16:14:13,443 [INFO] PluginManager:220 - loadIPPluginJar : add tim
2023-04-12 16:14:13,451 [INFO] IPUIPlugin:80 - create IPUIPlugin
2023-04-12 16:14:13,451 [INFO] PluginManager:220 - loadIPPluginJar : add linkedlist
2023-04-12 16:14:13,455 [INFO] IPUIPlugin:80 - create IPUIPlugin
2023-04-12 16:14:13,456 [INFO] PluginManager:220 - loadIPPluginJar : add nvic
2023-04-12 16:14:13,458 [INFO] IPUIPlugin:80 - create IPUIPlugin
2023-04-12 16:14:13,458 [INFO] PluginManager:220 - loadIPPluginJar : add spi
2023-04-12 16:14:13,461 [INFO] IPUIPlugin:80 - create IPUIPlugin
2023-04-12 16:14:13,461 [INFO] PluginManager:220 - loadIPPluginJar : add lorawan
2023-04-12 16:14:13,467 [INFO] IPUIPlugin:80 - create IPUIPlugin
2023-04-12 16:14:13,467 [INFO] PluginManager:220 - loadIPPluginJar : add dma
2023-04-12 16:14:13,470 [INFO] IPUIPlugin:80 - create IPUIPlugin
2023-04-12 16:14:13,471 [INFO] PluginManager:220 - loadIPPluginJar : add gfxmmu
2023-04-12 16:14:13,472 [INFO] IPUIPlugin:80 - create IPUIPlugin
2023-04-12 16:14:13,473 [INFO] PluginManager:220 - loadIPPluginJar : add quadspi
2023-04-12 16:14:13,475 [INFO] IPUIPlugin:80 - create IPUIPlugin
2023-04-12 16:14:13,475 [INFO] PluginManager:220 - loadIPPluginJar : add i2c
2023-04-12 16:14:13,477 [INFO] IPUIPlugin:80 - create IPUIPlugin
2023-04-12 16:14:13,477 [INFO] PluginManager:220 - loadIPPluginJar : add usart
2023-04-12 16:14:13,480 [INFO] IPUIPlugin:80 - create IPUIPlugin
2023-04-12 16:14:13,480 [INFO] PluginManager:220 - loadIPPluginJar : add ipddr
2023-04-12 16:14:13,482 [INFO] IPUIPlugin:80 - create IPUIPlugin
2023-04-12 16:14:13,483 [INFO] PluginManager:220 - loadIPPluginJar : add i2s
2023-04-12 16:14:13,501 [INFO] IPUIPlugin:80 - create IPUIPlugin
2023-04-12 16:14:13,501 [INFO] PluginManager:220 - loadIPPluginJar : add usbx
2023-04-12 16:14:13,506 [INFO] IPUIPlugin:80 - create IPUIPlugin
2023-04-12 16:14:13,506 [INFO] PluginManager:220 - loadIPPluginJar : add stm32_wpan
2023-04-12 16:14:13,511 [INFO] IPUIPlugin:80 - create IPUIPlugin
2023-04-12 16:14:13,511 [INFO] PluginManager:220 - loadIPPluginJar : add adc
2023-04-12 16:14:13,513 [INFO] IPUIPlugin:80 - create IPUIPlugin
2023-04-12 16:14:13,513 [INFO] PluginManager:220 - loadIPPluginJar : add gtzc
2023-04-12 16:14:13,515 [INFO] IPUIPlugin:80 - create IPUIPlugin
2023-04-12 16:14:13,516 [INFO] PluginManager:220 - loadIPPluginJar : add dma3
2023-04-12 16:14:13,517 [INFO] IPUIPlugin:80 - create IPUIPlugin
2023-04-12 16:14:13,517 [INFO] PluginManager:220 - loadIPPluginJar : add comp
2023-04-12 16:14:13,523 [INFO] IPUIPlugin:80 - create IPUIPlugin
2023-04-12 16:14:13,525 [INFO] PluginManager:220 - loadIPPluginJar : add plateformsettings
2023-04-12 16:14:13,531 [INFO] IPUIPlugin:80 - create IPUIPlugin
2023-04-12 16:14:13,531 [INFO] PluginManager:220 - loadIPPluginJar : add freertos
2023-04-12 16:14:13,548 [INFO] IPUIPlugin:80 - create IPUIPlugin
2023-04-12 16:14:13,548 [INFO] PluginManager:220 - loadIPPluginJar : add touchsensing
2023-04-12 16:14:13,552 [INFO] IPUIPlugin:80 - create IPUIPlugin
2023-04-12 16:14:13,553 [INFO] PluginManager:220 - loadIPPluginJar : add resmgrutility
2023-04-12 16:14:13,656 [INFO] CADModel:165 - CPN selected for project level
2023-04-12 16:14:13,656 [INFO] CADModel:114 - Register for checkConnection events
2023-04-12 16:14:13,657 [FATAL] Updater:308 - Updater called before beeing initialized
2023-04-12 16:14:13,657 [ERROR] CADModel:125 - Updater not yet initialized, retry later 
2023-04-12 16:14:13,796 [INFO] CADModel:165 - CPN selected for project level
2023-04-12 16:14:13,796 [INFO] CADModel:114 - Register for checkConnection events
2023-04-12 16:14:13,796 [FATAL] Updater:308 - Updater called before beeing initialized
2023-04-12 16:14:13,796 [ERROR] CADModel:125 - Updater not yet initialized, retry later 
2023-04-12 16:14:13,799 [FATAL] Updater:308 - Updater called before beeing initialized
2023-04-12 16:14:13,889 [FATAL] Updater:308 - Updater called before beeing initialized
2023-04-12 16:14:13,896 [INFO] DbMcusAds:53 - JSON generation date=Tue Mar 07 09:50:55 CET 2023 (1678179055335)
2023-04-12 16:14:13,896 [FATAL] Updater:308 - Updater called before beeing initialized
2023-04-12 16:14:13,939 [WARN] DetailPanel:346 - Failed to get advertising image, set to default
2023-04-12 16:14:14,040 [FATAL] Updater:308 - Updater called before beeing initialized
2023-04-12 16:14:14,042 [FATAL] Updater:308 - Updater called before beeing initialized
2023-04-12 16:14:14,042 [FATAL] Updater:308 - Updater called before beeing initialized
2023-04-12 16:14:14,042 [WARN] DetailPanel:346 - Failed to get advertising image, set to default
2023-04-12 16:14:14,043 [FATAL] Updater:308 - Updater called before beeing initialized
2023-04-12 16:14:14,073 [ERROR] Updater:1120 - MainUpdater not yet initialized. External WinMGr cannot be set.
2023-04-12 16:14:14,075 [INFO] Updater:1056 - Updater Version found : 6.8.0
2023-04-12 16:14:14,120 [INFO] ApplicationProperties:184 - Using Application install path: /home/patryk/st/stm32cubeide_1.12.0/plugins/com.st.stm32cube.common.mx_6.8.0.202302231600
2023-04-12 16:14:14,202 [INFO] MainUpdater:2854 - connection check result : 10
2023-04-12 16:14:14,203 [INFO] MainUpdater:283 - Updater Check For Update Now.
2023-04-12 16:14:14,203 [INFO] MicroXplorer:498 - Change Database Version : DB.6.0.80
2023-04-12 16:14:14,402 [INFO] CheckServerUpdateThread:120 - End of CheckServer Thread
2023-04-12 16:14:14,409 [INFO] MainUpdater:2854 - connection check result : 10
2023-04-12 16:14:14,896 [INFO] ApiDb:581 - Connected to CubeFinder SQLite database (/home/patryk/.stmcufinder/plugins/mcufinder/mcu/cube-finder-db.db)
2023-04-12 16:14:15,019 [INFO] ApiDb:668 - CubeFinder database Data Model version=2.1
2023-04-12 16:14:15,020 [INFO] ApiDb:669 - CubeFinder database Configuration version=3.0.35
2023-04-12 16:14:15,025 [INFO] ApiDb:670 - CubeFinder database generation date=2023-03-10 (1678456172)
2023-04-12 16:14:15,026 [INFO] ApiDb:671 - CubeFinder database FW Pack versions=[FP-ATR-ASTRA1_V1.1.1, STM32Cube_FW_C0_V1.0.1, STM32Cube_FW_F0_V1.11.4, STM32Cube_FW_F3_V1.11.4, STM32Cube_FW_F4_V1.27.1, STM32Cube_FW_F7_V1.17.0, STM32Cube_FW_G0_V1.6.1, STM32Cube_FW_G4_V1.5.1, STM32Cube_FW_H5_V0.5.1, STM32Cube_FW_H5_V1.0.0, STM32Cube_FW_H7_V1.11.0, STM32Cube_FW_L0_V1.12.2, STM32Cube_FW_L5_V1.5.0, STM32Cube_FW_U5_V1.2.0, STM32Cube_FW_WBA_V1.0.0, STM32Cube_FW_WBA_V1.0.0RC1, STM32Cube_FW_WBA_V1.0.0RC3, STM32Cube_FW_WB_V1.15.0RC1, STM32Cube_FW_WB_V1.16.0, STM32Cube_FW_WB_V1.16.0RC2, STM32Cube_FW_WL_V1.3.0, X-CUBE-ALGOBUILD_V1.3.0, X-CUBE-ALS_V1.0.1, X-CUBE-AZRTOS-F4_V1.1.0, X-CUBE-AZRTOS-F7_V1.1.0, X-CUBE-AZRTOS-G0_V1.1.0, X-CUBE-AZRTOS-G4_V1.0.0, X-CUBE-AZRTOS-H7_V3.0.0, X-CUBE-AZRTOS-L4_V1.0.0, X-CUBE-AZRTOS-L5_V1.1.0, X-CUBE-AZRTOS-WB_V1.1.0, X-CUBE-AZRTOS-WL_V1.0.0, X-CUBE-BLE1_V6.2.4, X-CUBE-BLE2_V3.3.0, X-CUBE-BLEMGR_V1.3.0, X-CUBE-EEPRMA1_V4.1.0, X-CUBE-GNSS1_V6.0.0, X-CUBE-MEMS1_V9.1.0, X-CUBE-MEMS1_V9.4.0, X-CUBE-MEMS1_V9.5.0, X-CUBE-NFC4_V3.0.0, X-CUBE-NFC7_V1.0.0, X-CUBE-SFXS2LP1_V4.0.0, X-CUBE-SUBG2_V5.0.0]
2023-04-12 16:14:15,241 [INFO] DbBoardsSqlite:226 - include board P-NUCLEO-WB55-NUCLEO as a kit item of type 'Nucleo-64'
2023-04-12 16:14:15,241 [INFO] DbBoardsSqlite:226 - include board P-NUCLEO-WB55-USBDONGLE as a kit item of type 'Nucleo USB Dongle'
2023-04-12 16:14:15,243 [INFO] DbBoardsSqlite:226 - include board STEVAL-IDP005V1 as a kit item of type 'Evaluation Board'
2023-04-12 16:14:15,244 [INFO] DbBoardsSqlite:226 - include board STEVAL-IDP005V2 as a kit item of type 'Evaluation Board'
2023-04-12 16:14:15,477 [INFO] ApiDb:240 - Found 297 in-development CPN: [B-G473E-ZEST1S, B-WB1M-WPAN1, B-WL5M-SUBG1, NUCLEO-C031C6, NUCLEO-H503RB, NUCLEO-H563ZI, NUCLEO-U545RE-Q, NUCLEO-U5A5ZJ-Q, NUCLEO-WBA52CG, STEVAL-PROTEUS1, STEVAL-STWINBX1, STM320518-EVAL, STM32C0116-DK, STM32C011D6Y3TR, STM32C011D6Y6TR, STM32C011F4P3, STM32C011F4P6, STM32C011F4U3, STM32C011F4U6TR, STM32C011F6P3, STM32C011F6P6, STM32C011F6U3, STM32C011F6U6TR, STM32C011J4M3, STM32C011J4M6, STM32C011J6M3, STM32C011J6M6, STM32C0316-DK, STM32C031C4T3, STM32C031C4T6, STM32C031C4U3, STM32C031C4U6, STM32C031C6T3, STM32C031C6T6, STM32C031C6U3, STM32C031C6U6, STM32C031F4P3, STM32C031F4P6, STM32C031F6P3, STM32C031F6P6, STM32C031G4U3, STM32C031G4U6, STM32C031G6U3, STM32C031G6U6, STM32C031K4T3, STM32C031K4T6, STM32C031K4U3, STM32C031K4U6, STM32C031K6T3, STM32C031K6T6, STM32C031K6U3, STM32C031K6U6, STM32G071K8TXN, STM32G071K8UXN, STM32G081GBU6N, STM32G081KBT6N, STM32G081KBUXN, STM32G0B1CCT6N, STM32G0B1KCT6, STM32G0B1NEY6TR, STM32G0B1RCT6N, STM32G0C1CCT6, STM32G0C1CCT6N, STM32G0C1CCU6N, STM32G0C1CET6N, STM32G0C1CEU6N, STM32G0C1KCT6, STM32G0C1NEY6TR, STM32G0C1RCI6N, STM32G0C1RCT6N, STM32G0C1REI6N, STM32G0C1RET6N, STM32G0C1VCI6, STM32G0C1VEI6, STM32G471CCT6, STM32G471CCU6, STM32G471CET3, STM32G471CET6, STM32G471CEU3, STM32G471CEU6, STM32G471MCT6, STM32G471MET3, STM32G471MET6, STM32G471MEY6TR, STM32G471QCT6, STM32G471QET3, STM32G471RCT6, STM32G471RET3, STM32G471RET6, STM32G471VCH6, STM32G471VCI6, STM32G471VCT6, STM32G471VEH3, STM32G471VEH6, STM32G471VEI3, STM32G471VEI6, STM32G471VET3, STM32G471VET6, STM32G474CCT6, STM32H503CBT6, STM32H503CBU6, STM32H503EBY6TR, STM32H503KBU6, STM32H503RBT6, STM32H562AGI6, STM32H562AII6, STM32H562IGK6, STM32H562IGT6, STM32H562IIK6, STM32H562IIT6, STM32H562RGT6, STM32H562RGV6, STM32H562RIT6, STM32H562RIV6, STM32H562VGT6, STM32H562VIT6, STM32H562ZGT6, STM32H562ZIT6, STM32H563AGI6, STM32H563AII3Q, STM32H563AII6, STM32H563IGK6, STM32H563IGT6, STM32H563IIK3Q, STM32H563IIK6, STM32H563IIT3Q, STM32H563IIT6, STM32H563MIY3QTR, STM32H563RGT6, STM32H563RGV6, STM32H563RIT6, STM32H563RIV6, STM32H563VGT6, STM32H563VIT3Q, STM32H563VIT6, STM32H563ZGT6, STM32H563ZIT3Q, STM32H563ZIT6, STM32H573AII3Q, STM32H573AII6, STM32H573I-DK, STM32H573IIK3Q, STM32H573IIK6, STM32H573IIT3Q, STM32H573IIT6, STM32H573MIY3QTR, STM32H573RIT6, STM32H573RIV6, STM32H573VIT3Q, STM32H573VIT6, STM32H573ZIT3Q, STM32H573ZIT6, STM32L4R5QGI6STR, STM32MP131AAE3, STM32MP131AAF3, STM32MP131AAG3, STM32MP131CAE3, STM32MP131CAF3, STM32MP131CAG3, STM32MP131DAE7, STM32MP131DAF7, STM32MP131DAG7, STM32MP131FAE7, STM32MP131FAF7, STM32MP131FAG7, STM32MP133AAE3, STM32MP133AAF3, STM32MP133AAG3, STM32MP133CAE3, STM32MP133CAF3, STM32MP133CAG3, STM32MP133DAE7, STM32MP133DAF7, STM32MP133DAG7, STM32MP133FAE7, STM32MP133FAF7, STM32MP133FAG7, STM32MP135AAE3, STM32MP135AAF3, STM32MP135AAG3, STM32MP135CAE3, STM32MP135CAF3, STM32MP135CAG3, STM32MP135DAE7, STM32MP135DAF7, STM32MP135DAG7, STM32MP135F-DK, STM32MP135FAE7, STM32MP135FAF7, STM32MP135FAF7T, STM32MP135FAF7U, STM32MP135FAG7, STM32U535CBT6, STM32U535CBT6Q, STM32U535CBU6, STM32U535CBU6Q, STM32U535CCT6, STM32U535CCT6Q, STM32U535CCU6, STM32U535CCU6Q, STM32U535CET6, STM32U535CET6Q, STM32U535CEU6, STM32U535CEU6Q, STM32U535JEY6QTR, STM32U535NCY6QTR, STM32U535NEY6QTR, STM32U535RBI6, STM32U535RBI6Q, STM32U535RBT6, STM32U535RBT6Q, STM32U535RCI6, STM32U535RCI6Q, STM32U535RCT6, STM32U535RCT6Q, STM32U535REI6, STM32U535REI6Q, STM32U535RET6, STM32U535RET6Q, STM32U535VCI6, STM32U535VCI6Q, STM32U535VCT6, STM32U535VCT6Q, STM32U535VEI6, STM32U535VEI6Q, STM32U535VET6, STM32U535VET6Q, STM32U545CET6, STM32U545CET6Q, STM32U545CEU6, STM32U545CEU6Q, STM32U545JEY6QTR, STM32U545NEY6QTR, STM32U545REI6, STM32U545REI6Q, STM32U545RET6, STM32U545RET6Q, STM32U545VEI6, STM32U545VEI6Q, STM32U545VET6, STM32U545VET6Q, STM32U595AIH6, STM32U595AIH6Q, STM32U595AJH6, STM32U595AJH6Q, STM32U595QII6, STM32U595QII6Q, STM32U595QJI6, STM32U595QJI6Q, STM32U595RIT6, STM32U595RIT6Q, STM32U595RJT6, STM32U595RJT6Q, STM32U595VIT6, STM32U595VIT6Q, STM32U595VJT6, STM32U595VJT6Q, STM32U595ZIT6, STM32U595ZIT6Q, STM32U595ZIY6QTR, STM32U595ZJT6, STM32U595ZJT6Q, STM32U595ZJY6QTR, STM32U599BJY6QTR, STM32U599NIH6Q, STM32U599NJH6Q, STM32U599VIT6Q, STM32U599VJT6, STM32U599VJT6Q, STM32U599ZIT6Q, STM32U599ZIY6QTR, STM32U599ZJT6Q, STM32U599ZJY6QTR, STM32U5A5AJH6, STM32U5A5AJH6Q, STM32U5A5QJI6, STM32U5A5QJI6Q, STM32U5A5RJT6, STM32U5A5RJT6Q, STM32U5A5VJT6, STM32U5A5VJT6Q, STM32U5A5ZJT6, STM32U5A5ZJT6Q, STM32U5A5ZJY6QTR, STM32U5A9BJY6QTR, STM32U5A9J-DK, STM32U5A9NJH6Q, STM32U5A9VJT6Q, STM32U5A9ZJT6Q, STM32U5A9ZJY6QTR, STM32WB1MMCH6, STM32WBA52CEU6, STM32WBA52CEU6T, STM32WBA52CGU6, STM32WBA52CGU6T, STM32WL5MOCH6, STM32WL5MOCH6TR]
2023-04-12 16:14:15,599 [INFO] BoardInfo:880 - No configuration file found for board P-NUCLEO-WB55
2023-04-12 16:14:15,601 [INFO] DbBoards:157 - Kit is not supported: P-NUCLEO-WB55
2023-04-12 16:14:15,604 [INFO] BoardInfo:880 - No configuration file found for board STEVAL-BFA001V1B
2023-04-12 16:14:15,604 [INFO] DbBoards:157 - Kit is not supported: STEVAL-BFA001V1B
2023-04-12 16:14:15,605 [INFO] BoardInfo:880 - No configuration file found for board STEVAL-BFA001V2B
2023-04-12 16:14:15,605 [INFO] DbBoards:157 - Kit is not supported: STEVAL-BFA001V2B
2023-04-12 16:14:15,697 [WARN] PackLoader:240 - Cannot read IP mode file for STMicroelectronics.X-CUBE-GNSS1.6.0.0
2023-04-12 16:14:15,705 [INFO] DbBoards:161 - Found 187 boards, 184 are supported
2023-04-12 16:14:15,709 [INFO] ApiDb:668 - CubeFinder database Data Model version=2.1
2023-04-12 16:14:15,709 [INFO] ApiDb:669 - CubeFinder database Configuration version=3.0.35
2023-04-12 16:14:15,709 [INFO] ApiDb:670 - CubeFinder database generation date=2023-03-10 (1678456172)
2023-04-12 16:14:15,709 [INFO] ApiDb:671 - CubeFinder database FW Pack versions=[FP-ATR-ASTRA1_V1.1.1, STM32Cube_FW_C0_V1.0.1, STM32Cube_FW_F0_V1.11.4, STM32Cube_FW_F3_V1.11.4, STM32Cube_FW_F4_V1.27.1, STM32Cube_FW_F7_V1.17.0, STM32Cube_FW_G0_V1.6.1, STM32Cube_FW_G4_V1.5.1, STM32Cube_FW_H5_V0.5.1, STM32Cube_FW_H5_V1.0.0, STM32Cube_FW_H7_V1.11.0, STM32Cube_FW_L0_V1.12.2, STM32Cube_FW_L5_V1.5.0, STM32Cube_FW_U5_V1.2.0, STM32Cube_FW_WBA_V1.0.0, STM32Cube_FW_WBA_V1.0.0RC1, STM32Cube_FW_WBA_V1.0.0RC3, STM32Cube_FW_WB_V1.15.0RC1, STM32Cube_FW_WB_V1.16.0, STM32Cube_FW_WB_V1.16.0RC2, STM32Cube_FW_WL_V1.3.0, X-CUBE-ALGOBUILD_V1.3.0, X-CUBE-ALS_V1.0.1, X-CUBE-AZRTOS-F4_V1.1.0, X-CUBE-AZRTOS-F7_V1.1.0, X-CUBE-AZRTOS-G0_V1.1.0, X-CUBE-AZRTOS-G4_V1.0.0, X-CUBE-AZRTOS-H7_V3.0.0, X-CUBE-AZRTOS-L4_V1.0.0, X-CUBE-AZRTOS-L5_V1.1.0, X-CUBE-AZRTOS-WB_V1.1.0, X-CUBE-AZRTOS-WL_V1.0.0, X-CUBE-BLE1_V6.2.4, X-CUBE-BLE2_V3.3.0, X-CUBE-BLEMGR_V1.3.0, X-CUBE-EEPRMA1_V4.1.0, X-CUBE-GNSS1_V6.0.0, X-CUBE-MEMS1_V9.1.0, X-CUBE-MEMS1_V9.4.0, X-CUBE-MEMS1_V9.5.0, X-CUBE-NFC4_V3.0.0, X-CUBE-NFC7_V1.0.0, X-CUBE-SFXS2LP1_V4.0.0, X-CUBE-SUBG2_V5.0.0]
2023-04-12 16:14:15,748 [WARN] PackLoader:240 - Cannot read IP mode file for STMicroelectronics.X-CUBE-AZRTOS-F4.1.1.0
2023-04-12 16:14:15,757 [WARN] PackLoader:240 - Cannot read IP mode file for wolfSSL.I-CUBE-wolfSSL.5.6.0
2023-04-12 16:14:15,778 [WARN] PackLoader:240 - Cannot read IP mode file for STMicroelectronics.X-CUBE-AZRTOS-F7.1.1.0
2023-04-12 16:14:15,791 [WARN] PackLoader:240 - Cannot read IP mode file for STMicroelectronics.X-CUBE-BLE1.6.2.4
2023-04-12 16:14:15,801 [WARN] PackLoader:240 - Cannot read IP mode file for emotas.I-CUBE-CANOPEN.1.1.3
2023-04-12 16:14:15,809 [WARN] PackLoader:240 - Cannot read IP mode file for STMicroelectronics.X-CUBE-BLEMGR.2.0.0
2023-04-12 16:14:15,823 [WARN] PackLoader:240 - Cannot read IP mode file for STMicroelectronics.X-CUBE-DISPLAY.3.0.0
2023-04-12 16:14:15,837 [WARN] PackLoader:240 - Cannot read IP mode file for STMicroelectronics.X-CUBE-NFC7.1.0.0
2023-04-12 16:14:15,852 [WARN] PackLoader:240 - Cannot read IP mode file for STMicroelectronics.X-CUBE-EEPRMA1.4.1.0
2023-04-12 16:14:15,879 [WARN] PackLoader:240 - Cannot read IP mode file for WES.I-CUBE-Cesium.1.3.0
2023-04-12 16:14:15,884 [WARN] PackLoader:240 - Cannot read IP mode file for STMicroelectronics.X-CUBE-SFXS2LP1.4.0.0
2023-04-12 16:14:15,893 [WARN] PackLoader:240 - Cannot read IP mode file for STMicroelectronics.X-CUBE-BLE2.3.3.0
2023-04-12 16:14:15,940 [WARN] PackLoader:240 - Cannot read IP mode file for STMicroelectronics.X-CUBE-AZRTOS-H7.3.0.0
2023-04-12 16:14:15,964 [WARN] PackLoader:240 - Cannot read IP mode file for STMicroelectronics.X-CUBE-ISPU.1.1.0
2023-04-12 16:14:15,971 [WARN] PackLoader:240 - Cannot read IP mode file for RoweBots.I-CUBE-UNISONRTOS.5.5.0-4
2023-04-12 16:14:15,984 [WARN] PackLoader:240 - Cannot read IP mode file for STMicroelectronics.X-CUBE-AI.8.0.0
2023-04-12 16:14:15,987 [WARN] PackLoader:240 - Cannot read IP mode file for STMicroelectronics.X-CUBE-FREERTOS.1.0.0
2023-04-12 16:14:15,990 [WARN] PackLoader:240 - Cannot read IP mode file for STMicroelectronics.X-CUBE-TOUCHGFX.4.21.3
2023-04-12 16:14:15,994 [WARN] PackLoader:240 - Cannot read IP mode file for STMicroelectronics.X-CUBE-ALGOBUILD.1.3.0
2023-04-12 16:14:16,011 [WARN] PackLoader:240 - Cannot read IP mode file for STMicroelectronics.X-CUBE-AZRTOS-L5.1.1.0
2023-04-12 16:14:16,031 [WARN] PackLoader:240 - Cannot read IP mode file for STMicroelectronics.X-CUBE-AZRTOS-G0.1.1.0
2023-04-12 16:14:16,057 [WARN] PackLoader:240 - Cannot read IP mode file for STMicroelectronics.X-CUBE-SUBG2.5.0.0
2023-04-12 16:14:16,081 [WARN] PackLoader:240 - Cannot read IP mode file for STMicroelectronics.X-CUBE-NFC4.3.0.0
2023-04-12 16:14:16,102 [WARN] PackLoader:240 - Cannot read IP mode file for STMicroelectronics.X-CUBE-TOF1.3.3.0
2023-04-12 16:14:16,128 [WARN] PackLoader:240 - Cannot read IP mode file for STMicroelectronics.FP-ATR-ASTRA1.1.1.1
2023-04-12 16:14:16,155 [WARN] PackLoader:240 - Cannot read IP mode file for STMicroelectronics.X-CUBE-AZRTOS-G4.1.0.0
2023-04-12 16:14:16,160 [WARN] PackLoader:240 - Cannot read IP mode file for STMicroelectronics.FP-ATR-SIGFOX1.3.2.0
2023-04-12 16:14:16,183 [WARN] PackLoader:240 - Cannot read IP mode file for STMicroelectronics.X-CUBE-AZRTOS-L4.1.0.0
2023-04-12 16:14:16,207 [WARN] PackLoader:240 - Cannot read IP mode file for STMicroelectronics.X-CUBE-AZRTOS-WL.1.0.0
2023-04-12 16:14:16,214 [WARN] PackLoader:240 - Cannot read IP mode file for portGmbH.I-Cube-SoM-uGOAL.1.1.0
2023-04-12 16:14:16,231 [WARN] PackLoader:240 - Cannot read IP mode file for STMicroelectronics.X-CUBE-ALS.1.0.1
2023-04-12 16:14:16,289 [WARN] PackLoader:240 - Cannot read IP mode file for STMicroelectronics.X-CUBE-MEMS1.9.5.0
2023-04-12 16:14:16,636 [WARN] PackLoader:240 - Cannot read IP mode file for STMicroelectronics.X-CUBE-AZRTOS-WB.1.1.0
2023-04-12 16:14:16,679 [WARN] PackLoader:240 - Cannot read IP mode file for SEGGER.I-CUBE-embOS.1.3.1
2023-04-12 16:14:16,751 [INFO] ThirdParty:978 - Integrity check success = true
2023-04-12 16:14:16,751 [INFO] IntegrityCheckThread:100 - exiting critical section [integrity check]
2023-04-12 16:14:16,751 [INFO] IntegrityCheckThread:103 - End integrity checks thread
2023-04-12 16:14:18,206 [INFO] ApiDb:240 - Found 297 in-development CPN: [B-G473E-ZEST1S, B-WB1M-WPAN1, B-WL5M-SUBG1, NUCLEO-C031C6, NUCLEO-H503RB, NUCLEO-H563ZI, NUCLEO-U545RE-Q, NUCLEO-U5A5ZJ-Q, NUCLEO-WBA52CG, STEVAL-PROTEUS1, STEVAL-STWINBX1, STM320518-EVAL, STM32C0116-DK, STM32C011D6Y3TR, STM32C011D6Y6TR, STM32C011F4P3, STM32C011F4P6, STM32C011F4U3, STM32C011F4U6TR, STM32C011F6P3, STM32C011F6P6, STM32C011F6U3, STM32C011F6U6TR, STM32C011J4M3, STM32C011J4M6, STM32C011J6M3, STM32C011J6M6, STM32C0316-DK, STM32C031C4T3, STM32C031C4T6, STM32C031C4U3, STM32C031C4U6, STM32C031C6T3, STM32C031C6T6, STM32C031C6U3, STM32C031C6U6, STM32C031F4P3, STM32C031F4P6, STM32C031F6P3, STM32C031F6P6, STM32C031G4U3, STM32C031G4U6, STM32C031G6U3, STM32C031G6U6, STM32C031K4T3, STM32C031K4T6, STM32C031K4U3, STM32C031K4U6, STM32C031K6T3, STM32C031K6T6, STM32C031K6U3, STM32C031K6U6, STM32G071K8TXN, STM32G071K8UXN, STM32G081GBU6N, STM32G081KBT6N, STM32G081KBUXN, STM32G0B1CCT6N, STM32G0B1KCT6, STM32G0B1NEY6TR, STM32G0B1RCT6N, STM32G0C1CCT6, STM32G0C1CCT6N, STM32G0C1CCU6N, STM32G0C1CET6N, STM32G0C1CEU6N, STM32G0C1KCT6, STM32G0C1NEY6TR, STM32G0C1RCI6N, STM32G0C1RCT6N, STM32G0C1REI6N, STM32G0C1RET6N, STM32G0C1VCI6, STM32G0C1VEI6, STM32G471CCT6, STM32G471CCU6, STM32G471CET3, STM32G471CET6, STM32G471CEU3, STM32G471CEU6, STM32G471MCT6, STM32G471MET3, STM32G471MET6, STM32G471MEY6TR, STM32G471QCT6, STM32G471QET3, STM32G471RCT6, STM32G471RET3, STM32G471RET6, STM32G471VCH6, STM32G471VCI6, STM32G471VCT6, STM32G471VEH3, STM32G471VEH6, STM32G471VEI3, STM32G471VEI6, STM32G471VET3, STM32G471VET6, STM32G474CCT6, STM32H503CBT6, STM32H503CBU6, STM32H503EBY6TR, STM32H503KBU6, STM32H503RBT6, STM32H562AGI6, STM32H562AII6, STM32H562IGK6, STM32H562IGT6, STM32H562IIK6, STM32H562IIT6, STM32H562RGT6, STM32H562RGV6, STM32H562RIT6, STM32H562RIV6, STM32H562VGT6, STM32H562VIT6, STM32H562ZGT6, STM32H562ZIT6, STM32H563AGI6, STM32H563AII3Q, STM32H563AII6, STM32H563IGK6, STM32H563IGT6, STM32H563IIK3Q, STM32H563IIK6, STM32H563IIT3Q, STM32H563IIT6, STM32H563MIY3QTR, STM32H563RGT6, STM32H563RGV6, STM32H563RIT6, STM32H563RIV6, STM32H563VGT6, STM32H563VIT3Q, STM32H563VIT6, STM32H563ZGT6, STM32H563ZIT3Q, STM32H563ZIT6, STM32H573AII3Q, STM32H573AII6, STM32H573I-DK, STM32H573IIK3Q, STM32H573IIK6, STM32H573IIT3Q, STM32H573IIT6, STM32H573MIY3QTR, STM32H573RIT6, STM32H573RIV6, STM32H573VIT3Q, STM32H573VIT6, STM32H573ZIT3Q, STM32H573ZIT6, STM32L4R5QGI6STR, STM32MP131AAE3, STM32MP131AAF3, STM32MP131AAG3, STM32MP131CAE3, STM32MP131CAF3, STM32MP131CAG3, STM32MP131DAE7, STM32MP131DAF7, STM32MP131DAG7, STM32MP131FAE7, STM32MP131FAF7, STM32MP131FAG7, STM32MP133AAE3, STM32MP133AAF3, STM32MP133AAG3, STM32MP133CAE3, STM32MP133CAF3, STM32MP133CAG3, STM32MP133DAE7, STM32MP133DAF7, STM32MP133DAG7, STM32MP133FAE7, STM32MP133FAF7, STM32MP133FAG7, STM32MP135AAE3, STM32MP135AAF3, STM32MP135AAG3, STM32MP135CAE3, STM32MP135CAF3, STM32MP135CAG3, STM32MP135DAE7, STM32MP135DAF7, STM32MP135DAG7, STM32MP135F-DK, STM32MP135FAE7, STM32MP135FAF7, STM32MP135FAF7T, STM32MP135FAF7U, STM32MP135FAG7, STM32U535CBT6, STM32U535CBT6Q, STM32U535CBU6, STM32U535CBU6Q, STM32U535CCT6, STM32U535CCT6Q, STM32U535CCU6, STM32U535CCU6Q, STM32U535CET6, STM32U535CET6Q, STM32U535CEU6, STM32U535CEU6Q, STM32U535JEY6QTR, STM32U535NCY6QTR, STM32U535NEY6QTR, STM32U535RBI6, STM32U535RBI6Q, STM32U535RBT6, STM32U535RBT6Q, STM32U535RCI6, STM32U535RCI6Q, STM32U535RCT6, STM32U535RCT6Q, STM32U535REI6, STM32U535REI6Q, STM32U535RET6, STM32U535RET6Q, STM32U535VCI6, STM32U535VCI6Q, STM32U535VCT6, STM32U535VCT6Q, STM32U535VEI6, STM32U535VEI6Q, STM32U535VET6, STM32U535VET6Q, STM32U545CET6, STM32U545CET6Q, STM32U545CEU6, STM32U545CEU6Q, STM32U545JEY6QTR, STM32U545NEY6QTR, STM32U545REI6, STM32U545REI6Q, STM32U545RET6, STM32U545RET6Q, STM32U545VEI6, STM32U545VEI6Q, STM32U545VET6, STM32U545VET6Q, STM32U595AIH6, STM32U595AIH6Q, STM32U595AJH6, STM32U595AJH6Q, STM32U595QII6, STM32U595QII6Q, STM32U595QJI6, STM32U595QJI6Q, STM32U595RIT6, STM32U595RIT6Q, STM32U595RJT6, STM32U595RJT6Q, STM32U595VIT6, STM32U595VIT6Q, STM32U595VJT6, STM32U595VJT6Q, STM32U595ZIT6, STM32U595ZIT6Q, STM32U595ZIY6QTR, STM32U595ZJT6, STM32U595ZJT6Q, STM32U595ZJY6QTR, STM32U599BJY6QTR, STM32U599NIH6Q, STM32U599NJH6Q, STM32U599VIT6Q, STM32U599VJT6, STM32U599VJT6Q, STM32U599ZIT6Q, STM32U599ZIY6QTR, STM32U599ZJT6Q, STM32U599ZJY6QTR, STM32U5A5AJH6, STM32U5A5AJH6Q, STM32U5A5QJI6, STM32U5A5QJI6Q, STM32U5A5RJT6, STM32U5A5RJT6Q, STM32U5A5VJT6, STM32U5A5VJT6Q, STM32U5A5ZJT6, STM32U5A5ZJT6Q, STM32U5A5ZJY6QTR, STM32U5A9BJY6QTR, STM32U5A9J-DK, STM32U5A9NJH6Q, STM32U5A9VJT6Q, STM32U5A9ZJT6Q, STM32U5A9ZJY6QTR, STM32WB1MMCH6, STM32WBA52CEU6, STM32WBA52CEU6T, STM32WBA52CGU6, STM32WBA52CGU6T, STM32WL5MOCH6, STM32WL5MOCH6TR]
2023-04-12 16:14:18,210 [INFO] DbMcus:216 - Found 3775 MCUs, 3775 are supported
2023-04-12 16:14:18,212 [INFO] ApiDb:423 - Load user favorites file /home/patryk/.stm32cubeide/favorites.mcus.txt: 0 item(s)
2023-04-12 16:14:18,212 [INFO] ApiDb:427 - User favorites MCUs=[]
2023-04-12 16:14:18,212 [INFO] DbMcus:222 - Set 0 / 0 favorites MCUs
2023-04-12 16:14:18,466 [INFO] ApiDb:423 - Load user favorites file /home/patryk/.stm32cubeide/favorites.boards.txt: 1 item(s)
2023-04-12 16:14:18,466 [INFO] ApiDb:427 - User favorites Boards=[NUCLEO-F303RE]
2023-04-12 16:14:18,466 [INFO] DbBoards:190 - Set 1 / 1 favorites Boards
2023-04-12 16:14:18,466 [INFO] McuFinderGlobals:66 - Set McuFinderConnectedMode to true
2023-04-12 16:14:18,473 [INFO] MultiScanPanel:200 - Auto-refresh data requested => check proxy status ongoing
2023-04-12 16:14:18,476 [INFO] FinderPluginLoader:95 - Searching for filters in installed packs
2023-04-12 16:14:19,852 [INFO] LoadUrlFilesThread:185 - End of LoadServerUrlFiles without Thread
2023-04-12 16:14:19,861 [INFO] DetailPanel:341 - Set advertising image to /home/patryk/STM32Cube/Repository//en.prom-stm32h5-mcu-finder.jpg
2023-04-12 16:14:23,748 [INFO] MultiScanPanel:200 - Auto-refresh data requested => check proxy status ongoing
2023-04-12 16:14:23,872 [INFO] LoadUrlFilesThread:185 - End of LoadServerUrlFiles without Thread
2023-04-12 16:14:23,872 [INFO] DetailPanel:341 - Set advertising image to /home/patryk/STM32Cube/Repository//en.prom-stm32h5-mcu-finder.jpg
2023-04-12 16:14:45,769 [INFO] McuFinderGlobals:66 - Set McuFinderConnectedMode to true
2023-04-12 16:14:45,775 [INFO] ApiDb:448 - Save user favorites file /home/patryk/.stm32cubeide/favorites.mcus.txt: 0 item(s)
2023-04-12 16:14:45,775 [INFO] ApiDb:452 - User favorites MCUs=[]
2023-04-12 16:14:45,778 [INFO] ApiDb:448 - Save user favorites file /home/patryk/.stm32cubeide/favorites.boards.txt: 1 item(s)
2023-04-12 16:14:45,779 [INFO] ApiDb:452 - User favorites Boards=[NUCLEO-F303RE]
2023-04-12 16:41:52,272 [INFO] LogOutputStream:77 - [STDOUT_REDIRECT] StartTraceHandler.execute(), success : Collect=true
2023-04-12 16:41:53,433 [INFO] LogOutputStream:77 - [STDOUT_REDIRECT] StartTraceHandler.execute(), success : Collect=false
2023-04-12 16:42:00,697 [INFO] LogOutputStream:77 - [STDOUT_REDIRECT] StartTraceHandler.execute(), success : Collect=true
2023-04-12 17:10:37,764 [INFO] Activator:176 - 


2023-04-12 17:10:37,766 [INFO] Activator:177 - !SESSION log4j initialized
2023-04-12 17:10:42,606 [INFO] LogOutputStream:77 - [STDOUT_REDIRECT] 
2023-04-12 17:11:03,604 [ERROR] LogOutputStream:75 - [STDERR_REDIRECT] SLF4J: Failed to load class "org.slf4j.impl.StaticLoggerBinder".
2023-04-12 17:11:03,605 [ERROR] LogOutputStream:75 - [STDERR_REDIRECT] SLF4J: Defaulting to no-operation (NOP) logger implementation
2023-04-12 17:11:03,606 [ERROR] LogOutputStream:75 - [STDERR_REDIRECT] SLF4J: See http://www.slf4j.org/codes.html#StaticLoggerBinder for further details.
2023-04-12 17:15:12,430 [INFO] ApplicationProperties:184 - Using Application install path: /home/patryk/st/stm32cubeide_1.12.0/plugins/com.st.stm32cube.common.mx_6.8.0.202302231600
2023-04-12 17:15:12,451 [INFO] DbMcusXml:78 - Set database path to: /home/patryk/st/stm32cubeide_1.12.0/plugins/com.st.stm32cube.common.mx_6.8.0.202302231600//db//mcu/
2023-04-12 17:15:12,451 [INFO] ApiDb:274 - Set plugin database path to: /home/patryk/st/stm32cubeide_1.12.0/plugins/com.st.stm32cube.common.mx_6.8.0.202302231600//db//plugins/boardmanager/
2023-04-12 17:15:12,454 [WARN] ApiDb:259 - Overriding images path with different value:  => /home/patryk/st/stm32cubeide_1.12.0/plugins/com.st.stm32cube.common.mx_6.8.0.202302231600//db//plugins/mcufinder/images/
2023-04-12 17:15:12,471 [INFO] ApiDb:250 - Set database path to: /home/patryk/.stmcufinder/plugins/mcufinder//mcu/
2023-04-12 17:15:12,472 [INFO] DbMcusAds:125 - Set database path to: /home/patryk/.stmcufinder/plugins/mcufinder//mcu/
2023-04-12 17:15:12,488 [INFO] CrossReferenceDbSqlite:203 - Set database path to: /home/patryk/.stmcufinder/plugins/mcufinder//mcu/cs/
2023-04-12 17:15:12,588 [INFO] RulesReader:64 - Compatibility file has been processed (293 Rules)
2023-04-12 17:15:12,642 [INFO] DbMcusXml:78 - Set database path to: /home/patryk/st/stm32cubeide_1.12.0/plugins/com.st.stm32cube.common.mx_6.8.0.202302231600//db//mcu/
2023-04-12 17:15:12,642 [INFO] ApiDb:274 - Set plugin database path to: /home/patryk/st/stm32cubeide_1.12.0/plugins/com.st.stm32cube.common.mx_6.8.0.202302231600//db//plugins/boardmanager/
2023-04-12 17:15:12,643 [INFO] ApiDb:261 - Set plugin images path to: /home/patryk/st/stm32cubeide_1.12.0/plugins/com.st.stm32cube.common.mx_6.8.0.202302231600//db//plugins/mcufinder/images/
2023-04-12 17:15:12,643 [WARN] DbFile:41 - Overriding database path with different value: /home/patryk/.stmcufinder/plugins/mcufinder/ => /home/patryk/.stmcufinder/plugins/mcufinder
2023-04-12 17:15:12,643 [INFO] ApiDb:250 - Set database path to: /home/patryk/.stmcufinder/plugins/mcufinder//mcu/
2023-04-12 17:15:12,643 [WARN] DbFile:41 - Overriding database path with different value: /home/patryk/.stmcufinder/plugins/mcufinder/ => /home/patryk/.stmcufinder/plugins/mcufinder
2023-04-12 17:15:12,643 [INFO] DbMcusAds:125 - Set database path to: /home/patryk/.stmcufinder/plugins/mcufinder//mcu/
2023-04-12 17:15:12,643 [WARN] DbFile:41 - Overriding database path with different value: /home/patryk/.stmcufinder/plugins/mcufinder/ => /home/patryk/.stmcufinder/plugins/mcufinder
2023-04-12 17:15:12,643 [WARN] DbFile:41 - Overriding database path with different value: /home/patryk/.stmcufinder/plugins/mcufinder/ => /home/patryk/.stmcufinder/plugins/mcufinder
2023-04-12 17:15:12,643 [INFO] CrossReferenceDbSqlite:203 - Set database path to: /home/patryk/.stmcufinder/plugins/mcufinder//mcu/cs/
2023-04-12 17:15:12,710 [INFO] MainPanel:253 - HeapMemory: 489684992
2023-04-12 17:15:12,809 [INFO] DbMcusXml:78 - Set database path to: /home/patryk/st/stm32cubeide_1.12.0/plugins/com.st.stm32cube.common.mx_6.8.0.202302231600//db//mcu/
2023-04-12 17:15:12,810 [INFO] ApiDb:274 - Set plugin database path to: /home/patryk/st/stm32cubeide_1.12.0/plugins/com.st.stm32cube.common.mx_6.8.0.202302231600//db//plugins/boardmanager/
2023-04-12 17:15:12,810 [INFO] ApiDb:261 - Set plugin images path to: /home/patryk/st/stm32cubeide_1.12.0/plugins/com.st.stm32cube.common.mx_6.8.0.202302231600//db//plugins/mcufinder/images/
2023-04-12 17:15:12,810 [WARN] DbFile:41 - Overriding database path with different value: /home/patryk/.stmcufinder/plugins/mcufinder/ => /home/patryk/.stmcufinder/plugins/mcufinder
2023-04-12 17:15:12,810 [INFO] ApiDb:250 - Set database path to: /home/patryk/.stmcufinder/plugins/mcufinder//mcu/
2023-04-12 17:15:12,810 [WARN] DbFile:41 - Overriding database path with different value: /home/patryk/.stmcufinder/plugins/mcufinder/ => /home/patryk/.stmcufinder/plugins/mcufinder
2023-04-12 17:15:12,810 [INFO] DbMcusAds:125 - Set database path to: /home/patryk/.stmcufinder/plugins/mcufinder//mcu/
2023-04-12 17:15:12,811 [WARN] DbFile:41 - Overriding database path with different value: /home/patryk/.stmcufinder/plugins/mcufinder/ => /home/patryk/.stmcufinder/plugins/mcufinder
2023-04-12 17:15:12,811 [WARN] DbFile:41 - Overriding database path with different value: /home/patryk/.stmcufinder/plugins/mcufinder/ => /home/patryk/.stmcufinder/plugins/mcufinder
2023-04-12 17:15:12,811 [INFO] CrossReferenceDbSqlite:203 - Set database path to: /home/patryk/.stmcufinder/plugins/mcufinder//mcu/cs/
2023-04-12 17:15:12,828 [INFO] ApplicationProperties:184 - Using Application install path: /home/patryk/st/stm32cubeide_1.12.0/plugins/com.st.stm32cube.common.mx_6.8.0.202302231600
2023-04-12 17:15:12,830 [INFO] PluginManage:196 - Search for loadable plugins [exclusion list=, ]
2023-04-12 17:15:12,831 [INFO] PluginManage:310 - Check plugin analytics
2023-04-12 17:15:12,959 [INFO] AnalyticsPlugin:253 - Accepted Software Licenses: 
2023-04-12 17:15:12,959 [INFO] AnalyticsPlugin:255 - Accepted CMSIS Pack Licenses: 
2023-04-12 17:15:12,959 [INFO] AnalyticsPlugin:257 - Accepted Firmware Licenses: 
2023-04-12 17:15:12,965 [INFO] PluginManage:359 - Loaded plugin analytics (category:tool,tabindex:-1)
2023-04-12 17:15:12,965 [INFO] PluginManage:310 - Check plugin cadmodel
2023-04-12 17:15:13,003 [INFO] CADModel:105 - Init CAD model plugin
2023-04-12 17:15:13,003 [INFO] PluginManage:359 - Loaded plugin cadmodel (category:power,tabindex:5)
2023-04-12 17:15:13,004 [INFO] PluginManage:310 - Check plugin clock
2023-04-12 17:15:13,013 [INFO] PluginManage:359 - Loaded plugin clock (category:base,tabindex:2)
2023-04-12 17:15:13,013 [INFO] PluginManage:310 - Check plugin ddr
2023-04-12 17:15:13,016 [INFO] PluginManage:359 - Loaded plugin ddr (category:tool,tabindex:6)
2023-04-12 17:15:13,016 [INFO] PluginManage:310 - Check plugin filemanager
2023-04-12 17:15:13,144 [INFO] PluginManage:359 - Loaded plugin filemanager (category:base,tabindex:10)
2023-04-12 17:15:13,144 [INFO] PluginManage:310 - Check plugin ipmanager
2023-04-12 17:15:13,150 [INFO] PluginManage:359 - Loaded plugin ipmanager (category:base,tabindex:5)
2023-04-12 17:15:13,150 [INFO] PluginManage:310 - Check plugin lpbam
2023-04-12 17:15:13,159 [INFO] PluginManage:359 - Loaded plugin lpbam (category:base,tabindex:0)
2023-04-12 17:15:13,159 [INFO] PluginManage:310 - Check plugin pinoutandconfiguration
2023-04-12 17:15:13,168 [INFO] PluginManage:359 - Loaded plugin pinoutandconfiguration (category:base,tabindex:1)
2023-04-12 17:15:13,168 [INFO] PluginManage:310 - Check plugin pinoutconfig
2023-04-12 17:15:13,246 [WARN] SupportedApi:132 - Cannot load RTOS API schema: s4s-elt-must-match.1: The content of 'definitions' must match (annotation?, (simpleType | complexType)?, (unique | key | keyref)*)). A problem was found starting at: attribute.
2023-04-12 17:15:13,419 [INFO] PluginManage:359 - Loaded plugin pinoutconfig (category:base,tabindex:0)
2023-04-12 17:15:13,420 [INFO] PluginManage:310 - Check plugin power
2023-04-12 17:15:13,432 [INFO] PluginManage:359 - Loaded plugin power (category:power,tabindex:4)
2023-04-12 17:15:13,432 [INFO] PluginManage:310 - Check plugin projectmanager
2023-04-12 17:15:13,444 [INFO] PluginManage:359 - Loaded plugin projectmanager (category:projectmanager,tabindex:3)
2023-04-12 17:15:13,444 [INFO] PluginManage:310 - Check plugin thirdparty
2023-04-12 17:15:13,549 [INFO] PluginManage:359 - Loaded plugin thirdparty (category:base,tabindex:-1)
2023-04-12 17:15:13,550 [INFO] PluginManage:310 - Check plugin tools
2023-04-12 17:15:13,549 [WARN] IntegrityCheckThread:84 - waiting for thirdparty lock release [integrity check]
2023-04-12 17:15:13,550 [INFO] IntegrityCheckThread:86 - entering critical section [integrity check]
2023-04-12 17:15:13,551 [INFO] ThirdPartyUpdaterWithRetryManager:70 - Updater plugin not ready yet. [1/15]
2023-04-12 17:15:13,553 [INFO] PluginManage:359 - Loaded plugin tools (category:base,tabindex:7)
2023-04-12 17:15:13,553 [INFO] PluginManage:310 - Check plugin tutovideos
2023-04-12 17:15:13,728 [INFO] PluginManage:359 - Loaded plugin tutovideos (category:base,tabindex:-1)
2023-04-12 17:15:13,728 [INFO] PluginManage:310 - Check plugin updater
2023-04-12 17:15:13,741 [INFO] PluginManage:359 - Loaded plugin updater (category:base,tabindex:12)
2023-04-12 17:15:13,741 [INFO] PluginManage:283 - PluginManage : Loaded plugins [15]
2023-04-12 17:15:13,940 [INFO] PinOutPanel:1499 - setPackage(No Configuration,No Configuration)
2023-04-12 17:15:13,989 [INFO] CADModel:165 - CPN selected for project level
2023-04-12 17:15:13,989 [INFO] CADModel:114 - Register for checkConnection events
2023-04-12 17:15:13,999 [INFO] IPUIPlugin:80 - create IPUIPlugin
2023-04-12 17:15:14,000 [INFO] PluginManager:220 - loadIPPluginJar : add tsc
2023-04-12 17:15:14,004 [INFO] IPUIPlugin:80 - create IPUIPlugin
2023-04-12 17:15:14,004 [INFO] PluginManager:220 - loadIPPluginJar : add hash
2023-04-12 17:15:14,010 [INFO] IPUIPlugin:80 - create IPUIPlugin
2023-04-12 17:15:14,010 [INFO] PluginManager:220 - loadIPPluginJar : add fmc
2023-04-12 17:15:14,013 [INFO] IPUIPlugin:80 - create IPUIPlugin
2023-04-12 17:15:14,013 [INFO] PluginManager:220 - loadIPPluginJar : add aes
2023-04-12 17:15:14,018 [INFO] IPUIPlugin:80 - create IPUIPlugin
2023-04-12 17:15:14,019 [INFO] PluginManager:220 - loadIPPluginJar : add gic
2023-04-12 17:15:14,021 [INFO] IPUIPlugin:80 - create IPUIPlugin
2023-04-12 17:15:14,021 [INFO] PluginManager:220 - loadIPPluginJar : add opamp
2023-04-12 17:15:14,023 [INFO] IPUIPlugin:80 - create IPUIPlugin
2023-04-12 17:15:14,023 [INFO] PluginManager:220 - loadIPPluginJar : add ts
2023-04-12 17:15:14,025 [INFO] IPUIPlugin:80 - create IPUIPlugin
2023-04-12 17:15:14,025 [INFO] PluginManager:220 - loadIPPluginJar : add fatfs
2023-04-12 17:15:14,027 [INFO] IPUIPlugin:80 - create IPUIPlugin
2023-04-12 17:15:14,027 [INFO] PluginManager:220 - loadIPPluginJar : add can
2023-04-12 17:15:14,029 [INFO] IPUIPlugin:80 - create IPUIPlugin
2023-04-12 17:15:14,029 [INFO] PluginManager:220 - loadIPPluginJar : add tracer_emb
2023-04-12 17:15:14,034 [INFO] IPUIPlugin:80 - create IPUIPlugin
2023-04-12 17:15:14,034 [INFO] PluginManager:220 - loadIPPluginJar : add gpio
2023-04-12 17:15:14,036 [INFO] IPUIPlugin:80 - create IPUIPlugin
2023-04-12 17:15:14,036 [INFO] PluginManager:220 - loadIPPluginJar : add ucpd
2023-04-12 17:15:14,043 [INFO] IPUIPlugin:80 - create IPUIPlugin
2023-04-12 17:15:14,043 [INFO] PluginManager:220 - loadIPPluginJar : add mdma
2023-04-12 17:15:14,045 [INFO] IPUIPlugin:80 - create IPUIPlugin
2023-04-12 17:15:14,045 [INFO] PluginManager:220 - loadIPPluginJar : add pdm2pcm
2023-04-12 17:15:14,047 [INFO] IPUIPlugin:80 - create IPUIPlugin
2023-04-12 17:15:14,047 [INFO] PluginManager:220 - loadIPPluginJar : add genericplugin
2023-04-12 17:15:14,049 [INFO] IPUIPlugin:80 - create IPUIPlugin
2023-04-12 17:15:14,050 [INFO] PluginManager:220 - loadIPPluginJar : add openamp
2023-04-12 17:15:14,051 [INFO] IPUIPlugin:80 - create IPUIPlugin
2023-04-12 17:15:14,051 [INFO] PluginManager:220 - loadIPPluginJar : add ltdc
2023-04-12 17:15:14,053 [INFO] IPUIPlugin:80 - create IPUIPlugin
2023-04-12 17:15:14,053 [INFO] PluginManager:220 - loadIPPluginJar : add i3c
2023-04-12 17:15:14,056 [INFO] IPUIPlugin:80 - create IPUIPlugin
2023-04-12 17:15:14,056 [INFO] PluginManager:220 - loadIPPluginJar : add sai
2023-04-12 17:15:14,058 [INFO] IPUIPlugin:80 - create IPUIPlugin
2023-04-12 17:15:14,058 [INFO] PluginManager:220 - loadIPPluginJar : add dfsdm
2023-04-12 17:15:14,060 [INFO] IPUIPlugin:80 - create IPUIPlugin
2023-04-12 17:15:14,061 [INFO] PluginManager:220 - loadIPPluginJar : add cryp
2023-04-12 17:15:14,062 [INFO] IPUIPlugin:80 - create IPUIPlugin
2023-04-12 17:15:14,062 [INFO] PluginManager:220 - loadIPPluginJar : add tim
2023-04-12 17:15:14,069 [INFO] IPUIPlugin:80 - create IPUIPlugin
2023-04-12 17:15:14,069 [INFO] PluginManager:220 - loadIPPluginJar : add linkedlist
2023-04-12 17:15:14,073 [INFO] IPUIPlugin:80 - create IPUIPlugin
2023-04-12 17:15:14,073 [INFO] PluginManager:220 - loadIPPluginJar : add nvic
2023-04-12 17:15:14,076 [INFO] IPUIPlugin:80 - create IPUIPlugin
2023-04-12 17:15:14,076 [INFO] PluginManager:220 - loadIPPluginJar : add spi
2023-04-12 17:15:14,078 [INFO] IPUIPlugin:80 - create IPUIPlugin
2023-04-12 17:15:14,078 [INFO] PluginManager:220 - loadIPPluginJar : add lorawan
2023-04-12 17:15:14,084 [INFO] IPUIPlugin:80 - create IPUIPlugin
2023-04-12 17:15:14,084 [INFO] PluginManager:220 - loadIPPluginJar : add dma
2023-04-12 17:15:14,086 [INFO] IPUIPlugin:80 - create IPUIPlugin
2023-04-12 17:15:14,087 [INFO] PluginManager:220 - loadIPPluginJar : add gfxmmu
2023-04-12 17:15:14,088 [INFO] IPUIPlugin:80 - create IPUIPlugin
2023-04-12 17:15:14,088 [INFO] PluginManager:220 - loadIPPluginJar : add quadspi
2023-04-12 17:15:14,090 [INFO] IPUIPlugin:80 - create IPUIPlugin
2023-04-12 17:15:14,091 [INFO] PluginManager:220 - loadIPPluginJar : add i2c
2023-04-12 17:15:14,093 [INFO] IPUIPlugin:80 - create IPUIPlugin
2023-04-12 17:15:14,093 [INFO] PluginManager:220 - loadIPPluginJar : add usart
2023-04-12 17:15:14,096 [INFO] IPUIPlugin:80 - create IPUIPlugin
2023-04-12 17:15:14,097 [INFO] PluginManager:220 - loadIPPluginJar : add ipddr
2023-04-12 17:15:14,099 [INFO] IPUIPlugin:80 - create IPUIPlugin
2023-04-12 17:15:14,099 [INFO] PluginManager:220 - loadIPPluginJar : add i2s
2023-04-12 17:15:14,102 [INFO] IPUIPlugin:80 - create IPUIPlugin
2023-04-12 17:15:14,102 [INFO] PluginManager:220 - loadIPPluginJar : add usbx
2023-04-12 17:15:14,107 [INFO] IPUIPlugin:80 - create IPUIPlugin
2023-04-12 17:15:14,107 [INFO] PluginManager:220 - loadIPPluginJar : add stm32_wpan
2023-04-12 17:15:14,112 [INFO] IPUIPlugin:80 - create IPUIPlugin
2023-04-12 17:15:14,112 [INFO] PluginManager:220 - loadIPPluginJar : add adc
2023-04-12 17:15:14,114 [INFO] IPUIPlugin:80 - create IPUIPlugin
2023-04-12 17:15:14,114 [INFO] PluginManager:220 - loadIPPluginJar : add gtzc
2023-04-12 17:15:14,116 [INFO] IPUIPlugin:80 - create IPUIPlugin
2023-04-12 17:15:14,117 [INFO] PluginManager:220 - loadIPPluginJar : add dma3
2023-04-12 17:15:14,118 [INFO] IPUIPlugin:80 - create IPUIPlugin
2023-04-12 17:15:14,118 [INFO] PluginManager:220 - loadIPPluginJar : add comp
2023-04-12 17:15:14,124 [INFO] IPUIPlugin:80 - create IPUIPlugin
2023-04-12 17:15:14,127 [INFO] PluginManager:220 - loadIPPluginJar : add plateformsettings
2023-04-12 17:15:14,132 [INFO] IPUIPlugin:80 - create IPUIPlugin
2023-04-12 17:15:14,133 [INFO] PluginManager:220 - loadIPPluginJar : add freertos
2023-04-12 17:15:14,136 [INFO] IPUIPlugin:80 - create IPUIPlugin
2023-04-12 17:15:14,136 [INFO] PluginManager:220 - loadIPPluginJar : add touchsensing
2023-04-12 17:15:14,141 [INFO] IPUIPlugin:80 - create IPUIPlugin
2023-04-12 17:15:14,141 [INFO] PluginManager:220 - loadIPPluginJar : add resmgrutility
2023-04-12 17:15:14,244 [INFO] CADModel:165 - CPN selected for project level
2023-04-12 17:15:14,244 [INFO] CADModel:114 - Register for checkConnection events
2023-04-12 17:15:14,244 [FATAL] Updater:308 - Updater called before beeing initialized
2023-04-12 17:15:14,244 [ERROR] CADModel:125 - Updater not yet initialized, retry later 
2023-04-12 17:15:14,433 [INFO] CADModel:165 - CPN selected for project level
2023-04-12 17:15:14,434 [INFO] CADModel:114 - Register for checkConnection events
2023-04-12 17:15:14,434 [FATAL] Updater:308 - Updater called before beeing initialized
2023-04-12 17:15:14,434 [ERROR] CADModel:125 - Updater not yet initialized, retry later 
2023-04-12 17:15:14,437 [FATAL] Updater:308 - Updater called before beeing initialized
2023-04-12 17:15:14,504 [FATAL] Updater:308 - Updater called before beeing initialized
2023-04-12 17:15:14,510 [INFO] DbMcusAds:53 - JSON generation date=Tue Mar 07 09:50:55 CET 2023 (1678179055335)
2023-04-12 17:15:14,510 [FATAL] Updater:308 - Updater called before beeing initialized
2023-04-12 17:15:14,551 [WARN] DetailPanel:346 - Failed to get advertising image, set to default
2023-04-12 17:15:14,679 [FATAL] Updater:308 - Updater called before beeing initialized
2023-04-12 17:15:14,682 [FATAL] Updater:308 - Updater called before beeing initialized
2023-04-12 17:15:14,682 [FATAL] Updater:308 - Updater called before beeing initialized
2023-04-12 17:15:14,682 [WARN] DetailPanel:346 - Failed to get advertising image, set to default
2023-04-12 17:15:14,683 [FATAL] Updater:308 - Updater called before beeing initialized
2023-04-12 17:15:14,711 [ERROR] Updater:1120 - MainUpdater not yet initialized. External WinMGr cannot be set.
2023-04-12 17:15:14,713 [INFO] Updater:1056 - Updater Version found : 6.8.0
2023-04-12 17:15:14,730 [INFO] ApplicationProperties:184 - Using Application install path: /home/patryk/st/stm32cubeide_1.12.0/plugins/com.st.stm32cube.common.mx_6.8.0.202302231600
2023-04-12 17:15:14,816 [INFO] MainUpdater:2854 - connection check result : 10
2023-04-12 17:15:14,820 [INFO] MainUpdater:283 - Updater Check For Update Now.
2023-04-12 17:15:14,821 [INFO] MicroXplorer:498 - Change Database Version : DB.6.0.80
2023-04-12 17:15:14,976 [INFO] CheckServerUpdateThread:120 - End of CheckServer Thread
2023-04-12 17:15:15,032 [INFO] MainUpdater:2854 - connection check result : 10
2023-04-12 17:15:15,366 [INFO] ApiDb:581 - Connected to CubeFinder SQLite database (/home/patryk/.stmcufinder/plugins/mcufinder/mcu/cube-finder-db.db)
2023-04-12 17:15:15,436 [INFO] ApiDb:668 - CubeFinder database Data Model version=2.1
2023-04-12 17:15:15,436 [INFO] ApiDb:669 - CubeFinder database Configuration version=3.0.35
2023-04-12 17:15:15,440 [INFO] ApiDb:670 - CubeFinder database generation date=2023-03-10 (1678456172)
2023-04-12 17:15:15,441 [INFO] ApiDb:671 - CubeFinder database FW Pack versions=[FP-ATR-ASTRA1_V1.1.1, STM32Cube_FW_C0_V1.0.1, STM32Cube_FW_F0_V1.11.4, STM32Cube_FW_F3_V1.11.4, STM32Cube_FW_F4_V1.27.1, STM32Cube_FW_F7_V1.17.0, STM32Cube_FW_G0_V1.6.1, STM32Cube_FW_G4_V1.5.1, STM32Cube_FW_H5_V0.5.1, STM32Cube_FW_H5_V1.0.0, STM32Cube_FW_H7_V1.11.0, STM32Cube_FW_L0_V1.12.2, STM32Cube_FW_L5_V1.5.0, STM32Cube_FW_U5_V1.2.0, STM32Cube_FW_WBA_V1.0.0, STM32Cube_FW_WBA_V1.0.0RC1, STM32Cube_FW_WBA_V1.0.0RC3, STM32Cube_FW_WB_V1.15.0RC1, STM32Cube_FW_WB_V1.16.0, STM32Cube_FW_WB_V1.16.0RC2, STM32Cube_FW_WL_V1.3.0, X-CUBE-ALGOBUILD_V1.3.0, X-CUBE-ALS_V1.0.1, X-CUBE-AZRTOS-F4_V1.1.0, X-CUBE-AZRTOS-F7_V1.1.0, X-CUBE-AZRTOS-G0_V1.1.0, X-CUBE-AZRTOS-G4_V1.0.0, X-CUBE-AZRTOS-H7_V3.0.0, X-CUBE-AZRTOS-L4_V1.0.0, X-CUBE-AZRTOS-L5_V1.1.0, X-CUBE-AZRTOS-WB_V1.1.0, X-CUBE-AZRTOS-WL_V1.0.0, X-CUBE-BLE1_V6.2.4, X-CUBE-BLE2_V3.3.0, X-CUBE-BLEMGR_V1.3.0, X-CUBE-EEPRMA1_V4.1.0, X-CUBE-GNSS1_V6.0.0, X-CUBE-MEMS1_V9.1.0, X-CUBE-MEMS1_V9.4.0, X-CUBE-MEMS1_V9.5.0, X-CUBE-NFC4_V3.0.0, X-CUBE-NFC7_V1.0.0, X-CUBE-SFXS2LP1_V4.0.0, X-CUBE-SUBG2_V5.0.0]
2023-04-12 17:15:15,617 [INFO] DbBoardsSqlite:226 - include board P-NUCLEO-WB55-NUCLEO as a kit item of type 'Nucleo-64'
2023-04-12 17:15:15,618 [INFO] DbBoardsSqlite:226 - include board P-NUCLEO-WB55-USBDONGLE as a kit item of type 'Nucleo USB Dongle'
2023-04-12 17:15:15,619 [INFO] DbBoardsSqlite:226 - include board STEVAL-IDP005V1 as a kit item of type 'Evaluation Board'
2023-04-12 17:15:15,619 [INFO] DbBoardsSqlite:226 - include board STEVAL-IDP005V2 as a kit item of type 'Evaluation Board'
2023-04-12 17:15:15,831 [INFO] ApiDb:240 - Found 297 in-development CPN: [B-G473E-ZEST1S, B-WB1M-WPAN1, B-WL5M-SUBG1, NUCLEO-C031C6, NUCLEO-H503RB, NUCLEO-H563ZI, NUCLEO-U545RE-Q, NUCLEO-U5A5ZJ-Q, NUCLEO-WBA52CG, STEVAL-PROTEUS1, STEVAL-STWINBX1, STM320518-EVAL, STM32C0116-DK, STM32C011D6Y3TR, STM32C011D6Y6TR, STM32C011F4P3, STM32C011F4P6, STM32C011F4U3, STM32C011F4U6TR, STM32C011F6P3, STM32C011F6P6, STM32C011F6U3, STM32C011F6U6TR, STM32C011J4M3, STM32C011J4M6, STM32C011J6M3, STM32C011J6M6, STM32C0316-DK, STM32C031C4T3, STM32C031C4T6, STM32C031C4U3, STM32C031C4U6, STM32C031C6T3, STM32C031C6T6, STM32C031C6U3, STM32C031C6U6, STM32C031F4P3, STM32C031F4P6, STM32C031F6P3, STM32C031F6P6, STM32C031G4U3, STM32C031G4U6, STM32C031G6U3, STM32C031G6U6, STM32C031K4T3, STM32C031K4T6, STM32C031K4U3, STM32C031K4U6, STM32C031K6T3, STM32C031K6T6, STM32C031K6U3, STM32C031K6U6, STM32G071K8TXN, STM32G071K8UXN, STM32G081GBU6N, STM32G081KBT6N, STM32G081KBUXN, STM32G0B1CCT6N, STM32G0B1KCT6, STM32G0B1NEY6TR, STM32G0B1RCT6N, STM32G0C1CCT6, STM32G0C1CCT6N, STM32G0C1CCU6N, STM32G0C1CET6N, STM32G0C1CEU6N, STM32G0C1KCT6, STM32G0C1NEY6TR, STM32G0C1RCI6N, STM32G0C1RCT6N, STM32G0C1REI6N, STM32G0C1RET6N, STM32G0C1VCI6, STM32G0C1VEI6, STM32G471CCT6, STM32G471CCU6, STM32G471CET3, STM32G471CET6, STM32G471CEU3, STM32G471CEU6, STM32G471MCT6, STM32G471MET3, STM32G471MET6, STM32G471MEY6TR, STM32G471QCT6, STM32G471QET3, STM32G471RCT6, STM32G471RET3, STM32G471RET6, STM32G471VCH6, STM32G471VCI6, STM32G471VCT6, STM32G471VEH3, STM32G471VEH6, STM32G471VEI3, STM32G471VEI6, STM32G471VET3, STM32G471VET6, STM32G474CCT6, STM32H503CBT6, STM32H503CBU6, STM32H503EBY6TR, STM32H503KBU6, STM32H503RBT6, STM32H562AGI6, STM32H562AII6, STM32H562IGK6, STM32H562IGT6, STM32H562IIK6, STM32H562IIT6, STM32H562RGT6, STM32H562RGV6, STM32H562RIT6, STM32H562RIV6, STM32H562VGT6, STM32H562VIT6, STM32H562ZGT6, STM32H562ZIT6, STM32H563AGI6, STM32H563AII3Q, STM32H563AII6, STM32H563IGK6, STM32H563IGT6, STM32H563IIK3Q, STM32H563IIK6, STM32H563IIT3Q, STM32H563IIT6, STM32H563MIY3QTR, STM32H563RGT6, STM32H563RGV6, STM32H563RIT6, STM32H563RIV6, STM32H563VGT6, STM32H563VIT3Q, STM32H563VIT6, STM32H563ZGT6, STM32H563ZIT3Q, STM32H563ZIT6, STM32H573AII3Q, STM32H573AII6, STM32H573I-DK, STM32H573IIK3Q, STM32H573IIK6, STM32H573IIT3Q, STM32H573IIT6, STM32H573MIY3QTR, STM32H573RIT6, STM32H573RIV6, STM32H573VIT3Q, STM32H573VIT6, STM32H573ZIT3Q, STM32H573ZIT6, STM32L4R5QGI6STR, STM32MP131AAE3, STM32MP131AAF3, STM32MP131AAG3, STM32MP131CAE3, STM32MP131CAF3, STM32MP131CAG3, STM32MP131DAE7, STM32MP131DAF7, STM32MP131DAG7, STM32MP131FAE7, STM32MP131FAF7, STM32MP131FAG7, STM32MP133AAE3, STM32MP133AAF3, STM32MP133AAG3, STM32MP133CAE3, STM32MP133CAF3, STM32MP133CAG3, STM32MP133DAE7, STM32MP133DAF7, STM32MP133DAG7, STM32MP133FAE7, STM32MP133FAF7, STM32MP133FAG7, STM32MP135AAE3, STM32MP135AAF3, STM32MP135AAG3, STM32MP135CAE3, STM32MP135CAF3, STM32MP135CAG3, STM32MP135DAE7, STM32MP135DAF7, STM32MP135DAG7, STM32MP135F-DK, STM32MP135FAE7, STM32MP135FAF7, STM32MP135FAF7T, STM32MP135FAF7U, STM32MP135FAG7, STM32U535CBT6, STM32U535CBT6Q, STM32U535CBU6, STM32U535CBU6Q, STM32U535CCT6, STM32U535CCT6Q, STM32U535CCU6, STM32U535CCU6Q, STM32U535CET6, STM32U535CET6Q, STM32U535CEU6, STM32U535CEU6Q, STM32U535JEY6QTR, STM32U535NCY6QTR, STM32U535NEY6QTR, STM32U535RBI6, STM32U535RBI6Q, STM32U535RBT6, STM32U535RBT6Q, STM32U535RCI6, STM32U535RCI6Q, STM32U535RCT6, STM32U535RCT6Q, STM32U535REI6, STM32U535REI6Q, STM32U535RET6, STM32U535RET6Q, STM32U535VCI6, STM32U535VCI6Q, STM32U535VCT6, STM32U535VCT6Q, STM32U535VEI6, STM32U535VEI6Q, STM32U535VET6, STM32U535VET6Q, STM32U545CET6, STM32U545CET6Q, STM32U545CEU6, STM32U545CEU6Q, STM32U545JEY6QTR, STM32U545NEY6QTR, STM32U545REI6, STM32U545REI6Q, STM32U545RET6, STM32U545RET6Q, STM32U545VEI6, STM32U545VEI6Q, STM32U545VET6, STM32U545VET6Q, STM32U595AIH6, STM32U595AIH6Q, STM32U595AJH6, STM32U595AJH6Q, STM32U595QII6, STM32U595QII6Q, STM32U595QJI6, STM32U595QJI6Q, STM32U595RIT6, STM32U595RIT6Q, STM32U595RJT6, STM32U595RJT6Q, STM32U595VIT6, STM32U595VIT6Q, STM32U595VJT6, STM32U595VJT6Q, STM32U595ZIT6, STM32U595ZIT6Q, STM32U595ZIY6QTR, STM32U595ZJT6, STM32U595ZJT6Q, STM32U595ZJY6QTR, STM32U599BJY6QTR, STM32U599NIH6Q, STM32U599NJH6Q, STM32U599VIT6Q, STM32U599VJT6, STM32U599VJT6Q, STM32U599ZIT6Q, STM32U599ZIY6QTR, STM32U599ZJT6Q, STM32U599ZJY6QTR, STM32U5A5AJH6, STM32U5A5AJH6Q, STM32U5A5QJI6, STM32U5A5QJI6Q, STM32U5A5RJT6, STM32U5A5RJT6Q, STM32U5A5VJT6, STM32U5A5VJT6Q, STM32U5A5ZJT6, STM32U5A5ZJT6Q, STM32U5A5ZJY6QTR, STM32U5A9BJY6QTR, STM32U5A9J-DK, STM32U5A9NJH6Q, STM32U5A9VJT6Q, STM32U5A9ZJT6Q, STM32U5A9ZJY6QTR, STM32WB1MMCH6, STM32WBA52CEU6, STM32WBA52CEU6T, STM32WBA52CGU6, STM32WBA52CGU6T, STM32WL5MOCH6, STM32WL5MOCH6TR]
2023-04-12 17:15:16,026 [INFO] BoardInfo:880 - No configuration file found for board P-NUCLEO-WB55
2023-04-12 17:15:16,027 [INFO] DbBoards:157 - Kit is not supported: P-NUCLEO-WB55
2023-04-12 17:15:16,030 [INFO] BoardInfo:880 - No configuration file found for board STEVAL-BFA001V1B
2023-04-12 17:15:16,030 [INFO] DbBoards:157 - Kit is not supported: STEVAL-BFA001V1B
2023-04-12 17:15:16,031 [INFO] BoardInfo:880 - No configuration file found for board STEVAL-BFA001V2B
2023-04-12 17:15:16,031 [INFO] DbBoards:157 - Kit is not supported: STEVAL-BFA001V2B
2023-04-12 17:15:16,128 [INFO] DbBoards:161 - Found 187 boards, 184 are supported
2023-04-12 17:15:16,133 [INFO] ApiDb:668 - CubeFinder database Data Model version=2.1
2023-04-12 17:15:16,133 [INFO] ApiDb:669 - CubeFinder database Configuration version=3.0.35
2023-04-12 17:15:16,133 [INFO] ApiDb:670 - CubeFinder database generation date=2023-03-10 (1678456172)
2023-04-12 17:15:16,133 [INFO] ApiDb:671 - CubeFinder database FW Pack versions=[FP-ATR-ASTRA1_V1.1.1, STM32Cube_FW_C0_V1.0.1, STM32Cube_FW_F0_V1.11.4, STM32Cube_FW_F3_V1.11.4, STM32Cube_FW_F4_V1.27.1, STM32Cube_FW_F7_V1.17.0, STM32Cube_FW_G0_V1.6.1, STM32Cube_FW_G4_V1.5.1, STM32Cube_FW_H5_V0.5.1, STM32Cube_FW_H5_V1.0.0, STM32Cube_FW_H7_V1.11.0, STM32Cube_FW_L0_V1.12.2, STM32Cube_FW_L5_V1.5.0, STM32Cube_FW_U5_V1.2.0, STM32Cube_FW_WBA_V1.0.0, STM32Cube_FW_WBA_V1.0.0RC1, STM32Cube_FW_WBA_V1.0.0RC3, STM32Cube_FW_WB_V1.15.0RC1, STM32Cube_FW_WB_V1.16.0, STM32Cube_FW_WB_V1.16.0RC2, STM32Cube_FW_WL_V1.3.0, X-CUBE-ALGOBUILD_V1.3.0, X-CUBE-ALS_V1.0.1, X-CUBE-AZRTOS-F4_V1.1.0, X-CUBE-AZRTOS-F7_V1.1.0, X-CUBE-AZRTOS-G0_V1.1.0, X-CUBE-AZRTOS-G4_V1.0.0, X-CUBE-AZRTOS-H7_V3.0.0, X-CUBE-AZRTOS-L4_V1.0.0, X-CUBE-AZRTOS-L5_V1.1.0, X-CUBE-AZRTOS-WB_V1.1.0, X-CUBE-AZRTOS-WL_V1.0.0, X-CUBE-BLE1_V6.2.4, X-CUBE-BLE2_V3.3.0, X-CUBE-BLEMGR_V1.3.0, X-CUBE-EEPRMA1_V4.1.0, X-CUBE-GNSS1_V6.0.0, X-CUBE-MEMS1_V9.1.0, X-CUBE-MEMS1_V9.4.0, X-CUBE-MEMS1_V9.5.0, X-CUBE-NFC4_V3.0.0, X-CUBE-NFC7_V1.0.0, X-CUBE-SFXS2LP1_V4.0.0, X-CUBE-SUBG2_V5.0.0]
2023-04-12 17:15:16,655 [WARN] PackLoader:240 - Cannot read IP mode file for STMicroelectronics.X-CUBE-GNSS1.6.0.0
2023-04-12 17:15:16,680 [WARN] PackLoader:240 - Cannot read IP mode file for STMicroelectronics.X-CUBE-AZRTOS-F4.1.1.0
2023-04-12 17:15:16,686 [WARN] PackLoader:240 - Cannot read IP mode file for wolfSSL.I-CUBE-wolfSSL.5.6.0
2023-04-12 17:15:16,704 [WARN] PackLoader:240 - Cannot read IP mode file for STMicroelectronics.X-CUBE-AZRTOS-F7.1.1.0
2023-04-12 17:15:16,713 [WARN] PackLoader:240 - Cannot read IP mode file for STMicroelectronics.X-CUBE-BLE1.6.2.4
2023-04-12 17:15:16,729 [WARN] PackLoader:240 - Cannot read IP mode file for emotas.I-CUBE-CANOPEN.1.1.3
2023-04-12 17:15:16,750 [WARN] PackLoader:240 - Cannot read IP mode file for STMicroelectronics.X-CUBE-BLEMGR.2.0.0
2023-04-12 17:15:16,757 [WARN] PackLoader:240 - Cannot read IP mode file for STMicroelectronics.X-CUBE-DISPLAY.3.0.0
2023-04-12 17:15:16,774 [WARN] PackLoader:240 - Cannot read IP mode file for STMicroelectronics.X-CUBE-NFC7.1.0.0
2023-04-12 17:15:16,790 [WARN] PackLoader:240 - Cannot read IP mode file for STMicroelectronics.X-CUBE-EEPRMA1.4.1.0
2023-04-12 17:15:16,800 [WARN] PackLoader:240 - Cannot read IP mode file for WES.I-CUBE-Cesium.1.3.0
2023-04-12 17:15:16,809 [WARN] PackLoader:240 - Cannot read IP mode file for STMicroelectronics.X-CUBE-SFXS2LP1.4.0.0
2023-04-12 17:15:16,820 [WARN] PackLoader:240 - Cannot read IP mode file for STMicroelectronics.X-CUBE-BLE2.3.3.0
2023-04-12 17:15:16,850 [WARN] PackLoader:240 - Cannot read IP mode file for STMicroelectronics.X-CUBE-AZRTOS-H7.3.0.0
2023-04-12 17:15:16,866 [WARN] PackLoader:240 - Cannot read IP mode file for STMicroelectronics.X-CUBE-ISPU.1.1.0
2023-04-12 17:15:16,873 [WARN] PackLoader:240 - Cannot read IP mode file for RoweBots.I-CUBE-UNISONRTOS.5.5.0-4
2023-04-12 17:15:16,878 [WARN] PackLoader:240 - Cannot read IP mode file for STMicroelectronics.X-CUBE-AI.8.0.0
2023-04-12 17:15:16,887 [WARN] PackLoader:240 - Cannot read IP mode file for STMicroelectronics.X-CUBE-FREERTOS.1.0.0
2023-04-12 17:15:16,890 [WARN] PackLoader:240 - Cannot read IP mode file for STMicroelectronics.X-CUBE-TOUCHGFX.4.21.3
2023-04-12 17:15:16,895 [WARN] PackLoader:240 - Cannot read IP mode file for STMicroelectronics.X-CUBE-ALGOBUILD.1.3.0
2023-04-12 17:15:16,916 [WARN] PackLoader:240 - Cannot read IP mode file for STMicroelectronics.X-CUBE-AZRTOS-L5.1.1.0
2023-04-12 17:15:16,940 [WARN] PackLoader:240 - Cannot read IP mode file for STMicroelectronics.X-CUBE-AZRTOS-G0.1.1.0
2023-04-12 17:15:16,963 [WARN] PackLoader:240 - Cannot read IP mode file for STMicroelectronics.X-CUBE-SUBG2.5.0.0
2023-04-12 17:15:16,984 [WARN] PackLoader:240 - Cannot read IP mode file for STMicroelectronics.X-CUBE-NFC4.3.0.0
2023-04-12 17:15:16,991 [WARN] PackLoader:240 - Cannot read IP mode file for STMicroelectronics.X-CUBE-TOF1.3.3.0
2023-04-12 17:15:17,019 [WARN] PackLoader:240 - Cannot read IP mode file for STMicroelectronics.FP-ATR-ASTRA1.1.1.1
2023-04-12 17:15:17,036 [WARN] PackLoader:240 - Cannot read IP mode file for STMicroelectronics.X-CUBE-AZRTOS-G4.1.0.0
2023-04-12 17:15:17,050 [WARN] PackLoader:240 - Cannot read IP mode file for STMicroelectronics.FP-ATR-SIGFOX1.3.2.0
2023-04-12 17:15:17,065 [WARN] PackLoader:240 - Cannot read IP mode file for STMicroelectronics.X-CUBE-AZRTOS-L4.1.0.0
2023-04-12 17:15:17,083 [WARN] PackLoader:240 - Cannot read IP mode file for STMicroelectronics.X-CUBE-AZRTOS-WL.1.0.0
2023-04-12 17:15:17,087 [WARN] PackLoader:240 - Cannot read IP mode file for portGmbH.I-Cube-SoM-uGOAL.1.1.0
2023-04-12 17:15:17,090 [WARN] PackLoader:240 - Cannot read IP mode file for STMicroelectronics.X-CUBE-ALS.1.0.1
2023-04-12 17:15:17,140 [WARN] PackLoader:240 - Cannot read IP mode file for STMicroelectronics.X-CUBE-MEMS1.9.5.0
2023-04-12 17:15:17,371 [WARN] PackLoader:240 - Cannot read IP mode file for STMicroelectronics.X-CUBE-AZRTOS-WB.1.1.0
2023-04-12 17:15:17,431 [WARN] PackLoader:240 - Cannot read IP mode file for SEGGER.I-CUBE-embOS.1.3.1
2023-04-12 17:15:17,518 [INFO] ThirdParty:978 - Integrity check success = true
2023-04-12 17:15:17,518 [INFO] IntegrityCheckThread:100 - exiting critical section [integrity check]
2023-04-12 17:15:17,518 [INFO] IntegrityCheckThread:103 - End integrity checks thread
2023-04-12 17:15:18,475 [INFO] ApiDb:240 - Found 297 in-development CPN: [B-G473E-ZEST1S, B-WB1M-WPAN1, B-WL5M-SUBG1, NUCLEO-C031C6, NUCLEO-H503RB, NUCLEO-H563ZI, NUCLEO-U545RE-Q, NUCLEO-U5A5ZJ-Q, NUCLEO-WBA52CG, STEVAL-PROTEUS1, STEVAL-STWINBX1, STM320518-EVAL, STM32C0116-DK, STM32C011D6Y3TR, STM32C011D6Y6TR, STM32C011F4P3, STM32C011F4P6, STM32C011F4U3, STM32C011F4U6TR, STM32C011F6P3, STM32C011F6P6, STM32C011F6U3, STM32C011F6U6TR, STM32C011J4M3, STM32C011J4M6, STM32C011J6M3, STM32C011J6M6, STM32C0316-DK, STM32C031C4T3, STM32C031C4T6, STM32C031C4U3, STM32C031C4U6, STM32C031C6T3, STM32C031C6T6, STM32C031C6U3, STM32C031C6U6, STM32C031F4P3, STM32C031F4P6, STM32C031F6P3, STM32C031F6P6, STM32C031G4U3, STM32C031G4U6, STM32C031G6U3, STM32C031G6U6, STM32C031K4T3, STM32C031K4T6, STM32C031K4U3, STM32C031K4U6, STM32C031K6T3, STM32C031K6T6, STM32C031K6U3, STM32C031K6U6, STM32G071K8TXN, STM32G071K8UXN, STM32G081GBU6N, STM32G081KBT6N, STM32G081KBUXN, STM32G0B1CCT6N, STM32G0B1KCT6, STM32G0B1NEY6TR, STM32G0B1RCT6N, STM32G0C1CCT6, STM32G0C1CCT6N, STM32G0C1CCU6N, STM32G0C1CET6N, STM32G0C1CEU6N, STM32G0C1KCT6, STM32G0C1NEY6TR, STM32G0C1RCI6N, STM32G0C1RCT6N, STM32G0C1REI6N, STM32G0C1RET6N, STM32G0C1VCI6, STM32G0C1VEI6, STM32G471CCT6, STM32G471CCU6, STM32G471CET3, STM32G471CET6, STM32G471CEU3, STM32G471CEU6, STM32G471MCT6, STM32G471MET3, STM32G471MET6, STM32G471MEY6TR, STM32G471QCT6, STM32G471QET3, STM32G471RCT6, STM32G471RET3, STM32G471RET6, STM32G471VCH6, STM32G471VCI6, STM32G471VCT6, STM32G471VEH3, STM32G471VEH6, STM32G471VEI3, STM32G471VEI6, STM32G471VET3, STM32G471VET6, STM32G474CCT6, STM32H503CBT6, STM32H503CBU6, STM32H503EBY6TR, STM32H503KBU6, STM32H503RBT6, STM32H562AGI6, STM32H562AII6, STM32H562IGK6, STM32H562IGT6, STM32H562IIK6, STM32H562IIT6, STM32H562RGT6, STM32H562RGV6, STM32H562RIT6, STM32H562RIV6, STM32H562VGT6, STM32H562VIT6, STM32H562ZGT6, STM32H562ZIT6, STM32H563AGI6, STM32H563AII3Q, STM32H563AII6, STM32H563IGK6, STM32H563IGT6, STM32H563IIK3Q, STM32H563IIK6, STM32H563IIT3Q, STM32H563IIT6, STM32H563MIY3QTR, STM32H563RGT6, STM32H563RGV6, STM32H563RIT6, STM32H563RIV6, STM32H563VGT6, STM32H563VIT3Q, STM32H563VIT6, STM32H563ZGT6, STM32H563ZIT3Q, STM32H563ZIT6, STM32H573AII3Q, STM32H573AII6, STM32H573I-DK, STM32H573IIK3Q, STM32H573IIK6, STM32H573IIT3Q, STM32H573IIT6, STM32H573MIY3QTR, STM32H573RIT6, STM32H573RIV6, STM32H573VIT3Q, STM32H573VIT6, STM32H573ZIT3Q, STM32H573ZIT6, STM32L4R5QGI6STR, STM32MP131AAE3, STM32MP131AAF3, STM32MP131AAG3, STM32MP131CAE3, STM32MP131CAF3, STM32MP131CAG3, STM32MP131DAE7, STM32MP131DAF7, STM32MP131DAG7, STM32MP131FAE7, STM32MP131FAF7, STM32MP131FAG7, STM32MP133AAE3, STM32MP133AAF3, STM32MP133AAG3, STM32MP133CAE3, STM32MP133CAF3, STM32MP133CAG3, STM32MP133DAE7, STM32MP133DAF7, STM32MP133DAG7, STM32MP133FAE7, STM32MP133FAF7, STM32MP133FAG7, STM32MP135AAE3, STM32MP135AAF3, STM32MP135AAG3, STM32MP135CAE3, STM32MP135CAF3, STM32MP135CAG3, STM32MP135DAE7, STM32MP135DAF7, STM32MP135DAG7, STM32MP135F-DK, STM32MP135FAE7, STM32MP135FAF7, STM32MP135FAF7T, STM32MP135FAF7U, STM32MP135FAG7, STM32U535CBT6, STM32U535CBT6Q, STM32U535CBU6, STM32U535CBU6Q, STM32U535CCT6, STM32U535CCT6Q, STM32U535CCU6, STM32U535CCU6Q, STM32U535CET6, STM32U535CET6Q, STM32U535CEU6, STM32U535CEU6Q, STM32U535JEY6QTR, STM32U535NCY6QTR, STM32U535NEY6QTR, STM32U535RBI6, STM32U535RBI6Q, STM32U535RBT6, STM32U535RBT6Q, STM32U535RCI6, STM32U535RCI6Q, STM32U535RCT6, STM32U535RCT6Q, STM32U535REI6, STM32U535REI6Q, STM32U535RET6, STM32U535RET6Q, STM32U535VCI6, STM32U535VCI6Q, STM32U535VCT6, STM32U535VCT6Q, STM32U535VEI6, STM32U535VEI6Q, STM32U535VET6, STM32U535VET6Q, STM32U545CET6, STM32U545CET6Q, STM32U545CEU6, STM32U545CEU6Q, STM32U545JEY6QTR, STM32U545NEY6QTR, STM32U545REI6, STM32U545REI6Q, STM32U545RET6, STM32U545RET6Q, STM32U545VEI6, STM32U545VEI6Q, STM32U545VET6, STM32U545VET6Q, STM32U595AIH6, STM32U595AIH6Q, STM32U595AJH6, STM32U595AJH6Q, STM32U595QII6, STM32U595QII6Q, STM32U595QJI6, STM32U595QJI6Q, STM32U595RIT6, STM32U595RIT6Q, STM32U595RJT6, STM32U595RJT6Q, STM32U595VIT6, STM32U595VIT6Q, STM32U595VJT6, STM32U595VJT6Q, STM32U595ZIT6, STM32U595ZIT6Q, STM32U595ZIY6QTR, STM32U595ZJT6, STM32U595ZJT6Q, STM32U595ZJY6QTR, STM32U599BJY6QTR, STM32U599NIH6Q, STM32U599NJH6Q, STM32U599VIT6Q, STM32U599VJT6, STM32U599VJT6Q, STM32U599ZIT6Q, STM32U599ZIY6QTR, STM32U599ZJT6Q, STM32U599ZJY6QTR, STM32U5A5AJH6, STM32U5A5AJH6Q, STM32U5A5QJI6, STM32U5A5QJI6Q, STM32U5A5RJT6, STM32U5A5RJT6Q, STM32U5A5VJT6, STM32U5A5VJT6Q, STM32U5A5ZJT6, STM32U5A5ZJT6Q, STM32U5A5ZJY6QTR, STM32U5A9BJY6QTR, STM32U5A9J-DK, STM32U5A9NJH6Q, STM32U5A9VJT6Q, STM32U5A9ZJT6Q, STM32U5A9ZJY6QTR, STM32WB1MMCH6, STM32WBA52CEU6, STM32WBA52CEU6T, STM32WBA52CGU6, STM32WBA52CGU6T, STM32WL5MOCH6, STM32WL5MOCH6TR]
2023-04-12 17:15:18,478 [INFO] DbMcus:216 - Found 3775 MCUs, 3775 are supported
2023-04-12 17:15:18,481 [INFO] ApiDb:423 - Load user favorites file /home/patryk/.stm32cubeide/favorites.mcus.txt: 0 item(s)
2023-04-12 17:15:18,481 [INFO] ApiDb:427 - User favorites MCUs=[]
2023-04-12 17:15:18,482 [INFO] DbMcus:222 - Set 0 / 0 favorites MCUs
2023-04-12 17:15:18,771 [INFO] ApiDb:423 - Load user favorites file /home/patryk/.stm32cubeide/favorites.boards.txt: 1 item(s)
2023-04-12 17:15:18,772 [INFO] ApiDb:427 - User favorites Boards=[NUCLEO-F303RE]
2023-04-12 17:15:18,772 [INFO] DbBoards:190 - Set 1 / 1 favorites Boards
2023-04-12 17:15:18,772 [INFO] McuFinderGlobals:66 - Set McuFinderConnectedMode to true
2023-04-12 17:15:18,779 [INFO] MultiScanPanel:200 - Auto-refresh data requested => check proxy status ongoing
2023-04-12 17:15:18,783 [INFO] FinderPluginLoader:95 - Searching for filters in installed packs
2023-04-12 17:15:20,149 [INFO] LoadUrlFilesThread:185 - End of LoadServerUrlFiles without Thread
2023-04-12 17:15:20,156 [INFO] DetailPanel:341 - Set advertising image to /home/patryk/STM32Cube/Repository//en.prom-stm32h5-mcu-finder.jpg
2023-04-12 17:15:34,401 [INFO] MultiScanPanel:200 - Auto-refresh data requested => check proxy status ongoing
2023-04-12 17:15:34,600 [INFO] LoadUrlFilesThread:185 - End of LoadServerUrlFiles without Thread
2023-04-12 17:15:34,600 [INFO] DetailPanel:341 - Set advertising image to /home/patryk/STM32Cube/Repository//en.prom-stm32h5-mcu-finder.jpg
2023-04-12 17:15:48,971 [INFO] McuFinderGlobals:66 - Set McuFinderConnectedMode to true
2023-04-12 17:15:48,973 [INFO] ApiDb:448 - Save user favorites file /home/patryk/.stm32cubeide/favorites.mcus.txt: 0 item(s)
2023-04-12 17:15:48,973 [INFO] ApiDb:452 - User favorites MCUs=[]
2023-04-12 17:15:48,975 [INFO] ApiDb:448 - Save user favorites file /home/patryk/.stm32cubeide/favorites.boards.txt: 1 item(s)
2023-04-12 17:15:48,976 [INFO] ApiDb:452 - User favorites Boards=[NUCLEO-F303RE]
2023-04-12 17:28:41,879 [INFO] Activator:176 - 


2023-04-12 17:28:41,880 [INFO] Activator:177 - !SESSION log4j initialized
2023-04-12 17:28:46,691 [INFO] LogOutputStream:77 - [STDOUT_REDIRECT] 
2023-04-12 17:29:08,145 [ERROR] LogOutputStream:75 - [STDERR_REDIRECT] SLF4J: Failed to load class "org.slf4j.impl.StaticLoggerBinder".
2023-04-12 17:29:08,145 [ERROR] LogOutputStream:75 - [STDERR_REDIRECT] SLF4J: Defaulting to no-operation (NOP) logger implementation
2023-04-12 17:29:08,146 [ERROR] LogOutputStream:75 - [STDERR_REDIRECT] SLF4J: See http://www.slf4j.org/codes.html#StaticLoggerBinder for further details.
2023-04-12 17:31:35,225 [INFO] Activator:176 - 


2023-04-12 17:31:35,227 [INFO] Activator:177 - !SESSION log4j initialized
2023-04-12 17:31:39,555 [INFO] LogOutputStream:77 - [STDOUT_REDIRECT] 
2023-04-12 17:32:00,779 [ERROR] LogOutputStream:75 - [STDERR_REDIRECT] SLF4J: Failed to load class "org.slf4j.impl.StaticLoggerBinder".
2023-04-12 17:32:00,780 [ERROR] LogOutputStream:75 - [STDERR_REDIRECT] SLF4J: Defaulting to no-operation (NOP) logger implementation
2023-04-12 17:32:00,781 [ERROR] LogOutputStream:75 - [STDERR_REDIRECT] SLF4J: See http://www.slf4j.org/codes.html#StaticLoggerBinder for further details.
