2023-07-22 22:03:02,470 [INFO] Activator:176 - 


2023-07-22 22:03:02,475 [INFO] Activator:177 - !SESSION log4j initialized
2023-07-22 22:03:06,923 [INFO] LogOutputStream:77 - [STDOUT_REDIRECT] 
2023-07-22 22:03:28,226 [ERROR] LogOutputStream:75 - [STDERR_REDIRECT] SLF4J: Failed to load class "org.slf4j.impl.StaticLoggerBinder".
2023-07-22 22:03:28,227 [ERROR] LogOutputStream:75 - [STDERR_REDIRECT] SLF4J: Defaulting to no-operation (NOP) logger implementation
2023-07-22 22:03:28,227 [ERROR] LogOutputStream:75 - [STDERR_REDIRECT] SLF4J: See http://www.slf4j.org/codes.html#StaticLoggerBinder for further details.
2023-07-22 22:08:41,843 [INFO] LogOutputStream:77 - [STDOUT_REDIRECT] StartTraceHandler.execute(), success : Collect=false
2023-07-22 22:08:49,481 [INFO] LogOutputStream:77 - [STDOUT_REDIRECT] StartTraceHandler.execute(), success : Collect=true
2023-07-22 23:02:00,477 [INFO] Activator:176 - 


2023-07-22 23:02:00,479 [INFO] Activator:177 - !SESSION log4j initialized
2023-07-22 23:02:05,042 [INFO] LogOutputStream:77 - [STDOUT_REDIRECT] 
2023-07-22 23:02:26,982 [ERROR] LogOutputStream:75 - [STDERR_REDIRECT] SLF4J: Failed to load class "org.slf4j.impl.StaticLoggerBinder".
2023-07-22 23:02:26,983 [ERROR] LogOutputStream:75 - [STDERR_REDIRECT] SLF4J: Defaulting to no-operation (NOP) logger implementation
2023-07-22 23:02:26,983 [ERROR] LogOutputStream:75 - [STDERR_REDIRECT] SLF4J: See http://www.slf4j.org/codes.html#StaticLoggerBinder for further details.
2023-07-22 23:04:22,271 [INFO] ApplicationProperties:184 - Using Application install path: /home/patryk/st/stm32cubeide_1.12.0/plugins/com.st.stm32cube.common.mx_6.8.0.202302231600
2023-07-22 23:04:22,293 [INFO] DbMcusXml:78 - Set database path to: /home/patryk/st/stm32cubeide_1.12.0/plugins/com.st.stm32cube.common.mx_6.8.0.202302231600//db//mcu/
2023-07-22 23:04:22,294 [INFO] ApiDb:274 - Set plugin database path to: /home/patryk/st/stm32cubeide_1.12.0/plugins/com.st.stm32cube.common.mx_6.8.0.202302231600//db//plugins/boardmanager/
2023-07-22 23:04:22,297 [WARN] ApiDb:259 - Overriding images path with different value:  => /home/patryk/st/stm32cubeide_1.12.0/plugins/com.st.stm32cube.common.mx_6.8.0.202302231600//db//plugins/mcufinder/images/
2023-07-22 23:04:22,313 [INFO] ApiDb:250 - Set database path to: /home/patryk/.stmcufinder/plugins/mcufinder//mcu/
2023-07-22 23:04:22,314 [INFO] DbMcusAds:125 - Set database path to: /home/patryk/.stmcufinder/plugins/mcufinder//mcu/
2023-07-22 23:04:22,338 [INFO] CrossReferenceDbSqlite:203 - Set database path to: /home/patryk/.stmcufinder/plugins/mcufinder//mcu/cs/
2023-07-22 23:04:22,447 [INFO] RulesReader:64 - Compatibility file has been processed (293 Rules)
2023-07-22 23:04:22,506 [INFO] DbMcusXml:78 - Set database path to: /home/patryk/st/stm32cubeide_1.12.0/plugins/com.st.stm32cube.common.mx_6.8.0.202302231600//db//mcu/
2023-07-22 23:04:22,506 [INFO] ApiDb:274 - Set plugin database path to: /home/patryk/st/stm32cubeide_1.12.0/plugins/com.st.stm32cube.common.mx_6.8.0.202302231600//db//plugins/boardmanager/
2023-07-22 23:04:22,506 [INFO] ApiDb:261 - Set plugin images path to: /home/patryk/st/stm32cubeide_1.12.0/plugins/com.st.stm32cube.common.mx_6.8.0.202302231600//db//plugins/mcufinder/images/
2023-07-22 23:04:22,506 [WARN] DbFile:41 - Overriding database path with different value: /home/patryk/.stmcufinder/plugins/mcufinder/ => /home/patryk/.stmcufinder/plugins/mcufinder
2023-07-22 23:04:22,506 [INFO] ApiDb:250 - Set database path to: /home/patryk/.stmcufinder/plugins/mcufinder//mcu/
2023-07-22 23:04:22,506 [WARN] DbFile:41 - Overriding database path with different value: /home/patryk/.stmcufinder/plugins/mcufinder/ => /home/patryk/.stmcufinder/plugins/mcufinder
2023-07-22 23:04:22,507 [INFO] DbMcusAds:125 - Set database path to: /home/patryk/.stmcufinder/plugins/mcufinder//mcu/
2023-07-22 23:04:22,507 [WARN] DbFile:41 - Overriding database path with different value: /home/patryk/.stmcufinder/plugins/mcufinder/ => /home/patryk/.stmcufinder/plugins/mcufinder
2023-07-22 23:04:22,507 [WARN] DbFile:41 - Overriding database path with different value: /home/patryk/.stmcufinder/plugins/mcufinder/ => /home/patryk/.stmcufinder/plugins/mcufinder
2023-07-22 23:04:22,507 [INFO] CrossReferenceDbSqlite:203 - Set database path to: /home/patryk/.stmcufinder/plugins/mcufinder//mcu/cs/
2023-07-22 23:04:22,583 [INFO] MainPanel:253 - HeapMemory: 535822336
2023-07-22 23:04:22,694 [INFO] DbMcusXml:78 - Set database path to: /home/patryk/st/stm32cubeide_1.12.0/plugins/com.st.stm32cube.common.mx_6.8.0.202302231600//db//mcu/
2023-07-22 23:04:22,694 [INFO] ApiDb:274 - Set plugin database path to: /home/patryk/st/stm32cubeide_1.12.0/plugins/com.st.stm32cube.common.mx_6.8.0.202302231600//db//plugins/boardmanager/
2023-07-22 23:04:22,694 [INFO] ApiDb:261 - Set plugin images path to: /home/patryk/st/stm32cubeide_1.12.0/plugins/com.st.stm32cube.common.mx_6.8.0.202302231600//db//plugins/mcufinder/images/
2023-07-22 23:04:22,694 [WARN] DbFile:41 - Overriding database path with different value: /home/patryk/.stmcufinder/plugins/mcufinder/ => /home/patryk/.stmcufinder/plugins/mcufinder
2023-07-22 23:04:22,694 [INFO] ApiDb:250 - Set database path to: /home/patryk/.stmcufinder/plugins/mcufinder//mcu/
2023-07-22 23:04:22,694 [WARN] DbFile:41 - Overriding database path with different value: /home/patryk/.stmcufinder/plugins/mcufinder/ => /home/patryk/.stmcufinder/plugins/mcufinder
2023-07-22 23:04:22,695 [INFO] DbMcusAds:125 - Set database path to: /home/patryk/.stmcufinder/plugins/mcufinder//mcu/
2023-07-22 23:04:22,695 [WARN] DbFile:41 - Overriding database path with different value: /home/patryk/.stmcufinder/plugins/mcufinder/ => /home/patryk/.stmcufinder/plugins/mcufinder
2023-07-22 23:04:22,695 [WARN] DbFile:41 - Overriding database path with different value: /home/patryk/.stmcufinder/plugins/mcufinder/ => /home/patryk/.stmcufinder/plugins/mcufinder
2023-07-22 23:04:22,695 [INFO] CrossReferenceDbSqlite:203 - Set database path to: /home/patryk/.stmcufinder/plugins/mcufinder//mcu/cs/
2023-07-22 23:04:22,713 [INFO] ApplicationProperties:184 - Using Application install path: /home/patryk/st/stm32cubeide_1.12.0/plugins/com.st.stm32cube.common.mx_6.8.0.202302231600
2023-07-22 23:04:22,715 [INFO] PluginManage:196 - Search for loadable plugins [exclusion list=, ]
2023-07-22 23:04:22,716 [INFO] PluginManage:310 - Check plugin analytics
2023-07-22 23:04:22,846 [INFO] AnalyticsPlugin:253 - Accepted Software Licenses: 
2023-07-22 23:04:22,847 [INFO] AnalyticsPlugin:255 - Accepted CMSIS Pack Licenses: 
2023-07-22 23:04:22,847 [INFO] AnalyticsPlugin:257 - Accepted Firmware Licenses: 
2023-07-22 23:04:22,856 [INFO] PluginManage:359 - Loaded plugin analytics (category:tool,tabindex:-1)
2023-07-22 23:04:22,856 [INFO] PluginManage:310 - Check plugin cadmodel
2023-07-22 23:04:22,941 [INFO] CADModel:105 - Init CAD model plugin
2023-07-22 23:04:22,941 [INFO] PluginManage:359 - Loaded plugin cadmodel (category:power,tabindex:5)
2023-07-22 23:04:22,941 [INFO] PluginManage:310 - Check plugin clock
2023-07-22 23:04:22,951 [INFO] PluginManage:359 - Loaded plugin clock (category:base,tabindex:2)
2023-07-22 23:04:22,951 [INFO] PluginManage:310 - Check plugin ddr
2023-07-22 23:04:22,954 [INFO] PluginManage:359 - Loaded plugin ddr (category:tool,tabindex:6)
2023-07-22 23:04:22,955 [INFO] PluginManage:310 - Check plugin filemanager
2023-07-22 23:04:23,097 [INFO] PluginManage:359 - Loaded plugin filemanager (category:base,tabindex:10)
2023-07-22 23:04:23,097 [INFO] PluginManage:310 - Check plugin ipmanager
2023-07-22 23:04:23,103 [INFO] PluginManage:359 - Loaded plugin ipmanager (category:base,tabindex:5)
2023-07-22 23:04:23,103 [INFO] PluginManage:310 - Check plugin lpbam
2023-07-22 23:04:23,113 [INFO] PluginManage:359 - Loaded plugin lpbam (category:base,tabindex:0)
2023-07-22 23:04:23,113 [INFO] PluginManage:310 - Check plugin pinoutandconfiguration
2023-07-22 23:04:23,121 [INFO] PluginManage:359 - Loaded plugin pinoutandconfiguration (category:base,tabindex:1)
2023-07-22 23:04:23,121 [INFO] PluginManage:310 - Check plugin pinoutconfig
2023-07-22 23:04:23,203 [WARN] SupportedApi:132 - Cannot load RTOS API schema: s4s-elt-must-match.1: The content of 'definitions' must match (annotation?, (simpleType | complexType)?, (unique | key | keyref)*)). A problem was found starting at: attribute.
2023-07-22 23:04:23,333 [INFO] PluginManage:359 - Loaded plugin pinoutconfig (category:base,tabindex:0)
2023-07-22 23:04:23,334 [INFO] PluginManage:310 - Check plugin power
2023-07-22 23:04:23,346 [INFO] PluginManage:359 - Loaded plugin power (category:power,tabindex:4)
2023-07-22 23:04:23,346 [INFO] PluginManage:310 - Check plugin projectmanager
2023-07-22 23:04:23,361 [INFO] PluginManage:359 - Loaded plugin projectmanager (category:projectmanager,tabindex:3)
2023-07-22 23:04:23,361 [INFO] PluginManage:310 - Check plugin thirdparty
2023-07-22 23:04:23,493 [INFO] PluginManage:359 - Loaded plugin thirdparty (category:base,tabindex:-1)
2023-07-22 23:04:23,493 [INFO] PluginManage:310 - Check plugin tools
2023-07-22 23:04:23,494 [WARN] IntegrityCheckThread:84 - waiting for thirdparty lock release [integrity check]
2023-07-22 23:04:23,494 [INFO] IntegrityCheckThread:86 - entering critical section [integrity check]
2023-07-22 23:04:23,496 [INFO] PluginManage:359 - Loaded plugin tools (category:base,tabindex:7)
2023-07-22 23:04:23,496 [INFO] PluginManage:310 - Check plugin tutovideos
2023-07-22 23:04:23,496 [INFO] ThirdPartyUpdaterWithRetryManager:70 - Updater plugin not ready yet. [1/15]
2023-07-22 23:04:23,685 [INFO] PluginManage:359 - Loaded plugin tutovideos (category:base,tabindex:-1)
2023-07-22 23:04:23,685 [INFO] PluginManage:310 - Check plugin updater
2023-07-22 23:04:23,700 [INFO] PluginManage:359 - Loaded plugin updater (category:base,tabindex:12)
2023-07-22 23:04:23,700 [INFO] PluginManage:283 - PluginManage : Loaded plugins [15]
2023-07-22 23:04:23,923 [INFO] PinOutPanel:1499 - setPackage(No Configuration,No Configuration)
2023-07-22 23:04:23,976 [INFO] CADModel:165 - CPN selected for project level
2023-07-22 23:04:23,976 [INFO] CADModel:114 - Register for checkConnection events
2023-07-22 23:04:23,987 [INFO] IPUIPlugin:80 - create IPUIPlugin
2023-07-22 23:04:23,988 [INFO] PluginManager:220 - loadIPPluginJar : add tsc
2023-07-22 23:04:23,993 [INFO] IPUIPlugin:80 - create IPUIPlugin
2023-07-22 23:04:23,993 [INFO] PluginManager:220 - loadIPPluginJar : add hash
2023-07-22 23:04:23,999 [INFO] IPUIPlugin:80 - create IPUIPlugin
2023-07-22 23:04:23,999 [INFO] PluginManager:220 - loadIPPluginJar : add fmc
2023-07-22 23:04:24,001 [INFO] IPUIPlugin:80 - create IPUIPlugin
2023-07-22 23:04:24,002 [INFO] PluginManager:220 - loadIPPluginJar : add aes
2023-07-22 23:04:24,007 [INFO] IPUIPlugin:80 - create IPUIPlugin
2023-07-22 23:04:24,007 [INFO] PluginManager:220 - loadIPPluginJar : add gic
2023-07-22 23:04:24,010 [INFO] IPUIPlugin:80 - create IPUIPlugin
2023-07-22 23:04:24,010 [INFO] PluginManager:220 - loadIPPluginJar : add opamp
2023-07-22 23:04:24,013 [INFO] IPUIPlugin:80 - create IPUIPlugin
2023-07-22 23:04:24,013 [INFO] PluginManager:220 - loadIPPluginJar : add ts
2023-07-22 23:04:24,014 [INFO] IPUIPlugin:80 - create IPUIPlugin
2023-07-22 23:04:24,014 [INFO] PluginManager:220 - loadIPPluginJar : add fatfs
2023-07-22 23:04:24,017 [INFO] IPUIPlugin:80 - create IPUIPlugin
2023-07-22 23:04:24,017 [INFO] PluginManager:220 - loadIPPluginJar : add can
2023-07-22 23:04:24,019 [INFO] IPUIPlugin:80 - create IPUIPlugin
2023-07-22 23:04:24,019 [INFO] PluginManager:220 - loadIPPluginJar : add tracer_emb
2023-07-22 23:04:24,024 [INFO] IPUIPlugin:80 - create IPUIPlugin
2023-07-22 23:04:24,024 [INFO] PluginManager:220 - loadIPPluginJar : add gpio
2023-07-22 23:04:24,026 [INFO] IPUIPlugin:80 - create IPUIPlugin
2023-07-22 23:04:24,026 [INFO] PluginManager:220 - loadIPPluginJar : add ucpd
2023-07-22 23:04:24,033 [INFO] IPUIPlugin:80 - create IPUIPlugin
2023-07-22 23:04:24,033 [INFO] PluginManager:220 - loadIPPluginJar : add mdma
2023-07-22 23:04:24,036 [INFO] IPUIPlugin:80 - create IPUIPlugin
2023-07-22 23:04:24,036 [INFO] PluginManager:220 - loadIPPluginJar : add pdm2pcm
2023-07-22 23:04:24,037 [INFO] IPUIPlugin:80 - create IPUIPlugin
2023-07-22 23:04:24,038 [INFO] PluginManager:220 - loadIPPluginJar : add genericplugin
2023-07-22 23:04:24,040 [INFO] IPUIPlugin:80 - create IPUIPlugin
2023-07-22 23:04:24,041 [INFO] PluginManager:220 - loadIPPluginJar : add openamp
2023-07-22 23:04:24,042 [INFO] IPUIPlugin:80 - create IPUIPlugin
2023-07-22 23:04:24,042 [INFO] PluginManager:220 - loadIPPluginJar : add ltdc
2023-07-22 23:04:24,045 [INFO] IPUIPlugin:80 - create IPUIPlugin
2023-07-22 23:04:24,045 [INFO] PluginManager:220 - loadIPPluginJar : add i3c
2023-07-22 23:04:24,048 [INFO] IPUIPlugin:80 - create IPUIPlugin
2023-07-22 23:04:24,048 [INFO] PluginManager:220 - loadIPPluginJar : add sai
2023-07-22 23:04:24,050 [INFO] IPUIPlugin:80 - create IPUIPlugin
2023-07-22 23:04:24,050 [INFO] PluginManager:220 - loadIPPluginJar : add dfsdm
2023-07-22 23:04:24,052 [INFO] IPUIPlugin:80 - create IPUIPlugin
2023-07-22 23:04:24,053 [INFO] PluginManager:220 - loadIPPluginJar : add cryp
2023-07-22 23:04:24,054 [INFO] IPUIPlugin:80 - create IPUIPlugin
2023-07-22 23:04:24,055 [INFO] PluginManager:220 - loadIPPluginJar : add tim
2023-07-22 23:04:24,062 [INFO] IPUIPlugin:80 - create IPUIPlugin
2023-07-22 23:04:24,062 [INFO] PluginManager:220 - loadIPPluginJar : add linkedlist
2023-07-22 23:04:24,066 [INFO] IPUIPlugin:80 - create IPUIPlugin
2023-07-22 23:04:24,067 [INFO] PluginManager:220 - loadIPPluginJar : add nvic
2023-07-22 23:04:24,069 [INFO] IPUIPlugin:80 - create IPUIPlugin
2023-07-22 23:04:24,069 [INFO] PluginManager:220 - loadIPPluginJar : add spi
2023-07-22 23:04:24,071 [INFO] IPUIPlugin:80 - create IPUIPlugin
2023-07-22 23:04:24,071 [INFO] PluginManager:220 - loadIPPluginJar : add lorawan
2023-07-22 23:04:24,078 [INFO] IPUIPlugin:80 - create IPUIPlugin
2023-07-22 23:04:24,078 [INFO] PluginManager:220 - loadIPPluginJar : add dma
2023-07-22 23:04:24,080 [INFO] IPUIPlugin:80 - create IPUIPlugin
2023-07-22 23:04:24,081 [INFO] PluginManager:220 - loadIPPluginJar : add gfxmmu
2023-07-22 23:04:24,082 [INFO] IPUIPlugin:80 - create IPUIPlugin
2023-07-22 23:04:24,082 [INFO] PluginManager:220 - loadIPPluginJar : add quadspi
2023-07-22 23:04:24,084 [INFO] IPUIPlugin:80 - create IPUIPlugin
2023-07-22 23:04:24,084 [INFO] PluginManager:220 - loadIPPluginJar : add i2c
2023-07-22 23:04:24,087 [INFO] IPUIPlugin:80 - create IPUIPlugin
2023-07-22 23:04:24,087 [INFO] PluginManager:220 - loadIPPluginJar : add usart
2023-07-22 23:04:24,091 [INFO] IPUIPlugin:80 - create IPUIPlugin
2023-07-22 23:04:24,092 [INFO] PluginManager:220 - loadIPPluginJar : add ipddr
2023-07-22 23:04:24,094 [INFO] IPUIPlugin:80 - create IPUIPlugin
2023-07-22 23:04:24,094 [INFO] PluginManager:220 - loadIPPluginJar : add i2s
2023-07-22 23:04:24,097 [INFO] IPUIPlugin:80 - create IPUIPlugin
2023-07-22 23:04:24,097 [INFO] PluginManager:220 - loadIPPluginJar : add usbx
2023-07-22 23:04:24,102 [INFO] IPUIPlugin:80 - create IPUIPlugin
2023-07-22 23:04:24,102 [INFO] PluginManager:220 - loadIPPluginJar : add stm32_wpan
2023-07-22 23:04:24,108 [INFO] IPUIPlugin:80 - create IPUIPlugin
2023-07-22 23:04:24,108 [INFO] PluginManager:220 - loadIPPluginJar : add adc
2023-07-22 23:04:24,112 [INFO] IPUIPlugin:80 - create IPUIPlugin
2023-07-22 23:04:24,112 [INFO] PluginManager:220 - loadIPPluginJar : add gtzc
2023-07-22 23:04:24,114 [INFO] IPUIPlugin:80 - create IPUIPlugin
2023-07-22 23:04:24,114 [INFO] PluginManager:220 - loadIPPluginJar : add dma3
2023-07-22 23:04:24,116 [INFO] IPUIPlugin:80 - create IPUIPlugin
2023-07-22 23:04:24,116 [INFO] PluginManager:220 - loadIPPluginJar : add comp
2023-07-22 23:04:24,123 [INFO] IPUIPlugin:80 - create IPUIPlugin
2023-07-22 23:04:24,126 [INFO] PluginManager:220 - loadIPPluginJar : add plateformsettings
2023-07-22 23:04:24,132 [INFO] IPUIPlugin:80 - create IPUIPlugin
2023-07-22 23:04:24,132 [INFO] PluginManager:220 - loadIPPluginJar : add freertos
2023-07-22 23:04:24,136 [INFO] IPUIPlugin:80 - create IPUIPlugin
2023-07-22 23:04:24,136 [INFO] PluginManager:220 - loadIPPluginJar : add touchsensing
2023-07-22 23:04:24,140 [INFO] IPUIPlugin:80 - create IPUIPlugin
2023-07-22 23:04:24,141 [INFO] PluginManager:220 - loadIPPluginJar : add resmgrutility
2023-07-22 23:04:24,247 [INFO] CADModel:165 - CPN selected for project level
2023-07-22 23:04:24,247 [INFO] CADModel:114 - Register for checkConnection events
2023-07-22 23:04:24,247 [FATAL] Updater:308 - Updater called before beeing initialized
2023-07-22 23:04:24,247 [ERROR] CADModel:125 - Updater not yet initialized, retry later 
2023-07-22 23:04:24,496 [INFO] CADModel:165 - CPN selected for project level
2023-07-22 23:04:24,496 [INFO] CADModel:114 - Register for checkConnection events
2023-07-22 23:04:24,496 [FATAL] Updater:308 - Updater called before beeing initialized
2023-07-22 23:04:24,496 [ERROR] CADModel:125 - Updater not yet initialized, retry later 
2023-07-22 23:04:24,502 [FATAL] Updater:308 - Updater called before beeing initialized
2023-07-22 23:04:24,637 [FATAL] Updater:308 - Updater called before beeing initialized
2023-07-22 23:04:24,646 [INFO] DbMcusAds:53 - JSON generation date=Tue Mar 07 09:50:55 CET 2023 (1678179055114)
2023-07-22 23:04:24,646 [FATAL] Updater:308 - Updater called before beeing initialized
2023-07-22 23:04:24,700 [WARN] DetailPanel:346 - Failed to get advertising image, set to default
2023-07-22 23:04:24,803 [FATAL] Updater:308 - Updater called before beeing initialized
2023-07-22 23:04:24,805 [FATAL] Updater:308 - Updater called before beeing initialized
2023-07-22 23:04:24,806 [FATAL] Updater:308 - Updater called before beeing initialized
2023-07-22 23:04:24,806 [WARN] DetailPanel:346 - Failed to get advertising image, set to default
2023-07-22 23:04:24,807 [FATAL] Updater:308 - Updater called before beeing initialized
2023-07-22 23:04:24,843 [ERROR] Updater:1120 - MainUpdater not yet initialized. External WinMGr cannot be set.
2023-07-22 23:04:24,845 [INFO] Updater:1056 - Updater Version found : 6.8.0
2023-07-22 23:04:24,864 [INFO] ApplicationProperties:184 - Using Application install path: /home/patryk/st/stm32cubeide_1.12.0/plugins/com.st.stm32cube.common.mx_6.8.0.202302231600
2023-07-22 23:04:24,963 [INFO] MainUpdater:2854 - connection check result : 10
2023-07-22 23:04:24,964 [INFO] MainUpdater:283 - Updater Check For Update Now.
2023-07-22 23:04:24,964 [INFO] MicroXplorer:498 - Change Database Version : DB.6.0.80
2023-07-22 23:04:25,137 [INFO] CheckServerUpdateThread:120 - End of CheckServer Thread
2023-07-22 23:04:25,170 [INFO] MainUpdater:2854 - connection check result : 10
2023-07-22 23:04:25,172 [INFO] McuFinderGlobals:66 - Set McuFinderConnectedMode to true
2023-07-22 23:04:25,413 [INFO] ServerAccessManage:473 - Download File mcusAds.json._tmp_
2023-07-22 23:04:25,519 [INFO] LoadUrlFilesThread:156 - End of LoadUrlFiles Thread
2023-07-22 23:04:25,633 [INFO] ServerAccessManage:473 - Download File cube-finder-db.zip
2023-07-22 23:04:26,250 [INFO] FileExtend:240 - Unzip File : cube-finder-db.zip
2023-07-22 23:04:26,250 [INFO] FileExtend:255 - Standard Zip Deflate
2023-07-22 23:04:26,496 [WARN] MainUpdater:1187 - Updater busy. Cannot search thirdparties
2023-07-22 23:04:26,497 [INFO] ThirdPartyUpdaterWithRetryManager:96 - Updater plugin is busy. [1/15]
2023-07-22 23:04:26,995 [ERROR] WebUtils:647 - Updater is busy
2023-07-22 23:04:26,997 [INFO] LoadUrlFilesThread:156 - End of LoadUrlFiles Thread
2023-07-22 23:04:29,600 [WARN] PackLoader:240 - Cannot read IP mode file for STMicroelectronics.X-CUBE-SMBUS.2.1.0
2023-07-22 23:04:29,628 [WARN] PackLoader:240 - Cannot read IP mode file for STMicroelectronics.X-CUBE-AZRTOS-F7.1.1.0
2023-07-22 23:04:29,636 [WARN] PackLoader:240 - Cannot read IP mode file for STMicroelectronics.FP-SNS-MOTENV1.4.3.2
2023-07-22 23:04:29,641 [ERROR] RealEvaluatedCondition:428 - Found unsupported composite condition: CLASS='Data Exchange' GROUP='STM32_MetaDataManager'
2023-07-22 23:04:29,641 [ERROR] RealEvaluatedCondition:428 - Found unsupported composite condition: GROUP='STM32_MetaDataManager' CLASS='Data Exchange'
2023-07-22 23:04:29,643 [WARN] PackLoader:240 - Cannot read IP mode file for STMicroelectronics.FP-SNS-MOTENV1.4.3.1
2023-07-22 23:04:29,648 [WARN] PackLoader:240 - Cannot read IP mode file for STMicroelectronics.FP-SNS-FLIGHT1.5.0.1
2023-07-22 23:04:29,654 [WARN] PackLoader:240 - Cannot read IP mode file for STMicroelectronics.X-CUBE-BLE1.6.2.4
2023-07-22 23:04:29,660 [WARN] PackLoader:240 - Cannot read IP mode file for STMicroelectronics.X-CUBE-DISPLAY.3.0.0
2023-07-22 23:04:29,670 [WARN] PackLoader:240 - Cannot read IP mode file for STMicroelectronics.X-CUBE-TOUCHGFX.4.22.0
2023-07-22 23:04:29,678 [INFO] LogOutputStream:77 - [STDOUT_REDIRECT] 1 : Invalid condition id : UX_CORESTACK_Condition cause : null
2023-07-22 23:04:29,678 [INFO] LogOutputStream:77 - [STDOUT_REDIRECT] 1 : Invalid condition id : UX_CORESTACK_Condition cause : null
2023-07-22 23:04:29,678 [INFO] LogOutputStream:77 - [STDOUT_REDIRECT] 1 : Invalid condition id : UX_CORESTACK_Condition cause : null
2023-07-22 23:04:29,679 [INFO] LogOutputStream:77 - [STDOUT_REDIRECT] 1 : Invalid condition id : UX_CORESTACK_Condition cause : null
2023-07-22 23:04:29,679 [INFO] LogOutputStream:77 - [STDOUT_REDIRECT] 1 : Invalid condition id : UX_CORESTACK_Condition cause : null
2023-07-22 23:04:29,683 [WARN] PackLoader:240 - Cannot read IP mode file for STMicroelectronics.X-CUBE-AZRTOS-WL.2.0.0
2023-07-22 23:04:29,689 [WARN] PackLoader:240 - Cannot read IP mode file for WES.I-CUBE-Cesium.1.3.0
2023-07-22 23:04:29,693 [WARN] PackLoader:240 - Cannot read IP mode file for STMicroelectronics.X-CUBE-BLE2.3.3.0
2023-07-22 23:04:29,695 [WARN] PackLoader:240 - Cannot read IP mode file for STMicroelectronics.X-CUBE-TOUCHGFX.4.21.3
2023-07-22 23:04:29,697 [WARN] PackLoader:240 - Cannot read IP mode file for STMicroelectronics.X-CUBE-TOUCHGFX.4.21.4
2023-07-22 23:04:29,702 [WARN] PackLoader:240 - Cannot read IP mode file for STMicroelectronics.X-CUBE-ALGOBUILD.1.3.0
2023-07-22 23:04:29,721 [WARN] PackLoader:240 - Cannot read IP mode file for STMicroelectronics.X-CUBE-AZRTOS-G0.1.1.0
2023-07-22 23:04:29,728 [WARN] PackLoader:240 - Cannot read IP mode file for STMicroelectronics.X-CUBE-NFC4.3.0.0
2023-07-22 23:04:29,732 [WARN] PackLoader:240 - Cannot read IP mode file for STMicroelectronics.FP-ATR-SIGFOX1.3.2.0
2023-07-22 23:04:29,777 [WARN] PackLoader:240 - Cannot read IP mode file for STMicroelectronics.X-CUBE-MEMS1.9.5.0
2023-07-22 23:04:29,958 [WARN] PackLoader:240 - Cannot read IP mode file for SEGGER.I-CUBE-embOS.1.3.1
2023-07-22 23:04:30,008 [WARN] PackLoader:240 - Cannot read IP mode file for STMicroelectronics.X-CUBE-GNSS1.6.0.0
2023-07-22 23:04:30,029 [WARN] PackLoader:240 - Cannot read IP mode file for STMicroelectronics.X-CUBE-AZRTOS-F4.1.1.0
2023-07-22 23:04:30,034 [WARN] PackLoader:240 - Cannot read IP mode file for wolfSSL.I-CUBE-wolfSSL.5.6.0
2023-07-22 23:04:30,076 [WARN] PackLoader:240 - Cannot read IP mode file for STMicroelectronics.X-CUBE-MEMS1.9.6.0
2023-07-22 23:04:30,243 [WARN] PackLoader:240 - Cannot read IP mode file for emotas.I-CUBE-CANOPEN.1.1.3
2023-07-22 23:04:30,250 [WARN] PackLoader:240 - Cannot read IP mode file for STMicroelectronics.X-CUBE-BLEMGR.2.0.0
2023-07-22 23:04:30,265 [WARN] ConditionMgr:438 - getConditionDescription Invalid condition id : UX DEVICE CLASS RTOS Condition cause : null
2023-07-22 23:04:30,265 [WARN] ConditionMgr:438 - getConditionDescription Invalid condition id : UX DEVICE CLASS RTOS Condition cause : null
2023-07-22 23:04:30,268 [WARN] PackLoader:240 - Cannot read IP mode file for STMicroelectronics.X-CUBE-AZRTOS-H7.3.1.0
2023-07-22 23:04:30,269 [WARN] ConditionMgr:1039 - genDependencies : Invalid condition id : UX DEVICE CLASS RTOS Condition cause : null
2023-07-22 23:04:30,269 [WARN] ConditionMgr:1039 - genDependencies : Invalid condition id : UX DEVICE CLASS RTOS Condition cause : null
2023-07-22 23:04:30,270 [WARN] ConditionMgr:1039 - genDependencies : Invalid condition id : UX DEVICE CLASS RTOS Condition cause : null
2023-07-22 23:04:30,270 [WARN] ConditionMgr:1039 - genDependencies : Invalid condition id : UX DEVICE CLASS RTOS Condition cause : null
2023-07-22 23:04:30,270 [WARN] ConditionMgr:1039 - genDependencies : Invalid condition id : UX DEVICE CLASS RTOS Condition cause : null
2023-07-22 23:04:30,282 [WARN] PackLoader:240 - Cannot read IP mode file for STMicroelectronics.X-CUBE-NFC7.1.0.1
2023-07-22 23:04:30,286 [WARN] PackLoader:240 - Cannot read IP mode file for STMicroelectronics.X-CUBE-NFC7.1.0.0
2023-07-22 23:04:30,290 [WARN] PackLoader:240 - Cannot read IP mode file for STMicroelectronics.X-CUBE-EEPRMA1.4.1.0
2023-07-22 23:04:30,321 [WARN] ConditionMgr:438 - getConditionDescription Invalid condition id : LAN8742 Phy interface Condition cause : null
2023-07-22 23:04:30,322 [WARN] PackLoader:240 - Cannot read IP mode file for STMicroelectronics.X-CUBE-AZRTOS-L4.2.0.0
2023-07-22 23:04:30,323 [WARN] ConditionMgr:1039 - genDependencies : Invalid condition id : LAN8742 Phy interface Condition cause : null
2023-07-22 23:04:30,323 [WARN] ConditionMgr:1039 - genDependencies : Invalid condition id : LAN8742 Phy interface Condition cause : null
2023-07-22 23:04:30,324 [WARN] ConditionMgr:1039 - genDependencies : Invalid condition id : LAN8742 Phy interface Condition cause : null
2023-07-22 23:04:30,329 [WARN] PackLoader:240 - Cannot read IP mode file for STMicroelectronics.X-CUBE-SFXS2LP1.4.0.0
2023-07-22 23:04:30,348 [WARN] PackLoader:240 - Cannot read IP mode file for STMicroelectronics.X-CUBE-AZRTOS-H7.3.0.0
2023-07-22 23:04:30,354 [WARN] PackLoader:240 - Cannot read IP mode file for STMicroelectronics.X-CUBE-ISPU.1.1.0
2023-07-22 23:04:30,358 [WARN] PackLoader:240 - Cannot read IP mode file for RoweBots.I-CUBE-UNISONRTOS.5.5.0-4
2023-07-22 23:04:30,368 [WARN] PackLoader:240 - Cannot read IP mode file for STMicroelectronics.X-CUBE-AI.8.0.0
2023-07-22 23:04:30,375 [WARN] PackLoader:240 - Cannot read IP mode file for STMicroelectronics.X-CUBE-FREERTOS.1.0.0
2023-07-22 23:04:30,381 [WARN] PackLoader:240 - Cannot read IP mode file for STMicroelectronics.X-CUBE-FREERTOS.1.0.1
2023-07-22 23:04:30,397 [WARN] PackLoader:240 - Cannot read IP mode file for STMicroelectronics.X-CUBE-AZRTOS-L5.1.1.0
2023-07-22 23:04:30,402 [WARN] PackLoader:240 - Cannot read IP mode file for STMicroelectronics.X-CUBE-AI.8.0.1
2023-07-22 23:04:30,414 [WARN] PackLoader:240 - Cannot read IP mode file for STMicroelectronics.X-CUBE-SUBG2.5.0.0
2023-07-22 23:04:30,425 [WARN] PackLoader:240 - Cannot read IP mode file for STMicroelectronics.X-CUBE-TOF1.3.3.1
2023-07-22 23:04:30,444 [WARN] PackLoader:240 - Cannot read IP mode file for STMicroelectronics.X-CUBE-AZRTOS-G4.2.0.0
2023-07-22 23:04:30,453 [WARN] PackLoader:240 - Cannot read IP mode file for STMicroelectronics.X-CUBE-TOF1.3.3.0
2023-07-22 23:04:30,463 [WARN] PackLoader:240 - Cannot read IP mode file for STMicroelectronics.FP-ATR-ASTRA1.1.1.1
2023-07-22 23:04:30,474 [WARN] PackLoader:240 - Cannot read IP mode file for STMicroelectronics.X-CUBE-AZRTOS-G4.1.0.0
2023-07-22 23:04:30,512 [WARN] PackLoader:240 - Cannot read IP mode file for STMicroelectronics.X-CUBE-AZRTOS-L4.1.0.0
2023-07-22 23:04:30,524 [WARN] PackLoader:240 - Cannot read IP mode file for STMicroelectronics.X-CUBE-AZRTOS-WL.1.0.0
2023-07-22 23:04:30,539 [WARN] PackLoader:240 - Cannot read IP mode file for portGmbH.I-Cube-SoM-uGOAL.1.1.0
2023-07-22 23:04:30,544 [WARN] PackLoader:240 - Cannot read IP mode file for STMicroelectronics.X-CUBE-ALS.1.0.1
2023-07-22 23:04:30,557 [WARN] PackLoader:240 - Cannot read IP mode file for STMicroelectronics.X-CUBE-AZRTOS-WB.1.1.0
2023-07-22 23:04:30,561 [WARN] PackLoader:240 - Cannot read IP mode file for STMicroelectronics.FP-ATR-ASTRA1.2.0.0
2023-07-22 23:04:30,562 [INFO] ThirdParty:978 - Integrity check success = true
2023-07-22 23:04:30,562 [INFO] IntegrityCheckThread:100 - exiting critical section [integrity check]
2023-07-22 23:04:30,562 [INFO] IntegrityCheckThread:103 - End integrity checks thread
2023-07-22 23:04:31,364 [INFO] DbMcusAds:53 - JSON generation date=Tue Mar 07 09:50:55 CET 2023 (1678179055114)
2023-07-22 23:04:31,381 [ERROR] TargetSelectorAdapter:267 - Unable to refresh data
2023-07-22 23:04:31,559 [INFO] ApiDb:581 - Connected to CubeFinder SQLite database (/home/patryk/.stmcufinder/plugins/mcufinder/mcu/cube-finder-db.db)
2023-07-22 23:04:31,617 [INFO] ApiDb:668 - CubeFinder database Data Model version=2.1
2023-07-22 23:04:31,617 [INFO] ApiDb:669 - CubeFinder database Configuration version=3.0.37
2023-07-22 23:04:31,618 [INFO] ApiDb:670 - CubeFinder database generation date=2023-06-26 (1687786131)
2023-07-22 23:04:31,618 [INFO] ApiDb:671 - CubeFinder database FW Pack versions=[FP-ATR-ASTRA1_V2.0.0, FP-SNS-FLIGHT1_V5.0.1, FP-SNS-MOTENV1_V4.3.1, STM32Cube_FW_C0_V1.1.0, STM32Cube_FW_F4_V1.27.1, STM32Cube_FW_F7_V1.17.0, STM32Cube_FW_G0_V1.6.1, STM32Cube_FW_G4_V1.5.1, STM32Cube_FW_H5_V0.5.1, STM32Cube_FW_H5_V1.1.0, STM32Cube_FW_H7_V1.11.0, STM32Cube_FW_L0_V1.12.2, STM32Cube_FW_L5_V1.5.0, STM32Cube_FW_U5_V1.3.0, STM32Cube_FW_U5_V1.3.0RC4, STM32Cube_FW_WBA_V1.0.0RC1, STM32Cube_FW_WBA_V1.1.0, STM32Cube_FW_WBA_V1.1.0RC1, STM32Cube_FW_WB_V1.15.0RC1, STM32Cube_FW_WB_V1.16.0, STM32Cube_FW_WB_V1.16.0RC2, STM32Cube_FW_WB_V1.17.0, STM32Cube_FW_WL_V1.3.0, X-CUBE-ALGOBUILD_V1.3.0, X-CUBE-ALS_V1.0.1, X-CUBE-AZRTOS-F4_V1.1.0, X-CUBE-AZRTOS-F7_V1.1.0, X-CUBE-AZRTOS-G0_V1.1.0, X-CUBE-AZRTOS-G4_V2.0.0, X-CUBE-AZRTOS-H7_V3.1.0, X-CUBE-AZRTOS-L4_V1.0.0, X-CUBE-AZRTOS-L4_V2.0.0, X-CUBE-AZRTOS-L5_V1.1.0, X-CUBE-AZRTOS-WB_V1.1.0, X-CUBE-AZRTOS-WL_V2.0.0, X-CUBE-BLE1_V6.2.4, X-CUBE-BLE2_V3.3.0, X-CUBE-BLEMGR_V2.0.0, X-CUBE-EEPRMA1_V4.1.0, X-CUBE-FREERTOS_V1.0.1, X-CUBE-GNSS1_V6.0.0, X-CUBE-MEMS1_V9.1.0, X-CUBE-MEMS1_V9.4.0, X-CUBE-MEMS1_V9.6.0, X-CUBE-NFC4_V3.0.0, X-CUBE-NFC7_V1.0.0, X-CUBE-SFXS2LP1_V4.0.0, X-CUBE-SUBG2_V5.0.0]
2023-07-22 23:04:31,684 [INFO] DbBoardsSqlite:226 - include board P-NUCLEO-WB55-NUCLEO as a kit item of type 'Nucleo-64'
2023-07-22 23:04:31,685 [INFO] DbBoardsSqlite:226 - include board P-NUCLEO-WB55-USBDONGLE as a kit item of type 'Nucleo USB Dongle'
2023-07-22 23:04:31,685 [INFO] DbBoardsSqlite:226 - include board STEVAL-IDP005V1 as a kit item of type 'Evaluation Board'
2023-07-22 23:04:31,685 [INFO] DbBoardsSqlite:226 - include board STEVAL-IDP005V2 as a kit item of type 'Evaluation Board'
2023-07-22 23:04:31,726 [INFO] ApiDb:240 - Found 297 in-development CPN: [B-G473E-ZEST1S, B-WB1M-WPAN1, B-WL5M-SUBG1, NUCLEO-C031C6, NUCLEO-H503RB, NUCLEO-H563ZI, NUCLEO-U545RE-Q, NUCLEO-U5A5ZJ-Q, NUCLEO-WBA52CG, STEVAL-PROTEUS1, STEVAL-STWINBX1, STM320518-EVAL, STM32C0116-DK, STM32C011D6Y3TR, STM32C011D6Y6TR, STM32C011F4P3, STM32C011F4P6, STM32C011F4U3, STM32C011F4U6TR, STM32C011F6P3, STM32C011F6P6, STM32C011F6U3, STM32C011F6U6TR, STM32C011J4M3, STM32C011J4M6, STM32C011J6M3, STM32C011J6M6, STM32C0316-DK, STM32C031C4T3, STM32C031C4T6, STM32C031C4U3, STM32C031C4U6, STM32C031C6T3, STM32C031C6T6, STM32C031C6U3, STM32C031C6U6, STM32C031F4P3, STM32C031F4P6, STM32C031F6P3, STM32C031F6P6, STM32C031G4U3, STM32C031G4U6, STM32C031G6U3, STM32C031G6U6, STM32C031K4T3, STM32C031K4T6, STM32C031K4U3, STM32C031K4U6, STM32C031K6T3, STM32C031K6T6, STM32C031K6U3, STM32C031K6U6, STM32G071K8TXN, STM32G071K8UXN, STM32G081GBU6N, STM32G081KBT6N, STM32G081KBUXN, STM32G0B1CCT6N, STM32G0B1KCT6, STM32G0B1NEY6TR, STM32G0B1RCT6N, STM32G0C1CCT6, STM32G0C1CCT6N, STM32G0C1CCU6N, STM32G0C1CET6N, STM32G0C1CEU6N, STM32G0C1KCT6, STM32G0C1NEY6TR, STM32G0C1RCI6N, STM32G0C1RCT6N, STM32G0C1REI6N, STM32G0C1RET6N, STM32G0C1VCI6, STM32G0C1VEI6, STM32G471CCT6, STM32G471CCU6, STM32G471CET3, STM32G471CET6, STM32G471CEU3, STM32G471CEU6, STM32G471MCT6, STM32G471MET3, STM32G471MET6, STM32G471MEY6TR, STM32G471QCT6, STM32G471QET3, STM32G471RCT6, STM32G471RET3, STM32G471RET6, STM32G471VCH6, STM32G471VCI6, STM32G471VCT6, STM32G471VEH3, STM32G471VEH6, STM32G471VEI3, STM32G471VEI6, STM32G471VET3, STM32G471VET6, STM32G474CCT6, STM32H503CBT6, STM32H503CBU6, STM32H503EBY6TR, STM32H503KBU6, STM32H503RBT6, STM32H562AGI6, STM32H562AII6, STM32H562IGK6, STM32H562IGT6, STM32H562IIK6, STM32H562IIT6, STM32H562RGT6, STM32H562RGV6, STM32H562RIT6, STM32H562RIV6, STM32H562VGT6, STM32H562VIT6, STM32H562ZGT6, STM32H562ZIT6, STM32H563AGI6, STM32H563AII3Q, STM32H563AII6, STM32H563IGK6, STM32H563IGT6, STM32H563IIK3Q, STM32H563IIK6, STM32H563IIT3Q, STM32H563IIT6, STM32H563MIY3QTR, STM32H563RGT6, STM32H563RGV6, STM32H563RIT6, STM32H563RIV6, STM32H563VGT6, STM32H563VIT3Q, STM32H563VIT6, STM32H563ZGT6, STM32H563ZIT3Q, STM32H563ZIT6, STM32H573AII3Q, STM32H573AII6, STM32H573I-DK, STM32H573IIK3Q, STM32H573IIK6, STM32H573IIT3Q, STM32H573IIT6, STM32H573MIY3QTR, STM32H573RIT6, STM32H573RIV6, STM32H573VIT3Q, STM32H573VIT6, STM32H573ZIT3Q, STM32H573ZIT6, STM32L4R5QGI6STR, STM32MP131AAE3, STM32MP131AAF3, STM32MP131AAG3, STM32MP131CAE3, STM32MP131CAF3, STM32MP131CAG3, STM32MP131DAE7, STM32MP131DAF7, STM32MP131DAG7, STM32MP131FAE7, STM32MP131FAF7, STM32MP131FAG7, STM32MP133AAE3, STM32MP133AAF3, STM32MP133AAG3, STM32MP133CAE3, STM32MP133CAF3, STM32MP133CAG3, STM32MP133DAE7, STM32MP133DAF7, STM32MP133DAG7, STM32MP133FAE7, STM32MP133FAF7, STM32MP133FAG7, STM32MP135AAE3, STM32MP135AAF3, STM32MP135AAG3, STM32MP135CAE3, STM32MP135CAF3, STM32MP135CAG3, STM32MP135DAE7, STM32MP135DAF7, STM32MP135DAG7, STM32MP135F-DK, STM32MP135FAE7, STM32MP135FAF7, STM32MP135FAF7T, STM32MP135FAF7U, STM32MP135FAG7, STM32U535CBT6, STM32U535CBT6Q, STM32U535CBU6, STM32U535CBU6Q, STM32U535CCT6, STM32U535CCT6Q, STM32U535CCU6, STM32U535CCU6Q, STM32U535CET6, STM32U535CET6Q, STM32U535CEU6, STM32U535CEU6Q, STM32U535JEY6QTR, STM32U535NCY6QTR, STM32U535NEY6QTR, STM32U535RBI6, STM32U535RBI6Q, STM32U535RBT6, STM32U535RBT6Q, STM32U535RCI6, STM32U535RCI6Q, STM32U535RCT6, STM32U535RCT6Q, STM32U535REI6, STM32U535REI6Q, STM32U535RET6, STM32U535RET6Q, STM32U535VCI6, STM32U535VCI6Q, STM32U535VCT6, STM32U535VCT6Q, STM32U535VEI6, STM32U535VEI6Q, STM32U535VET6, STM32U535VET6Q, STM32U545CET6, STM32U545CET6Q, STM32U545CEU6, STM32U545CEU6Q, STM32U545JEY6QTR, STM32U545NEY6QTR, STM32U545REI6, STM32U545REI6Q, STM32U545RET6, STM32U545RET6Q, STM32U545VEI6, STM32U545VEI6Q, STM32U545VET6, STM32U545VET6Q, STM32U595AIH6, STM32U595AIH6Q, STM32U595AJH6, STM32U595AJH6Q, STM32U595QII6, STM32U595QII6Q, STM32U595QJI6, STM32U595QJI6Q, STM32U595RIT6, STM32U595RIT6Q, STM32U595RJT6, STM32U595RJT6Q, STM32U595VIT6, STM32U595VIT6Q, STM32U595VJT6, STM32U595VJT6Q, STM32U595ZIT6, STM32U595ZIT6Q, STM32U595ZIY6QTR, STM32U595ZJT6, STM32U595ZJT6Q, STM32U595ZJY6QTR, STM32U599BJY6QTR, STM32U599NIH6Q, STM32U599NJH6Q, STM32U599VIT6Q, STM32U599VJT6, STM32U599VJT6Q, STM32U599ZIT6Q, STM32U599ZIY6QTR, STM32U599ZJT6Q, STM32U599ZJY6QTR, STM32U5A5AJH6, STM32U5A5AJH6Q, STM32U5A5QJI6, STM32U5A5QJI6Q, STM32U5A5RJT6, STM32U5A5RJT6Q, STM32U5A5VJT6, STM32U5A5VJT6Q, STM32U5A5ZJT6, STM32U5A5ZJT6Q, STM32U5A5ZJY6QTR, STM32U5A9BJY6QTR, STM32U5A9J-DK, STM32U5A9NJH6Q, STM32U5A9VJT6Q, STM32U5A9ZJT6Q, STM32U5A9ZJY6QTR, STM32WB1MMCH6, STM32WBA52CEU6, STM32WBA52CEU6T, STM32WBA52CGU6, STM32WBA52CGU6T, STM32WL5MOCH6, STM32WL5MOCH6TR]
2023-07-22 23:04:31,731 [INFO] ApiDb:668 - CubeFinder database Data Model version=2.1
2023-07-22 23:04:31,731 [INFO] ApiDb:669 - CubeFinder database Configuration version=3.0.37
2023-07-22 23:04:31,731 [INFO] ApiDb:670 - CubeFinder database generation date=2023-06-26 (1687786131)
2023-07-22 23:04:31,731 [INFO] ApiDb:671 - CubeFinder database FW Pack versions=[FP-ATR-ASTRA1_V2.0.0, FP-SNS-FLIGHT1_V5.0.1, FP-SNS-MOTENV1_V4.3.1, STM32Cube_FW_C0_V1.1.0, STM32Cube_FW_F4_V1.27.1, STM32Cube_FW_F7_V1.17.0, STM32Cube_FW_G0_V1.6.1, STM32Cube_FW_G4_V1.5.1, STM32Cube_FW_H5_V0.5.1, STM32Cube_FW_H5_V1.1.0, STM32Cube_FW_H7_V1.11.0, STM32Cube_FW_L0_V1.12.2, STM32Cube_FW_L5_V1.5.0, STM32Cube_FW_U5_V1.3.0, STM32Cube_FW_U5_V1.3.0RC4, STM32Cube_FW_WBA_V1.0.0RC1, STM32Cube_FW_WBA_V1.1.0, STM32Cube_FW_WBA_V1.1.0RC1, STM32Cube_FW_WB_V1.15.0RC1, STM32Cube_FW_WB_V1.16.0, STM32Cube_FW_WB_V1.16.0RC2, STM32Cube_FW_WB_V1.17.0, STM32Cube_FW_WL_V1.3.0, X-CUBE-ALGOBUILD_V1.3.0, X-CUBE-ALS_V1.0.1, X-CUBE-AZRTOS-F4_V1.1.0, X-CUBE-AZRTOS-F7_V1.1.0, X-CUBE-AZRTOS-G0_V1.1.0, X-CUBE-AZRTOS-G4_V2.0.0, X-CUBE-AZRTOS-H7_V3.1.0, X-CUBE-AZRTOS-L4_V1.0.0, X-CUBE-AZRTOS-L4_V2.0.0, X-CUBE-AZRTOS-L5_V1.1.0, X-CUBE-AZRTOS-WB_V1.1.0, X-CUBE-AZRTOS-WL_V2.0.0, X-CUBE-BLE1_V6.2.4, X-CUBE-BLE2_V3.3.0, X-CUBE-BLEMGR_V2.0.0, X-CUBE-EEPRMA1_V4.1.0, X-CUBE-FREERTOS_V1.0.1, X-CUBE-GNSS1_V6.0.0, X-CUBE-MEMS1_V9.1.0, X-CUBE-MEMS1_V9.4.0, X-CUBE-MEMS1_V9.6.0, X-CUBE-NFC4_V3.0.0, X-CUBE-NFC7_V1.0.0, X-CUBE-SFXS2LP1_V4.0.0, X-CUBE-SUBG2_V5.0.0]
2023-07-22 23:04:33,785 [INFO] ApiDb:240 - Found 297 in-development CPN: [B-G473E-ZEST1S, B-WB1M-WPAN1, B-WL5M-SUBG1, NUCLEO-C031C6, NUCLEO-H503RB, NUCLEO-H563ZI, NUCLEO-U545RE-Q, NUCLEO-U5A5ZJ-Q, NUCLEO-WBA52CG, STEVAL-PROTEUS1, STEVAL-STWINBX1, STM320518-EVAL, STM32C0116-DK, STM32C011D6Y3TR, STM32C011D6Y6TR, STM32C011F4P3, STM32C011F4P6, STM32C011F4U3, STM32C011F4U6TR, STM32C011F6P3, STM32C011F6P6, STM32C011F6U3, STM32C011F6U6TR, STM32C011J4M3, STM32C011J4M6, STM32C011J6M3, STM32C011J6M6, STM32C0316-DK, STM32C031C4T3, STM32C031C4T6, STM32C031C4U3, STM32C031C4U6, STM32C031C6T3, STM32C031C6T6, STM32C031C6U3, STM32C031C6U6, STM32C031F4P3, STM32C031F4P6, STM32C031F6P3, STM32C031F6P6, STM32C031G4U3, STM32C031G4U6, STM32C031G6U3, STM32C031G6U6, STM32C031K4T3, STM32C031K4T6, STM32C031K4U3, STM32C031K4U6, STM32C031K6T3, STM32C031K6T6, STM32C031K6U3, STM32C031K6U6, STM32G071K8TXN, STM32G071K8UXN, STM32G081GBU6N, STM32G081KBT6N, STM32G081KBUXN, STM32G0B1CCT6N, STM32G0B1KCT6, STM32G0B1NEY6TR, STM32G0B1RCT6N, STM32G0C1CCT6, STM32G0C1CCT6N, STM32G0C1CCU6N, STM32G0C1CET6N, STM32G0C1CEU6N, STM32G0C1KCT6, STM32G0C1NEY6TR, STM32G0C1RCI6N, STM32G0C1RCT6N, STM32G0C1REI6N, STM32G0C1RET6N, STM32G0C1VCI6, STM32G0C1VEI6, STM32G471CCT6, STM32G471CCU6, STM32G471CET3, STM32G471CET6, STM32G471CEU3, STM32G471CEU6, STM32G471MCT6, STM32G471MET3, STM32G471MET6, STM32G471MEY6TR, STM32G471QCT6, STM32G471QET3, STM32G471RCT6, STM32G471RET3, STM32G471RET6, STM32G471VCH6, STM32G471VCI6, STM32G471VCT6, STM32G471VEH3, STM32G471VEH6, STM32G471VEI3, STM32G471VEI6, STM32G471VET3, STM32G471VET6, STM32G474CCT6, STM32H503CBT6, STM32H503CBU6, STM32H503EBY6TR, STM32H503KBU6, STM32H503RBT6, STM32H562AGI6, STM32H562AII6, STM32H562IGK6, STM32H562IGT6, STM32H562IIK6, STM32H562IIT6, STM32H562RGT6, STM32H562RGV6, STM32H562RIT6, STM32H562RIV6, STM32H562VGT6, STM32H562VIT6, STM32H562ZGT6, STM32H562ZIT6, STM32H563AGI6, STM32H563AII3Q, STM32H563AII6, STM32H563IGK6, STM32H563IGT6, STM32H563IIK3Q, STM32H563IIK6, STM32H563IIT3Q, STM32H563IIT6, STM32H563MIY3QTR, STM32H563RGT6, STM32H563RGV6, STM32H563RIT6, STM32H563RIV6, STM32H563VGT6, STM32H563VIT3Q, STM32H563VIT6, STM32H563ZGT6, STM32H563ZIT3Q, STM32H563ZIT6, STM32H573AII3Q, STM32H573AII6, STM32H573I-DK, STM32H573IIK3Q, STM32H573IIK6, STM32H573IIT3Q, STM32H573IIT6, STM32H573MIY3QTR, STM32H573RIT6, STM32H573RIV6, STM32H573VIT3Q, STM32H573VIT6, STM32H573ZIT3Q, STM32H573ZIT6, STM32L4R5QGI6STR, STM32MP131AAE3, STM32MP131AAF3, STM32MP131AAG3, STM32MP131CAE3, STM32MP131CAF3, STM32MP131CAG3, STM32MP131DAE7, STM32MP131DAF7, STM32MP131DAG7, STM32MP131FAE7, STM32MP131FAF7, STM32MP131FAG7, STM32MP133AAE3, STM32MP133AAF3, STM32MP133AAG3, STM32MP133CAE3, STM32MP133CAF3, STM32MP133CAG3, STM32MP133DAE7, STM32MP133DAF7, STM32MP133DAG7, STM32MP133FAE7, STM32MP133FAF7, STM32MP133FAG7, STM32MP135AAE3, STM32MP135AAF3, STM32MP135AAG3, STM32MP135CAE3, STM32MP135CAF3, STM32MP135CAG3, STM32MP135DAE7, STM32MP135DAF7, STM32MP135DAG7, STM32MP135F-DK, STM32MP135FAE7, STM32MP135FAF7, STM32MP135FAF7T, STM32MP135FAF7U, STM32MP135FAG7, STM32U535CBT6, STM32U535CBT6Q, STM32U535CBU6, STM32U535CBU6Q, STM32U535CCT6, STM32U535CCT6Q, STM32U535CCU6, STM32U535CCU6Q, STM32U535CET6, STM32U535CET6Q, STM32U535CEU6, STM32U535CEU6Q, STM32U535JEY6QTR, STM32U535NCY6QTR, STM32U535NEY6QTR, STM32U535RBI6, STM32U535RBI6Q, STM32U535RBT6, STM32U535RBT6Q, STM32U535RCI6, STM32U535RCI6Q, STM32U535RCT6, STM32U535RCT6Q, STM32U535REI6, STM32U535REI6Q, STM32U535RET6, STM32U535RET6Q, STM32U535VCI6, STM32U535VCI6Q, STM32U535VCT6, STM32U535VCT6Q, STM32U535VEI6, STM32U535VEI6Q, STM32U535VET6, STM32U535VET6Q, STM32U545CET6, STM32U545CET6Q, STM32U545CEU6, STM32U545CEU6Q, STM32U545JEY6QTR, STM32U545NEY6QTR, STM32U545REI6, STM32U545REI6Q, STM32U545RET6, STM32U545RET6Q, STM32U545VEI6, STM32U545VEI6Q, STM32U545VET6, STM32U545VET6Q, STM32U595AIH6, STM32U595AIH6Q, STM32U595AJH6, STM32U595AJH6Q, STM32U595QII6, STM32U595QII6Q, STM32U595QJI6, STM32U595QJI6Q, STM32U595RIT6, STM32U595RIT6Q, STM32U595RJT6, STM32U595RJT6Q, STM32U595VIT6, STM32U595VIT6Q, STM32U595VJT6, STM32U595VJT6Q, STM32U595ZIT6, STM32U595ZIT6Q, STM32U595ZIY6QTR, STM32U595ZJT6, STM32U595ZJT6Q, STM32U595ZJY6QTR, STM32U599BJY6QTR, STM32U599NIH6Q, STM32U599NJH6Q, STM32U599VIT6Q, STM32U599VJT6, STM32U599VJT6Q, STM32U599ZIT6Q, STM32U599ZIY6QTR, STM32U599ZJT6Q, STM32U599ZJY6QTR, STM32U5A5AJH6, STM32U5A5AJH6Q, STM32U5A5QJI6, STM32U5A5QJI6Q, STM32U5A5RJT6, STM32U5A5RJT6Q, STM32U5A5VJT6, STM32U5A5VJT6Q, STM32U5A5ZJT6, STM32U5A5ZJT6Q, STM32U5A5ZJY6QTR, STM32U5A9BJY6QTR, STM32U5A9J-DK, STM32U5A9NJH6Q, STM32U5A9VJT6Q, STM32U5A9ZJT6Q, STM32U5A9ZJY6QTR, STM32WB1MMCH6, STM32WBA52CEU6, STM32WBA52CEU6T, STM32WBA52CGU6, STM32WBA52CGU6T, STM32WL5MOCH6, STM32WL5MOCH6TR]
2023-07-22 23:04:33,788 [INFO] DbMcus:216 - Found 3825 MCUs, 3825 are supported
2023-07-22 23:04:33,790 [INFO] ApiDb:423 - Load user favorites file /home/patryk/.stm32cubeide/favorites.mcus.txt: 0 item(s)
2023-07-22 23:04:33,791 [INFO] ApiDb:427 - User favorites MCUs=[]
2023-07-22 23:04:33,791 [INFO] DbMcus:222 - Set 0 / 0 favorites MCUs
2023-07-22 23:04:34,134 [INFO] BoardInfo:880 - No configuration file found for board P-NUCLEO-WB55
2023-07-22 23:04:34,134 [INFO] DbBoards:157 - Kit is not supported: P-NUCLEO-WB55
2023-07-22 23:04:34,138 [INFO] BoardInfo:880 - No configuration file found for board STEVAL-BFA001V1B
2023-07-22 23:04:34,138 [INFO] DbBoards:157 - Kit is not supported: STEVAL-BFA001V1B
2023-07-22 23:04:34,139 [INFO] BoardInfo:880 - No configuration file found for board STEVAL-BFA001V2B
2023-07-22 23:04:34,139 [INFO] DbBoards:157 - Kit is not supported: STEVAL-BFA001V2B
2023-07-22 23:04:34,144 [INFO] BoardInfo:880 - No configuration file found for board STEVAL-SMARTAG2
2023-07-22 23:04:34,144 [INFO] DbBoards:157 - Board is not supported: STEVAL-SMARTAG2
2023-07-22 23:04:34,269 [INFO] DbBoards:161 - Found 188 boards, 184 are supported
2023-07-22 23:04:34,272 [INFO] ApiDb:423 - Load user favorites file /home/patryk/.stm32cubeide/favorites.boards.txt: 1 item(s)
2023-07-22 23:04:34,272 [INFO] ApiDb:427 - User favorites Boards=[NUCLEO-F303RE]
2023-07-22 23:04:34,272 [INFO] DbBoards:190 - Set 1 / 1 favorites Boards
2023-07-22 23:04:34,272 [INFO] McuFinderGlobals:66 - Set McuFinderConnectedMode to true
2023-07-22 23:04:34,279 [INFO] MultiScanPanel:200 - Auto-refresh data requested => check proxy status ongoing
2023-07-22 23:04:34,282 [INFO] FinderPluginLoader:95 - Searching for filters in installed packs
2023-07-22 23:04:35,694 [INFO] LoadUrlFilesThread:185 - End of LoadServerUrlFiles without Thread
2023-07-22 23:04:35,703 [INFO] DetailPanel:341 - Set advertising image to /home/patryk/STM32Cube/Repository//en.prom-stm32h5-mcu-finder.jpg
2023-07-22 23:04:42,754 [INFO] MultiScanPanel:200 - Auto-refresh data requested => check proxy status ongoing
2023-07-22 23:04:42,916 [INFO] LoadUrlFilesThread:185 - End of LoadServerUrlFiles without Thread
2023-07-22 23:04:42,916 [INFO] DetailPanel:341 - Set advertising image to /home/patryk/STM32Cube/Repository//en.prom-stm32h5-mcu-finder.jpg
2023-07-22 23:04:45,018 [INFO] McuFinderGlobals:66 - Set McuFinderConnectedMode to true
2023-07-22 23:04:45,266 [INFO] ApiDb:448 - Save user favorites file /home/patryk/.stm32cubeide/favorites.mcus.txt: 0 item(s)
2023-07-22 23:04:45,266 [INFO] ApiDb:452 - User favorites MCUs=[]
2023-07-22 23:04:45,267 [INFO] ApiDb:448 - Save user favorites file /home/patryk/.stm32cubeide/favorites.boards.txt: 1 item(s)
2023-07-22 23:04:45,267 [INFO] ApiDb:452 - User favorites Boards=[NUCLEO-F303RE]
2023-07-22 23:04:49,213 [INFO] MainUpdater:2854 - connection check result : 10
2023-07-22 23:04:49,213 [INFO] McuFinderGlobals:66 - Set McuFinderConnectedMode to true
2023-07-22 23:04:49,353 [INFO] ServerAccessManage:473 - Download File mcusAds.json._tmp_
2023-07-22 23:04:49,459 [INFO] LoadUrlFilesThread:156 - End of LoadUrlFiles Thread
2023-07-22 23:04:49,537 [INFO] ServerAccessManage:473 - Download File cube-finder-db.zip
2023-07-22 23:04:49,967 [INFO] FileExtend:240 - Unzip File : cube-finder-db.zip
2023-07-22 23:04:49,967 [INFO] FileExtend:255 - Standard Zip Deflate
2023-07-22 23:04:50,751 [INFO] LoadUrlFilesThread:156 - End of LoadUrlFiles Thread
2023-07-22 23:04:50,919 [INFO] ServerAccessManage:473 - Download File crdb.zip
2023-07-22 23:04:51,091 [INFO] FileExtend:240 - Unzip File : crdb.zip
2023-07-22 23:04:51,091 [INFO] FileExtend:255 - Standard Zip Deflate
2023-07-22 23:04:51,232 [INFO] LoadUrlFilesThread:156 - End of LoadUrlFiles Thread
2023-07-22 23:04:51,355 [INFO] ServerAccessManage:473 - Download File tutoVideoDB.zip
2023-07-22 23:04:51,357 [INFO] FileExtend:240 - Unzip File : tutoVideoDB.zip
2023-07-22 23:04:51,357 [INFO] FileExtend:255 - Standard Zip Deflate
2023-07-22 23:04:51,469 [INFO] LoadUrlFilesThread:156 - End of LoadUrlFiles Thread
2023-07-22 23:04:51,478 [WARN] DbFile:41 - Overriding database path with different value: /home/patryk/.stmcufinder/plugins/mcufinder/ => /home/patryk/.stmcufinder/plugins/mcufinder
2023-07-22 23:04:51,507 [INFO] ServerAccessManage:473 - Download File api_config.json
2023-07-22 23:04:51,613 [INFO] LoadUrlFilesThread:156 - End of LoadUrlFiles Thread
2023-07-22 23:04:51,613 [INFO] DbMcusAds:53 - JSON generation date=Tue Mar 07 09:50:55 CET 2023 (1678179055114)
2023-07-22 23:04:51,614 [INFO] ApiDb:448 - Save user favorites file /home/patryk/.stm32cubeide/favorites.mcus.txt: 0 item(s)
2023-07-22 23:04:51,614 [INFO] ApiDb:452 - User favorites MCUs=[]
2023-07-22 23:04:51,615 [INFO] ApiDb:581 - Connected to CubeFinder SQLite database (/home/patryk/.stmcufinder/plugins/mcufinder/mcu/cube-finder-db.db)
2023-07-22 23:04:51,674 [INFO] ApiDb:668 - CubeFinder database Data Model version=2.1
2023-07-22 23:04:51,674 [INFO] ApiDb:669 - CubeFinder database Configuration version=3.0.37
2023-07-22 23:04:51,674 [INFO] ApiDb:670 - CubeFinder database generation date=2023-06-26 (1687786131)
2023-07-22 23:04:51,674 [INFO] ApiDb:671 - CubeFinder database FW Pack versions=[FP-ATR-ASTRA1_V2.0.0, FP-SNS-FLIGHT1_V5.0.1, FP-SNS-MOTENV1_V4.3.1, STM32Cube_FW_C0_V1.1.0, STM32Cube_FW_F4_V1.27.1, STM32Cube_FW_F7_V1.17.0, STM32Cube_FW_G0_V1.6.1, STM32Cube_FW_G4_V1.5.1, STM32Cube_FW_H5_V0.5.1, STM32Cube_FW_H5_V1.1.0, STM32Cube_FW_H7_V1.11.0, STM32Cube_FW_L0_V1.12.2, STM32Cube_FW_L5_V1.5.0, STM32Cube_FW_U5_V1.3.0, STM32Cube_FW_U5_V1.3.0RC4, STM32Cube_FW_WBA_V1.0.0RC1, STM32Cube_FW_WBA_V1.1.0, STM32Cube_FW_WBA_V1.1.0RC1, STM32Cube_FW_WB_V1.15.0RC1, STM32Cube_FW_WB_V1.16.0, STM32Cube_FW_WB_V1.16.0RC2, STM32Cube_FW_WB_V1.17.0, STM32Cube_FW_WL_V1.3.0, X-CUBE-ALGOBUILD_V1.3.0, X-CUBE-ALS_V1.0.1, X-CUBE-AZRTOS-F4_V1.1.0, X-CUBE-AZRTOS-F7_V1.1.0, X-CUBE-AZRTOS-G0_V1.1.0, X-CUBE-AZRTOS-G4_V2.0.0, X-CUBE-AZRTOS-H7_V3.1.0, X-CUBE-AZRTOS-L4_V1.0.0, X-CUBE-AZRTOS-L4_V2.0.0, X-CUBE-AZRTOS-L5_V1.1.0, X-CUBE-AZRTOS-WB_V1.1.0, X-CUBE-AZRTOS-WL_V2.0.0, X-CUBE-BLE1_V6.2.4, X-CUBE-BLE2_V3.3.0, X-CUBE-BLEMGR_V2.0.0, X-CUBE-EEPRMA1_V4.1.0, X-CUBE-FREERTOS_V1.0.1, X-CUBE-GNSS1_V6.0.0, X-CUBE-MEMS1_V9.1.0, X-CUBE-MEMS1_V9.4.0, X-CUBE-MEMS1_V9.6.0, X-CUBE-NFC4_V3.0.0, X-CUBE-NFC7_V1.0.0, X-CUBE-SFXS2LP1_V4.0.0, X-CUBE-SUBG2_V5.0.0]
2023-07-22 23:04:53,829 [INFO] ApiDb:240 - Found 297 in-development CPN: [B-G473E-ZEST1S, B-WB1M-WPAN1, B-WL5M-SUBG1, NUCLEO-C031C6, NUCLEO-H503RB, NUCLEO-H563ZI, NUCLEO-U545RE-Q, NUCLEO-U5A5ZJ-Q, NUCLEO-WBA52CG, STEVAL-PROTEUS1, STEVAL-STWINBX1, STM320518-EVAL, STM32C0116-DK, STM32C011D6Y3TR, STM32C011D6Y6TR, STM32C011F4P3, STM32C011F4P6, STM32C011F4U3, STM32C011F4U6TR, STM32C011F6P3, STM32C011F6P6, STM32C011F6U3, STM32C011F6U6TR, STM32C011J4M3, STM32C011J4M6, STM32C011J6M3, STM32C011J6M6, STM32C0316-DK, STM32C031C4T3, STM32C031C4T6, STM32C031C4U3, STM32C031C4U6, STM32C031C6T3, STM32C031C6T6, STM32C031C6U3, STM32C031C6U6, STM32C031F4P3, STM32C031F4P6, STM32C031F6P3, STM32C031F6P6, STM32C031G4U3, STM32C031G4U6, STM32C031G6U3, STM32C031G6U6, STM32C031K4T3, STM32C031K4T6, STM32C031K4U3, STM32C031K4U6, STM32C031K6T3, STM32C031K6T6, STM32C031K6U3, STM32C031K6U6, STM32G071K8TXN, STM32G071K8UXN, STM32G081GBU6N, STM32G081KBT6N, STM32G081KBUXN, STM32G0B1CCT6N, STM32G0B1KCT6, STM32G0B1NEY6TR, STM32G0B1RCT6N, STM32G0C1CCT6, STM32G0C1CCT6N, STM32G0C1CCU6N, STM32G0C1CET6N, STM32G0C1CEU6N, STM32G0C1KCT6, STM32G0C1NEY6TR, STM32G0C1RCI6N, STM32G0C1RCT6N, STM32G0C1REI6N, STM32G0C1RET6N, STM32G0C1VCI6, STM32G0C1VEI6, STM32G471CCT6, STM32G471CCU6, STM32G471CET3, STM32G471CET6, STM32G471CEU3, STM32G471CEU6, STM32G471MCT6, STM32G471MET3, STM32G471MET6, STM32G471MEY6TR, STM32G471QCT6, STM32G471QET3, STM32G471RCT6, STM32G471RET3, STM32G471RET6, STM32G471VCH6, STM32G471VCI6, STM32G471VCT6, STM32G471VEH3, STM32G471VEH6, STM32G471VEI3, STM32G471VEI6, STM32G471VET3, STM32G471VET6, STM32G474CCT6, STM32H503CBT6, STM32H503CBU6, STM32H503EBY6TR, STM32H503KBU6, STM32H503RBT6, STM32H562AGI6, STM32H562AII6, STM32H562IGK6, STM32H562IGT6, STM32H562IIK6, STM32H562IIT6, STM32H562RGT6, STM32H562RGV6, STM32H562RIT6, STM32H562RIV6, STM32H562VGT6, STM32H562VIT6, STM32H562ZGT6, STM32H562ZIT6, STM32H563AGI6, STM32H563AII3Q, STM32H563AII6, STM32H563IGK6, STM32H563IGT6, STM32H563IIK3Q, STM32H563IIK6, STM32H563IIT3Q, STM32H563IIT6, STM32H563MIY3QTR, STM32H563RGT6, STM32H563RGV6, STM32H563RIT6, STM32H563RIV6, STM32H563VGT6, STM32H563VIT3Q, STM32H563VIT6, STM32H563ZGT6, STM32H563ZIT3Q, STM32H563ZIT6, STM32H573AII3Q, STM32H573AII6, STM32H573I-DK, STM32H573IIK3Q, STM32H573IIK6, STM32H573IIT3Q, STM32H573IIT6, STM32H573MIY3QTR, STM32H573RIT6, STM32H573RIV6, STM32H573VIT3Q, STM32H573VIT6, STM32H573ZIT3Q, STM32H573ZIT6, STM32L4R5QGI6STR, STM32MP131AAE3, STM32MP131AAF3, STM32MP131AAG3, STM32MP131CAE3, STM32MP131CAF3, STM32MP131CAG3, STM32MP131DAE7, STM32MP131DAF7, STM32MP131DAG7, STM32MP131FAE7, STM32MP131FAF7, STM32MP131FAG7, STM32MP133AAE3, STM32MP133AAF3, STM32MP133AAG3, STM32MP133CAE3, STM32MP133CAF3, STM32MP133CAG3, STM32MP133DAE7, STM32MP133DAF7, STM32MP133DAG7, STM32MP133FAE7, STM32MP133FAF7, STM32MP133FAG7, STM32MP135AAE3, STM32MP135AAF3, STM32MP135AAG3, STM32MP135CAE3, STM32MP135CAF3, STM32MP135CAG3, STM32MP135DAE7, STM32MP135DAF7, STM32MP135DAG7, STM32MP135F-DK, STM32MP135FAE7, STM32MP135FAF7, STM32MP135FAF7T, STM32MP135FAF7U, STM32MP135FAG7, STM32U535CBT6, STM32U535CBT6Q, STM32U535CBU6, STM32U535CBU6Q, STM32U535CCT6, STM32U535CCT6Q, STM32U535CCU6, STM32U535CCU6Q, STM32U535CET6, STM32U535CET6Q, STM32U535CEU6, STM32U535CEU6Q, STM32U535JEY6QTR, STM32U535NCY6QTR, STM32U535NEY6QTR, STM32U535RBI6, STM32U535RBI6Q, STM32U535RBT6, STM32U535RBT6Q, STM32U535RCI6, STM32U535RCI6Q, STM32U535RCT6, STM32U535RCT6Q, STM32U535REI6, STM32U535REI6Q, STM32U535RET6, STM32U535RET6Q, STM32U535VCI6, STM32U535VCI6Q, STM32U535VCT6, STM32U535VCT6Q, STM32U535VEI6, STM32U535VEI6Q, STM32U535VET6, STM32U535VET6Q, STM32U545CET6, STM32U545CET6Q, STM32U545CEU6, STM32U545CEU6Q, STM32U545JEY6QTR, STM32U545NEY6QTR, STM32U545REI6, STM32U545REI6Q, STM32U545RET6, STM32U545RET6Q, STM32U545VEI6, STM32U545VEI6Q, STM32U545VET6, STM32U545VET6Q, STM32U595AIH6, STM32U595AIH6Q, STM32U595AJH6, STM32U595AJH6Q, STM32U595QII6, STM32U595QII6Q, STM32U595QJI6, STM32U595QJI6Q, STM32U595RIT6, STM32U595RIT6Q, STM32U595RJT6, STM32U595RJT6Q, STM32U595VIT6, STM32U595VIT6Q, STM32U595VJT6, STM32U595VJT6Q, STM32U595ZIT6, STM32U595ZIT6Q, STM32U595ZIY6QTR, STM32U595ZJT6, STM32U595ZJT6Q, STM32U595ZJY6QTR, STM32U599BJY6QTR, STM32U599NIH6Q, STM32U599NJH6Q, STM32U599VIT6Q, STM32U599VJT6, STM32U599VJT6Q, STM32U599ZIT6Q, STM32U599ZIY6QTR, STM32U599ZJT6Q, STM32U599ZJY6QTR, STM32U5A5AJH6, STM32U5A5AJH6Q, STM32U5A5QJI6, STM32U5A5QJI6Q, STM32U5A5RJT6, STM32U5A5RJT6Q, STM32U5A5VJT6, STM32U5A5VJT6Q, STM32U5A5ZJT6, STM32U5A5ZJT6Q, STM32U5A5ZJY6QTR, STM32U5A9BJY6QTR, STM32U5A9J-DK, STM32U5A9NJH6Q, STM32U5A9VJT6Q, STM32U5A9ZJT6Q, STM32U5A9ZJY6QTR, STM32WB1MMCH6, STM32WBA52CEU6, STM32WBA52CEU6T, STM32WBA52CGU6, STM32WBA52CGU6T, STM32WL5MOCH6, STM32WL5MOCH6TR]
2023-07-22 23:04:53,832 [INFO] DbMcus:216 - Found 3825 MCUs, 3825 are supported
2023-07-22 23:04:53,832 [INFO] ApiDb:423 - Load user favorites file /home/patryk/.stm32cubeide/favorites.mcus.txt: 0 item(s)
2023-07-22 23:04:53,832 [INFO] ApiDb:427 - User favorites MCUs=[]
2023-07-22 23:04:53,832 [INFO] DbMcus:222 - Set 0 / 0 favorites MCUs
2023-07-22 23:04:54,029 [INFO] ApiDb:448 - Save user favorites file /home/patryk/.stm32cubeide/favorites.boards.txt: 1 item(s)
2023-07-22 23:04:54,030 [INFO] ApiDb:452 - User favorites Boards=[NUCLEO-F303RE]
2023-07-22 23:04:54,030 [INFO] ApiDb:581 - Connected to CubeFinder SQLite database (/home/patryk/.stmcufinder/plugins/mcufinder/mcu/cube-finder-db.db)
2023-07-22 23:04:54,084 [INFO] ApiDb:668 - CubeFinder database Data Model version=2.1
2023-07-22 23:04:54,084 [INFO] ApiDb:669 - CubeFinder database Configuration version=3.0.37
2023-07-22 23:04:54,084 [INFO] ApiDb:670 - CubeFinder database generation date=2023-06-26 (1687786131)
2023-07-22 23:04:54,084 [INFO] ApiDb:671 - CubeFinder database FW Pack versions=[FP-ATR-ASTRA1_V2.0.0, FP-SNS-FLIGHT1_V5.0.1, FP-SNS-MOTENV1_V4.3.1, STM32Cube_FW_C0_V1.1.0, STM32Cube_FW_F4_V1.27.1, STM32Cube_FW_F7_V1.17.0, STM32Cube_FW_G0_V1.6.1, STM32Cube_FW_G4_V1.5.1, STM32Cube_FW_H5_V0.5.1, STM32Cube_FW_H5_V1.1.0, STM32Cube_FW_H7_V1.11.0, STM32Cube_FW_L0_V1.12.2, STM32Cube_FW_L5_V1.5.0, STM32Cube_FW_U5_V1.3.0, STM32Cube_FW_U5_V1.3.0RC4, STM32Cube_FW_WBA_V1.0.0RC1, STM32Cube_FW_WBA_V1.1.0, STM32Cube_FW_WBA_V1.1.0RC1, STM32Cube_FW_WB_V1.15.0RC1, STM32Cube_FW_WB_V1.16.0, STM32Cube_FW_WB_V1.16.0RC2, STM32Cube_FW_WB_V1.17.0, STM32Cube_FW_WL_V1.3.0, X-CUBE-ALGOBUILD_V1.3.0, X-CUBE-ALS_V1.0.1, X-CUBE-AZRTOS-F4_V1.1.0, X-CUBE-AZRTOS-F7_V1.1.0, X-CUBE-AZRTOS-G0_V1.1.0, X-CUBE-AZRTOS-G4_V2.0.0, X-CUBE-AZRTOS-H7_V3.1.0, X-CUBE-AZRTOS-L4_V1.0.0, X-CUBE-AZRTOS-L4_V2.0.0, X-CUBE-AZRTOS-L5_V1.1.0, X-CUBE-AZRTOS-WB_V1.1.0, X-CUBE-AZRTOS-WL_V2.0.0, X-CUBE-BLE1_V6.2.4, X-CUBE-BLE2_V3.3.0, X-CUBE-BLEMGR_V2.0.0, X-CUBE-EEPRMA1_V4.1.0, X-CUBE-FREERTOS_V1.0.1, X-CUBE-GNSS1_V6.0.0, X-CUBE-MEMS1_V9.1.0, X-CUBE-MEMS1_V9.4.0, X-CUBE-MEMS1_V9.6.0, X-CUBE-NFC4_V3.0.0, X-CUBE-NFC7_V1.0.0, X-CUBE-SFXS2LP1_V4.0.0, X-CUBE-SUBG2_V5.0.0]
2023-07-22 23:04:54,135 [INFO] DbBoardsSqlite:226 - include board P-NUCLEO-WB55-NUCLEO as a kit item of type 'Nucleo-64'
2023-07-22 23:04:54,135 [INFO] DbBoardsSqlite:226 - include board P-NUCLEO-WB55-USBDONGLE as a kit item of type 'Nucleo USB Dongle'
2023-07-22 23:04:54,135 [INFO] DbBoardsSqlite:226 - include board STEVAL-IDP005V1 as a kit item of type 'Evaluation Board'
2023-07-22 23:04:54,135 [INFO] DbBoardsSqlite:226 - include board STEVAL-IDP005V2 as a kit item of type 'Evaluation Board'
2023-07-22 23:04:54,175 [INFO] ApiDb:240 - Found 297 in-development CPN: [B-G473E-ZEST1S, B-WB1M-WPAN1, B-WL5M-SUBG1, NUCLEO-C031C6, NUCLEO-H503RB, NUCLEO-H563ZI, NUCLEO-U545RE-Q, NUCLEO-U5A5ZJ-Q, NUCLEO-WBA52CG, STEVAL-PROTEUS1, STEVAL-STWINBX1, STM320518-EVAL, STM32C0116-DK, STM32C011D6Y3TR, STM32C011D6Y6TR, STM32C011F4P3, STM32C011F4P6, STM32C011F4U3, STM32C011F4U6TR, STM32C011F6P3, STM32C011F6P6, STM32C011F6U3, STM32C011F6U6TR, STM32C011J4M3, STM32C011J4M6, STM32C011J6M3, STM32C011J6M6, STM32C0316-DK, STM32C031C4T3, STM32C031C4T6, STM32C031C4U3, STM32C031C4U6, STM32C031C6T3, STM32C031C6T6, STM32C031C6U3, STM32C031C6U6, STM32C031F4P3, STM32C031F4P6, STM32C031F6P3, STM32C031F6P6, STM32C031G4U3, STM32C031G4U6, STM32C031G6U3, STM32C031G6U6, STM32C031K4T3, STM32C031K4T6, STM32C031K4U3, STM32C031K4U6, STM32C031K6T3, STM32C031K6T6, STM32C031K6U3, STM32C031K6U6, STM32G071K8TXN, STM32G071K8UXN, STM32G081GBU6N, STM32G081KBT6N, STM32G081KBUXN, STM32G0B1CCT6N, STM32G0B1KCT6, STM32G0B1NEY6TR, STM32G0B1RCT6N, STM32G0C1CCT6, STM32G0C1CCT6N, STM32G0C1CCU6N, STM32G0C1CET6N, STM32G0C1CEU6N, STM32G0C1KCT6, STM32G0C1NEY6TR, STM32G0C1RCI6N, STM32G0C1RCT6N, STM32G0C1REI6N, STM32G0C1RET6N, STM32G0C1VCI6, STM32G0C1VEI6, STM32G471CCT6, STM32G471CCU6, STM32G471CET3, STM32G471CET6, STM32G471CEU3, STM32G471CEU6, STM32G471MCT6, STM32G471MET3, STM32G471MET6, STM32G471MEY6TR, STM32G471QCT6, STM32G471QET3, STM32G471RCT6, STM32G471RET3, STM32G471RET6, STM32G471VCH6, STM32G471VCI6, STM32G471VCT6, STM32G471VEH3, STM32G471VEH6, STM32G471VEI3, STM32G471VEI6, STM32G471VET3, STM32G471VET6, STM32G474CCT6, STM32H503CBT6, STM32H503CBU6, STM32H503EBY6TR, STM32H503KBU6, STM32H503RBT6, STM32H562AGI6, STM32H562AII6, STM32H562IGK6, STM32H562IGT6, STM32H562IIK6, STM32H562IIT6, STM32H562RGT6, STM32H562RGV6, STM32H562RIT6, STM32H562RIV6, STM32H562VGT6, STM32H562VIT6, STM32H562ZGT6, STM32H562ZIT6, STM32H563AGI6, STM32H563AII3Q, STM32H563AII6, STM32H563IGK6, STM32H563IGT6, STM32H563IIK3Q, STM32H563IIK6, STM32H563IIT3Q, STM32H563IIT6, STM32H563MIY3QTR, STM32H563RGT6, STM32H563RGV6, STM32H563RIT6, STM32H563RIV6, STM32H563VGT6, STM32H563VIT3Q, STM32H563VIT6, STM32H563ZGT6, STM32H563ZIT3Q, STM32H563ZIT6, STM32H573AII3Q, STM32H573AII6, STM32H573I-DK, STM32H573IIK3Q, STM32H573IIK6, STM32H573IIT3Q, STM32H573IIT6, STM32H573MIY3QTR, STM32H573RIT6, STM32H573RIV6, STM32H573VIT3Q, STM32H573VIT6, STM32H573ZIT3Q, STM32H573ZIT6, STM32L4R5QGI6STR, STM32MP131AAE3, STM32MP131AAF3, STM32MP131AAG3, STM32MP131CAE3, STM32MP131CAF3, STM32MP131CAG3, STM32MP131DAE7, STM32MP131DAF7, STM32MP131DAG7, STM32MP131FAE7, STM32MP131FAF7, STM32MP131FAG7, STM32MP133AAE3, STM32MP133AAF3, STM32MP133AAG3, STM32MP133CAE3, STM32MP133CAF3, STM32MP133CAG3, STM32MP133DAE7, STM32MP133DAF7, STM32MP133DAG7, STM32MP133FAE7, STM32MP133FAF7, STM32MP133FAG7, STM32MP135AAE3, STM32MP135AAF3, STM32MP135AAG3, STM32MP135CAE3, STM32MP135CAF3, STM32MP135CAG3, STM32MP135DAE7, STM32MP135DAF7, STM32MP135DAG7, STM32MP135F-DK, STM32MP135FAE7, STM32MP135FAF7, STM32MP135FAF7T, STM32MP135FAF7U, STM32MP135FAG7, STM32U535CBT6, STM32U535CBT6Q, STM32U535CBU6, STM32U535CBU6Q, STM32U535CCT6, STM32U535CCT6Q, STM32U535CCU6, STM32U535CCU6Q, STM32U535CET6, STM32U535CET6Q, STM32U535CEU6, STM32U535CEU6Q, STM32U535JEY6QTR, STM32U535NCY6QTR, STM32U535NEY6QTR, STM32U535RBI6, STM32U535RBI6Q, STM32U535RBT6, STM32U535RBT6Q, STM32U535RCI6, STM32U535RCI6Q, STM32U535RCT6, STM32U535RCT6Q, STM32U535REI6, STM32U535REI6Q, STM32U535RET6, STM32U535RET6Q, STM32U535VCI6, STM32U535VCI6Q, STM32U535VCT6, STM32U535VCT6Q, STM32U535VEI6, STM32U535VEI6Q, STM32U535VET6, STM32U535VET6Q, STM32U545CET6, STM32U545CET6Q, STM32U545CEU6, STM32U545CEU6Q, STM32U545JEY6QTR, STM32U545NEY6QTR, STM32U545REI6, STM32U545REI6Q, STM32U545RET6, STM32U545RET6Q, STM32U545VEI6, STM32U545VEI6Q, STM32U545VET6, STM32U545VET6Q, STM32U595AIH6, STM32U595AIH6Q, STM32U595AJH6, STM32U595AJH6Q, STM32U595QII6, STM32U595QII6Q, STM32U595QJI6, STM32U595QJI6Q, STM32U595RIT6, STM32U595RIT6Q, STM32U595RJT6, STM32U595RJT6Q, STM32U595VIT6, STM32U595VIT6Q, STM32U595VJT6, STM32U595VJT6Q, STM32U595ZIT6, STM32U595ZIT6Q, STM32U595ZIY6QTR, STM32U595ZJT6, STM32U595ZJT6Q, STM32U595ZJY6QTR, STM32U599BJY6QTR, STM32U599NIH6Q, STM32U599NJH6Q, STM32U599VIT6Q, STM32U599VJT6, STM32U599VJT6Q, STM32U599ZIT6Q, STM32U599ZIY6QTR, STM32U599ZJT6Q, STM32U599ZJY6QTR, STM32U5A5AJH6, STM32U5A5AJH6Q, STM32U5A5QJI6, STM32U5A5QJI6Q, STM32U5A5RJT6, STM32U5A5RJT6Q, STM32U5A5VJT6, STM32U5A5VJT6Q, STM32U5A5ZJT6, STM32U5A5ZJT6Q, STM32U5A5ZJY6QTR, STM32U5A9BJY6QTR, STM32U5A9J-DK, STM32U5A9NJH6Q, STM32U5A9VJT6Q, STM32U5A9ZJT6Q, STM32U5A9ZJY6QTR, STM32WB1MMCH6, STM32WBA52CEU6, STM32WBA52CEU6T, STM32WBA52CGU6, STM32WBA52CGU6T, STM32WL5MOCH6, STM32WL5MOCH6TR]
2023-07-22 23:04:54,273 [INFO] BoardInfo:880 - No configuration file found for board P-NUCLEO-WB55
2023-07-22 23:04:54,274 [INFO] DbBoards:157 - Kit is not supported: P-NUCLEO-WB55
2023-07-22 23:04:54,277 [INFO] BoardInfo:880 - No configuration file found for board STEVAL-BFA001V1B
2023-07-22 23:04:54,277 [INFO] DbBoards:157 - Kit is not supported: STEVAL-BFA001V1B
2023-07-22 23:04:54,278 [INFO] BoardInfo:880 - No configuration file found for board STEVAL-BFA001V2B
2023-07-22 23:04:54,278 [INFO] DbBoards:157 - Kit is not supported: STEVAL-BFA001V2B
2023-07-22 23:04:54,283 [INFO] BoardInfo:880 - No configuration file found for board STEVAL-SMARTAG2
2023-07-22 23:04:54,283 [INFO] DbBoards:157 - Board is not supported: STEVAL-SMARTAG2
2023-07-22 23:04:54,378 [INFO] DbBoards:161 - Found 188 boards, 184 are supported
2023-07-22 23:04:54,381 [INFO] ApiDb:423 - Load user favorites file /home/patryk/.stm32cubeide/favorites.boards.txt: 1 item(s)
2023-07-22 23:04:54,381 [INFO] ApiDb:427 - User favorites Boards=[NUCLEO-F303RE]
2023-07-22 23:04:54,381 [INFO] DbBoards:190 - Set 1 / 1 favorites Boards
2023-07-22 23:04:54,388 [INFO] LoadUrlFilesThread:185 - End of LoadServerUrlFiles without Thread
2023-07-22 23:04:54,388 [INFO] TargetSelectorAdapter:259 - Refresh data is successful
2023-07-22 23:04:54,390 [INFO] ApiDb:668 - CubeFinder database Data Model version=2.1
2023-07-22 23:04:54,390 [INFO] ApiDb:669 - CubeFinder database Configuration version=3.0.37
2023-07-22 23:04:54,390 [INFO] ApiDb:670 - CubeFinder database generation date=2023-06-26 (1687786131)
2023-07-22 23:04:54,391 [INFO] ApiDb:671 - CubeFinder database FW Pack versions=[FP-ATR-ASTRA1_V2.0.0, FP-SNS-FLIGHT1_V5.0.1, FP-SNS-MOTENV1_V4.3.1, STM32Cube_FW_C0_V1.1.0, STM32Cube_FW_F4_V1.27.1, STM32Cube_FW_F7_V1.17.0, STM32Cube_FW_G0_V1.6.1, STM32Cube_FW_G4_V1.5.1, STM32Cube_FW_H5_V0.5.1, STM32Cube_FW_H5_V1.1.0, STM32Cube_FW_H7_V1.11.0, STM32Cube_FW_L0_V1.12.2, STM32Cube_FW_L5_V1.5.0, STM32Cube_FW_U5_V1.3.0, STM32Cube_FW_U5_V1.3.0RC4, STM32Cube_FW_WBA_V1.0.0RC1, STM32Cube_FW_WBA_V1.1.0, STM32Cube_FW_WBA_V1.1.0RC1, STM32Cube_FW_WB_V1.15.0RC1, STM32Cube_FW_WB_V1.16.0, STM32Cube_FW_WB_V1.16.0RC2, STM32Cube_FW_WB_V1.17.0, STM32Cube_FW_WL_V1.3.0, X-CUBE-ALGOBUILD_V1.3.0, X-CUBE-ALS_V1.0.1, X-CUBE-AZRTOS-F4_V1.1.0, X-CUBE-AZRTOS-F7_V1.1.0, X-CUBE-AZRTOS-G0_V1.1.0, X-CUBE-AZRTOS-G4_V2.0.0, X-CUBE-AZRTOS-H7_V3.1.0, X-CUBE-AZRTOS-L4_V1.0.0, X-CUBE-AZRTOS-L4_V2.0.0, X-CUBE-AZRTOS-L5_V1.1.0, X-CUBE-AZRTOS-WB_V1.1.0, X-CUBE-AZRTOS-WL_V2.0.0, X-CUBE-BLE1_V6.2.4, X-CUBE-BLE2_V3.3.0, X-CUBE-BLEMGR_V2.0.0, X-CUBE-EEPRMA1_V4.1.0, X-CUBE-FREERTOS_V1.0.1, X-CUBE-GNSS1_V6.0.0, X-CUBE-MEMS1_V9.1.0, X-CUBE-MEMS1_V9.4.0, X-CUBE-MEMS1_V9.6.0, X-CUBE-NFC4_V3.0.0, X-CUBE-NFC7_V1.0.0, X-CUBE-SFXS2LP1_V4.0.0, X-CUBE-SUBG2_V5.0.0]
2023-07-22 23:04:55,158 [INFO] DbExamplesSqlite:376 - Ignored 27 examples not supported by CubeIDE
2023-07-22 23:04:55,159 [INFO] DbExamplesSqlite:377 - Found 7164 examples active
2023-07-22 23:04:55,159 [INFO] DbExamplesSqlite:378 - Found 677 examples obsolete
2023-07-22 23:04:55,159 [INFO] DbExamplesSqlite:379 - Found 0 examples under development
2023-07-22 23:04:55,159 [INFO] DbExamplesSqlite:380 - Found 74 examples not building
2023-07-22 23:04:55,161 [INFO] DbExamples:125 - Found 7211 examples
2023-07-22 23:04:55,178 [ERROR] DbExamples:208 - Found 22 examples with invalid data (board or MCU)
2023-07-22 23:04:55,178 [INFO] DbExamples:222 - Found 91 boards with related examples
2023-07-22 23:04:55,179 [INFO] DbExamples:235 - Found 77 MCUs with related examples
2023-07-22 23:04:55,198 [INFO] ApiDb:414 - User favorites file not found: /home/patryk/.stm32cubeide/favorites.examples.txt
2023-07-22 23:04:55,199 [INFO] DbExamples:250 - Set 0 / 0 favorites Examples
2023-07-22 23:04:55,241 [INFO] McuFinderGlobals:66 - Set McuFinderConnectedMode to true
2023-07-22 23:04:55,241 [INFO] MultiScanPanel:200 - Auto-refresh data requested => check proxy status ongoing
2023-07-22 23:04:55,241 [INFO] FinderPluginLoader:95 - Searching for filters in installed packs
2023-07-22 23:04:56,212 [INFO] LoadUrlFilesThread:185 - End of LoadServerUrlFiles without Thread
2023-07-22 23:04:56,212 [INFO] DetailPanel:341 - Set advertising image to /home/patryk/STM32Cube/Repository//en.prom-stm32h5-mcu-finder.jpg
2023-07-22 23:04:59,217 [INFO] MultiScanPanel:200 - Auto-refresh data requested => check proxy status ongoing
2023-07-22 23:04:59,273 [INFO] LoadUrlFilesThread:185 - End of LoadServerUrlFiles without Thread
2023-07-22 23:04:59,273 [INFO] DetailPanel:341 - Set advertising image to /home/patryk/STM32Cube/Repository//en.prom-stm32h5-mcu-finder.jpg
2023-07-22 23:05:21,579 [INFO] McuFinderGlobals:66 - Set McuFinderConnectedMode to true
2023-07-22 23:05:21,580 [INFO] ApiDb:448 - Save user favorites file /home/patryk/.stm32cubeide/favorites.mcus.txt: 0 item(s)
2023-07-22 23:05:21,580 [INFO] ApiDb:452 - User favorites MCUs=[]
2023-07-22 23:05:21,581 [INFO] ApiDb:448 - Save user favorites file /home/patryk/.stm32cubeide/favorites.boards.txt: 1 item(s)
2023-07-22 23:05:21,582 [INFO] ApiDb:452 - User favorites Boards=[NUCLEO-F303RE]
2023-07-22 23:30:43,335 [INFO] LogOutputStream:77 - [STDOUT_REDIRECT] StartTraceHandler.execute(), success : Collect=true
2023-07-22 23:30:44,440 [INFO] LogOutputStream:77 - [STDOUT_REDIRECT] StartTraceHandler.execute(), success : Collect=false
2023-07-22 23:30:46,308 [INFO] LogOutputStream:77 - [STDOUT_REDIRECT] StartTraceHandler.execute(), success : Collect=true
2023-07-22 23:38:42,855 [INFO] LogOutputStream:77 - [STDOUT_REDIRECT] StartTraceHandler.execute(), success : Collect=false
2023-07-22 23:38:43,298 [INFO] LogOutputStream:77 - [STDOUT_REDIRECT] StartTraceHandler.execute(), success : Collect=true
2023-07-22 23:38:43,503 [INFO] LogOutputStream:77 - [STDOUT_REDIRECT] StartTraceHandler.execute(), success : Collect=false
2023-07-22 23:38:44,503 [INFO] LogOutputStream:77 - [STDOUT_REDIRECT] StartTraceHandler.execute(), success : Collect=true
2023-07-22 23:48:07,994 [INFO] LogOutputStream:77 - [STDOUT_REDIRECT] StartTraceHandler.execute(), success : Collect=false
2023-07-22 23:48:08,169 [INFO] LogOutputStream:77 - [STDOUT_REDIRECT] StartTraceHandler.execute(), success : Collect=true
