10:16:44 **** Incremental Build of configuration Debug for project exercise_without_bit_banding ****
make -j4 all 
arm-none-eabi-gcc "../Src/main.c" -mcpu=cortex-m4 -std=gnu11 -g3 -DDEBUG -DSTM32 -DSTM32F3 -DSTM32F303RETx -DNUCLEO_F303RE -c -I../Inc -O0 -ffunction-sections -fdata-sections -Wall -fstack-usage -fcyclomatic-complexity -MMD -MP -MF"Src/main.d" -MT"Src/main.o" --specs=nano.specs -mfpu=fpv4-sp-d16 -mfloat-abi=hard -mthumb -o "Src/main.o"
arm-none-eabi-gcc -o "exercise_without_bit_banding.elf" @"objects.list"   -mcpu=cortex-m4 -T"/home/patryk/Desktop/course_arm_cortex/exercise_without_bit_banding/STM32F303RETX_FLASH.ld" --specs=nosys.specs -Wl,-Map="exercise_without_bit_banding.map" -Wl,--gc-sections -static --specs=nano.specs -mfpu=fpv4-sp-d16 -mfloat-abi=hard -mthumb -Wl,--start-group -lc -lm -Wl,--end-group
Finished building target: exercise_without_bit_banding.elf
 
arm-none-eabi-size   exercise_without_bit_banding.elf 
arm-none-eabi-objdump -h -S  exercise_without_bit_banding.elf  > "exercise_without_bit_banding.list"
Finished building: exercise_without_bit_banding.list
 
   text	   data	    bss	    dec	    hex	filename
    676	      8	   1568	   2252	    8cc	exercise_without_bit_banding.elf
Finished building: default.size.stdout
 
10:17:25 **** Incremental Build of configuration Debug for project exercise_without_bit_banding ****
make -j4 all 
arm-none-eabi-size   exercise_without_bit_banding.elf 
   text	   data	    bss	    dec	    hex	filename
    676	      8	   1568	   2252	    8cc	exercise_without_bit_banding.elf
Finished building: default.size.stdout
 
10:18:49 **** Incremental Build of configuration Debug for project exercise_without_bit_banding ****
make -j4 all 
arm-none-eabi-size   exercise_without_bit_banding.elf 
   text	   data	    bss	    dec	    hex	filename
    676	      8	   1568	   2252	    8cc	exercise_without_bit_banding.elf
Finished building: default.size.stdout
 
10:21:01 **** Incremental Build of configuration Debug for project exercise_without_bit_banding ****
make -j4 all 
arm-none-eabi-size   exercise_without_bit_banding.elf 
   text	   data	    bss	    dec	    hex	filename
    676	      8	   1568	   2252	    8cc	exercise_without_bit_banding.elf
Finished building: default.size.stdout
 
10:22:57 **** Incremental Build of configuration Debug for project exercise_without_bit_banding ****
make -j4 all 
arm-none-eabi-gcc "../Src/main.c" -mcpu=cortex-m4 -std=gnu11 -g3 -DDEBUG -DSTM32 -DSTM32F3 -DSTM32F303RETx -DNUCLEO_F303RE -c -I../Inc -O0 -ffunction-sections -fdata-sections -Wall -fstack-usage -fcyclomatic-complexity -MMD -MP -MF"Src/main.d" -MT"Src/main.o" --specs=nano.specs -mfpu=fpv4-sp-d16 -mfloat-abi=hard -mthumb -o "Src/main.o"
arm-none-eabi-gcc -o "exercise_without_bit_banding.elf" @"objects.list"   -mcpu=cortex-m4 -T"/home/patryk/Desktop/course_arm_cortex/exercise_without_bit_banding/STM32F303RETX_FLASH.ld" --specs=nosys.specs -Wl,-Map="exercise_without_bit_banding.map" -Wl,--gc-sections -static --specs=nano.specs -mfpu=fpv4-sp-d16 -mfloat-abi=hard -mthumb -Wl,--start-group -lc -lm -Wl,--end-group
Finished building target: exercise_without_bit_banding.elf
 
arm-none-eabi-size   exercise_without_bit_banding.elf 
arm-none-eabi-objdump -h -S  exercise_without_bit_banding.elf  > "exercise_without_bit_banding.list"
   text	   data	    bss	    dec	    hex	filename
    696	      8	   1568	   2272	    8e0	exercise_without_bit_banding.elf
Finished building: default.size.stdout
 
Finished building: exercise_without_bit_banding.list
 
10:24:23 **** Incremental Build of configuration Debug for project exercise_without_bit_banding ****
make -j4 all 
arm-none-eabi-size   exercise_without_bit_banding.elf 
   text	   data	    bss	    dec	    hex	filename
    696	      8	   1568	   2272	    8e0	exercise_without_bit_banding.elf
Finished building: default.size.stdout
 
10:27:57 **** Incremental Build of configuration Debug for project exercise_without_bit_banding ****
make -j4 all 
arm-none-eabi-gcc "../Src/main.c" -mcpu=cortex-m4 -std=gnu11 -g3 -DDEBUG -DSTM32 -DSTM32F3 -DSTM32F303RETx -DNUCLEO_F303RE -c -I../Inc -O0 -ffunction-sections -fdata-sections -Wall -fstack-usage -fcyclomatic-complexity -MMD -MP -MF"Src/main.d" -MT"Src/main.o" --specs=nano.specs -mfpu=fpv4-sp-d16 -mfloat-abi=hard -mthumb -o "Src/main.o"
arm-none-eabi-gcc -o "exercise_without_bit_banding.elf" @"objects.list"   -mcpu=cortex-m4 -T"/home/patryk/Desktop/course_arm_cortex/exercise_without_bit_banding/STM32F303RETX_FLASH.ld" --specs=nosys.specs -Wl,-Map="exercise_without_bit_banding.map" -Wl,--gc-sections -static --specs=nano.specs -mfpu=fpv4-sp-d16 -mfloat-abi=hard -mthumb -Wl,--start-group -lc -lm -Wl,--end-group
Finished building target: exercise_without_bit_banding.elf
 
arm-none-eabi-size   exercise_without_bit_banding.elf 
arm-none-eabi-objdump -h -S  exercise_without_bit_banding.elf  > "exercise_without_bit_banding.list"
   text	   data	    bss	    dec	    hex	filename
    696	      8	   1568	   2272	    8e0	exercise_without_bit_banding.elf
Finished building: default.size.stdout
 
Finished building: exercise_without_bit_banding.list
 
10:30:44 **** Incremental Build of configuration Debug for project exercise_without_bit_banding ****
make -j4 all 
arm-none-eabi-gcc "../Src/main.c" -mcpu=cortex-m4 -std=gnu11 -g3 -DDEBUG -DSTM32 -DSTM32F3 -DSTM32F303RETx -DNUCLEO_F303RE -c -I../Inc -O0 -ffunction-sections -fdata-sections -Wall -fstack-usage -fcyclomatic-complexity -MMD -MP -MF"Src/main.d" -MT"Src/main.o" --specs=nano.specs -mfpu=fpv4-sp-d16 -mfloat-abi=hard -mthumb -o "Src/main.o"
arm-none-eabi-gcc -o "exercise_without_bit_banding.elf" @"objects.list"   -mcpu=cortex-m4 -T"/home/patryk/Desktop/course_arm_cortex/exercise_without_bit_banding/STM32F303RETX_FLASH.ld" --specs=nosys.specs -Wl,-Map="exercise_without_bit_banding.map" -Wl,--gc-sections -static --specs=nano.specs -mfpu=fpv4-sp-d16 -mfloat-abi=hard -mthumb -Wl,--start-group -lc -lm -Wl,--end-group
Finished building target: exercise_without_bit_banding.elf
 
arm-none-eabi-size   exercise_without_bit_banding.elf 
arm-none-eabi-objdump -h -S  exercise_without_bit_banding.elf  > "exercise_without_bit_banding.list"
   text	   data	    bss	    dec	    hex	filename
    696	      8	   1568	   2272	    8e0	exercise_without_bit_banding.elf
Finished building: default.size.stdout
 
Finished building: exercise_without_bit_banding.list
 
10:56:16 **** Build of configuration Debug for project exercise_with_bit_banding ****
make -j4 all 
arm-none-eabi-gcc -mcpu=cortex-m4 -g3 -DDEBUG -c -x assembler-with-cpp -MMD -MP -MF"Startup/startup_stm32f303retx.d" -MT"Startup/startup_stm32f303retx.o" --specs=nano.specs -mfpu=fpv4-sp-d16 -mfloat-abi=hard -mthumb -o "Startup/startup_stm32f303retx.o" "../Startup/startup_stm32f303retx.s"
arm-none-eabi-gcc "../Src/main.c" -mcpu=cortex-m4 -std=gnu11 -g3 -DDEBUG -DSTM32 -DSTM32F3 -DSTM32F303RETx -DNUCLEO_F303RE -c -I../Inc -O0 -ffunction-sections -fdata-sections -Wall -fstack-usage -fcyclomatic-complexity -MMD -MP -MF"Src/main.d" -MT"Src/main.o" --specs=nano.specs -mfpu=fpv4-sp-d16 -mfloat-abi=hard -mthumb -o "Src/main.o"
arm-none-eabi-gcc "../Src/syscalls.c" -mcpu=cortex-m4 -std=gnu11 -g3 -DDEBUG -DSTM32 -DSTM32F3 -DSTM32F303RETx -DNUCLEO_F303RE -c -I../Inc -O0 -ffunction-sections -fdata-sections -Wall -fstack-usage -fcyclomatic-complexity -MMD -MP -MF"Src/syscalls.d" -MT"Src/syscalls.o" --specs=nano.specs -mfpu=fpv4-sp-d16 -mfloat-abi=hard -mthumb -o "Src/syscalls.o"
arm-none-eabi-gcc "../Src/sysmem.c" -mcpu=cortex-m4 -std=gnu11 -g3 -DDEBUG -DSTM32 -DSTM32F3 -DSTM32F303RETx -DNUCLEO_F303RE -c -I../Inc -O0 -ffunction-sections -fdata-sections -Wall -fstack-usage -fcyclomatic-complexity -MMD -MP -MF"Src/sysmem.d" -MT"Src/sysmem.o" --specs=nano.specs -mfpu=fpv4-sp-d16 -mfloat-abi=hard -mthumb -o "Src/sysmem.o"
arm-none-eabi-gcc -o "exercise_with_bit_banding.elf" @"objects.list"   -mcpu=cortex-m4 -T"/home/patryk/Desktop/course_arm_cortex/exercise_with_bit_banding/STM32F303RETX_FLASH.ld" --specs=nosys.specs -Wl,-Map="exercise_with_bit_banding.map" -Wl,--gc-sections -static --specs=nano.specs -mfpu=fpv4-sp-d16 -mfloat-abi=hard -mthumb -Wl,--start-group -lc -lm -Wl,--end-group
Finished building target: exercise_with_bit_banding.elf
 
arm-none-eabi-size   exercise_with_bit_banding.elf 
arm-none-eabi-objdump -h -S  exercise_with_bit_banding.elf  > "exercise_with_bit_banding.list"
   text	   data	    bss	    dec	    hex	filename
    688	      8	   1568	   2264	    8d8	exercise_with_bit_banding.elf
Finished building: default.size.stdout
 
Finished building: exercise_with_bit_banding.list
 
10:56:34 **** Incremental Build of configuration Debug for project exercise_with_bit_banding ****
make -j4 all 
arm-none-eabi-size   exercise_with_bit_banding.elf 
   text	   data	    bss	    dec	    hex	filename
    688	      8	   1568	   2264	    8d8	exercise_with_bit_banding.elf
Finished building: default.size.stdout
 
10:58:19 **** Incremental Build of configuration Debug for project exercise_with_bit_banding ****
make -j4 all 
arm-none-eabi-size   exercise_with_bit_banding.elf 
   text	   data	    bss	    dec	    hex	filename
    688	      8	   1568	   2264	    8d8	exercise_with_bit_banding.elf
Finished building: default.size.stdout
 
23:49:20 **** Incremental Build of configuration Debug for project exercise_with_bit_banding ****
make -j4 all 
arm-none-eabi-gcc "../Src/main.c" -mcpu=cortex-m4 -std=gnu11 -g3 -DDEBUG -DSTM32 -DSTM32F3 -DSTM32F303RETx -DNUCLEO_F303RE -c -I../Inc -O0 -ffunction-sections -fdata-sections -Wall -fstack-usage -fcyclomatic-complexity -MMD -MP -MF"Src/main.d" -MT"Src/main.o" --specs=nano.specs -mfpu=fpv4-sp-d16 -mfloat-abi=hard -mthumb -o "Src/main.o"
arm-none-eabi-gcc -o "exercise_with_bit_banding.elf" @"objects.list"   -mcpu=cortex-m4 -T"/home/patryk/Desktop/course_arm_cortex/exercise_with_bit_banding/STM32F303RETX_FLASH.ld" --specs=nosys.specs -Wl,-Map="exercise_with_bit_banding.map" -Wl,--gc-sections -static --specs=nano.specs -mfpu=fpv4-sp-d16 -mfloat-abi=hard -mthumb -Wl,--start-group -lc -lm -Wl,--end-group
Finished building target: exercise_with_bit_banding.elf
 
arm-none-eabi-size   exercise_with_bit_banding.elf 
arm-none-eabi-objdump -h -S  exercise_with_bit_banding.elf  > "exercise_with_bit_banding.list"
Finished building: exercise_with_bit_banding.list
 
   text	   data	    bss	    dec	    hex	filename
    688	      8	   1568	   2264	    8d8	exercise_with_bit_banding.elf
Finished building: default.size.stdout
 
23:51:03 **** Incremental Build of configuration Debug for project exercise_with_bit_banding ****
make -j4 all 
arm-none-eabi-gcc "../Src/main.c" -mcpu=cortex-m4 -std=gnu11 -g3 -DDEBUG -DSTM32 -DSTM32F3 -DSTM32F303RETx -DNUCLEO_F303RE -c -I../Inc -O0 -ffunction-sections -fdata-sections -Wall -fstack-usage -fcyclomatic-complexity -MMD -MP -MF"Src/main.d" -MT"Src/main.o" --specs=nano.specs -mfpu=fpv4-sp-d16 -mfloat-abi=hard -mthumb -o "Src/main.o"
arm-none-eabi-gcc -o "exercise_with_bit_banding.elf" @"objects.list"   -mcpu=cortex-m4 -T"/home/patryk/Desktop/course_arm_cortex/exercise_with_bit_banding/STM32F303RETX_FLASH.ld" --specs=nosys.specs -Wl,-Map="exercise_with_bit_banding.map" -Wl,--gc-sections -static --specs=nano.specs -mfpu=fpv4-sp-d16 -mfloat-abi=hard -mthumb -Wl,--start-group -lc -lm -Wl,--end-group
Finished building target: exercise_with_bit_banding.elf
 
arm-none-eabi-size   exercise_with_bit_banding.elf 
arm-none-eabi-objdump -h -S  exercise_with_bit_banding.elf  > "exercise_with_bit_banding.list"
   text	   data	    bss	    dec	    hex	filename
    688	      8	   1568	   2264	    8d8	exercise_with_bit_banding.elf
Finished building: default.size.stdout
 
Finished building: exercise_with_bit_banding.list
 
23:55:26 **** Incremental Build of configuration Debug for project exercise_with_bit_banding ****
make -j4 all 
arm-none-eabi-gcc "../Src/main.c" -mcpu=cortex-m4 -std=gnu11 -g3 -DDEBUG -DSTM32 -DSTM32F3 -DSTM32F303RETx -DNUCLEO_F303RE -c -I../Inc -O0 -ffunction-sections -fdata-sections -Wall -fstack-usage -fcyclomatic-complexity -MMD -MP -MF"Src/main.d" -MT"Src/main.o" --specs=nano.specs -mfpu=fpv4-sp-d16 -mfloat-abi=hard -mthumb -o "Src/main.o"
arm-none-eabi-gcc -o "exercise_with_bit_banding.elf" @"objects.list"   -mcpu=cortex-m4 -T"/home/patryk/Desktop/course_arm_cortex/exercise_with_bit_banding/STM32F303RETX_FLASH.ld" --specs=nosys.specs -Wl,-Map="exercise_with_bit_banding.map" -Wl,--gc-sections -static --specs=nano.specs -mfpu=fpv4-sp-d16 -mfloat-abi=hard -mthumb -Wl,--start-group -lc -lm -Wl,--end-group
Finished building target: exercise_with_bit_banding.elf
 
arm-none-eabi-size   exercise_with_bit_banding.elf 
arm-none-eabi-objdump -h -S  exercise_with_bit_banding.elf  > "exercise_with_bit_banding.list"
   text	   data	    bss	    dec	    hex	filename
    692	      8	   1568	   2268	    8dc	exercise_with_bit_banding.elf
Finished building: default.size.stdout
 
Finished building: exercise_with_bit_banding.list
 
23:55:54 **** Incremental Build of configuration Debug for project exercise_with_bit_banding ****
make -j4 all 
arm-none-eabi-gcc "../Src/main.c" -mcpu=cortex-m4 -std=gnu11 -g3 -DDEBUG -DSTM32 -DSTM32F3 -DSTM32F303RETx -DNUCLEO_F303RE -c -I../Inc -O0 -ffunction-sections -fdata-sections -Wall -fstack-usage -fcyclomatic-complexity -MMD -MP -MF"Src/main.d" -MT"Src/main.o" --specs=nano.specs -mfpu=fpv4-sp-d16 -mfloat-abi=hard -mthumb -o "Src/main.o"
arm-none-eabi-gcc -o "exercise_with_bit_banding.elf" @"objects.list"   -mcpu=cortex-m4 -T"/home/patryk/Desktop/course_arm_cortex/exercise_with_bit_banding/STM32F303RETX_FLASH.ld" --specs=nosys.specs -Wl,-Map="exercise_with_bit_banding.map" -Wl,--gc-sections -static --specs=nano.specs -mfpu=fpv4-sp-d16 -mfloat-abi=hard -mthumb -Wl,--start-group -lc -lm -Wl,--end-group
Finished building target: exercise_with_bit_banding.elf
 
arm-none-eabi-size   exercise_with_bit_banding.elf 
arm-none-eabi-objdump -h -S  exercise_with_bit_banding.elf  > "exercise_with_bit_banding.list"
   text	   data	    bss	    dec	    hex	filename
    692	      8	   1568	   2268	    8dc	exercise_with_bit_banding.elf
Finished building: default.size.stdout
 
Finished building: exercise_with_bit_banding.list
 
